1	0.000000	0.00	0	0
2	0.000000	2.00	2	2
3	0.000000	5.00	5	5
4	0.000000	8.00	8	8
5	0.000000	12.00	12	12
6	0.000000	16.00	16	16
7	0.000000	20.00	20	20
8	0.000000	24.00	24	24
9	0.000000	29.00	29	29
10	0.000001	34.00	34	34
11	0.000001	39.00	39	39
12	0.000001	44.00	44	44
13	0.000001	49.00	49	49
14	0.000001	54.00	54	54
15	0.000001	59.00	59	59
16	0.000001	64.00	64	64
17	0.000001	70.00	70	70
18	0.000001	76.00	76	76
19	0.000001	82.00	82	82
20	0.000001	88.00	88	88
21	0.000001	94.00	94	94
22	0.000001	100.00	100	100
23	0.000001	106.00	106	106
24	0.000002	112.00	112	112
25	0.000002	118.00	118	118
26	0.000002	124.00	124	124
27	0.000002	130.00	130	130
28	0.000002	136.00	136	136
29	0.000002	142.00	142	142
30	0.000002	148.00	148	148
31	0.000002	154.00	154	154
32	0.000002	160.00	160	160
33	0.000002	167.00	167	167
34	0.000002	174.00	174	174
35	0.000002	181.00	181	181
36	0.000003	188.00	188	188
37	0.000003	195.00	195	195
38	0.000003	202.00	202	202
39	0.000003	209.00	209	209
40	0.000003	216.00	216	216
41	0.000003	223.00	223	223
42	0.000003	230.00	230	230
43	0.000003	237.00	237	237
44	0.000003	244.00	244	244
45	0.000003	251.00	251	251
46	0.000003	258.00	258	258
47	0.000003	265.00	265	265
48	0.000004	272.00	272	272
49	0.000004	279.00	279	279
50	0.000004	286.00	286	286
51	0.000004	293.00	293	293
52	0.000004	300.00	300	300
53	0.000004	307.00	307	307
54	0.000004	314.00	314	314
55	0.000004	321.00	321	321
56	0.000004	328.00	328	328
57	0.000004	335.00	335	335
58	0.000005	342.00	342	342
59	0.000005	349.00	349	349
60	0.000005	356.00	356	356
61	0.000005	363.00	363	363
62	0.000005	370.00	370	370
63	0.000005	377.00	377	377
64	0.000005	384.00	384	384
65	0.000005	392.00	392	392
66	0.000005	400.00	400	400
67	0.000005	408.00	408	408
68	0.000005	416.00	416	416
69	0.000006	424.00	424	424
70	0.000006	432.00	432	432
71	0.000006	440.00	440	440
72	0.000006	448.00	448	448
73	0.000006	456.00	456	456
74	0.000006	464.00	464	464
75	0.000006	472.00	472	472
76	0.000006	480.00	480	480
77	0.000006	488.00	488	488
78	0.000006	496.00	496	496
79	0.000006	504.00	504	504
80	0.000007	512.00	512	512
81	0.000007	520.00	520	520
82	0.000007	528.00	528	528
83	0.000007	536.00	536	536
84	0.000007	544.00	544	544
85	0.000007	552.00	552	552
86	0.000007	560.00	560	560
87	0.000007	568.00	568	568
88	0.000007	576.00	576	576
89	0.000007	584.00	584	584
90	0.000008	592.00	592	592
91	0.000008	600.00	600	600
92	0.000008	608.00	608	608
93	0.000008	616.00	616	616
94	0.000008	624.00	624	624
95	0.000008	632.00	632	632
96	0.000008	640.00	640	640
97	0.000008	648.00	648	648
98	0.000008	656.00	656	656
99	0.000008	664.00	664	664
100	0.000009	672.00	672	672
101	0.000009	680.00	680	680
102	0.000009	688.00	688	688
103	0.000009	696.00	696	696
104	0.000009	704.00	704	704
105	0.000009	712.00	712	712
106	0.000009	720.00	720	720
107	0.000009	728.00	728	728
108	0.000009	736.00	736	736
109	0.000009	744.00	744	744
110	0.000009	752.00	752	752
111	0.000009	760.00	760	760
112	0.000009	768.00	768	768
113	0.000010	776.00	776	776
114	0.000010	784.00	784	784
115	0.000010	792.00	792	792
116	0.000010	800.00	800	800
117	0.000010	808.00	808	808
118	0.000010	816.00	816	816
119	0.000010	824.00	824	824
120	0.000010	832.00	832	832
121	0.000011	840.00	840	840
122	0.000011	848.00	848	848
123	0.000011	856.00	856	856
124	0.000011	864.00	864	864
125	0.000011	872.00	872	872
126	0.000011	880.00	880	880
127	0.000011	888.00	888	888
128	0.000011	896.00	896	896
129	0.000011	905.00	905	905
130	0.000011	914.00	914	914
131	0.000011	923.00	923	923
132	0.000012	932.00	932	932
133	0.000012	941.00	941	941
134	0.000012	950.00	950	950
135	0.000012	959.00	959	959
136	0.000012	968.00	968	968
137	0.000012	977.00	977	977
138	0.000012	986.00	986	986
139	0.000012	995.00	995	995
140	0.000012	1004.00	1004	1004
141	0.000013	1013.00	1013	1013
142	0.000013	1022.00	1022	1022
143	0.000013	1031.00	1031	1031
144	0.000013	1040.00	1040	1040
145	0.000013	1049.00	1049	1049
146	0.000013	1058.00	1058	1058
147	0.000013	1067.00	1067	1067
148	0.000013	1076.00	1076	1076
149	0.000013	1085.00	1085	1085
150	0.000014	1094.00	1094	1094
151	0.000014	1103.00	1103	1103
152	0.000014	1112.00	1112	1112
153	0.000014	1121.00	1121	1121
154	0.000014	1130.00	1130	1130
155	0.000014	1139.00	1139	1139
156	0.000014	1148.00	1148	1148
157	0.000014	1157.00	1157	1157
158	0.000014	1166.00	1166	1166
159	0.000014	1175.00	1175	1175
160	0.000015	1184.00	1184	1184
161	0.000015	1193.00	1193	1193
162	0.000015	1202.00	1202	1202
163	0.000015	1211.00	1211	1211
164	0.000015	1220.00	1220	1220
165	0.000015	1229.00	1229	1229
166	0.000015	1238.00	1238	1238
167	0.000015	1247.00	1247	1247
168	0.000015	1256.00	1256	1256
169	0.000016	1265.00	1265	1265
170	0.000016	1274.00	1274	1274
171	0.000016	1283.00	1283	1283
172	0.000016	1292.00	1292	1292
173	0.000016	1301.00	1301	1301
174	0.000016	1310.00	1310	1310
175	0.000016	1319.00	1319	1319
176	0.000016	1328.00	1328	1328
177	0.000016	1337.00	1337	1337
178	0.000016	1346.00	1346	1346
179	0.000017	1355.00	1355	1355
180	0.000017	1364.00	1364	1364
181	0.000017	1373.00	1373	1373
182	0.000017	1382.00	1382	1382
183	0.000017	1391.00	1391	1391
184	0.000017	1400.00	1400	1400
185	0.000017	1409.00	1409	1409
186	0.000017	1418.00	1418	1418
187	0.000018	1427.00	1427	1427
188	0.000018	1436.00	1436	1436
189	0.000018	1445.00	1445	1445
190	0.000018	1454.00	1454	1454
191	0.000018	1463.00	1463	1463
192	0.000018	1472.00	1472	1472
193	0.000018	1481.00	1481	1481
194	0.000018	1490.00	1490	1490
195	0.000018	1499.00	1499	1499
196	0.000018	1508.00	1508	1508
197	0.000019	1517.00	1517	1517
198	0.000019	1526.00	1526	1526
199	0.000019	1535.00	1535	1535
200	0.000019	1544.00	1544	1544
201	0.000019	1553.00	1553	1553
202	0.000019	1562.00	1562	1562
203	0.000019	1571.00	1571	1571
204	0.000019	1580.00	1580	1580
205	0.000019	1589.00	1589	1589
206	0.000020	1598.00	1598	1598
207	0.000020	1607.00	1607	1607
208	0.000020	1616.00	1616	1616
209	0.000020	1625.00	1625	1625
210	0.000020	1634.00	1634	1634
211	0.000020	1643.00	1643	1643
212	0.000020	1652.00	1652	1652
213	0.000020	1661.00	1661	1661
214	0.000020	1670.00	1670	1670
215	0.000021	1679.00	1679	1679
216	0.000021	1688.00	1688	1688
217	0.000021	1697.00	1697	1697
218	0.000021	1706.00	1706	1706
219	0.000021	1715.00	1715	1715
220	0.000021	1724.00	1724	1724
221	0.000021	1733.00	1733	1733
222	0.000021	1742.00	1742	1742
223	0.000021	1751.00	1751	1751
224	0.000021	1760.00	1760	1760
225	0.000021	1769.00	1769	1769
226	0.000022	1778.00	1778	1778
227	0.000022	1787.00	1787	1787
228	0.000022	1796.00	1796	1796
229	0.000022	1805.00	1805	1805
230	0.000022	1814.00	1814	1814
231	0.000022	1823.00	1823	1823
232	0.000022	1832.00	1832	1832
233	0.000022	1841.00	1841	1841
234	0.000023	1850.00	1850	1850
235	0.000023	1859.00	1859	1859
236	0.000023	1868.00	1868	1868
237	0.000023	1877.00	1877	1877
238	0.000023	1886.00	1886	1886
239	0.000023	1895.00	1895	1895
240	0.000023	1904.00	1904	1904
241	0.000023	1913.00	1913	1913
242	0.000023	1922.00	1922	1922
243	0.000023	1931.00	1931	1931
244	0.000024	1940.00	1940	1940
245	0.000024	1949.00	1949	1949
246	0.000024	1958.00	1958	1958
247	0.000024	1967.00	1967	1967
248	0.000024	1976.00	1976	1976
249	0.000024	1985.00	1985	1985
250	0.000024	1994.00	1994	1994
251	0.000024	2003.00	2003	2003
252	0.000024	2012.00	2012	2012
253	0.000024	2021.00	2021	2021
254	0.000025	2030.00	2030	2030
255	0.000025	2039.00	2039	2039
256	0.000025	2048.00	2048	2048
257	0.000025	2058.00	2058	2058
258	0.000025	2068.00	2068	2068
259	0.000025	2078.00	2078	2078
260	0.000025	2088.00	2088	2088
261	0.000025	2098.00	2098	2098
262	0.000026	2108.00	2108	2108
263	0.000026	2118.00	2118	2118
264	0.000026	2128.00	2128	2128
265	0.000026	2138.00	2138	2138
266	0.000026	2148.00	2148	2148
267	0.000026	2158.00	2158	2158
268	0.000026	2168.00	2168	2168
269	0.000026	2178.00	2178	2178
270	0.000026	2188.00	2188	2188
271	0.000027	2198.00	2198	2198
272	0.000027	2208.00	2208	2208
273	0.000027	2218.00	2218	2218
274	0.000027	2228.00	2228	2228
275	0.000027	2238.00	2238	2238
276	0.000027	2248.00	2248	2248
277	0.000027	2258.00	2258	2258
278	0.000027	2268.00	2268	2268
279	0.000027	2278.00	2278	2278
280	0.000028	2288.00	2288	2288
281	0.000028	2298.00	2298	2298
282	0.000028	2308.00	2308	2308
283	0.000028	2318.00	2318	2318
284	0.000028	2328.00	2328	2328
285	0.000028	2338.00	2338	2338
286	0.000028	2348.00	2348	2348
287	0.000028	2358.00	2358	2358
288	0.000028	2368.00	2368	2368
289	0.000029	2378.00	2378	2378
290	0.000029	2388.00	2388	2388
291	0.000029	2398.00	2398	2398
292	0.000029	2408.00	2408	2408
293	0.000029	2418.00	2418	2418
294	0.000029	2428.00	2428	2428
295	0.000029	2438.00	2438	2438
296	0.000029	2448.00	2448	2448
297	0.000029	2458.00	2458	2458
298	0.000030	2468.00	2468	2468
299	0.000030	2478.00	2478	2478
300	0.000030	2488.00	2488	2488
301	0.000030	2498.00	2498	2498
302	0.000030	2508.00	2508	2508
303	0.000030	2518.00	2518	2518
304	0.000030	2528.00	2528	2528
305	0.000031	2538.00	2538	2538
306	0.000031	2548.00	2548	2548
307	0.000031	2558.00	2558	2558
308	0.000031	2568.00	2568	2568
309	0.000031	2578.00	2578	2578
310	0.000031	2588.00	2588	2588
311	0.000034	2598.00	2598	2598
312	0.000031	2608.00	2608	2608
313	0.000031	2618.00	2618	2618
314	0.000031	2628.00	2628	2628
315	0.000031	2638.00	2638	2638
316	0.000031	2648.00	2648	2648
317	0.000032	2658.00	2658	2658
318	0.000032	2668.00	2668	2668
319	0.000032	2678.00	2678	2678
320	0.000032	2688.00	2688	2688
321	0.000032	2698.00	2698	2698
322	0.000032	2708.00	2708	2708
323	0.000032	2718.00	2718	2718
324	0.000032	2728.00	2728	2728
325	0.000033	2738.00	2738	2738
326	0.000033	2748.00	2748	2748
327	0.000033	2758.00	2758	2758
328	0.000033	2768.00	2768	2768
329	0.000033	2778.00	2778	2778
330	0.000033	2788.00	2788	2788
331	0.000033	2798.00	2798	2798
332	0.000033	2808.00	2808	2808
333	0.000033	2818.00	2818	2818
334	0.000033	2828.00	2828	2828
335	0.000033	2838.00	2838	2838
336	0.000034	2848.00	2848	2848
337	0.000034	2858.00	2858	2858
338	0.000034	2868.00	2868	2868
339	0.000034	2878.00	2878	2878
340	0.000034	2888.00	2888	2888
341	0.000034	2898.00	2898	2898
342	0.000034	2908.00	2908	2908
343	0.000034	2918.00	2918	2918
344	0.000035	2928.00	2928	2928
345	0.000035	2938.00	2938	2938
346	0.000035	2948.00	2948	2948
347	0.000035	2958.00	2958	2958
348	0.000035	2968.00	2968	2968
349	0.000035	2978.00	2978	2978
350	0.000035	2988.00	2988	2988
351	0.000035	2998.00	2998	2998
352	0.000035	3008.00	3008	3008
353	0.000035	3018.00	3018	3018
354	0.000035	3028.00	3028	3028
355	0.000036	3038.00	3038	3038
356	0.000036	3048.00	3048	3048
357	0.000036	3058.00	3058	3058
358	0.000036	3068.00	3068	3068
359	0.000036	3078.00	3078	3078
360	0.000037	3088.00	3088	3088
361	0.000037	3098.00	3098	3098
362	0.000037	3108.00	3108	3108
363	0.000037	3118.00	3118	3118
364	0.000037	3128.00	3128	3128
365	0.000037	3138.00	3138	3138
366	0.000037	3148.00	3148	3148
367	0.000037	3158.00	3158	3158
368	0.000037	3168.00	3168	3168
369	0.000038	3178.00	3178	3178
370	0.000038	3188.00	3188	3188
371	0.000038	3198.00	3198	3198
372	0.000038	3208.00	3208	3208
373	0.000038	3218.00	3218	3218
374	0.000038	3228.00	3228	3228
375	0.000038	3238.00	3238	3238
376	0.000038	3248.00	3248	3248
377	0.000038	3258.00	3258	3258
378	0.000038	3268.00	3268	3268
379	0.000039	3278.00	3278	3278
380	0.000039	3288.00	3288	3288
381	0.000039	3298.00	3298	3298
382	0.000039	3308.00	3308	3308
383	0.000039	3318.00	3318	3318
384	0.000039	3328.00	3328	3328
385	0.000039	3338.00	3338	3338
386	0.000039	3348.00	3348	3348
387	0.000039	3358.00	3358	3358
388	0.000040	3368.00	3368	3368
389	0.000040	3378.00	3378	3378
390	0.000040	3388.00	3388	3388
391	0.000040	3398.00	3398	3398
392	0.000040	3408.00	3408	3408
393	0.000040	3418.00	3418	3418
394	0.000041	3428.00	3428	3428
395	0.000041	3438.00	3438	3438
396	0.000041	3448.00	3448	3448
397	0.000041	3458.00	3458	3458
398	0.000041	3468.00	3468	3468
399	0.000041	3478.00	3478	3478
400	0.000041	3488.00	3488	3488
401	0.000041	3498.00	3498	3498
402	0.000041	3508.00	3508	3508
403	0.000042	3518.00	3518	3518
404	0.000042	3528.00	3528	3528
405	0.000042	3538.00	3538	3538
406	0.000042	3548.00	3548	3548
407	0.000042	3558.00	3558	3558
408	0.000042	3568.00	3568	3568
409	0.000042	3578.00	3578	3578
410	0.000042	3588.00	3588	3588
411	0.000042	3598.00	3598	3598
412	0.000043	3608.00	3608	3608
413	0.000043	3618.00	3618	3618
414	0.000043	3628.00	3628	3628
415	0.000043	3638.00	3638	3638
416	0.000043	3648.00	3648	3648
417	0.000043	3658.00	3658	3658
418	0.000043	3668.00	3668	3668
419	0.000040	3678.00	3678	3678
420	0.000037	3688.00	3688	3688
421	0.000035	3698.00	3698	3698
422	0.000033	3708.00	3708	3708
423	0.000030	3718.00	3718	3718
424	0.000029	3728.00	3728	3728
425	0.000028	3738.00	3738	3738
426	0.000028	3748.00	3748	3748
427	0.000028	3758.00	3758	3758
428	0.000029	3768.00	3768	3768
429	0.000029	3778.00	3778	3778
430	0.000029	3788.00	3788	3788
431	0.000029	3798.00	3798	3798
432	0.000029	3808.00	3808	3808
433	0.000029	3818.00	3818	3818
434	0.000029	3828.00	3828	3828
435	0.000029	3838.00	3838	3838
436	0.000029	3848.00	3848	3848
437	0.000030	3858.00	3858	3858
438	0.000029	3868.00	3868	3868
439	0.000030	3878.00	3878	3878
440	0.000029	3888.00	3888	3888
441	0.000029	3898.00	3898	3898
442	0.000029	3908.00	3908	3908
443	0.000029	3918.00	3918	3918
444	0.000030	3928.00	3928	3928
445	0.000030	3938.00	3938	3938
446	0.000030	3948.00	3948	3948
447	0.000030	3958.00	3958	3958
448	0.000030	3968.00	3968	3968
449	0.000030	3978.00	3978	3978
450	0.000030	3988.00	3988	3988
451	0.000030	3998.00	3998	3998
452	0.000030	4008.00	4008	4008
453	0.000030	4018.00	4018	4018
454	0.000030	4028.00	4028	4028
455	0.000030	4038.00	4038	4038
456	0.000031	4048.00	4048	4048
457	0.000031	4058.00	4058	4058
458	0.000031	4068.00	4068	4068
459	0.000031	4078.00	4078	4078
460	0.000031	4088.00	4088	4088
461	0.000031	4098.00	4098	4098
462	0.000031	4108.00	4108	4108
463	0.000031	4118.00	4118	4118
464	0.000031	4128.00	4128	4128
465	0.000031	4138.00	4138	4138
466	0.000032	4148.00	4148	4148
467	0.000032	4158.00	4158	4158
468	0.000032	4168.00	4168	4168
469	0.000032	4178.00	4178	4178
470	0.000032	4188.00	4188	4188
471	0.000032	4198.00	4198	4198
472	0.000032	4208.00	4208	4208
473	0.000032	4218.00	4218	4218
474	0.000032	4228.00	4228	4228
475	0.000032	4238.00	4238	4238
476	0.000032	4248.00	4248	4248
477	0.000032	4258.00	4258	4258
478	0.000033	4268.00	4268	4268
479	0.000033	4278.00	4278	4278
480	0.000033	4288.00	4288	4288
481	0.000033	4298.00	4298	4298
482	0.000033	4308.00	4308	4308
483	0.000033	4318.00	4318	4318
484	0.000033	4328.00	4328	4328
485	0.000033	4338.00	4338	4338
486	0.000034	4348.00	4348	4348
487	0.000033	4358.00	4358	4358
488	0.000033	4368.00	4368	4368
489	0.000033	4378.00	4378	4378
490	0.000033	4388.00	4388	4388
491	0.000033	4398.00	4398	4398
492	0.000033	4408.00	4408	4408
493	0.000034	4418.00	4418	4418
494	0.000034	4428.00	4428	4428
495	0.000034	4438.00	4438	4438
496	0.000034	4448.00	4448	4448
497	0.000034	4458.00	4458	4458
498	0.000034	4468.00	4468	4468
499	0.000034	4478.00	4478	4478
500	0.000034	4488.00	4488	4488
501	0.000034	4498.00	4498	4498
502	0.000034	4508.00	4508	4508
503	0.000034	4518.00	4518	4518
504	0.000034	4528.00	4528	4528
505	0.000034	4538.00	4538	4538
506	0.000034	4548.00	4548	4548
507	0.000035	4558.00	4558	4558
508	0.000035	4568.00	4568	4568
509	0.000035	4578.00	4578	4578
510	0.000035	4588.00	4588	4588
511	0.000035	4598.00	4598	4598
512	0.000035	4608.00	4608	4608
513	0.000035	4619.00	4619	4619
514	0.000035	4630.00	4630	4630
515	0.000035	4641.00	4641	4641
516	0.000035	4652.00	4652	4652
517	0.000035	4663.00	4663	4663
518	0.000035	4674.00	4674	4674
519	0.000036	4685.00	4685	4685
520	0.000036	4696.00	4696	4696
521	0.000036	4707.00	4707	4707
522	0.000036	4718.00	4718	4718
523	0.000036	4729.00	4729	4729
524	0.000036	4740.00	4740	4740
525	0.000036	4751.00	4751	4751
526	0.000036	4762.00	4762	4762
527	0.000036	4773.00	4773	4773
528	0.000036	4784.00	4784	4784
529	0.000036	4795.00	4795	4795
530	0.000036	4806.00	4806	4806
531	0.000037	4817.00	4817	4817
532	0.000037	4828.00	4828	4828
533	0.000037	4839.00	4839	4839
534	0.000037	4850.00	4850	4850
535	0.000037	4861.00	4861	4861
536	0.000037	4872.00	4872	4872
537	0.000037	4883.00	4883	4883
538	0.000037	4894.00	4894	4894
539	0.000037	4905.00	4905	4905
540	0.000037	4916.00	4916	4916
541	0.000037	4927.00	4927	4927
542	0.000037	4938.00	4938	4938
543	0.000038	4949.00	4949	4949
544	0.000038	4960.00	4960	4960
545	0.000038	4971.00	4971	4971
546	0.000038	4982.00	4982	4982
547	0.000038	4993.00	4993	4993
548	0.000038	5004.00	5004	5004
549	0.000038	5015.00	5015	5015
550	0.000038	5026.00	5026	5026
551	0.000038	5037.00	5037	5037
552	0.000038	5048.00	5048	5048
553	0.000038	5059.00	5059	5059
554	0.000039	5070.00	5070	5070
555	0.000039	5081.00	5081	5081
556	0.000039	5092.00	5092	5092
557	0.000039	5103.00	5103	5103
558	0.000039	5114.00	5114	5114
559	0.000039	5125.00	5125	5125
560	0.000039	5136.00	5136	5136
561	0.000039	5147.00	5147	5147
562	0.000039	5158.00	5158	5158
563	0.000039	5169.00	5169	5169
564	0.000042	5180.00	5180	5180
565	0.000039	5191.00	5191	5191
566	0.000039	5202.00	5202	5202
567	0.000039	5213.00	5213	5213
568	0.000039	5224.00	5224	5224
569	0.000040	5235.00	5235	5235
570	0.000040	5246.00	5246	5246
571	0.000040	5257.00	5257	5257
572	0.000040	5268.00	5268	5268
573	0.000040	5279.00	5279	5279
574	0.000040	5290.00	5290	5290
575	0.000040	5301.00	5301	5301
576	0.000040	5312.00	5312	5312
577	0.000040	5323.00	5323	5323
578	0.000041	5334.00	5334	5334
579	0.000040	5345.00	5345	5345
580	0.000041	5356.00	5356	5356
581	0.000040	5367.00	5367	5367
582	0.000041	5378.00	5378	5378
583	0.000041	5389.00	5389	5389
584	0.000041	5400.00	5400	5400
585	0.000041	5411.00	5411	5411
586	0.000041	5422.00	5422	5422
587	0.000041	5433.00	5433	5433
588	0.000041	5444.00	5444	5444
589	0.000041	5455.00	5455	5455
590	0.000041	5466.00	5466	5466
591	0.000041	5477.00	5477	5477
592	0.000041	5488.00	5488	5488
593	0.000041	5499.00	5499	5499
594	0.000042	5510.00	5510	5510
595	0.000042	5521.00	5521	5521
596	0.000042	5532.00	5532	5532
597	0.000042	5543.00	5543	5543
598	0.000042	5554.00	5554	5554
599	0.000042	5565.00	5565	5565
600	0.000042	5576.00	5576	5576
601	0.000042	5587.00	5587	5587
602	0.000043	5598.00	5598	5598
603	0.000043	5609.00	5609	5609
604	0.000043	5620.00	5620	5620
605	0.000043	5631.00	5631	5631
606	0.000043	5642.00	5642	5642
607	0.000043	5653.00	5653	5653
608	0.000043	5664.00	5664	5664
609	0.000043	5675.00	5675	5675
610	0.000043	5686.00	5686	5686
611	0.000043	5697.00	5697	5697
612	0.000043	5708.00	5708	5708
613	0.000043	5719.00	5719	5719
614	0.000043	5730.00	5730	5730
615	0.000043	5741.00	5741	5741
616	0.000044	5752.00	5752	5752
617	0.000044	5763.00	5763	5763
618	0.000044	5774.00	5774	5774
619	0.000044	5785.00	5785	5785
620	0.000048	5796.00	5796	5796
621	0.000044	5807.00	5807	5807
622	0.000044	5818.00	5818	5818
623	0.000044	5829.00	5829	5829
624	0.000044	5840.00	5840	5840
625	0.000044	5851.00	5851	5851
626	0.000044	5862.00	5862	5862
627	0.000044	5873.00	5873	5873
628	0.000044	5884.00	5884	5884
629	0.000044	5895.00	5895	5895
630	0.000044	5906.00	5906	5906
631	0.000044	5917.00	5917	5917
632	0.000044	5928.00	5928	5928
633	0.000044	5939.00	5939	5939
634	0.000044	5950.00	5950	5950
635	0.000045	5961.00	5961	5961
636	0.000045	5972.00	5972	5972
637	0.000045	5983.00	5983	5983
638	0.000045	5994.00	5994	5994
639	0.000045	6005.00	6005	6005
640	0.000045	6016.00	6016	6016
641	0.000045	6027.00	6027	6027
642	0.000045	6038.00	6038	6038
643	0.000045	6049.00	6049	6049
644	0.000045	6060.00	6060	6060
645	0.000046	6071.00	6071	6071
646	0.000045	6082.00	6082	6082
647	0.000046	6093.00	6093	6093
648	0.000046	6104.00	6104	6104
649	0.000046	6115.00	6115	6115
650	0.000046	6126.00	6126	6126
651	0.000046	6137.00	6137	6137
652	0.000046	6148.00	6148	6148
653	0.000046	6159.00	6159	6159
654	0.000046	6170.00	6170	6170
655	0.000046	6181.00	6181	6181
656	0.000046	6192.00	6192	6192
657	0.000046	6203.00	6203	6203
658	0.000046	6214.00	6214	6214
659	0.000047	6225.00	6225	6225
660	0.000047	6236.00	6236	6236
661	0.000047	6247.00	6247	6247
662	0.000047	6258.00	6258	6258
663	0.000047	6269.00	6269	6269
664	0.000048	6280.00	6280	6280
665	0.000048	6291.00	6291	6291
666	0.000048	6302.00	6302	6302
667	0.000048	6313.00	6313	6313
668	0.000047	6324.00	6324	6324
669	0.000047	6335.00	6335	6335
670	0.000048	6346.00	6346	6346
671	0.000047	6357.00	6357	6357
672	0.000047	6368.00	6368	6368
673	0.000048	6379.00	6379	6379
674	0.000048	6390.00	6390	6390
675	0.000048	6401.00	6401	6401
676	0.000048	6412.00	6412	6412
677	0.000048	6423.00	6423	6423
678	0.000048	6434.00	6434	6434
679	0.000048	6445.00	6445	6445
680	0.000049	6456.00	6456	6456
681	0.000048	6467.00	6467	6467
682	0.000048	6478.00	6478	6478
683	0.000049	6489.00	6489	6489
684	0.000049	6500.00	6500	6500
685	0.000049	6511.00	6511	6511
686	0.000049	6522.00	6522	6522
687	0.000049	6533.00	6533	6533
688	0.000049	6544.00	6544	6544
689	0.000049	6555.00	6555	6555
690	0.000049	6566.00	6566	6566
691	0.000049	6577.00	6577	6577
692	0.000049	6588.00	6588	6588
693	0.000049	6599.00	6599	6599
694	0.000049	6610.00	6610	6610
695	0.000049	6621.00	6621	6621
696	0.000049	6632.00	6632	6632
697	0.000049	6643.00	6643	6643
698	0.000049	6654.00	6654	6654
699	0.000050	6665.00	6665	6665
700	0.000050	6676.00	6676	6676
701	0.000050	6687.00	6687	6687
702	0.000050	6698.00	6698	6698
703	0.000050	6709.00	6709	6709
704	0.000050	6720.00	6720	6720
705	0.000050	6731.00	6731	6731
706	0.000050	6742.00	6742	6742
707	0.000051	6753.00	6753	6753
708	0.000051	6764.00	6764	6764
709	0.000050	6775.00	6775	6775
710	0.000050	6786.00	6786	6786
711	0.000051	6797.00	6797	6797
712	0.000051	6808.00	6808	6808
713	0.000051	6819.00	6819	6819
714	0.000051	6830.00	6830	6830
715	0.000051	6841.00	6841	6841
716	0.000051	6852.00	6852	6852
717	0.000051	6863.00	6863	6863
718	0.000051	6874.00	6874	6874
719	0.000051	6885.00	6885	6885
720	0.000051	6896.00	6896	6896
721	0.000051	6907.00	6907	6907
722	0.000052	6918.00	6918	6918
723	0.000052	6929.00	6929	6929
724	0.000052	6940.00	6940	6940
725	0.000052	6951.00	6951	6951
726	0.000053	6962.00	6962	6962
727	0.000053	6973.00	6973	6973
728	0.000053	6984.00	6984	6984
729	0.000053	6995.00	6995	6995
730	0.000053	7006.00	7006	7006
731	0.000053	7017.00	7017	7017
732	0.000053	7028.00	7028	7028
733	0.000054	7039.00	7039	7039
734	0.000053	7050.00	7050	7050
735	0.000053	7061.00	7061	7061
736	0.000053	7072.00	7072	7072
737	0.000053	7083.00	7083	7083
738	0.000053	7094.00	7094	7094
739	0.000053	7105.00	7105	7105
740	0.000053	7116.00	7116	7116
741	0.000053	7127.00	7127	7127
742	0.000053	7138.00	7138	7138
743	0.000053	7149.00	7149	7149
744	0.000054	7160.00	7160	7160
745	0.000053	7171.00	7171	7171
746	0.000053	7182.00	7182	7182
747	0.000053	7193.00	7193	7193
748	0.000054	7204.00	7204	7204
749	0.000054	7215.00	7215	7215
750	0.000054	7226.00	7226	7226
751	0.000054	7237.00	7237	7237
752	0.000054	7248.00	7248	7248
753	0.000054	7259.00	7259	7259
754	0.000054	7270.00	7270	7270
755	0.000054	7281.00	7281	7281
756	0.000054	7292.00	7292	7292
757	0.000054	7303.00	7303	7303
758	0.000054	7314.00	7314	7314
759	0.000054	7325.00	7325	7325
760	0.000055	7336.00	7336	7336
761	0.000054	7347.00	7347	7347
762	0.000055	7358.00	7358	7358
763	0.000055	7369.00	7369	7369
764	0.000055	7380.00	7380	7380
765	0.000055	7391.00	7391	7391
766	0.000055	7402.00	7402	7402
767	0.000055	7413.00	7413	7413
768	0.000055	7424.00	7424	7424
769	0.000055	7435.00	7435	7435
770	0.000055	7446.00	7446	7446
771	0.000055	7457.00	7457	7457
772	0.000056	7468.00	7468	7468
773	0.000055	7479.00	7479	7479
774	0.000056	7490.00	7490	7490
775	0.000056	7501.00	7501	7501
776	0.000056	7512.00	7512	7512
777	0.000056	7523.00	7523	7523
778	0.000056	7534.00	7534	7534
779	0.000056	7545.00	7545	7545
780	0.000056	7556.00	7556	7556
781	0.000056	7567.00	7567	7567
782	0.000056	7578.00	7578	7578
783	0.000056	7589.00	7589	7589
784	0.000056	7600.00	7600	7600
785	0.000057	7611.00	7611	7611
786	0.000057	7622.00	7622	7622
787	0.000057	7633.00	7633	7633
788	0.000057	7644.00	7644	7644
789	0.000057	7655.00	7655	7655
790	0.000057	7666.00	7666	7666
791	0.000057	7677.00	7677	7677
792	0.000057	7688.00	7688	7688
793	0.000057	7699.00	7699	7699
794	0.000057	7710.00	7710	7710
795	0.000057	7721.00	7721	7721
796	0.000058	7732.00	7732	7732
797	0.000057	7743.00	7743	7743
798	0.000058	7754.00	7754	7754
799	0.000058	7765.00	7765	7765
800	0.000058	7776.00	7776	7776
801	0.000058	7787.00	7787	7787
802	0.000058	7798.00	7798	7798
803	0.000058	7809.00	7809	7809
804	0.000058	7820.00	7820	7820
805	0.000058	7831.00	7831	7831
806	0.000058	7842.00	7842	7842
807	0.000059	7853.00	7853	7853
808	0.000059	7864.00	7864	7864
809	0.000059	7875.00	7875	7875
810	0.000059	7886.00	7886	7886
811	0.000059	7897.00	7897	7897
812	0.000059	7908.00	7908	7908
813	0.000059	7919.00	7919	7919
814	0.000059	7930.00	7930	7930
815	0.000059	7941.00	7941	7941
816	0.000059	7952.00	7952	7952
817	0.000059	7963.00	7963	7963
818	0.000060	7974.00	7974	7974
819	0.000060	7985.00	7985	7985
820	0.000060	7996.00	7996	7996
821	0.000060	8007.00	8007	8007
822	0.000060	8018.00	8018	8018
823	0.000060	8029.00	8029	8029
824	0.000060	8040.00	8040	8040
825	0.000060	8051.00	8051	8051
826	0.000061	8062.00	8062	8062
827	0.000061	8073.00	8073	8073
828	0.000061	8084.00	8084	8084
829	0.000060	8095.00	8095	8095
830	0.000060	8106.00	8106	8106
831	0.000060	8117.00	8117	8117
832	0.000061	8128.00	8128	8128
833	0.000060	8139.00	8139	8139
834	0.000060	8150.00	8150	8150
835	0.000060	8161.00	8161	8161
836	0.000061	8172.00	8172	8172
837	0.000061	8183.00	8183	8183
838	0.000061	8194.00	8194	8194
839	0.000061	8205.00	8205	8205
840	0.000061	8216.00	8216	8216
841	0.000061	8227.00	8227	8227
842	0.000061	8238.00	8238	8238
843	0.000062	8249.00	8249	8249
844	0.000062	8260.00	8260	8260
845	0.000062	8271.00	8271	8271
846	0.000062	8282.00	8282	8282
847	0.000062	8293.00	8293	8293
848	0.000062	8304.00	8304	8304
849	0.000062	8315.00	8315	8315
850	0.000062	8326.00	8326	8326
851	0.000063	8337.00	8337	8337
852	0.000062	8348.00	8348	8348
853	0.000062	8359.00	8359	8359
854	0.000062	8370.00	8370	8370
855	0.000063	8381.00	8381	8381
856	0.000063	8392.00	8392	8392
857	0.000062	8403.00	8403	8403
858	0.000063	8414.00	8414	8414
859	0.000063	8425.00	8425	8425
860	0.000063	8436.00	8436	8436
861	0.000063	8447.00	8447	8447
862	0.000063	8458.00	8458	8458
863	0.000063	8469.00	8469	8469
864	0.000063	8480.00	8480	8480
865	0.000063	8491.00	8491	8491
866	0.000063	8502.00	8502	8502
867	0.000063	8513.00	8513	8513
868	0.000063	8524.00	8524	8524
869	0.000063	8535.00	8535	8535
870	0.000063	8546.00	8546	8546
871	0.000063	8557.00	8557	8557
872	0.000063	8568.00	8568	8568
873	0.000063	8579.00	8579	8579
874	0.000064	8590.00	8590	8590
875	0.000064	8601.00	8601	8601
876	0.000064	8612.00	8612	8612
877	0.000064	8623.00	8623	8623
878	0.000064	8634.00	8634	8634
879	0.000064	8645.00	8645	8645
880	0.000064	8656.00	8656	8656
881	0.000064	8667.00	8667	8667
882	0.000065	8678.00	8678	8678
883	0.000065	8689.00	8689	8689
884	0.000065	8700.00	8700	8700
885	0.000064	8711.00	8711	8711
886	0.000064	8722.00	8722	8722
887	0.000064	8733.00	8733	8733
888	0.000064	8744.00	8744	8744
889	0.000064	8755.00	8755	8755
890	0.000065	8766.00	8766	8766
891	0.000065	8777.00	8777	8777
892	0.000065	8788.00	8788	8788
893	0.000065	8799.00	8799	8799
894	0.000065	8810.00	8810	8810
895	0.000065	8821.00	8821	8821
896	0.000065	8832.00	8832	8832
897	0.000065	8843.00	8843	8843
898	0.000065	8854.00	8854	8854
899	0.000065	8865.00	8865	8865
900	0.000065	8876.00	8876	8876
901	0.000066	8887.00	8887	8887
902	0.000066	8898.00	8898	8898
903	0.000067	8909.00	8909	8909
904	0.000067	8920.00	8920	8920
905	0.000066	8931.00	8931	8931
906	0.000066	8942.00	8942	8942
907	0.000066	8953.00	8953	8953
908	0.000066	8964.00	8964	8964
909	0.000066	8975.00	8975	8975
910	0.000066	8986.00	8986	8986
911	0.000066	8997.00	8997	8997
912	0.000066	9008.00	9008	9008
913	0.000067	9019.00	9019	9019
914	0.000067	9030.00	9030	9030
915	0.000067	9041.00	9041	9041
916	0.000067	9052.00	9052	9052
917	0.000067	9063.00	9063	9063
918	0.000068	9074.00	9074	9074
919	0.000067	9085.00	9085	9085
920	0.000067	9096.00	9096	9096
921	0.000067	9107.00	9107	9107
922	0.000067	9118.00	9118	9118
923	0.000068	9129.00	9129	9129
924	0.000068	9140.00	9140	9140
925	0.000068	9151.00	9151	9151
926	0.000068	9162.00	9162	9162
927	0.000068	9173.00	9173	9173
928	0.000068	9184.00	9184	9184
929	0.000068	9195.00	9195	9195
930	0.000068	9206.00	9206	9206
931	0.000068	9217.00	9217	9217
932	0.000069	9228.00	9228	9228
933	0.000068	9239.00	9239	9239
934	0.000069	9250.00	9250	9250
935	0.000069	9261.00	9261	9261
936	0.000069	9272.00	9272	9272
937	0.000069	9283.00	9283	9283
938	0.000069	9294.00	9294	9294
939	0.000069	9305.00	9305	9305
940	0.000069	9316.00	9316	9316
941	0.000069	9327.00	9327	9327
942	0.000069	9338.00	9338	9338
943	0.000069	9349.00	9349	9349
944	0.000069	9360.00	9360	9360
945	0.000069	9371.00	9371	9371
946	0.000070	9382.00	9382	9382
947	0.000070	9393.00	9393	9393
948	0.000070	9404.00	9404	9404
949	0.000070	9415.00	9415	9415
950	0.000070	9426.00	9426	9426
951	0.000070	9437.00	9437	9437
952	0.000071	9448.00	9448	9448
953	0.000070	9459.00	9459	9459
954	0.000070	9470.00	9470	9470
955	0.000070	9481.00	9481	9481
956	0.000070	9492.00	9492	9492
957	0.000070	9503.00	9503	9503
958	0.000071	9514.00	9514	9514
959	0.000072	9525.00	9525	9525
960	0.000071	9536.00	9536	9536
961	0.000072	9547.00	9547	9547
962	0.000072	9558.00	9558	9558
963	0.000071	9569.00	9569	9569
964	0.000071	9580.00	9580	9580
965	0.000071	9591.00	9591	9591
966	0.000071	9602.00	9602	9602
967	0.000072	9613.00	9613	9613
968	0.000071	9624.00	9624	9624
969	0.000071	9635.00	9635	9635
970	0.000072	9646.00	9646	9646
971	0.000072	9657.00	9657	9657
972	0.000072	9668.00	9668	9668
973	0.000072	9679.00	9679	9679
974	0.000072	9690.00	9690	9690
975	0.000072	9701.00	9701	9701
976	0.000072	9712.00	9712	9712
977	0.000072	9723.00	9723	9723
978	0.000073	9734.00	9734	9734
979	0.000073	9745.00	9745	9745
980	0.000073	9756.00	9756	9756
981	0.000072	9767.00	9767	9767
982	0.000073	9778.00	9778	9778
983	0.000073	9789.00	9789	9789
984	0.000073	9800.00	9800	9800
985	0.000073	9811.00	9811	9811
986	0.000073	9822.00	9822	9822
987	0.000073	9833.00	9833	9833
988	0.000073	9844.00	9844	9844
989	0.000073	9855.00	9855	9855
990	0.000073	9866.00	9866	9866
991	0.000073	9877.00	9877	9877
992	0.000074	9888.00	9888	9888
993	0.000073	9899.00	9899	9899
994	0.000073	9910.00	9910	9910
995	0.000074	9921.00	9921	9921
996	0.000074	9932.00	9932	9932
997	0.000074	9943.00	9943	9943
998	0.000074	9954.00	9954	9954
999	0.000073	9965.00	9965	9965
1000	0.000074	9976.00	9976	9976
1001	0.000074	9987.00	9987	9987
1002	0.000074	9998.00	9998	9998
1003	0.000074	10009.00	10009	10009
1004	0.000074	10020.00	10020	10020
1005	0.000074	10031.00	10031	10031
1006	0.000074	10042.00	10042	10042
1007	0.000074	10053.00	10053	10053
1008	0.000074	10064.00	10064	10064
1009	0.000074	10075.00	10075	10075
1010	0.000074	10086.00	10086	10086
1011	0.000074	10097.00	10097	10097
1012	0.000075	10108.00	10108	10108
1013	0.000075	10119.00	10119	10119
1014	0.000074	10130.00	10130	10130
1015	0.000075	10141.00	10141	10141
1016	0.000075	10152.00	10152	10152
1017	0.000075	10163.00	10163	10163
1018	0.000075	10174.00	10174	10174
1019	0.000075	10185.00	10185	10185
1020	0.000075	10196.00	10196	10196
1021	0.000075	10207.00	10207	10207
1022	0.000075	10218.00	10218	10218
1023	0.000076	10229.00	10229	10229
1024	0.000075	10240.00	10240	10240
1025	0.000075	10252.00	10252	10252
1026	0.000075	10264.00	10264	10264
1027	0.000076	10276.00	10276	10276
1028	0.000078	10288.00	10288	10288
1029	0.000076	10300.00	10300	10300
1030	0.000076	10312.00	10312	10312
1031	0.000076	10324.00	10324	10324
1032	0.000076	10336.00	10336	10336
1033	0.000077	10348.00	10348	10348
1034	0.000077	10360.00	10360	10360
1035	0.000077	10372.00	10372	10372
1036	0.000077	10384.00	10384	10384
1037	0.000077	10396.00	10396	10396
1038	0.000077	10408.00	10408	10408
1039	0.000077	10420.00	10420	10420
1040	0.000077	10432.00	10432	10432
1041	0.000077	10444.00	10444	10444
1042	0.000078	10456.00	10456	10456
1043	0.000078	10468.00	10468	10468
1044	0.000077	10480.00	10480	10480
1045	0.000078	10492.00	10492	10492
1046	0.000079	10504.00	10504	10504
1047	0.000079	10516.00	10516	10516
1048	0.000079	10528.00	10528	10528
1049	0.000079	10540.00	10540	10540
1050	0.000078	10552.00	10552	10552
1051	0.000078	10564.00	10564	10564
1052	0.000078	10576.00	10576	10576
1053	0.000078	10588.00	10588	10588
1054	0.000078	10600.00	10600	10600
1055	0.000079	10612.00	10612	10612
1056	0.000078	10624.00	10624	10624
1057	0.000079	10636.00	10636	10636
1058	0.000079	10648.00	10648	10648
1059	0.000079	10660.00	10660	10660
1060	0.000079	10672.00	10672	10672
1061	0.000079	10684.00	10684	10684
1062	0.000079	10696.00	10696	10696
1063	0.000080	10708.00	10708	10708
1064	0.000080	10720.00	10720	10720
1065	0.000079	10732.00	10732	10732
1066	0.000080	10744.00	10744	10744
1067	0.000080	10756.00	10756	10756
1068	0.000080	10768.00	10768	10768
1069	0.000080	10780.00	10780	10780
1070	0.000080	10792.00	10792	10792
1071	0.000080	10804.00	10804	10804
1072	0.000080	10816.00	10816	10816
1073	0.000080	10828.00	10828	10828
1074	0.000080	10840.00	10840	10840
1075	0.000081	10852.00	10852	10852
1076	0.000081	10864.00	10864	10864
1077	0.000080	10876.00	10876	10876
1078	0.000081	10888.00	10888	10888
1079	0.000081	10900.00	10900	10900
1080	0.000081	10912.00	10912	10912
1081	0.000081	10924.00	10924	10924
1082	0.000081	10936.00	10936	10936
1083	0.000081	10948.00	10948	10948
1084	0.000081	10960.00	10960	10960
1085	0.000081	10972.00	10972	10972
1086	0.000082	10984.00	10984	10984
1087	0.000081	10996.00	10996	10996
1088	0.000081	11008.00	11008	11008
1089	0.000081	11020.00	11020	11020
1090	0.000082	11032.00	11032	11032
1091	0.000081	11044.00	11044	11044
1092	0.000082	11056.00	11056	11056
1093	0.000082	11068.00	11068	11068
1094	0.000082	11080.00	11080	11080
1095	0.000082	11092.00	11092	11092
1096	0.000082	11104.00	11104	11104
1097	0.000083	11116.00	11116	11116
1098	0.000082	11128.00	11128	11128
1099	0.000082	11140.00	11140	11140
1100	0.000082	11152.00	11152	11152
1101	0.000083	11164.00	11164	11164
1102	0.000082	11176.00	11176	11176
1103	0.000083	11188.00	11188	11188
1104	0.000083	11200.00	11200	11200
1105	0.000083	11212.00	11212	11212
1106	0.000083	11224.00	11224	11224
1107	0.000083	11236.00	11236	11236
1108	0.000083	11248.00	11248	11248
1109	0.000083	11260.00	11260	11260
1110	0.000083	11272.00	11272	11272
1111	0.000083	11284.00	11284	11284
1112	0.000084	11296.00	11296	11296
1113	0.000085	11308.00	11308	11308
1114	0.000087	11320.00	11320	11320
1115	0.000085	11332.00	11332	11332
1116	0.000084	11344.00	11344	11344
1117	0.000084	11356.00	11356	11356
1118	0.000084	11368.00	11368	11368
1119	0.000084	11380.00	11380	11380
1120	0.000084	11392.00	11392	11392
1121	0.000084	11404.00	11404	11404
1122	0.000084	11416.00	11416	11416
1123	0.000084	11428.00	11428	11428
1124	0.000084	11440.00	11440	11440
1125	0.000085	11452.00	11452	11452
1126	0.000085	11464.00	11464	11464
1127	0.000085	11476.00	11476	11476
1128	0.000085	11488.00	11488	11488
1129	0.000085	11500.00	11500	11500
1130	0.000085	11512.00	11512	11512
1131	0.000085	11524.00	11524	11524
1132	0.000085	11536.00	11536	11536
1133	0.000085	11548.00	11548	11548
1134	0.000085	11560.00	11560	11560
1135	0.000085	11572.00	11572	11572
1136	0.000085	11584.00	11584	11584
1137	0.000086	11596.00	11596	11596
1138	0.000086	11608.00	11608	11608
1139	0.000086	11620.00	11620	11620
1140	0.000086	11632.00	11632	11632
1141	0.000086	11644.00	11644	11644
1142	0.000086	11656.00	11656	11656
1143	0.000086	11668.00	11668	11668
1144	0.000086	11680.00	11680	11680
1145	0.000086	11692.00	11692	11692
1146	0.000086	11704.00	11704	11704
1147	0.000086	11716.00	11716	11716
1148	0.000086	11728.00	11728	11728
1149	0.000086	11740.00	11740	11740
1150	0.000086	11752.00	11752	11752
1151	0.000086	11764.00	11764	11764
1152	0.000087	11776.00	11776	11776
1153	0.000087	11788.00	11788	11788
1154	0.000087	11800.00	11800	11800
1155	0.000087	11812.00	11812	11812
1156	0.000087	11824.00	11824	11824
1157	0.000087	11836.00	11836	11836
1158	0.000087	11848.00	11848	11848
1159	0.000088	11860.00	11860	11860
1160	0.000087	11872.00	11872	11872
1161	0.000087	11884.00	11884	11884
1162	0.000087	11896.00	11896	11896
1163	0.000088	11908.00	11908	11908
1164	0.000088	11920.00	11920	11920
1165	0.000088	11932.00	11932	11932
1166	0.000088	11944.00	11944	11944
1167	0.000089	11956.00	11956	11956
1168	0.000089	11968.00	11968	11968
1169	0.000089	11980.00	11980	11980
1170	0.000089	11992.00	11992	11992
1171	0.000089	12004.00	12004	12004
1172	0.000092	12016.00	12016	12016
1173	0.000090	12028.00	12028	12028
1174	0.000090	12040.00	12040	12040
1175	0.000089	12052.00	12052	12052
1176	0.000089	12064.00	12064	12064
1177	0.000091	12076.00	12076	12076
1178	0.000090	12088.00	12088	12088
1179	0.000090	12100.00	12100	12100
1180	0.000089	12112.00	12112	12112
1181	0.000089	12124.00	12124	12124
1182	0.000089	12136.00	12136	12136
1183	0.000089	12148.00	12148	12148
1184	0.000089	12160.00	12160	12160
1185	0.000090	12172.00	12172	12172
1186	0.000091	12184.00	12184	12184
1187	0.000091	12196.00	12196	12196
1188	0.000091	12208.00	12208	12208
1189	0.000091	12220.00	12220	12220
1190	0.000091	12232.00	12232	12232
1191	0.000094	12244.00	12244	12244
1192	0.000091	12256.00	12256	12256
1193	0.000091	12268.00	12268	12268
1194	0.000092	12280.00	12280	12280
1195	0.000094	12292.00	12292	12292
1196	0.000092	12304.00	12304	12304
1197	0.000091	12316.00	12316	12316
1198	0.000091	12328.00	12328	12328
1199	0.000091	12340.00	12340	12340
1200	0.000091	12352.00	12352	12352
1201	0.000091	12364.00	12364	12364
1202	0.000091	12376.00	12376	12376
1203	0.000091	12388.00	12388	12388
1204	0.000092	12400.00	12400	12400
1205	0.000091	12412.00	12412	12412
1206	0.000092	12424.00	12424	12424
1207	0.000092	12436.00	12436	12436
1208	0.000092	12448.00	12448	12448
1209	0.000092	12460.00	12460	12460
1210	0.000092	12472.00	12472	12472
1211	0.000092	12484.00	12484	12484
1212	0.000093	12496.00	12496	12496
1213	0.000093	12508.00	12508	12508
1214	0.000092	12520.00	12520	12520
1215	0.000093	12532.00	12532	12532
1216	0.000093	12544.00	12544	12544
1217	0.000092	12556.00	12556	12556
1218	0.000092	12568.00	12568	12568
1219	0.000093	12580.00	12580	12580
1220	0.000093	12592.00	12592	12592
1221	0.000093	12604.00	12604	12604
1222	0.000093	12616.00	12616	12616
1223	0.000093	12628.00	12628	12628
1224	0.000093	12640.00	12640	12640
1225	0.000093	12652.00	12652	12652
1226	0.000093	12664.00	12664	12664
1227	0.000093	12676.00	12676	12676
1228	0.000093	12688.00	12688	12688
1229	0.000093	12700.00	12700	12700
1230	0.000095	12712.00	12712	12712
1231	0.000095	12724.00	12724	12724
1232	0.000094	12736.00	12736	12736
1233	0.000094	12748.00	12748	12748
1234	0.000094	12760.00	12760	12760
1235	0.000094	12772.00	12772	12772
1236	0.000097	12784.00	12784	12784
1237	0.000094	12796.00	12796	12796
1238	0.000094	12808.00	12808	12808
1239	0.000095	12820.00	12820	12820
1240	0.000094	12832.00	12832	12832
1241	0.000094	12844.00	12844	12844
1242	0.000095	12856.00	12856	12856
1243	0.000094	12868.00	12868	12868
1244	0.000095	12880.00	12880	12880
1245	0.000095	12892.00	12892	12892
1246	0.000095	12904.00	12904	12904
1247	0.000095	12916.00	12916	12916
1248	0.000095	12928.00	12928	12928
1249	0.000095	12940.00	12940	12940
1250	0.000095	12952.00	12952	12952
1251	0.000095	12964.00	12964	12964
1252	0.000095	12976.00	12976	12976
1253	0.000095	12988.00	12988	12988
1254	0.000095	13000.00	13000	13000
1255	0.000095	13012.00	13012	13012
1256	0.000095	13024.00	13024	13024
1257	0.000096	13036.00	13036	13036
1258	0.000096	13048.00	13048	13048
1259	0.000096	13060.00	13060	13060
1260	0.000096	13072.00	13072	13072
1261	0.000096	13084.00	13084	13084
1262	0.000096	13096.00	13096	13096
1263	0.000096	13108.00	13108	13108
1264	0.000096	13120.00	13120	13120
1265	0.000096	13132.00	13132	13132
1266	0.000096	13144.00	13144	13144
1267	0.000096	13156.00	13156	13156
1268	0.000096	13168.00	13168	13168
1269	0.000096	13180.00	13180	13180
1270	0.000097	13192.00	13192	13192
1271	0.000096	13204.00	13204	13204
1272	0.000096	13216.00	13216	13216
1273	0.000097	13228.00	13228	13228
1274	0.000097	13240.00	13240	13240
1275	0.000097	13252.00	13252	13252
1276	0.000097	13264.00	13264	13264
1277	0.000097	13276.00	13276	13276
1278	0.000097	13288.00	13288	13288
1279	0.000097	13300.00	13300	13300
1280	0.000097	13312.00	13312	13312
1281	0.000097	13324.00	13324	13324
1282	0.000097	13336.00	13336	13336
1283	0.000097	13348.00	13348	13348
1284	0.000098	13360.00	13360	13360
1285	0.000099	13372.00	13372	13372
1286	0.000099	13384.00	13384	13384
1287	0.000098	13396.00	13396	13396
1288	0.000098	13408.00	13408	13408
1289	0.000098	13420.00	13420	13420
1290	0.000098	13432.00	13432	13432
1291	0.000098	13444.00	13444	13444
1292	0.000098	13456.00	13456	13456
1293	0.000099	13468.00	13468	13468
1294	0.000098	13480.00	13480	13480
1295	0.000099	13492.00	13492	13492
1296	0.000099	13504.00	13504	13504
1297	0.000099	13516.00	13516	13516
1298	0.000099	13528.00	13528	13528
1299	0.000099	13540.00	13540	13540
1300	0.000099	13552.00	13552	13552
1301	0.000099	13564.00	13564	13564
1302	0.000099	13576.00	13576	13576
1303	0.000099	13588.00	13588	13588
1304	0.000100	13600.00	13600	13600
1305	0.000099	13612.00	13612	13612
1306	0.000100	13624.00	13624	13624
1307	0.000100	13636.00	13636	13636
1308	0.000100	13648.00	13648	13648
1309	0.000100	13660.00	13660	13660
1310	0.000100	13672.00	13672	13672
1311	0.000100	13684.00	13684	13684
1312	0.000100	13696.00	13696	13696
1313	0.000100	13708.00	13708	13708
1314	0.000100	13720.00	13720	13720
1315	0.000101	13732.00	13732	13732
1316	0.000100	13744.00	13744	13744
1317	0.000101	13756.00	13756	13756
1318	0.000101	13768.00	13768	13768
1319	0.000101	13780.00	13780	13780
1320	0.000101	13792.00	13792	13792
1321	0.000101	13804.00	13804	13804
1322	0.000101	13816.00	13816	13816
1323	0.000101	13828.00	13828	13828
1324	0.000101	13840.00	13840	13840
1325	0.000102	13852.00	13852	13852
1326	0.000102	13864.00	13864	13864
1327	0.000101	13876.00	13876	13876
1328	0.000101	13888.00	13888	13888
1329	0.000102	13900.00	13900	13900
1330	0.000102	13912.00	13912	13912
1331	0.000102	13924.00	13924	13924
1332	0.000102	13936.00	13936	13936
1333	0.000102	13948.00	13948	13948
1334	0.000103	13960.00	13960	13960
1335	0.000102	13972.00	13972	13972
1336	0.000103	13984.00	13984	13984
1337	0.000104	13996.00	13996	13996
1338	0.000103	14008.00	14008	14008
1339	0.000103	14020.00	14020	14020
1340	0.000103	14032.00	14032	14032
1341	0.000103	14044.00	14044	14044
1342	0.000102	14056.00	14056	14056
1343	0.000103	14068.00	14068	14068
1344	0.000103	14080.00	14080	14080
1345	0.000103	14092.00	14092	14092
1346	0.000103	14104.00	14104	14104
1347	0.000103	14116.00	14116	14116
1348	0.000104	14128.00	14128	14128
1349	0.000104	14140.00	14140	14140
1350	0.000103	14152.00	14152	14152
1351	0.000103	14164.00	14164	14164
1352	0.000104	14176.00	14176	14176
1353	0.000104	14188.00	14188	14188
1354	0.000104	14200.00	14200	14200
1355	0.000104	14212.00	14212	14212
1356	0.000104	14224.00	14224	14224
1357	0.000104	14236.00	14236	14236
1358	0.000105	14248.00	14248	14248
1359	0.000104	14260.00	14260	14260
1360	0.000104	14272.00	14272	14272
1361	0.000104	14284.00	14284	14284
1362	0.000105	14296.00	14296	14296
1363	0.000105	14308.00	14308	14308
1364	0.000105	14320.00	14320	14320
1365	0.000105	14332.00	14332	14332
1366	0.000105	14344.00	14344	14344
1367	0.000105	14356.00	14356	14356
1368	0.000105	14368.00	14368	14368
1369	0.000105	14380.00	14380	14380
1370	0.000105	14392.00	14392	14392
1371	0.000105	14404.00	14404	14404
1372	0.000106	14416.00	14416	14416
1373	0.000106	14428.00	14428	14428
1374	0.000105	14440.00	14440	14440
1375	0.000106	14452.00	14452	14452
1376	0.000106	14464.00	14464	14464
1377	0.000106	14476.00	14476	14476
1378	0.000106	14488.00	14488	14488
1379	0.000106	14500.00	14500	14500
1380	0.000106	14512.00	14512	14512
1381	0.000106	14524.00	14524	14524
1382	0.000106	14536.00	14536	14536
1383	0.000106	14548.00	14548	14548
1384	0.000106	14560.00	14560	14560
1385	0.000106	14572.00	14572	14572
1386	0.000107	14584.00	14584	14584
1387	0.000108	14596.00	14596	14596
1388	0.000107	14608.00	14608	14608
1389	0.000107	14620.00	14620	14620
1390	0.000107	14632.00	14632	14632
1391	0.000107	14644.00	14644	14644
1392	0.000107	14656.00	14656	14656
1393	0.000107	14668.00	14668	14668
1394	0.000107	14680.00	14680	14680
1395	0.000107	14692.00	14692	14692
1396	0.000107	14704.00	14704	14704
1397	0.000107	14716.00	14716	14716
1398	0.000107	14728.00	14728	14728
1399	0.000107	14740.00	14740	14740
1400	0.000107	14752.00	14752	14752
1401	0.000107	14764.00	14764	14764
1402	0.000107	14776.00	14776	14776
1403	0.000107	14788.00	14788	14788
1404	0.000107	14800.00	14800	14800
1405	0.000108	14812.00	14812	14812
1406	0.000108	14824.00	14824	14824
1407	0.000108	14836.00	14836	14836
1408	0.000108	14848.00	14848	14848
1409	0.000108	14860.00	14860	14860
1410	0.000108	14872.00	14872	14872
1411	0.000108	14884.00	14884	14884
1412	0.000109	14896.00	14896	14896
1413	0.000108	14908.00	14908	14908
1414	0.000108	14920.00	14920	14920
1415	0.000109	14932.00	14932	14932
1416	0.000110	14944.00	14944	14944
1417	0.000109	14956.00	14956	14956
1418	0.000109	14968.00	14968	14968
1419	0.000109	14980.00	14980	14980
1420	0.000110	14992.00	14992	14992
1421	0.000110	15004.00	15004	15004
1422	0.000110	15016.00	15016	15016
1423	0.000109	15028.00	15028	15028
1424	0.000110	15040.00	15040	15040
1425	0.000110	15052.00	15052	15052
1426	0.000110	15064.00	15064	15064
1427	0.000110	15076.00	15076	15076
1428	0.000110	15088.00	15088	15088
1429	0.000110	15100.00	15100	15100
1430	0.000110	15112.00	15112	15112
1431	0.000110	15124.00	15124	15124
1432	0.000110	15136.00	15136	15136
1433	0.000112	15148.00	15148	15148
1434	0.000112	15160.00	15160	15160
1435	0.000113	15172.00	15172	15172
1436	0.000115	15184.00	15184	15184
1437	0.000111	15196.00	15196	15196
1438	0.000111	15208.00	15208	15208
1439	0.000111	15220.00	15220	15220
1440	0.000111	15232.00	15232	15232
1441	0.000111	15244.00	15244	15244
1442	0.000111	15256.00	15256	15256
1443	0.000112	15268.00	15268	15268
1444	0.000111	15280.00	15280	15280
1445	0.000112	15292.00	15292	15292
1446	0.000111	15304.00	15304	15304
1447	0.000112	15316.00	15316	15316
1448	0.000112	15328.00	15328	15328
1449	0.000112	15340.00	15340	15340
1450	0.000112	15352.00	15352	15352
1451	0.000112	15364.00	15364	15364
1452	0.000113	15376.00	15376	15376
1453	0.000113	15388.00	15388	15388
1454	0.000112	15400.00	15400	15400
1455	0.000112	15412.00	15412	15412
1456	0.000113	15424.00	15424	15424
1457	0.000113	15436.00	15436	15436
1458	0.000113	15448.00	15448	15448
1459	0.000113	15460.00	15460	15460
1460	0.000113	15472.00	15472	15472
1461	0.000113	15484.00	15484	15484
1462	0.000113	15496.00	15496	15496
1463	0.000113	15508.00	15508	15508
1464	0.000113	15520.00	15520	15520
1465	0.000113	15532.00	15532	15532
1466	0.000113	15544.00	15544	15544
1467	0.000114	15556.00	15556	15556
1468	0.000114	15568.00	15568	15568
1469	0.000114	15580.00	15580	15580
1470	0.000114	15592.00	15592	15592
1471	0.000114	15604.00	15604	15604
1472	0.000114	15616.00	15616	15616
1473	0.000114	15628.00	15628	15628
1474	0.000114	15640.00	15640	15640
1475	0.000114	15652.00	15652	15652
1476	0.000114	15664.00	15664	15664
1477	0.000114	15676.00	15676	15676
1478	0.000114	15688.00	15688	15688
1479	0.000115	15700.00	15700	15700
1480	0.000115	15712.00	15712	15712
1481	0.000116	15724.00	15724	15724
1482	0.000116	15736.00	15736	15736
1483	0.000115	15748.00	15748	15748
1484	0.000115	15760.00	15760	15760
1485	0.000115	15772.00	15772	15772
1486	0.000116	15784.00	15784	15784
1487	0.000115	15796.00	15796	15796
1488	0.000116	15808.00	15808	15808
1489	0.000115	15820.00	15820	15820
1490	0.000115	15832.00	15832	15832
1491	0.000118	15844.00	15844	15844
1492	0.000115	15856.00	15856	15856
1493	0.000115	15868.00	15868	15868
1494	0.000116	15880.00	15880	15880
1495	0.000116	15892.00	15892	15892
1496	0.000116	15904.00	15904	15904
1497	0.000116	15916.00	15916	15916
1498	0.000116	15928.00	15928	15928
1499	0.000116	15940.00	15940	15940
1500	0.000116	15952.00	15952	15952
1501	0.000116	15964.00	15964	15964
1502	0.000116	15976.00	15976	15976
1503	0.000116	15988.00	15988	15988
1504	0.000116	16000.00	16000	16000
1505	0.000117	16012.00	16012	16012
1506	0.000116	16024.00	16024	16024
1507	0.000116	16036.00	16036	16036
1508	0.000117	16048.00	16048	16048
1509	0.000117	16060.00	16060	16060
1510	0.000117	16072.00	16072	16072
1511	0.000117	16084.00	16084	16084
1512	0.000117	16096.00	16096	16096
1513	0.000118	16108.00	16108	16108
1514	0.000119	16120.00	16120	16120
1515	0.000117	16132.00	16132	16132
1516	0.000118	16144.00	16144	16144
1517	0.000117	16156.00	16156	16156
1518	0.000118	16168.00	16168	16168
1519	0.000117	16180.00	16180	16180
1520	0.000117	16192.00	16192	16192
1521	0.000118	16204.00	16204	16204
1522	0.000117	16216.00	16216	16216
1523	0.000119	16228.00	16228	16228
1524	0.000118	16240.00	16240	16240
1525	0.000118	16252.00	16252	16252
1526	0.000120	16264.00	16264	16264
1527	0.000120	16276.00	16276	16276
1528	0.000118	16288.00	16288	16288
1529	0.000118	16300.00	16300	16300
1530	0.000118	16312.00	16312	16312
1531	0.000118	16324.00	16324	16324
1532	0.000118	16336.00	16336	16336
1533	0.000118	16348.00	16348	16348
1534	0.000119	16360.00	16360	16360
1535	0.000119	16372.00	16372	16372
1536	0.000119	16384.00	16384	16384
1537	0.000119	16396.00	16396	16396
1538	0.000119	16408.00	16408	16408
1539	0.000119	16420.00	16420	16420
1540	0.000119	16432.00	16432	16432
1541	0.000120	16444.00	16444	16444
1542	0.000119	16456.00	16456	16456
1543	0.000120	16468.00	16468	16468
1544	0.000120	16480.00	16480	16480
1545	0.000120	16492.00	16492	16492
1546	0.000120	16504.00	16504	16504
1547	0.000121	16516.00	16516	16516
1548	0.000120	16528.00	16528	16528
1549	0.000120	16540.00	16540	16540
1550	0.000121	16552.00	16552	16552
1551	0.000120	16564.00	16564	16564
1552	0.000121	16576.00	16576	16576
1553	0.000121	16588.00	16588	16588
1554	0.000121	16600.00	16600	16600
1555	0.000121	16612.00	16612	16612
1556	0.000121	16624.00	16624	16624
1557	0.000121	16636.00	16636	16636
1558	0.000121	16648.00	16648	16648
1559	0.000122	16660.00	16660	16660
1560	0.000122	16672.00	16672	16672
1561	0.000122	16684.00	16684	16684
1562	0.000121	16696.00	16696	16696
1563	0.000122	16708.00	16708	16708
1564	0.000122	16720.00	16720	16720
1565	0.000122	16732.00	16732	16732
1566	0.000122	16744.00	16744	16744
1567	0.000122	16756.00	16756	16756
1568	0.000122	16768.00	16768	16768
1569	0.000124	16780.00	16780	16780
1570	0.000123	16792.00	16792	16792
1571	0.000122	16804.00	16804	16804
1572	0.000123	16816.00	16816	16816
1573	0.000122	16828.00	16828	16828
1574	0.000123	16840.00	16840	16840
1575	0.000123	16852.00	16852	16852
1576	0.000123	16864.00	16864	16864
1577	0.000123	16876.00	16876	16876
1578	0.000123	16888.00	16888	16888
1579	0.000124	16900.00	16900	16900
1580	0.000123	16912.00	16912	16912
1581	0.000124	16924.00	16924	16924
1582	0.000125	16936.00	16936	16936
1583	0.000124	16948.00	16948	16948
1584	0.000124	16960.00	16960	16960
1585	0.000124	16972.00	16972	16972
1586	0.000125	16984.00	16984	16984
1587	0.000124	16996.00	16996	16996
1588	0.000136	17008.00	17008	17008
1589	0.000124	17020.00	17020	17020
1590	0.000137	17032.00	17032	17032
1591	0.000124	17044.00	17044	17044
1592	0.000124	17056.00	17056	17056
1593	0.000124	17068.00	17068	17068
1594	0.000124	17080.00	17080	17080
1595	0.000124	17092.00	17092	17092
1596	0.000125	17104.00	17104	17104
1597	0.000125	17116.00	17116	17116
1598	0.000124	17128.00	17128	17128
1599	0.000125	17140.00	17140	17140
1600	0.000125	17152.00	17152	17152
1601	0.000126	17164.00	17164	17164
1602	0.000125	17176.00	17176	17176
1603	0.000126	17188.00	17188	17188
1604	0.000126	17200.00	17200	17200
1605	0.000126	17212.00	17212	17212
1606	0.000125	17224.00	17224	17224
1607	0.000126	17236.00	17236	17236
1608	0.000126	17248.00	17248	17248
1609	0.000126	17260.00	17260	17260
1610	0.000127	17272.00	17272	17272
1611	0.000126	17284.00	17284	17284
1612	0.000126	17296.00	17296	17296
1613	0.000127	17308.00	17308	17308
1614	0.000127	17320.00	17320	17320
1615	0.000126	17332.00	17332	17332
1616	0.000127	17344.00	17344	17344
1617	0.000127	17356.00	17356	17356
1618	0.000127	17368.00	17368	17368
1619	0.000127	17380.00	17380	17380
1620	0.000127	17392.00	17392	17392
1621	0.000127	17404.00	17404	17404
1622	0.000127	17416.00	17416	17416
1623	0.000127	17428.00	17428	17428
1624	0.000128	17440.00	17440	17440
1625	0.000127	17452.00	17452	17452
1626	0.000128	17464.00	17464	17464
1627	0.000128	17476.00	17476	17476
1628	0.000128	17488.00	17488	17488
1629	0.000128	17500.00	17500	17500
1630	0.000128	17512.00	17512	17512
1631	0.000128	17524.00	17524	17524
1632	0.000128	17536.00	17536	17536
1633	0.000128	17548.00	17548	17548
1634	0.000128	17560.00	17560	17560
1635	0.000128	17572.00	17572	17572
1636	0.000131	17584.00	17584	17584
1637	0.000129	17596.00	17596	17596
1638	0.000128	17608.00	17608	17608
1639	0.000128	17620.00	17620	17620
1640	0.000129	17632.00	17632	17632
1641	0.000129	17644.00	17644	17644
1642	0.000129	17656.00	17656	17656
1643	0.000129	17668.00	17668	17668
1644	0.000129	17680.00	17680	17680
1645	0.000129	17692.00	17692	17692
1646	0.000129	17704.00	17704	17704
1647	0.000129	17716.00	17716	17716
1648	0.000129	17728.00	17728	17728
1649	0.000129	17740.00	17740	17740
1650	0.000129	17752.00	17752	17752
1651	0.000129	17764.00	17764	17764
1652	0.000129	17776.00	17776	17776
1653	0.000130	17788.00	17788	17788
1654	0.000130	17800.00	17800	17800
1655	0.000130	17812.00	17812	17812
1656	0.000130	17824.00	17824	17824
1657	0.000130	17836.00	17836	17836
1658	0.000130	17848.00	17848	17848
1659	0.000130	17860.00	17860	17860
1660	0.000130	17872.00	17872	17872
1661	0.000130	17884.00	17884	17884
1662	0.000131	17896.00	17896	17896
1663	0.000130	17908.00	17908	17908
1664	0.000130	17920.00	17920	17920
1665	0.000131	17932.00	17932	17932
1666	0.000131	17944.00	17944	17944
1667	0.000131	17956.00	17956	17956
1668	0.000131	17968.00	17968	17968
1669	0.000131	17980.00	17980	17980
1670	0.000131	17992.00	17992	17992
1671	0.000131	18004.00	18004	18004
1672	0.000131	18016.00	18016	18016
1673	0.000131	18028.00	18028	18028
1674	0.000132	18040.00	18040	18040
1675	0.000131	18052.00	18052	18052
1676	0.000132	18064.00	18064	18064
1677	0.000132	18076.00	18076	18076
1678	0.000131	18088.00	18088	18088
1679	0.000132	18100.00	18100	18100
1680	0.000134	18112.00	18112	18112
1681	0.000132	18124.00	18124	18124
1682	0.000132	18136.00	18136	18136
1683	0.000133	18148.00	18148	18148
1684	0.000133	18160.00	18160	18160
1685	0.000133	18172.00	18172	18172
1686	0.000133	18184.00	18184	18184
1687	0.000133	18196.00	18196	18196
1688	0.000134	18208.00	18208	18208
1689	0.000134	18220.00	18220	18220
1690	0.000134	18232.00	18232	18232
1691	0.000133	18244.00	18244	18244
1692	0.000134	18256.00	18256	18256
1693	0.000134	18268.00	18268	18268
1694	0.000134	18280.00	18280	18280
1695	0.000134	18292.00	18292	18292
1696	0.000134	18304.00	18304	18304
1697	0.000135	18316.00	18316	18316
1698	0.000134	18328.00	18328	18328
1699	0.000134	18340.00	18340	18340
1700	0.000134	18352.00	18352	18352
1701	0.000135	18364.00	18364	18364
1702	0.000135	18376.00	18376	18376
1703	0.000135	18388.00	18388	18388
1704	0.000135	18400.00	18400	18400
1705	0.000135	18412.00	18412	18412
1706	0.000135	18424.00	18424	18424
1707	0.000135	18436.00	18436	18436
1708	0.000135	18448.00	18448	18448
1709	0.000135	18460.00	18460	18460
1710	0.000135	18472.00	18472	18472
1711	0.000135	18484.00	18484	18484
1712	0.000136	18496.00	18496	18496
1713	0.000137	18508.00	18508	18508
1714	0.000136	18520.00	18520	18520
1715	0.000136	18532.00	18532	18532
1716	0.000136	18544.00	18544	18544
1717	0.000135	18556.00	18556	18556
1718	0.000136	18568.00	18568	18568
1719	0.000136	18580.00	18580	18580
1720	0.000135	18592.00	18592	18592
1721	0.000135	18604.00	18604	18604
1722	0.000136	18616.00	18616	18616
1723	0.000135	18628.00	18628	18628
1724	0.000136	18640.00	18640	18640
1725	0.000136	18652.00	18652	18652
1726	0.000135	18664.00	18664	18664
1727	0.000136	18676.00	18676	18676
1728	0.000136	18688.00	18688	18688
1729	0.000136	18700.00	18700	18700
1730	0.000136	18712.00	18712	18712
1731	0.000136	18724.00	18724	18724
1732	0.000136	18736.00	18736	18736
1733	0.000136	18748.00	18748	18748
1734	0.000136	18760.00	18760	18760
1735	0.000136	18772.00	18772	18772
1736	0.000136	18784.00	18784	18784
1737	0.000137	18796.00	18796	18796
1738	0.000137	18808.00	18808	18808
1739	0.000137	18820.00	18820	18820
1740	0.000137	18832.00	18832	18832
1741	0.000137	18844.00	18844	18844
1742	0.000137	18856.00	18856	18856
1743	0.000137	18868.00	18868	18868
1744	0.000137	18880.00	18880	18880
1745	0.000137	18892.00	18892	18892
1746	0.000137	18904.00	18904	18904
1747	0.000138	18916.00	18916	18916
1748	0.000137	18928.00	18928	18928
1749	0.000137	18940.00	18940	18940
1750	0.000138	18952.00	18952	18952
1751	0.000138	18964.00	18964	18964
1752	0.000138	18976.00	18976	18976
1753	0.000138	18988.00	18988	18988
1754	0.000138	19000.00	19000	19000
1755	0.000138	19012.00	19012	19012
1756	0.000138	19024.00	19024	19024
1757	0.000138	19036.00	19036	19036
1758	0.000138	19048.00	19048	19048
1759	0.000139	19060.00	19060	19060
1760	0.000138	19072.00	19072	19072
1761	0.000139	19084.00	19084	19084
1762	0.000138	19096.00	19096	19096
1763	0.000139	19108.00	19108	19108
1764	0.000139	19120.00	19120	19120
1765	0.000138	19132.00	19132	19132
1766	0.000139	19144.00	19144	19144
1767	0.000139	19156.00	19156	19156
1768	0.000141	19168.00	19168	19168
1769	0.000139	19180.00	19180	19180
1770	0.000139	19192.00	19192	19192
1771	0.000139	19204.00	19204	19204
1772	0.000139	19216.00	19216	19216
1773	0.000139	19228.00	19228	19228
1774	0.000139	19240.00	19240	19240
1775	0.000139	19252.00	19252	19252
1776	0.000140	19264.00	19264	19264
1777	0.000139	19276.00	19276	19276
1778	0.000139	19288.00	19288	19288
1779	0.000140	19300.00	19300	19300
1780	0.000140	19312.00	19312	19312
1781	0.000141	19324.00	19324	19324
1782	0.000141	19336.00	19336	19336
1783	0.000140	19348.00	19348	19348
1784	0.000140	19360.00	19360	19360
1785	0.000140	19372.00	19372	19372
1786	0.000140	19384.00	19384	19384
1787	0.000140	19396.00	19396	19396
1788	0.000140	19408.00	19408	19408
1789	0.000140	19420.00	19420	19420
1790	0.000140	19432.00	19432	19432
1791	0.000141	19444.00	19444	19444
1792	0.000140	19456.00	19456	19456
1793	0.000140	19468.00	19468	19468
1794	0.000141	19480.00	19480	19480
1795	0.000141	19492.00	19492	19492
1796	0.000141	19504.00	19504	19504
1797	0.000141	19516.00	19516	19516
1798	0.000141	19528.00	19528	19528
1799	0.000141	19540.00	19540	19540
1800	0.000142	19552.00	19552	19552
1801	0.000141	19564.00	19564	19564
1802	0.000141	19576.00	19576	19576
1803	0.000142	19588.00	19588	19588
1804	0.000143	19600.00	19600	19600
1805	0.000159	19612.00	19612	19612
1806	0.000153	19624.00	19624	19624
1807	0.000143	19636.00	19636	19636
1808	0.000143	19648.00	19648	19648
1809	0.000143	19660.00	19660	19660
1810	0.000143	19672.00	19672	19672
1811	0.000142	19684.00	19684	19684
1812	0.000142	19696.00	19696	19696
1813	0.000142	19708.00	19708	19708
1814	0.000143	19720.00	19720	19720
1815	0.000143	19732.00	19732	19732
1816	0.000143	19744.00	19744	19744
1817	0.000143	19756.00	19756	19756
1818	0.000143	19768.00	19768	19768
1819	0.000143	19780.00	19780	19780
1820	0.000143	19792.00	19792	19792
1821	0.000143	19804.00	19804	19804
1822	0.000143	19816.00	19816	19816
1823	0.000143	19828.00	19828	19828
1824	0.000143	19840.00	19840	19840
1825	0.000144	19852.00	19852	19852
1826	0.000144	19864.00	19864	19864
1827	0.000144	19876.00	19876	19876
1828	0.000144	19888.00	19888	19888
1829	0.000145	19900.00	19900	19900
1830	0.000144	19912.00	19912	19912
1831	0.000144	19924.00	19924	19924
1832	0.000144	19936.00	19936	19936
1833	0.000144	19948.00	19948	19948
1834	0.000144	19960.00	19960	19960
1835	0.000145	19972.00	19972	19972
1836	0.000145	19984.00	19984	19984
1837	0.000144	19996.00	19996	19996
1838	0.000145	20008.00	20008	20008
1839	0.000145	20020.00	20020	20020
1840	0.000145	20032.00	20032	20032
1841	0.000145	20044.00	20044	20044
1842	0.000148	20056.00	20056	20056
1843	0.000150	20068.00	20068	20068
1844	0.000146	20080.00	20080	20080
1845	0.000146	20092.00	20092	20092
1846	0.000146	20104.00	20104	20104
1847	0.000146	20116.00	20116	20116
1848	0.000146	20128.00	20128	20128
1849	0.000146	20140.00	20140	20140
1850	0.000146	20152.00	20152	20152
1851	0.000146	20164.00	20164	20164
1852	0.000146	20176.00	20176	20176
1853	0.000146	20188.00	20188	20188
1854	0.000146	20200.00	20200	20200
1855	0.000147	20212.00	20212	20212
1856	0.000147	20224.00	20224	20224
1857	0.000146	20236.00	20236	20236
1858	0.000147	20248.00	20248	20248
1859	0.000147	20260.00	20260	20260
1860	0.000147	20272.00	20272	20272
1861	0.000147	20284.00	20284	20284
1862	0.000147	20296.00	20296	20296
1863	0.000147	20308.00	20308	20308
1864	0.000147	20320.00	20320	20320
1865	0.000147	20332.00	20332	20332
1866	0.000149	20344.00	20344	20344
1867	0.000148	20356.00	20356	20356
1868	0.000148	20368.00	20368	20368
1869	0.000148	20380.00	20380	20380
1870	0.000148	20392.00	20392	20392
1871	0.000148	20404.00	20404	20404
1872	0.000148	20416.00	20416	20416
1873	0.000149	20428.00	20428	20428
1874	0.000148	20440.00	20440	20440
1875	0.000149	20452.00	20452	20452
1876	0.000149	20464.00	20464	20464
1877	0.000149	20476.00	20476	20476
1878	0.000148	20488.00	20488	20488
1879	0.000149	20500.00	20500	20500
1880	0.000149	20512.00	20512	20512
1881	0.000149	20524.00	20524	20524
1882	0.000149	20536.00	20536	20536
1883	0.000149	20548.00	20548	20548
1884	0.000149	20560.00	20560	20560
1885	0.000149	20572.00	20572	20572
1886	0.000150	20584.00	20584	20584
1887	0.000150	20596.00	20596	20596
1888	0.000149	20608.00	20608	20608
1889	0.000150	20620.00	20620	20620
1890	0.000149	20632.00	20632	20632
1891	0.000152	20644.00	20644	20644
1892	0.000150	20656.00	20656	20656
1893	0.000150	20668.00	20668	20668
1894	0.000150	20680.00	20680	20680
1895	0.000150	20692.00	20692	20692
1896	0.000150	20704.00	20704	20704
1897	0.000151	20716.00	20716	20716
1898	0.000151	20728.00	20728	20728
1899	0.000150	20740.00	20740	20740
1900	0.000151	20752.00	20752	20752
1901	0.000151	20764.00	20764	20764
1902	0.000151	20776.00	20776	20776
1903	0.000151	20788.00	20788	20788
1904	0.000151	20800.00	20800	20800
1905	0.000151	20812.00	20812	20812
1906	0.000151	20824.00	20824	20824
1907	0.000152	20836.00	20836	20836
1908	0.000152	20848.00	20848	20848
1909	0.000151	20860.00	20860	20860
1910	0.000152	20872.00	20872	20872
1911	0.000152	20884.00	20884	20884
1912	0.000152	20896.00	20896	20896
1913	0.000152	20908.00	20908	20908
1914	0.000152	20920.00	20920	20920
1915	0.000152	20932.00	20932	20932
1916	0.000152	20944.00	20944	20944
1917	0.000152	20956.00	20956	20956
1918	0.000153	20968.00	20968	20968
1919	0.000152	20980.00	20980	20980
1920	0.000153	20992.00	20992	20992
1921	0.000152	21004.00	21004	21004
1922	0.000152	21016.00	21016	21016
1923	0.000153	21028.00	21028	21028
1924	0.000153	21040.00	21040	21040
1925	0.000153	21052.00	21052	21052
1926	0.000153	21064.00	21064	21064
1927	0.000154	21076.00	21076	21076
1928	0.000153	21088.00	21088	21088
1929	0.000154	21100.00	21100	21100
1930	0.000153	21112.00	21112	21112
1931	0.000153	21124.00	21124	21124
1932	0.000154	21136.00	21136	21136
1933	0.000154	21148.00	21148	21148
1934	0.000154	21160.00	21160	21160
1935	0.000154	21172.00	21172	21172
1936	0.000154	21184.00	21184	21184
1937	0.000154	21196.00	21196	21196
1938	0.000154	21208.00	21208	21208
1939	0.000154	21220.00	21220	21220
1940	0.000155	21232.00	21232	21232
1941	0.000155	21244.00	21244	21244
1942	0.000154	21256.00	21256	21256
1943	0.000155	21268.00	21268	21268
1944	0.000154	21280.00	21280	21280
1945	0.000154	21292.00	21292	21292
1946	0.000155	21304.00	21304	21304
1947	0.000155	21316.00	21316	21316
1948	0.000155	21328.00	21328	21328
1949	0.000159	21340.00	21340	21340
1950	0.000156	21352.00	21352	21352
1951	0.000156	21364.00	21364	21364
1952	0.000155	21376.00	21376	21376
1953	0.000157	21388.00	21388	21388
1954	0.000156	21400.00	21400	21400
1955	0.000155	21412.00	21412	21412
1956	0.000156	21424.00	21424	21424
1957	0.000155	21436.00	21436	21436
1958	0.000156	21448.00	21448	21448
1959	0.000156	21460.00	21460	21460
1960	0.000158	21472.00	21472	21472
1961	0.000156	21484.00	21484	21484
1962	0.000156	21496.00	21496	21496
1963	0.000156	21508.00	21508	21508
1964	0.000157	21520.00	21520	21520
1965	0.000156	21532.00	21532	21532
1966	0.000156	21544.00	21544	21544
1967	0.000156	21556.00	21556	21556
1968	0.000156	21568.00	21568	21568
1969	0.000157	21580.00	21580	21580
1970	0.000157	21592.00	21592	21592
1971	0.000157	21604.00	21604	21604
1972	0.000157	21616.00	21616	21616
1973	0.000157	21628.00	21628	21628
1974	0.000157	21640.00	21640	21640
1975	0.000158	21652.00	21652	21652
1976	0.000157	21664.00	21664	21664
1977	0.000157	21676.00	21676	21676
1978	0.000158	21688.00	21688	21688
1979	0.000157	21700.00	21700	21700
1980	0.000157	21712.00	21712	21712
1981	0.000158	21724.00	21724	21724
1982	0.000158	21736.00	21736	21736
1983	0.000158	21748.00	21748	21748
1984	0.000159	21760.00	21760	21760
1985	0.000158	21772.00	21772	21772
1986	0.000158	21784.00	21784	21784
1987	0.000158	21796.00	21796	21796
1988	0.000158	21808.00	21808	21808
1989	0.000158	21820.00	21820	21820
1990	0.000159	21832.00	21832	21832
1991	0.000159	21844.00	21844	21844
1992	0.000158	21856.00	21856	21856
1993	0.000158	21868.00	21868	21868
1994	0.000159	21880.00	21880	21880
1995	0.000159	21892.00	21892	21892
1996	0.000159	21904.00	21904	21904
1997	0.000159	21916.00	21916	21916
1998	0.000159	21928.00	21928	21928
1999	0.000160	21940.00	21940	21940
2000	0.000159	21952.00	21952	21952
