1	0.000000	0.00	0	0
2	0.000000	9.26	8	11
3	0.000000	18.14	12	26
4	0.000000	28.25	21	45
5	0.000000	39.63	26	68
6	0.000000	51.30	36	74
7	0.000000	63.03	46	111
8	0.000000	77.98	54	125
9	0.000000	90.87	62	140
10	0.000000	108.71	80	178
11	0.000000	120.49	87	211
12	0.000000	136.25	95	221
13	0.000001	149.04	114	244
14	0.000001	166.36	125	240
15	0.000001	184.68	144	272
16	0.000001	201.05	152	275
17	0.000001	219.46	167	339
18	0.000001	233.84	177	323
19	0.000001	252.05	186	364
20	0.000001	267.82	210	367
21	0.000001	293.39	218	508
22	0.000001	303.38	235	417
23	0.000001	323.91	262	449
24	0.000001	344.58	271	528
25	0.000001	360.75	270	479
26	0.000001	387.86	288	614
27	0.000001	388.92	302	515
28	0.000002	412.90	316	559
29	0.000001	444.00	344	590
30	0.000001	456.14	350	628
31	0.000001	473.71	368	692
32	0.000001	492.19	386	639
33	0.000002	526.28	393	738
34	0.000002	534.63	414	683
35	0.000002	556.78	438	785
36	0.000002	578.21	471	816
37	0.000002	598.21	485	840
38	0.000002	611.64	508	967
39	0.000002	650.58	512	1023
40	0.000002	656.34	530	892
41	0.000002	686.44	547	1007
42	0.000002	722.29	538	1050
43	0.000002	724.55	586	1071
44	0.000002	754.70	611	1109
45	0.000002	768.77	597	1074
46	0.000002	786.36	626	1082
47	0.000002	822.83	647	1174
48	0.000002	817.08	645	1116
49	0.000002	856.27	692	1116
50	0.000002	867.77	667	1173
51	0.000003	901.19	713	1136
52	0.000003	925.63	766	1328
53	0.000003	951.76	750	1403
54	0.000003	984.94	790	1555
55	0.000003	985.42	833	1418
56	0.000003	993.98	823	1449
57	0.000003	1044.21	867	1499
58	0.000003	1066.60	833	1456
59	0.000003	1097.44	894	1579
60	0.000003	1114.46	910	1513
61	0.000003	1122.95	919	1483
62	0.000003	1156.16	960	1510
63	0.000003	1177.17	948	1733
64	0.000003	1202.86	973	1594
65	0.000003	1212.41	983	1711
66	0.000004	1213.02	994	1667
67	0.000004	1260.72	1018	1606
68	0.000004	1295.25	1088	1792
69	0.000004	1318.75	1075	1773
70	0.000004	1331.90	1065	1859
71	0.000004	1378.57	1130	1737
72	0.000004	1374.47	1115	1787
73	0.000004	1412.90	1125	1939
74	0.000004	1451.56	1093	1968
75	0.000004	1488.92	1218	1969
76	0.000004	1484.66	1214	2025
77	0.000004	1507.10	1217	1947
78	0.000004	1568.98	1273	2149
79	0.000004	1545.07	1259	2164
80	0.000004	1580.82	1261	2113
81	0.000004	1598.47	1285	2018
82	0.000005	1625.22	1356	2578
83	0.000005	1678.06	1354	2211
84	0.000005	1652.73	1393	2495
85	0.000005	1704.04	1389	2335
86	0.000005	1712.34	1418	2221
87	0.000005	1748.75	1443	2451
88	0.000005	1771.06	1463	2183
89	0.000005	1820.68	1494	2489
90	0.000005	1812.64	1520	2352
91	0.000005	1896.70	1508	2565
92	0.000005	1889.75	1523	2628
93	0.000005	1896.77	1557	2514
94	0.000005	1932.36	1615	2507
95	0.000005	1976.87	1567	2534
96	0.000006	1972.28	1664	2825
97	0.000006	2029.86	1672	2825
98	0.000006	2037.07	1727	2852
99	0.000006	2112.13	1749	2816
100	0.000006	2103.80	1699	3091
101	0.000006	2115.16	1767	2854
102	0.000006	2137.13	1733	2703
103	0.000006	2165.30	1776	2844
104	0.000006	2201.87	1816	2729
105	0.000006	2201.65	1784	2673
106	0.000006	2239.65	1834	2975
107	0.000006	2241.13	1807	2869
108	0.000006	2244.62	1874	2758
109	0.000006	2328.23	1905	2955
110	0.000006	2394.16	1959	3715
111	0.000006	2357.72	2009	3122
112	0.000006	2369.44	2021	3057
113	0.000007	2464.68	2023	3191
114	0.000007	2439.73	2020	3527
115	0.000007	2442.61	1995	3358
116	0.000007	2467.81	2032	3236
117	0.000007	2515.41	2143	3259
118	0.000007	2554.95	2088	3510
119	0.000007	2592.36	2104	3636
120	0.000007	2598.01	2230	3365
121	0.000007	2607.42	2131	3182
122	0.000007	2697.58	2168	3755
123	0.000007	2694.12	2316	3306
124	0.000007	2693.33	2242	3410
125	0.000007	2714.17	2330	3290
126	0.000007	2749.56	2203	3362
127	0.000008	2790.66	2353	3709
128	0.000008	2833.66	2371	3926
129	0.000008	2823.35	2326	3492
130	0.000008	2874.05	2365	3585
131	0.000008	2927.15	2515	3602
132	0.000008	2871.64	2374	3829
133	0.000008	2995.98	2389	4248
134	0.000008	3046.85	2473	4177
135	0.000008	2996.32	2451	3787
136	0.000008	3014.94	2546	3835
137	0.000008	3038.06	2581	3834
138	0.000008	3117.30	2657	4048
139	0.000008	3070.19	2631	3851
140	0.000008	3144.37	2660	4437
141	0.000008	3151.30	2728	4255
142	0.000008	3211.17	2548	4298
143	0.000009	3205.83	2798	4398
144	0.000009	3266.78	2690	4129
145	0.000009	3274.49	2818	4507
146	0.000009	3309.22	2853	4177
147	0.000009	3336.02	2737	5118
148	0.000009	3392.55	2760	4500
149	0.000009	3394.29	2917	4933
150	0.000009	3385.53	2784	4418
151	0.000009	3458.77	2968	4459
152	0.000009	3447.50	2788	4589
153	0.000009	3432.97	2875	4338
154	0.000010	3520.46	2966	4705
155	0.000010	3495.71	2969	4362
156	0.000010	3674.00	3046	5318
157	0.000010	3597.52	2979	4636
158	0.000010	3596.32	3055	4684
159	0.000010	3727.46	3067	4957
160	0.000010	3760.84	3033	5491
161	0.000010	3757.40	3127	4933
162	0.000010	3752.28	3215	5239
163	0.000010	3742.46	3242	4974
164	0.000010	3778.91	3273	4886
165	0.000010	3791.61	3151	4685
166	0.000010	3909.30	3334	5114
167	0.000010	3906.16	3208	5284
168	0.000010	3926.67	3230	4860
169	0.000011	3975.85	3391	5005
170	0.000011	3973.08	3319	5030
171	0.000011	3976.13	3299	5303
172	0.000011	4008.49	3213	5072
173	0.000011	4065.06	3480	5395
174	0.000011	4072.71	3252	4817
175	0.000011	4145.40	3519	5509
176	0.000011	4159.65	3483	5151
177	0.000011	4184.72	3586	4966
178	0.000011	4221.26	3549	5572
179	0.000011	4200.22	3556	5532
180	0.000011	4221.08	3625	5505
181	0.000011	4272.61	3614	5472
182	0.000011	4322.80	3638	5087
183	0.000012	4352.39	3708	5157
184	0.000012	4460.24	3680	5514
185	0.000012	4453.62	3790	5780
186	0.000012	4496.58	3756	5568
187	0.000012	4456.09	3532	5768
188	0.000012	4480.99	3852	5484
189	0.000012	4500.03	3834	5773
190	0.000012	4516.66	3744	5564
191	0.000012	4607.18	3909	6249
192	0.000012	4597.55	3881	5750
193	0.000012	4650.77	3921	6048
194	0.000012	4674.63	3840	5518
195	0.000012	4650.66	3879	5552
196	0.000012	4710.88	4000	6417
197	0.000013	4742.42	4026	7374
198	0.000013	4759.19	4068	5793
199	0.000013	4789.37	3950	5975
200	0.000013	4850.21	4129	6238
201	0.000013	4898.94	4065	6106
202	0.000013	4875.01	4078	6121
203	0.000013	4902.97	4018	5958
204	0.000013	4942.69	4219	6258
205	0.000013	5042.87	4341	6641
206	0.000013	4948.10	4309	6052
207	0.000013	4986.20	4252	6096
208	0.000013	5069.58	4360	6615
209	0.000013	5032.88	4355	6613
210	0.000013	5123.23	4419	7027
211	0.000013	5052.35	4395	6384
212	0.000014	5243.19	4386	7100
213	0.000013	5176.01	4489	6297
214	0.000014	5251.12	4506	7147
215	0.000014	5275.06	4380	6381
216	0.000014	5296.35	4520	6561
217	0.000014	5254.13	4561	6598
218	0.000014	5402.08	4553	7156
219	0.000014	5462.54	4668	6722
220	0.000014	5342.39	4600	7432
221	0.000014	5456.36	4622	7188
222	0.000014	5474.15	4776	6886
223	0.000015	5569.89	4750	7666
224	0.000014	5594.14	4631	7190
225	0.000015	5602.28	4515	7305
226	0.000015	5627.22	4664	6956
227	0.000015	5655.13	4724	7100
228	0.000015	5603.25	4796	7324
229	0.000015	5662.38	4917	6857
230	0.000015	5741.31	4928	7116
231	0.000015	5778.74	4813	7260
232	0.000015	5668.52	4827	7154
233	0.000015	5816.53	5028	7600
234	0.000015	5825.15	4923	7098
235	0.000015	5881.94	4861	7683
236	0.000015	5829.95	5021	7044
237	0.000016	5907.28	5053	7084
238	0.000016	5889.00	5182	7543
239	0.000016	5996.63	5160	9609
240	0.000016	6049.52	4985	7340
241	0.000016	6093.82	5059	8107
242	0.000016	6159.91	5049	8141
243	0.000016	6109.02	5214	7357
244	0.000016	6099.07	5201	7417
245	0.000016	6181.63	5261	8155
246	0.000017	6168.27	5229	8564
247	0.000016	6221.39	5420	7953
248	0.000016	6253.34	5352	7981
249	0.000017	6262.46	5442	8232
250	0.000016	6358.35	5433	8863
251	0.000016	6404.44	5440	8144
252	0.000017	6427.69	5535	8774
253	0.000017	6496.70	5469	8578
254	0.000017	6467.21	5396	9083
255	0.000017	6443.97	5493	7969
256	0.000017	6545.56	5625	7834
257	0.000017	6656.63	5733	9503
258	0.000017	6607.83	5599	9446
259	0.000017	6632.47	5624	8115
260	0.000017	6613.88	5350	8065
261	0.000017	6503.05	5596	7672
262	0.000018	6673.58	5784	8828
263	0.000018	6735.79	5706	8346
264	0.000018	6765.70	5679	8862
265	0.000018	6704.74	5566	9116
266	0.000018	6822.29	5831	8490
267	0.000018	6782.65	5879	9772
268	0.000018	6792.41	5661	9316
269	0.000018	6863.16	5744	8787
270	0.000018	6913.35	6023	8239
271	0.000018	6867.36	6101	8359
272	0.000018	7075.10	5997	9026
273	0.000018	7027.38	6057	8762
274	0.000018	6982.81	5988	8506
275	0.000018	7046.56	6133	8780
276	0.000018	7035.35	6043	9796
277	0.000019	7071.74	6124	8553
278	0.000018	7097.61	6099	9463
279	0.000019	7149.64	6148	9199
280	0.000018	7259.14	6068	8450
281	0.000019	7362.61	6020	9297
282	0.000019	7381.22	6239	9564
283	0.000019	7380.46	6135	9814
284	0.000019	7336.80	6169	9119
285	0.000019	7389.20	6055	9283
286	0.000019	7388.58	6270	10088
287	0.000019	7526.38	6454	9885
288	0.000019	7573.82	6437	10677
289	0.000020	7459.35	6280	9170
290	0.000020	7558.18	6228	9848
291	0.000020	7658.74	6499	9408
292	0.000020	7656.68	6442	9226
293	0.000020	7759.33	6498	10106
294	0.000020	7654.33	6523	10344
295	0.000020	7718.14	6594	9306
296	0.000020	7712.88	6569	9466
297	0.000020	7783.37	6330	10301
298	0.000020	7796.97	6587	9946
299	0.000020	7809.28	6604	9958
300	0.000021	7919.09	6707	11420
301	0.000021	7978.33	6658	10476
302	0.000021	7883.29	6748	9950
303	0.000020	7989.49	6842	10768
304	0.000021	7933.20	6632	9385
305	0.000021	7994.43	7050	9417
306	0.000021	8078.46	6743	9694
307	0.000021	8090.81	6824	10142
308	0.000021	8107.31	7008	10221
309	0.000021	8165.30	7204	11204
310	0.000021	8075.33	6966	9920
311	0.000021	8277.77	7009	10183
312	0.000021	8397.00	6878	10429
313	0.000021	8231.12	6838	10020
314	0.000021	8243.87	6997	10863
315	0.000021	8244.85	7022	9969
316	0.000022	8339.01	6971	10339
317	0.000022	8437.19	7001	10608
318	0.000022	8383.15	7216	10723
319	0.000022	8292.96	7331	10289
320	0.000022	8492.54	7522	10552
321	0.000022	8578.67	7374	11167
322	0.000022	8481.28	7223	10439
323	0.000022	8552.93	7381	10831
324	0.000022	8634.22	7541	11020
325	0.000022	8679.04	7279	11114
326	0.000022	8849.97	7278	11452
327	0.000023	8651.54	7472	11948
328	0.000023	8614.01	7602	10686
329	0.000023	8881.13	7685	11181
330	0.000023	8798.05	7409	10832
331	0.000023	8710.80	7707	11367
332	0.000023	8723.79	7328	11414
333	0.000023	8881.93	7256	11101
334	0.000023	8780.16	7488	10423
335	0.000023	8835.49	7641	10777
336	0.000023	9102.17	7810	11166
337	0.000023	9039.60	7359	11514
338	0.000023	9049.04	7841	11604
339	0.000023	8975.88	7740	11968
340	0.000023	9057.51	7687	10922
341	0.000024	9030.19	7888	10809
342	0.000023	9132.13	7866	11778
343	0.000024	9208.76	7894	11163
344	0.000024	9151.74	7840	12343
345	0.000024	9175.15	7992	12327
346	0.000024	9247.40	7846	12014
347	0.000024	9321.59	8080	12420
348	0.000024	9391.43	8146	12165
349	0.000024	9437.89	8198	11587
350	0.000024	9377.40	7985	11847
351	0.000024	9480.05	8272	11608
352	0.000024	9529.89	8285	11630
353	0.000024	9489.88	8143	11506
354	0.000025	9739.58	7874	11962
355	0.000024	9559.97	7953	12074
356	0.000025	9586.71	7978	12445
357	0.000025	9670.64	8167	13370
358	0.000025	9516.28	8167	12405
359	0.000025	9633.85	8158	11896
360	0.000025	9664.11	8244	12507
361	0.000025	9739.17	8038	11611
362	0.000025	9899.95	8490	12224
363	0.000025	9794.30	8347	11767
364	0.000026	9994.29	8631	11890
365	0.000026	9907.10	8441	11984
366	0.000026	9956.70	8167	12417
367	0.000026	9906.12	8691	12444
368	0.000026	9868.99	8524	12952
369	0.000026	10064.11	8647	12502
370	0.000026	9949.68	8633	11743
371	0.000026	10187.81	8505	12966
372	0.000026	10143.02	8710	12499
373	0.000026	10336.59	8835	13253
374	0.000026	10238.81	8676	14058
375	0.000026	10210.07	8551	12308
376	0.000026	10153.88	8750	12028
377	0.000026	10191.76	8692	12338
378	0.000026	10376.16	8699	13675
379	0.000026	10325.87	9010	12104
380	0.000027	10459.09	9005	13914
381	0.000027	10479.02	8780	13712
382	0.000027	10489.48	8954	12847
383	0.000027	10436.59	9132	12529
384	0.000027	10495.37	9014	12347
385	0.000027	10517.83	9176	12598
386	0.000027	10537.39	9075	12663
387	0.000027	10677.29	9254	14079
388	0.000028	10710.86	9341	13652
389	0.000027	10558.64	8730	13438
390	0.000028	10673.18	9092	15082
391	0.000027	10640.54	9254	13978
392	0.000028	10680.09	9182	12609
393	0.000028	10692.53	9398	13691
394	0.000027	10841.04	9071	13223
395	0.000028	10787.78	9354	13890
396	0.000028	10877.12	9553	13971
397	0.000028	10952.53	9427	15745
398	0.000028	10986.34	9527	13203
399	0.000028	11150.66	8984	15098
400	0.000029	11105.87	9574	14586
401	0.000029	10979.75	9688	13374
402	0.000029	11046.13	9601	13207
403	0.000029	11209.82	9672	14167
404	0.000029	11050.22	9662	13453
405	0.000029	11149.61	9840	13426
406	0.000029	11183.30	9484	14020
407	0.000029	11196.57	9779	14099
408	0.000029	11209.20	9756	13895
409	0.000029	11278.10	9767	14908
410	0.000029	11440.13	9666	15059
411	0.000029	11265.73	9450	13489
412	0.000029	11315.63	9794	14383
413	0.000029	11509.89	9778	15349
414	0.000029	11460.01	9922	14568
415	0.000030	11578.40	9697	15811
416	0.000030	11456.85	9910	13954
417	0.000030	11524.32	9990	14118
418	0.000030	11755.15	10049	14862
419	0.000029	11763.51	10140	15259
420	0.000030	11554.64	10082	14254
421	0.000030	11605.15	9995	13636
422	0.000030	11800.97	9749	17451
423	0.000030	11630.65	10165	13660
424	0.000030	11804.36	10397	14499
425	0.000030	11792.42	10235	14514
426	0.000031	12219.91	10369	15884
427	0.000031	12136.50	10163	14550
428	0.000031	11995.29	10319	16037
429	0.000031	11843.61	10392	14891
430	0.000031	12114.48	10147	16465
431	0.000030	11908.63	10421	14471
432	0.000031	12131.69	10368	15661
433	0.000031	12148.58	10294	15553
434	0.000031	12145.57	10326	18243
435	0.000031	12151.72	10520	15835
436	0.000031	12104.75	10161	15682
437	0.000031	12252.76	10817	15769
438	0.000031	12288.90	10654	14980
439	0.000032	12370.70	10760	16368
440	0.000032	12454.28	10541	14922
441	0.000032	12367.13	10587	14890
442	0.000032	12284.56	10543	14449
443	0.000032	12522.09	10977	15546
444	0.000032	12372.41	10653	14593
445	0.000032	12495.05	10574	15070
446	0.000032	12597.51	10673	16366
447	0.000032	12621.59	11086	14649
448	0.000032	12607.23	10800	14939
449	0.000032	12468.96	11023	17174
450	0.000033	12790.35	11178	15461
451	0.000032	12687.16	11277	16270
452	0.000032	12640.24	11158	15601
453	0.000033	12609.52	11128	14741
454	0.000034	12790.05	11146	17607
455	0.000033	12827.48	11026	15263
456	0.000033	13052.48	11136	16437
457	0.000033	12853.83	11076	16308
458	0.000033	12917.74	10882	16121
459	0.000033	12926.47	11125	16009
460	0.000033	13173.36	11180	17195
461	0.000033	12797.19	10974	16569
462	0.000033	13131.99	11259	16146
463	0.000033	12965.30	11564	16185
464	0.000033	13122.44	11381	17569
465	0.000033	13209.51	11408	16015
466	0.000034	13180.97	11481	15611
467	0.000034	13054.16	11433	16926
468	0.000034	13393.66	11545	16367
469	0.000034	13128.16	11499	15673
470	0.000034	13406.31	11193	20197
471	0.000034	13393.93	11403	17685
472	0.000034	13636.34	11634	16153
473	0.000033	13323.28	11586	17410
474	0.000030	13501.60	11748	16919
475	0.000028	13330.26	11923	15626
476	0.000027	13561.77	11851	17776
477	0.000025	13613.20	11751	16078
478	0.000024	13680.78	11716	16360
479	0.000023	13609.77	11988	16050
480	0.000022	13696.09	11828	16628
481	0.000022	13773.84	11796	17014
482	0.000023	13968.07	11833	18468
483	0.000023	13822.89	11710	16431
484	0.000023	13899.98	11976	17392
485	0.000023	13890.10	11634	17497
486	0.000023	13829.72	11560	17468
487	0.000023	13974.97	12229	16907
488	0.000024	14084.40	12131	17432
489	0.000024	13907.61	11925	16666
490	0.000024	13919.13	12218	16673
491	0.000024	14029.32	12370	19533
492	0.000024	13945.90	12227	16546
493	0.000024	14070.31	12370	17433
494	0.000024	14269.25	12525	19614
495	0.000024	14031.52	12365	17312
496	0.000024	14107.67	11960	17244
497	0.000024	14291.36	12430	18496
498	0.000024	14338.49	12398	18465
499	0.000024	14266.71	12296	18692
500	0.000024	14564.56	11948	17380
501	0.000024	14471.10	12407	17603
502	0.000024	14301.81	12724	16963
503	0.000024	14378.35	12893	17533
504	0.000024	14311.72	12414	17695
505	0.000024	14381.73	12607	16827
506	0.000024	14581.27	12613	17932
507	0.000025	14704.66	12507	18043
508	0.000024	14363.01	12796	17224
509	0.000025	14707.36	12392	18195
510	0.000025	14716.76	12801	18459
511	0.000025	14622.71	12544	17705
512	0.000025	14584.61	12539	17948
513	0.000025	14905.46	12986	18407
514	0.000025	14830.12	13232	17904
515	0.000024	14540.92	12944	17560
516	0.000025	14820.62	12906	17752
517	0.000025	14850.76	12853	17360
518	0.000025	14963.41	13251	19332
519	0.000025	14913.19	12810	18222
520	0.000025	15090.25	12995	20043
521	0.000025	15037.38	12895	17613
522	0.000025	15333.29	13201	20061
523	0.000025	15055.38	13174	18069
524	0.000025	15098.03	13064	18530
525	0.000025	15417.17	13381	19014
526	0.000025	15212.57	12595	20116
527	0.000025	15346.22	13614	18600
528	0.000025	15309.84	13098	17789
529	0.000026	15395.87	13321	19083
530	0.000025	15369.21	13441	18663
531	0.000025	15499.43	13378	18624
532	0.000025	15511.14	13440	20800
533	0.000026	15487.28	13152	18977
534	0.000026	15506.28	13026	21390
535	0.000026	15442.70	13490	18769
536	0.000026	15530.99	13744	20001
537	0.000026	15743.24	13062	20872
538	0.000026	15757.89	13594	20022
539	0.000026	15755.43	13326	19917
540	0.000026	15707.21	13589	20242
541	0.000026	15786.21	14042	19236
542	0.000026	15723.88	13714	18156
543	0.000026	15823.41	13591	19233
544	0.000026	15668.45	13029	18476
545	0.000026	15929.95	14128	20148
546	0.000026	16101.02	13926	20221
547	0.000026	15951.22	13734	18899
548	0.000027	16064.08	13984	20359
549	0.000026	16087.92	13999	19649
550	0.000026	16121.08	14036	21581
551	0.000027	16145.37	14003	20390
552	0.000027	16216.50	13800	20940
553	0.000027	15951.93	13570	20138
554	0.000027	16134.33	14138	19984
555	0.000027	16374.22	14371	20310
556	0.000027	16363.42	14131	19730
557	0.000027	16304.54	14014	21176
558	0.000027	16200.33	13951	20920
559	0.000027	16200.52	14269	19367
560	0.000027	16475.76	14299	22160
561	0.000027	16251.75	14156	18389
562	0.000027	16618.54	14199	20695
563	0.000027	16533.51	14334	20728
564	0.000027	16583.48	14573	19648
565	0.000027	16446.54	14262	21073
566	0.000028	16724.20	14581	22713
567	0.000028	16736.63	14325	21927
568	0.000028	16802.65	14645	20759
569	0.000027	16545.33	14251	21097
570	0.000028	16873.41	14395	19987
571	0.000028	16918.04	14913	21147
572	0.000028	16928.22	14379	20517
573	0.000028	16918.39	14334	22090
574	0.000028	17152.22	14525	20440
575	0.000028	17028.70	14384	21157
576	0.000028	16779.09	14677	20232
577	0.000028	17021.16	15079	20648
578	0.000028	17161.59	14838	21465
579	0.000028	17400.72	15106	22133
580	0.000028	17088.65	14798	20918
581	0.000028	17340.96	14914	22513
582	0.000028	17119.42	15167	20603
583	0.000028	17228.72	14864	19979
584	0.000029	17139.22	14800	21646
585	0.000028	16944.92	14960	21187
586	0.000028	17393.00	15064	21345
587	0.000029	17341.30	14769	21383
588	0.000029	17555.46	15448	21716
589	0.000029	17554.19	14957	21963
590	0.000029	17262.62	15118	21862
591	0.000029	17350.19	14875	22407
592	0.000029	17418.44	15325	21231
593	0.000029	17538.27	15446	22436
594	0.000029	17278.95	14908	22205
595	0.000029	17458.55	15121	20926
596	0.000029	17532.14	15215	20916
597	0.000029	17668.03	15323	22219
598	0.000029	17696.25	15526	21304
599	0.000029	17712.11	15573	20554
600	0.000029	17725.17	15808	22953
601	0.000030	17854.28	15296	24162
602	0.000029	17860.14	15743	21549
603	0.000029	17682.43	15169	21596
604	0.000029	17827.36	15921	22803
605	0.000030	18138.91	15559	23679
606	0.000030	17767.16	15194	22049
607	0.000030	18091.18	15859	22570
608	0.000030	17972.85	15922	21842
609	0.000030	18056.80	15471	21307
610	0.000030	17978.30	15502	22192
611	0.000030	18106.87	15510	22281
612	0.000030	18140.12	15655	22384
613	0.000030	18190.20	16075	22400
614	0.000030	18299.45	15757	22372
615	0.000030	18117.40	15851	22294
616	0.000030	18115.52	15563	21056
617	0.000031	18476.54	15585	24185
618	0.000030	18466.53	15592	21570
619	0.000030	18322.01	15974	21676
620	0.000031	18650.12	15887	23058
621	0.000031	18456.44	15988	22163
622	0.000031	18616.01	16066	22127
623	0.000031	18600.78	15981	22907
624	0.000031	18563.24	16395	23142
625	0.000031	18447.10	16849	22211
626	0.000031	18490.20	15835	23229
627	0.000031	18579.98	16271	23465
628	0.000031	18970.17	16404	22615
629	0.000031	18689.38	16755	23295
630	0.000031	18928.92	16833	21893
631	0.000031	18701.05	16426	24157
632	0.000031	18846.63	16400	23123
633	0.000031	18875.43	16362	23793
634	0.000031	18968.47	16061	24095
635	0.000031	18883.63	16448	23397
636	0.000031	19149.05	17100	24510
637	0.000031	19008.72	16556	23693
638	0.000031	18989.59	16367	23935
639	0.000031	19453.34	16620	25022
640	0.000031	19250.93	16813	24386
641	0.000032	19177.33	16628	22415
642	0.000032	19307.87	16966	24817
643	0.000032	19180.85	16704	25360
644	0.000032	19358.81	16474	23226
645	0.000032	19302.56	17150	24233
646	0.000032	18973.07	16580	23087
647	0.000032	19204.80	16202	22503
648	0.000032	19582.28	16855	24938
649	0.000032	19284.81	17023	24295
650	0.000032	19348.51	17125	29062
651	0.000032	19572.95	17006	22401
652	0.000032	19318.92	16864	23542
653	0.000032	19591.16	16856	23879
654	0.000033	19682.07	16972	24540
655	0.000032	19519.19	16941	23651
656	0.000032	19759.59	17009	23638
657	0.000032	19327.03	16627	23903
658	0.000032	19670.32	17161	23518
659	0.000033	19697.90	16700	23904
660	0.000033	19854.54	16908	25474
661	0.000032	19954.47	17577	24942
662	0.000033	19987.47	16836	23139
663	0.000033	19903.60	16994	24637
664	0.000033	19721.25	17591	27028
665	0.000033	20240.68	17632	24882
666	0.000033	20064.77	17732	24904
667	0.000033	20078.29	17652	23158
668	0.000033	20071.47	17320	24446
669	0.000034	20309.16	17230	28468
670	0.000033	20268.07	17254	27039
671	0.000033	20628.39	17586	26419
672	0.000033	20020.10	17411	24096
673	0.000033	19999.67	17661	23974
674	0.000034	20547.53	17632	25213
675	0.000034	20565.84	17849	23750
676	0.000033	20430.88	17444	24786
677	0.000034	20644.56	17848	25544
678	0.000034	20317.74	17544	24536
679	0.000034	20648.26	18022	26296
680	0.000034	20451.49	17691	27392
681	0.000034	20132.08	17963	23420
682	0.000034	20666.39	18410	26335
683	0.000034	20607.05	17661	25624
684	0.000034	20878.38	18187	26480
685	0.000034	20459.55	18151	26799
686	0.000034	20815.02	18571	25497
687	0.000034	20807.27	18014	24891
688	0.000034	20729.78	18631	25792
689	0.000034	20957.61	18047	24055
690	0.000034	20778.31	18409	24076
691	0.000034	20854.19	17680	24468
692	0.000034	21287.32	18269	26303
693	0.000035	21034.53	17977	26306
694	0.000035	21296.67	18149	27079
695	0.000035	20826.73	18181	23949
696	0.000035	21013.26	17812	28265
697	0.000035	21074.88	18225	24947
698	0.000035	21257.26	18521	24861
699	0.000035	21161.36	18620	28245
700	0.000035	21426.67	18705	29806
701	0.000035	21498.04	19098	27780
702	0.000035	21255.29	18633	26628
703	0.000035	21158.03	18677	25688
704	0.000035	21596.97	18859	25733
705	0.000035	21416.14	19018	26941
706	0.000035	21457.98	18701	27613
707	0.000036	21698.65	18807	27172
708	0.000036	21888.07	19059	26928
709	0.000035	21457.82	18439	26488
710	0.000036	21600.75	18887	28124
711	0.000035	21621.87	18856	26334
712	0.000036	21544.22	18741	26203
713	0.000036	21426.20	19209	25489
714	0.000036	21620.20	19058	27873
715	0.000036	21678.75	19169	26214
716	0.000036	21941.14	19044	28274
717	0.000036	21926.26	18962	27117
718	0.000036	21964.32	19087	26530
719	0.000036	21678.47	19233	25919
720	0.000036	21743.25	19346	25887
721	0.000036	21987.08	19019	26835
722	0.000036	21966.03	19365	26073
723	0.000036	21876.92	19150	26969
724	0.000036	22017.83	18839	27720
725	0.000036	22090.83	19121	27295
726	0.000036	22062.91	19369	27240
727	0.000036	22133.76	18794	27896
728	0.000037	22103.92	19417	25982
729	0.000036	22064.43	19274	26705
730	0.000037	22236.63	19341	26429
731	0.000037	22437.49	19754	28923
732	0.000037	22749.00	19240	31437
733	0.000037	22172.87	19498	27417
734	0.000037	22257.86	19192	27058
735	0.000037	22401.08	19855	29263
736	0.000037	22490.38	19993	27101
737	0.000037	22329.05	19492	26095
738	0.000037	22451.92	19566	27559
739	0.000037	22690.99	19558	27601
740	0.000037	22377.87	20199	27248
741	0.000037	22936.48	19404	29390
742	0.000037	22714.21	19632	26897
743	0.000038	22660.10	19897	26902
744	0.000037	22784.36	19649	27790
745	0.000037	22890.49	20330	30468
746	0.000037	22877.80	19946	29522
747	0.000037	23017.03	20259	28902
748	0.000037	23093.94	20096	27647
749	0.000038	22964.95	20257	28866
750	0.000037	23075.82	20023	29505
751	0.000038	23112.69	20212	32586
752	0.000038	23008.09	19964	28233
753	0.000038	23245.81	20479	28188
754	0.000038	23259.37	20085	33644
755	0.000038	23294.27	20652	27469
756	0.000038	23086.62	20665	27294
757	0.000038	23195.33	19200	28381
758	0.000038	23502.99	20925	28123
759	0.000038	23589.85	20383	30060
760	0.000038	23531.17	20162	30640
761	0.000038	23587.10	20205	31500
762	0.000038	23358.46	20666	28606
763	0.000038	23123.85	20300	29563
764	0.000038	23694.85	20456	28537
765	0.000039	23548.81	20193	27504
766	0.000039	23861.24	20473	28588
767	0.000039	23797.22	20670	30080
768	0.000039	23878.67	20386	31364
769	0.000039	23509.66	20424	31397
770	0.000039	23830.94	20505	29545
771	0.000039	23842.46	20797	29070
772	0.000039	23554.54	20769	26848
773	0.000039	23566.95	21059	28532
774	0.000039	23710.77	20933	29669
775	0.000039	23956.39	21107	29609
776	0.000039	23857.32	20757	30009
777	0.000039	24167.28	21307	28914
778	0.000039	23936.92	20979	28953
779	0.000039	23819.27	21336	28276
780	0.000039	24265.18	20978	29377
781	0.000040	24437.45	21232	31615
782	0.000040	23944.18	20458	31189
783	0.000039	24333.08	21475	29364
784	0.000040	24239.70	21230	31467
785	0.000040	24508.44	20792	30072
786	0.000040	24446.27	21725	30112
787	0.000040	24442.68	21332	29170
788	0.000040	24321.13	20705	29380
789	0.000040	24360.77	21196	29798
790	0.000040	24458.93	21597	30694
791	0.000040	24586.31	21617	29633
792	0.000040	24524.38	21151	29228
793	0.000040	24543.82	21728	28701
794	0.000041	24711.02	21555	29516
795	0.000040	24637.02	21926	30484
796	0.000040	24920.24	21239	31541
797	0.000041	24880.73	21395	29983
798	0.000041	24795.79	21204	29292
799	0.000041	24729.53	21828	30655
800	0.000041	24727.53	21553	29358
801	0.000040	24638.07	21442	30606
802	0.000041	24878.64	21934	31239
803	0.000041	25170.86	22132	34004
804	0.000041	25307.48	21680	33535
805	0.000041	25012.32	22145	32483
806	0.000041	24817.21	21259	27975
807	0.000041	24900.77	22232	29934
808	0.000041	24883.05	21763	32332
809	0.000041	25401.71	22652	34142
810	0.000053	25169.87	21986	32893
811	0.000041	25267.99	22132	32027
812	0.000042	25391.71	22162	29670
813	0.000042	25239.71	22158	30758
814	0.000042	25358.84	21963	31029
815	0.000041	25547.43	22497	30071
816	0.000041	25153.61	22350	31532
817	0.000042	25286.10	21459	30928
818	0.000042	25535.27	22248	31882
819	0.000042	25383.61	22176	30204
820	0.000042	25841.60	22694	34492
821	0.000042	25639.81	22344	31195
822	0.000042	25583.13	22760	29791
823	0.000042	25891.53	22613	32234
824	0.000042	25741.09	22931	30515
825	0.000042	25666.77	21568	31995
826	0.000042	25714.65	22854	29533
827	0.000042	25857.83	23101	29713
828	0.000042	25725.98	22505	33585
829	0.000042	25678.66	23025	32533
830	0.000042	26065.68	22162	34416
831	0.000043	25966.55	22736	34814
832	0.000042	25823.14	22929	30624
833	0.000043	26067.53	22557	36462
834	0.000042	25922.09	21891	32532
835	0.000043	26164.96	22796	34865
836	0.000043	26153.31	23376	35433
837	0.000043	25853.91	23393	30227
838	0.000043	26170.72	23371	30608
839	0.000043	26361.62	23127	31069
840	0.000043	26283.24	22752	32036
841	0.000043	26556.79	23126	32798
842	0.000043	26388.80	22385	32778
843	0.000043	26301.80	23460	31826
844	0.000043	26476.72	22588	32410
845	0.000043	26277.25	23043	34230
846	0.000043	26208.77	22751	31965
847	0.000043	26788.18	22689	35637
848	0.000043	26818.68	22870	33719
849	0.000043	26478.28	23632	33032
850	0.000043	26384.88	23265	32073
851	0.000043	26453.61	22788	31637
852	0.000044	26578.69	23671	33294
853	0.000043	26794.72	22596	34101
854	0.000044	26715.91	22588	32348
855	0.000044	27050.42	23119	35096
856	0.000044	26775.94	23355	32225
857	0.000044	26894.06	23565	32857
858	0.000044	26788.61	23205	31601
859	0.000044	27250.65	23932	33230
860	0.000044	26572.07	23819	31304
861	0.000044	27123.57	23572	36037
862	0.000044	26878.88	23860	31657
863	0.000044	27011.96	23703	32205
864	0.000044	27100.25	23923	35025
865	0.000044	27127.54	23913	31942
866	0.000044	27124.16	24021	34232
867	0.000045	27309.34	24030	35872
868	0.000044	27057.82	23695	32194
869	0.000044	27047.87	23981	34899
870	0.000044	27279.32	24508	33041
871	0.000045	27540.89	24032	33751
872	0.000045	27513.67	23730	34298
873	0.000045	27417.84	23648	33459
874	0.000045	27504.79	23915	38517
875	0.000045	27756.96	24179	34335
876	0.000045	27679.36	24380	34740
877	0.000045	27871.81	23461	33571
878	0.000045	27637.86	24230	33676
879	0.000045	27623.47	24321	36549
880	0.000045	27669.58	24004	34745
881	0.000045	27849.42	23238	34654
882	0.000046	28046.18	24470	35108
883	0.000045	27955.37	24124	32581
884	0.000045	27428.80	24541	32728
885	0.000045	27618.79	23985	32203
886	0.000045	27912.12	24860	33321
887	0.000046	28086.52	24899	34795
888	0.000046	28135.55	24455	31936
889	0.000046	27858.47	24444	32815
890	0.000046	27482.63	23654	31867
891	0.000046	28041.18	24210	39204
892	0.000046	28018.80	24120	33762
893	0.000046	28301.06	24891	33871
894	0.000046	28136.98	24505	33075
895	0.000046	28155.18	24283	33940
896	0.000046	28257.14	24654	35524
897	0.000046	27931.90	24705	31422
898	0.000046	28561.31	24147	38006
899	0.000046	28228.59	25120	34613
900	0.000046	28142.64	24769	33164
901	0.000046	28653.25	25889	33893
902	0.000046	28448.21	25041	33049
903	0.000047	28716.13	25545	34442
904	0.000046	28448.89	24872	34080
905	0.000046	28847.56	25047	34825
906	0.000047	28891.87	24803	35136
907	0.000047	28835.43	25527	34767
908	0.000047	28713.74	25253	36734
909	0.000047	28628.70	25529	33787
910	0.000047	29151.82	26235	35906
911	0.000047	29095.57	25410	35671
912	0.000047	28927.99	24879	36006
913	0.000047	29169.81	25135	34764
914	0.000047	28875.48	25424	38139
915	0.000047	28839.05	25252	35222
916	0.000047	29323.60	26323	36165
917	0.000047	28932.34	25449	35389
918	0.000048	29277.41	24926	35843
919	0.000047	29343.45	25819	36801
920	0.000048	29312.20	25544	36657
921	0.000048	28813.18	25581	33258
922	0.000047	29214.48	25526	35691
923	0.000047	28913.01	26173	33879
924	0.000048	29330.36	26095	35202
925	0.000048	29599.07	25508	35084
926	0.000048	28952.91	25193	36380
927	0.000048	29625.29	25451	36084
928	0.000048	29552.28	25630	36882
929	0.000048	29520.40	25594	34606
930	0.000048	29582.34	26027	35106
931	0.000048	29615.56	26218	36028
932	0.000048	29766.71	25552	34772
933	0.000048	29599.26	25845	34776
934	0.000048	29543.16	26113	37586
935	0.000049	29768.21	26226	41973
936	0.000048	29775.61	26664	36077
937	0.000048	29898.39	25782	34538
938	0.000049	29865.88	26317	35830
939	0.000048	30024.28	26451	35281
940	0.000049	30051.43	26485	37456
941	0.000049	29954.02	26245	37737
942	0.000049	30109.53	25928	39232
943	0.000049	30202.06	26728	37857
944	0.000049	30314.37	26841	35827
945	0.000050	30072.54	26589	36343
946	0.000049	30227.25	26438	34977
947	0.000049	30245.99	26614	36379
948	0.000050	29879.28	26433	36772
949	0.000049	29936.82	26431	36923
950	0.000049	30027.40	26787	34768
951	0.000049	30185.38	26558	38070
952	0.000049	30525.02	26181	39949
953	0.000049	30529.71	26812	37788
954	0.000049	30586.53	26542	38775
955	0.000050	30212.13	26851	36668
956	0.000050	30442.62	26900	37143
957	0.000049	30464.37	27332	36851
958	0.000050	30662.21	26862	37264
959	0.000050	30742.34	27247	39130
960	0.000050	30642.90	26598	37100
961	0.000050	30798.82	27677	38535
962	0.000050	30353.53	27499	36429
963	0.000050	30849.96	27156	37836
964	0.000050	30892.96	27466	35977
965	0.000051	30847.97	27254	36675
966	0.000050	30587.10	27514	36535
967	0.000051	30945.59	26922	39827
968	0.000051	30870.61	27100	35692
969	0.000050	31285.02	27353	36040
970	0.000051	30965.29	27129	37534
971	0.000051	31055.92	27048	36922
972	0.000051	30833.97	26881	37158
973	0.000051	31343.48	27772	36431
974	0.000051	30778.88	27164	38992
975	0.000051	31058.74	27307	41989
976	0.000052	31480.89	27146	41756
977	0.000052	31240.00	27612	39568
978	0.000051	31358.00	27653	37843
979	0.000051	31326.48	27381	36481
980	0.000051	31210.34	27744	36120
981	0.000051	31470.59	27252	39609
982	0.000051	31497.29	27629	40737
983	0.000051	31712.44	27381	38519
984	0.000051	31152.27	27616	35371
985	0.000051	31561.73	27477	38327
986	0.000051	31655.94	26881	39167
987	0.000052	31977.61	27886	41103
988	0.000052	31925.97	28170	42009
989	0.000052	31447.15	28013	35635
990	0.000052	32306.98	27112	41749
991	0.000052	31559.70	27611	38158
992	0.000052	31531.30	28310	36580
993	0.000052	31812.87	28165	38919
994	0.000052	32124.06	27534	39176
995	0.000052	32088.44	28331	41872
996	0.000052	31845.59	27359	41164
997	0.000052	32397.23	27672	41524
998	0.000052	32219.95	28258	38850
999	0.000052	31900.39	27406	37686
1000	0.000052	32238.67	27449	40645
1001	0.000052	32065.52	27847	42187
1002	0.000052	32247.81	28705	38260
1003	0.000052	32053.47	27974	39084
1004	0.000052	32294.10	28450	40034
1005	0.000052	32550.73	28482	40733
1006	0.000053	32501.27	28533	38557
1007	0.000052	32351.82	28592	39902
1008	0.000053	32688.18	28133	38676
1009	0.000053	32737.48	29576	40470
1010	0.000053	32496.27	28888	38744
1011	0.000053	32720.00	28282	44356
1012	0.000053	32791.90	28290	40342
1013	0.000053	32643.64	28689	38844
1014	0.000053	32838.43	29104	41755
1015	0.000053	33202.41	29270	44274
1016	0.000053	33069.92	28866	39484
1017	0.000053	32916.47	28378	38921
1018	0.000053	32635.54	28450	42041
1019	0.000053	32398.13	27782	38083
1020	0.000053	32800.38	29116	47468
1021	0.000053	32989.86	28719	39913
1022	0.000053	32940.16	28856	40138
1023	0.000053	32930.65	29565	40615
1024	0.000054	33177.40	29160	38867
1025	0.000054	33235.27	29122	39455
1026	0.000054	33261.39	28423	39567
1027	0.000053	32911.35	29240	40123
1028	0.000054	32920.36	29144	38432
1029	0.000054	33215.33	29473	43320
1030	0.000054	33625.19	29239	42059
1031	0.000054	33045.60	29302	41970
1032	0.000054	33200.11	29222	38397
1033	0.000054	33624.08	29300	39806
1034	0.000055	33271.19	29379	40764
1035	0.000055	33304.78	28967	38992
1036	0.000054	33803.35	30104	43599
1037	0.000054	33586.31	29146	43691
1038	0.000054	33850.20	29298	42005
1039	0.000054	33907.78	29442	43142
1040	0.000055	33168.65	29151	38340
1041	0.000055	33417.06	28630	41377
1042	0.000055	33639.15	28362	43605
1043	0.000055	33822.88	29276	43896
1044	0.000054	33778.83	29966	41037
1045	0.000054	33709.68	29445	42528
1046	0.000055	34036.44	29420	41626
1047	0.000055	33688.87	30216	39399
1048	0.000055	33644.49	29885	43151
1049	0.000055	34570.74	30323	42655
1050	0.000055	34074.36	29396	40136
1051	0.000055	33717.24	29648	42262
1052	0.000055	34144.18	29136	40867
1053	0.000055	33884.12	29441	39156
1054	0.000055	33979.76	28645	39910
1055	0.000056	34343.44	29825	44543
1056	0.000056	34343.64	30065	44733
1057	0.000055	34290.04	30872	42549
1058	0.000056	34533.54	30424	42999
1059	0.000056	34097.24	30561	40293
1060	0.000056	34446.93	30768	42881
1061	0.000056	35255.75	29388	45037
1062	0.000056	34426.16	30750	41968
1063	0.000056	34165.38	30683	39422
1064	0.000056	34299.01	30843	42927
1065	0.000056	34360.83	30189	44491
1066	0.000056	34295.88	30374	43139
1067	0.000056	34592.78	30026	42241
1068	0.000056	34534.39	31475	40869
1069	0.000056	34363.40	29756	39381
1070	0.000056	34808.40	30876	43865
1071	0.000056	34766.01	30771	41443
1072	0.000056	35147.86	30395	41890
1073	0.000057	35020.52	31424	43410
1074	0.000056	35172.27	30514	41344
1075	0.000056	34865.20	30483	40771
1076	0.000057	34857.75	30837	41657
1077	0.000057	35084.64	30518	44224
1078	0.000057	35101.01	30621	42754
1079	0.000057	35176.22	30768	42468
1080	0.000057	35313.89	31254	43505
1081	0.000057	35400.40	30351	47892
1082	0.000057	35263.71	31632	43649
1083	0.000057	35136.48	30803	42228
1084	0.000057	35056.60	31020	40332
1085	0.000057	35603.11	30938	43859
1086	0.000057	35221.56	31626	42165
1087	0.000057	35149.37	31656	40985
1088	0.000057	35536.79	31470	42183
1089	0.000057	35512.00	31261	43208
1090	0.000058	35925.68	30851	42906
1091	0.000058	35408.94	31810	43445
1092	0.000058	35753.40	31781	44406
1093	0.000058	35373.45	31562	39684
1094	0.000058	35289.08	31251	46723
1095	0.000058	35575.79	31062	43627
1096	0.000058	35597.01	30465	43043
1097	0.000058	35605.32	31693	43371
1098	0.000058	35909.87	31226	43805
1099	0.000058	35579.92	31580	41772
1100	0.000058	35415.44	31749	43517
1101	0.000070	36329.84	31925	46659
1102	0.000059	36035.42	31355	45716
1103	0.000059	36185.36	31729	41740
1104	0.000059	36064.99	32048	42040
1105	0.000058	36325.90	31930	44724
1106	0.000058	36170.06	32247	42801
1107	0.000059	36010.38	31930	43577
1108	0.000059	36166.37	31632	44809
1109	0.000059	36245.77	31397	45530
1110	0.000059	36124.43	31597	42401
1111	0.000059	36275.77	31750	41268
1112	0.000059	36233.90	32257	42137
1113	0.000059	36409.76	32818	44663
1114	0.000059	36629.45	31707	46703
1115	0.000060	36399.12	31860	43810
1116	0.000060	36438.81	32319	45635
1117	0.000060	36689.84	32534	43989
1118	0.000060	36506.43	32618	44892
1119	0.000060	36323.70	32587	42872
1120	0.000060	36826.48	32973	44828
1121	0.000060	36560.09	32856	43744
1122	0.000059	36264.92	33078	41897
1123	0.000059	36874.13	32833	43490
1124	0.000060	36923.90	32363	44673
1125	0.000059	36953.80	33242	42405
1126	0.000060	36951.29	31712	43916
1127	0.000060	36340.47	32111	43738
1128	0.000060	36415.56	32671	44075
1129	0.000060	37165.43	32827	46091
1130	0.000060	37083.27	32501	48217
1131	0.000059	36424.73	31604	42219
1132	0.000060	36704.40	31602	49564
1133	0.000060	36905.46	32937	44741
1134	0.000060	36613.03	32742	43832
1135	0.000060	36766.14	31595	45191
1136	0.000060	36832.17	31789	44524
1137	0.000060	37334.50	32792	46709
1138	0.000061	37270.88	32893	43065
1139	0.000060	37403.17	32349	48279
1140	0.000061	36825.10	32506	43682
1141	0.000060	36960.58	32035	43393
1142	0.000060	37398.91	32182	46334
1143	0.000061	37568.42	32879	47587
1144	0.000060	37587.42	32935	46306
1145	0.000061	37874.74	33827	49982
1146	0.000061	37478.91	33215	46509
1147	0.000061	37340.60	32544	44568
1148	0.000061	37890.33	33806	44340
1149	0.000061	37789.11	32894	46450
1150	0.000061	37790.48	33233	48244
1151	0.000061	37800.18	33143	45560
1152	0.000061	37971.34	32926	46847
1153	0.000061	37951.94	33789	47298
1154	0.000061	37874.39	33126	44170
1155	0.000061	37623.32	33222	44365
1156	0.000062	37792.36	33552	44644
1157	0.000062	38099.69	34344	45666
1158	0.000062	38032.81	33003	46675
1159	0.000062	38205.38	34244	47389
1160	0.000062	38288.88	33817	48944
1161	0.000061	38065.29	33778	45662
1162	0.000062	38295.55	33658	51211
1163	0.000062	38693.18	34149	45846
1164	0.000062	37887.90	33993	45974
1165	0.000062	38323.02	34493	47935
1166	0.000062	38448.69	34060	47496
1167	0.000062	38615.02	33425	43918
1168	0.000062	38163.43	32908	46217
1169	0.000062	38623.39	33540	49260
1170	0.000062	38380.92	33810	45695
1171	0.000062	38269.35	34086	46053
1172	0.000062	38413.99	34487	44748
1173	0.000063	38809.42	34039	51617
1174	0.000062	38812.46	34696	46232
1175	0.000063	38370.12	33637	48169
1176	0.000063	38851.39	34075	45915
1177	0.000063	39145.33	34555	53744
1178	0.000063	38724.76	33493	45667
1179	0.000063	38305.09	33867	46799
1180	0.000063	38504.87	33673	49865
1181	0.000063	38511.58	34387	46378
1182	0.000063	39135.44	34347	49619
1183	0.000063	39001.97	34460	48116
1184	0.000063	39076.52	34098	46815
1185	0.000063	39347.97	34636	48941
1186	0.000063	39198.71	34947	47454
1187	0.000063	39054.58	34315	46524
1188	0.000064	39038.17	33839	48172
1189	0.000063	39052.24	33937	46771
1190	0.000063	39640.57	34406	49356
1191	0.000064	39211.87	35202	46567
1192	0.000064	39969.60	35161	49194
1193	0.000064	39681.80	35022	47733
1194	0.000064	39770.31	34945	47549
1195	0.000063	39023.77	34704	45695
1196	0.000064	39776.17	34127	45825
1197	0.000064	39711.46	35076	45254
1198	0.000064	39644.39	34669	48089
1199	0.000064	39292.49	34107	47168
1200	0.000064	39696.44	34850	48214
1201	0.000064	39334.75	34397	45314
1202	0.000064	39640.67	35966	45520
1203	0.000064	39790.09	34870	49877
1204	0.000064	39497.50	35422	44767
1205	0.000064	39871.81	35696	45266
1206	0.000065	39769.06	35266	51472
1207	0.000064	39825.01	34769	48520
1208	0.000066	39917.01	34445	50462
1209	0.000065	40215.84	35110	47144
1210	0.000065	39989.40	35399	47762
1211	0.000065	40014.91	34929	47562
1212	0.000065	40124.14	35660	47452
1213	0.000065	40001.11	35358	52287
1214	0.000065	40123.05	35254	47658
1215	0.000065	40372.86	35639	48155
1216	0.000065	40328.33	36603	49266
1217	0.000065	40232.33	36009	49342
1218	0.000065	39984.64	35752	47055
1219	0.000065	40529.21	35637	48870
1220	0.000065	40334.41	35060	47172
1221	0.000065	40278.52	35626	50163
1222	0.000065	40306.29	34750	49208
1223	0.000065	40947.20	36293	50276
1224	0.000066	40744.06	35646	53260
1225	0.000065	40917.78	35368	52328
1226	0.000066	41120.06	36488	49199
1227	0.000065	40806.71	36234	50587
1228	0.000065	40502.48	36020	51938
1229	0.000066	40798.30	35550	50954
1230	0.000066	40463.19	36672	51707
1231	0.000066	41329.59	36557	48711
1232	0.000066	40951.17	35003	52614
1233	0.000066	40952.46	36151	50103
1234	0.000066	40987.29	36212	51720
1235	0.000066	41298.71	36189	50719
1236	0.000067	41465.18	36721	50749
1237	0.000066	40754.20	36418	52236
1238	0.000066	40869.54	36571	52657
1239	0.000067	41491.85	36844	51251
1240	0.000066	41126.19	35790	47072
1241	0.000066	40852.67	36323	59160
1242	0.000067	40854.96	36256	47513
1243	0.000066	40973.30	36406	52612
1244	0.000067	41864.59	36344	51108
1245	0.000067	42073.14	37064	49166
1246	0.000067	41575.47	37292	53532
1247	0.000067	41699.40	36351	52983
1248	0.000067	41454.21	35810	49950
1249	0.000067	41382.44	35192	47879
1250	0.000067	41323.67	35009	48229
1251	0.000067	41446.95	36520	54516
1252	0.000068	41242.29	36280	48649
1253	0.000068	41945.78	37752	49621
1254	0.000068	42048.83	37125	48278
1255	0.000068	42081.62	37278	50576
1256	0.000068	41395.57	36894	46715
1257	0.000067	41760.23	37663	52104
1258	0.000067	41442.43	36887	50862
1259	0.000068	42099.94	36765	53512
1260	0.000068	41824.95	37315	49216
1261	0.000068	42024.52	36510	51867
1262	0.000068	42290.82	37460	51137
1263	0.000068	42230.59	36853	49711
1264	0.000068	41509.95	37042	51221
1265	0.000068	41870.29	37419	51145
1266	0.000068	42189.36	37027	50206
1267	0.000069	42179.30	37869	49941
1268	0.000069	41824.86	38371	47945
1269	0.000069	42404.39	37627	50761
1270	0.000069	42315.60	37294	50042
1271	0.000068	42906.97	37795	54042
1272	0.000069	42736.25	37862	54475
1273	0.000069	42545.12	37465	51596
1274	0.000069	42530.67	37269	56754
1275	0.000068	42460.67	38084	50489
1276	0.000069	42543.91	37519	51420
1277	0.000068	42319.64	37718	49246
1278	0.000069	42855.78	36806	50004
1279	0.000069	42729.67	37645	53016
1280	0.000070	42944.93	38522	50939
1281	0.000070	43005.86	37991	54484
1282	0.000069	42486.16	37566	53713
1283	0.000069	42737.49	36771	51877
1284	0.000069	42225.21	37328	48740
1285	0.000069	42567.38	37385	53544
1286	0.000069	42821.52	37020	48976
1287	0.000069	42779.00	38327	50589
1288	0.000069	42774.99	37563	51243
1289	0.000069	43093.27	38190	54586
1290	0.000070	43574.96	37341	54283
1291	0.000070	43389.28	39160	50769
1292	0.000070	43115.52	38082	52726
1293	0.000070	43113.04	38925	50987
1294	0.000069	43025.60	38264	50531
1295	0.000070	43420.92	38358	50589
1296	0.000070	43833.15	38854	53896
1297	0.000070	43154.50	38251	54807
1298	0.000070	43354.85	38855	52530
1299	0.000070	43602.10	38262	50445
1300	0.000070	43602.79	38450	51623
1301	0.000070	43534.88	38691	51496
1302	0.000070	43581.93	38436	53584
1303	0.000070	43642.40	38682	51353
1304	0.000070	43483.44	38689	53179
1305	0.000071	44152.82	38767	58067
1306	0.000070	43666.27	39217	52482
1307	0.000071	43824.38	39169	52635
1308	0.000070	43767.44	38640	58007
1309	0.000070	43513.73	38321	51051
1310	0.000071	44362.59	38698	53654
1311	0.000071	43976.96	38716	56250
1312	0.000071	44335.59	38612	52440
1313	0.000071	44176.37	38737	59177
1314	0.000071	44584.02	38335	54978
1315	0.000071	43553.87	37910	51824
1316	0.000071	43922.94	39170	56013
1317	0.000071	43479.08	39725	49709
1318	0.000071	44417.13	39888	56083
1319	0.000071	43222.86	38746	49202
1320	0.000071	44584.48	39265	57511
1321	0.000071	44086.90	37256	55716
1322	0.000071	44225.61	38990	54099
1323	0.000072	44560.05	38945	59093
1324	0.000072	44576.58	39289	53949
1325	0.000071	44503.29	40334	53626
1326	0.000072	45107.36	40137	52321
1327	0.000072	44720.04	39941	57029
1328	0.000072	44096.90	39181	57293
1329	0.000072	44273.96	39191	55229
1330	0.000072	44930.16	38288	55736
1331	0.000072	44352.13	38605	55840
1332	0.000072	44868.77	39320	52227
1333	0.000072	45260.11	39417	55898
1334	0.000072	44437.57	37860	52994
1335	0.000072	45034.82	39311	55653
1336	0.000072	44947.83	39612	57041
1337	0.000072	45016.76	40389	53353
1338	0.000072	44557.06	39562	53651
1339	0.000073	45656.63	39454	55021
1340	0.000072	45193.06	38625	57358
1341	0.000073	45891.20	40395	56825
1342	0.000073	44834.74	39279	51971
1343	0.000073	45005.52	39787	55429
1344	0.000073	44784.25	39635	56173
1345	0.000073	44857.98	39651	53459
1346	0.000073	45249.60	39939	51713
1347	0.000073	45535.32	40222	52480
1348	0.000073	45108.79	40936	55317
1349	0.000074	45387.82	39891	53221
1350	0.000074	44968.06	40028	54332
1351	0.000074	45279.92	39968	54407
1352	0.000073	45275.68	40570	53011
1353	0.000074	45403.23	40389	51898
1354	0.000073	45134.36	39751	52451
1355	0.000073	46043.52	40213	57905
1356	0.000073	45747.89	40824	55091
1357	0.000073	45625.60	39511	53378
1358	0.000074	46034.17	40396	55560
1359	0.000074	45977.80	39366	53717
1360	0.000074	45730.77	40377	54349
1361	0.000073	45660.94	40214	54102
1362	0.000074	45724.26	41692	52485
1363	0.000074	45811.69	40195	53992
1364	0.000074	46196.42	40840	56734
1365	0.000074	45792.40	40921	54022
1366	0.000074	45781.84	40761	53574
1367	0.000074	46245.66	41170	53233
1368	0.000074	46140.46	39654	59306
1369	0.000075	46353.86	41443	53481
1370	0.000074	46352.83	40847	55944
1371	0.000075	45684.12	41587	54988
1372	0.000074	46415.96	40447	57133
1373	0.000074	45793.16	41206	56485
1374	0.000075	45999.37	41579	61328
1375	0.000075	46984.28	40549	54636
1376	0.000075	46082.58	40630	58276
1377	0.000075	46262.12	42055	54881
1378	0.000075	47056.24	41632	54806
1379	0.000074	46005.97	41239	55566
1380	0.000075	46342.45	40096	53614
1381	0.000075	46705.41	41065	60455
1382	0.000075	46850.22	40418	55809
1383	0.000075	46633.41	40309	57070
1384	0.000075	46567.89	41165	54305
1385	0.000076	47045.98	42265	58887
1386	0.000075	46446.46	40804	54431
1387	0.000076	46655.44	40869	56382
1388	0.000076	47087.25	41092	58825
1389	0.000076	46754.63	41584	59297
1390	0.000075	46835.85	41910	57340
1391	0.000076	46922.96	41619	60701
1392	0.000075	46617.11	40892	54856
1393	0.000076	47351.55	41691	62447
1394	0.000076	46878.97	41338	55641
1395	0.000076	47859.06	41119	59364
1396	0.000076	47334.64	42186	54731
1397	0.000076	46832.84	41363	56795
1398	0.000076	47342.63	41624	56823
1399	0.000076	46854.41	41433	57455
1400	0.000076	47210.95	41610	55221
1401	0.000076	47612.99	42320	54859
1402	0.000076	47574.06	41680	56544
1403	0.000076	47224.65	42097	54118
1404	0.000076	47766.07	41571	55554
1405	0.000077	47947.31	41040	59185
1406	0.000077	47571.98	42356	57321
1407	0.000077	47498.51	42358	60116
1408	0.000076	47540.75	40922	59478
1409	0.000077	47819.61	42587	58539
1410	0.000077	47982.67	42047	59078
1411	0.000077	47514.13	42638	55499
1412	0.000077	47812.33	42421	58135
1413	0.000077	47503.44	42531	57724
1414	0.000077	47851.41	42724	56759
1415	0.000078	47573.51	42420	57740
1416	0.000078	48351.08	41685	56854
1417	0.000078	47486.07	41875	62017
1418	0.000077	48042.73	42441	55375
1419	0.000078	47912.75	42401	57967
1420	0.000077	47499.19	42365	59262
1421	0.000077	48054.90	42284	54894
1422	0.000078	48366.59	41996	61159
1423	0.000077	48337.20	42628	57536
1424	0.000077	47807.19	42381	69496
1425	0.000077	47851.25	42292	54936
1426	0.000078	48582.76	41384	60358
1427	0.000078	48214.18	42541	58159
1428	0.000078	48533.07	43004	56700
1429	0.000078	48478.42	41636	59633
1430	0.000078	48268.58	43501	56139
1431	0.000078	48944.86	43588	66752
1432	0.000078	48716.95	43117	57920
1433	0.000078	48676.99	43124	63706
1434	0.000079	48786.43	43433	57145
1435	0.000078	48478.09	43151	60922
1436	0.000078	48502.62	42539	58559
1437	0.000078	48420.57	43480	57587
1438	0.000078	48913.13	44017	61345
1439	0.000078	48449.97	43036	58082
1440	0.000078	48925.75	43104	59080
1441	0.000079	49553.76	42216	62391
1442	0.000078	48768.32	43086	56910
1443	0.000079	48993.32	43114	56318
1444	0.000079	48536.77	43313	53754
1445	0.000079	48725.09	43764	59699
1446	0.000079	48752.98	43728	57868
1447	0.000079	49199.98	43311	61368
1448	0.000079	48627.20	42677	57529
1449	0.000079	49214.43	44131	58228
1450	0.000079	49460.16	43902	62410
1451	0.000079	48998.79	43598	59239
1452	0.000079	49546.26	43251	60869
1453	0.000079	49018.33	43065	62302
1454	0.000080	49602.00	44043	59531
1455	0.000080	49497.03	43767	58031
1456	0.000079	49345.33	43554	57358
1457	0.000080	49791.73	44824	64684
1458	0.000080	49851.02	43566	59776
1459	0.000080	49364.60	43917	61396
1460	0.000080	49795.25	43894	65823
1461	0.000079	49462.96	44592	57447
1462	0.000079	49359.74	43799	59538
1463	0.000080	49714.05	44595	60538
1464	0.000080	50097.00	44926	64995
1465	0.000080	49974.52	44816	58314
1466	0.000080	49793.38	44236	56815
1467	0.000080	49670.40	43894	58615
1468	0.000080	49770.63	44263	62776
1469	0.000081	49594.24	44628	56410
1470	0.000082	50808.09	43423	61905
1471	0.000080	50087.55	44602	63245
1472	0.000081	50087.38	43496	63941
1473	0.000080	50616.98	45345	66630
1474	0.000081	50254.68	43815	65013
1475	0.000082	50001.16	44729	61041
1476	0.000082	50650.70	44575	61385
1477	0.000081	50732.90	44458	62352
1478	0.000082	50616.90	43506	63457
1479	0.000082	50525.45	44025	60273
1480	0.000081	50356.46	45229	59542
1481	0.000081	50612.53	44702	60805
1482	0.000081	50549.42	44981	59958
1483	0.000081	50534.92	44955	59670
1484	0.000081	50390.06	44681	60395
1485	0.000081	50844.20	44442	61587
1486	0.000082	50756.13	42401	60426
1487	0.000081	50970.62	45320	66416
1488	0.000082	51311.55	44479	67148
1489	0.000082	50894.16	44887	63108
1490	0.000082	50979.37	44670	60399
1491	0.000081	50584.14	44922	61622
1492	0.000082	51012.33	44074	61313
1493	0.000082	50781.27	45199	63450
1494	0.000082	51014.88	45015	61692
1495	0.000081	50502.57	45176	61532
1496	0.000082	51172.49	44311	62758
1497	0.000082	51273.13	45059	60874
1498	0.000082	51076.39	45245	60134
1499	0.000082	51077.93	45238	63538
1500	0.000083	51021.57	44944	58660
1501	0.000082	51293.89	46150	64877
1502	0.000083	51227.08	45063	60924
1503	0.000082	51319.23	45577	63491
1504	0.000082	51144.01	45714	60617
1505	0.000082	51145.08	45321	59455
1506	0.000083	51802.03	44666	60916
1507	0.000083	52155.33	47037	63572
1508	0.000083	51411.35	43979	64858
1509	0.000083	51867.12	44754	62739
1510	0.000083	51734.97	45511	67134
1511	0.000083	51315.98	45286	60826
1512	0.000083	51035.81	45140	63011
1513	0.000083	51291.72	44733	61695
1514	0.000083	52058.10	45999	61029
1515	0.000083	51587.15	45706	64747
1516	0.000083	51895.39	45521	60507
1517	0.000083	51433.93	45731	62341
1518	0.000083	51737.35	45725	65377
1519	0.000083	51764.30	45535	61591
1520	0.000084	51884.39	46443	60363
1521	0.000084	52220.77	46813	61625
1522	0.000084	52644.03	46224	61130
1523	0.000084	52384.31	46038	62056
1524	0.000084	52385.29	46628	67265
1525	0.000083	51880.48	46953	61839
1526	0.000084	52284.51	46832	66973
1527	0.000084	51944.41	46047	59624
1528	0.000084	52658.73	45666	68227
1529	0.000084	51810.77	45416	62584
1530	0.000084	52261.31	46600	60684
1531	0.000084	52114.73	45924	61708
1532	0.000084	52286.22	47071	61890
1533	0.000084	51933.73	45960	65276
1534	0.000085	51764.72	46921	60841
1535	0.000084	51934.72	46112	61091
1536	0.000085	52847.36	45589	63095
1537	0.000085	52583.18	46593	62044
1538	0.000085	52416.72	47556	65370
1539	0.000085	52980.13	45678	62260
1540	0.000085	52954.39	47931	64132
1541	0.000085	52857.08	47498	65232
1542	0.000086	52758.22	47082	61669
1543	0.000085	52761.52	47184	65521
1544	0.000085	53459.99	47231	64044
1545	0.000085	53300.99	46637	64745
1546	0.000085	53363.03	46213	71192
1547	0.000085	52989.28	47362	66385
1548	0.000085	53350.04	45956	65030
1549	0.000085	53543.33	47727	63350
1550	0.000085	53176.36	46690	64350
1551	0.000085	53290.84	46802	63552
1552	0.000086	53185.63	48109	65715
1553	0.000086	52491.80	47930	62054
1554	0.000086	53464.20	47782	68458
1555	0.000086	53276.83	47914	63512
1556	0.000085	53444.78	45981	64891
1557	0.000086	53500.60	47852	63801
1558	0.000086	53768.38	46455	63269
1559	0.000086	53694.77	47751	65975
1560	0.000086	52979.19	47503	63611
1561	0.000086	53542.63	48515	65550
1562	0.000086	53759.00	46288	61516
1563	0.000086	53525.07	46428	63923
1564	0.000086	53815.97	46575	61743
1565	0.000086	53296.17	47197	60509
1566	0.000086	53792.76	47513	64851
1567	0.000087	54070.80	47764	66423
1568	0.000086	53887.95	48230	69991
1569	0.000087	54422.28	47124	69078
1570	0.000086	53447.30	46946	68250
1571	0.000087	54310.59	47443	66317
1572	0.000087	53938.21	47744	67996
1573	0.000087	54147.59	47962	65247
1574	0.000087	54027.78	47760	61673
1575	0.000086	53624.98	46332	63754
1576	0.000087	53890.07	47840	63692
1577	0.000087	54578.12	48589	66349
1578	0.000087	55026.19	47237	70744
1579	0.000087	54395.99	48152	71384
1580	0.000087	54548.51	48326	62818
1581	0.000088	54300.53	47922	64105
1582	0.000087	54645.66	48400	69412
1583	0.000087	54968.38	48010	65610
1584	0.000088	54546.58	48682	67290
1585	0.000088	54343.41	47818	73343
1586	0.000088	54524.09	48427	66994
1587	0.000087	54672.20	48111	65874
1588	0.000088	54822.60	48580	62922
1589	0.000088	54653.98	48738	63880
1590	0.000088	55175.58	47854	65571
1591	0.000088	55498.63	49080	67747
1592	0.000088	55734.04	49518	66551
1593	0.000088	55012.31	48480	72107
1594	0.000088	54619.58	47860	63117
1595	0.000089	54807.01	48947	66419
1596	0.000091	55073.05	47381	69215
1597	0.000088	54119.43	48383	63083
1598	0.000088	55095.85	47965	69447
1599	0.000088	55294.70	50089	63972
1600	0.000089	55485.56	50077	66035
1601	0.000089	55387.32	48707	66522
1602	0.000089	55097.21	49999	66998
1603	0.000088	55279.58	48623	67388
1604	0.000088	55236.98	47635	68475
1605	0.000089	54989.43	48346	74442
1606	0.000088	54965.83	48393	64673
1607	0.000089	55437.87	49546	67138
1608	0.000090	55500.35	49430	63789
1609	0.000089	55679.60	50127	66011
1610	0.000089	55020.86	48621	65047
1611	0.000089	54710.47	47279	65034
1612	0.000089	55154.91	49654	63796
1613	0.000089	55544.06	49038	65639
1614	0.000089	55219.19	49771	64796
1615	0.000089	55189.36	49357	65887
1616	0.000089	55514.92	50185	69726
1617	0.000089	55559.53	49326	67821
1618	0.000089	55471.83	50156	64721
1619	0.000090	55779.59	48797	69736
1620	0.000090	55981.88	49402	67097
1621	0.000090	56389.07	50234	72740
1622	0.000090	56622.93	48205	70613
1623	0.000090	56324.72	49817	67705
1624	0.000089	55496.31	49366	65002
1625	0.000090	56351.39	49752	66424
1626	0.000090	56226.81	50195	70612
1627	0.000090	56361.69	50229	75183
1628	0.000090	56197.02	49783	69378
1629	0.000090	56194.03	51556	64090
1630	0.000090	56412.27	51050	66543
1631	0.000090	56420.70	50150	66073
1632	0.000090	56226.37	50538	66659
1633	0.000091	57237.64	51247	74100
1634	0.000091	56694.25	50540	67524
1635	0.000091	56106.89	51022	67857
1636	0.000091	56424.25	50682	66032
1637	0.000090	55902.14	50269	64854
1638	0.000091	56665.74	51913	65148
1639	0.000091	56763.82	49706	71736
1640	0.000091	56564.40	49894	67253
1641	0.000092	56235.44	49775	63035
1642	0.000092	57074.71	51072	67622
1643	0.000091	56513.66	48944	65068
1644	0.000091	57097.20	50998	69231
1645	0.000091	57213.61	51101	66326
1646	0.000091	56584.76	51457	70122
1647	0.000091	57620.68	50416	69024
1648	0.000091	57001.21	51753	69956
1649	0.000092	56736.86	51220	67995
1650	0.000093	57899.20	50103	77500
1651	0.000093	57061.01	51401	69248
1652	0.000092	56943.05	51872	67841
1653	0.000091	57577.52	51382	72742
1654	0.000092	57758.41	51116	69775
1655	0.000092	57013.08	51712	64740
1656	0.000092	56819.56	50876	69788
1657	0.000092	57136.89	51760	70081
1658	0.000092	57311.64	50189	67642
1659	0.000092	57054.16	52319	68368
1660	0.000092	57322.68	51587	66734
1661	0.000092	56869.66	51456	64719
1662	0.000092	57370.50	50284	68439
1663	0.000092	57282.18	51537	65062
1664	0.000093	58039.38	51017	67877
1665	0.000093	58297.57	52597	72186
1666	0.000093	57938.52	51228	76006
1667	0.000093	58165.60	50776	68830
1668	0.000092	57578.39	51265	72623
1669	0.000093	57923.68	51810	68500
1670	0.000092	57234.42	50963	67549
1671	0.000093	58716.10	49863	72269
1672	0.000093	58100.10	51762	69332
1673	0.000093	57710.70	51567	65319
1674	0.000093	57295.45	51481	66009
1675	0.000093	58271.50	51507	69029
1676	0.000093	58241.28	51172	70730
1677	0.000093	57786.85	51724	69002
1678	0.000093	57800.60	52501	70841
1679	0.000093	58203.41	52676	71347
1680	0.000094	58543.79	52280	75077
1681	0.000093	57833.75	50348	70157
1682	0.000093	58378.22	52288	71356
1683	0.000094	58551.66	51394	71687
1684	0.000093	58596.74	52636	72175
1685	0.000094	59240.88	51248	72932
1686	0.000093	58246.27	51830	72009
1687	0.000093	58226.74	52125	70613
1688	0.000094	58289.15	52898	66372
1689	0.000094	58408.82	52958	67365
1690	0.000094	58808.52	52989	69277
1691	0.000094	58060.93	51843	67671
1692	0.000094	58331.68	52351	68142
1693	0.000094	58812.80	51933	68879
1694	0.000094	58474.35	53343	69957
1695	0.000095	59338.66	51364	80787
1696	0.000094	59074.32	51514	69305
1697	0.000094	58100.48	52831	65663
1698	0.000095	58926.50	50912	73551
1699	0.000096	59465.84	52409	74273
1700	0.000097	59806.58	51773	70795
1701	0.000096	59217.07	51476	73812
1702	0.000096	59579.28	52624	70293
1703	0.000097	60394.34	52500	76409
1704	0.000096	58714.49	50950	71920
1705	0.000095	59775.90	53372	70966
1706	0.000095	58906.12	51401	69033
1707	0.000095	58892.92	53079	69587
1708	0.000095	59616.27	51665	69718
1709	0.000095	59669.74	52861	69455
1710	0.000095	59840.36	53088	72267
1711	0.000095	59521.29	52658	70656
1712	0.000095	59693.96	52901	76930
1713	0.000096	60687.23	53705	74975
1714	0.000095	59452.43	51785	74422
1715	0.000095	59619.76	54175	69049
1716	0.000096	59985.44	53228	71153
1717	0.000095	59714.42	51871	69826
1718	0.000096	59723.31	53185	68639
1719	0.000096	59702.96	53514	73813
1720	0.000097	60216.93	51469	69746
1721	0.000096	59901.71	52581	71665
1722	0.000096	60031.41	52623	70233
1723	0.000096	60153.77	52406	74504
1724	0.000096	60158.52	53959	70816
1725	0.000096	60096.12	52751	69566
1726	0.000096	59722.39	53252	72984
1727	0.000096	59991.76	52410	69225
1728	0.000097	60663.50	54429	72426
1729	0.000096	60081.27	53560	69224
1730	0.000096	60073.36	52741	78617
1731	0.000096	61094.86	53118	73023
1732	0.000097	60614.04	53050	72619
1733	0.000097	60333.96	53097	73649
1734	0.000096	60619.01	52588	72706
1735	0.000097	60192.46	52011	70448
1736	0.000097	60492.59	53267	71862
1737	0.000097	60637.90	53637	73463
1738	0.000097	60983.36	54232	69237
1739	0.000097	60607.83	55389	71334
1740	0.000097	60688.17	53397	72820
1741	0.000097	60754.92	52073	71771
1742	0.000097	60855.42	52970	73143
1743	0.000097	61313.16	53725	73146
1744	0.000097	60815.24	53311	73085
1745	0.000097	61153.30	53175	75379
1746	0.000098	61202.66	54448	80516
1747	0.000098	60930.32	54687	71145
1748	0.000097	60870.77	53892	73772
1749	0.000098	60765.11	53086	70318
1750	0.000097	60888.61	54344	70978
1751	0.000098	61366.27	54135	74184
1752	0.000098	61122.84	54684	81014
1753	0.000098	61433.92	54445	78532
1754	0.000099	61351.75	54485	72680
1755	0.000099	60759.29	54268	69765
1756	0.000099	61716.00	54826	71478
1757	0.000098	61699.33	53867	76617
1758	0.000098	61077.77	53184	76433
1759	0.000098	61719.88	54495	73638
1760	0.000098	61408.48	54529	73913
1761	0.000098	61223.82	54837	71713
1762	0.000099	61721.65	54466	72699
1763	0.000098	61452.99	54826	82007
1764	0.000098	61000.03	53385	72217
1765	0.000098	60622.06	55488	75078
1766	0.000100	62439.00	53928	74418
1767	0.000099	62122.39	55763	76235
1768	0.000098	61320.95	54775	72432
1769	0.000099	61206.55	55133	71987
1770	0.000099	62091.00	54366	79248
1771	0.000099	61774.93	55137	74767
1772	0.000099	61663.25	54559	73097
1773	0.000100	62222.13	55024	78794
1774	0.000101	62133.95	55274	72693
1775	0.000100	61798.75	54308	74516
1776	0.000100	61961.82	55506	73442
1777	0.000100	62847.97	54724	78008
1778	0.000099	62103.83	53397	84011
1779	0.000100	62498.58	55684	78902
1780	0.000100	61808.59	54201	69502
1781	0.000099	62544.55	55307	77515
1782	0.000100	62058.28	55023	72445
1783	0.000100	62621.29	55485	73203
1784	0.000099	61645.01	54041	72083
1785	0.000100	62811.17	56144	75146
1786	0.000100	63464.40	55425	81900
1787	0.000100	62990.57	55167	74464
1788	0.000100	62967.40	55768	72548
1789	0.000100	62787.04	56497	74118
1790	0.000100	62438.53	55228	73838
1791	0.000100	62608.35	55206	74963
1792	0.000100	62628.01	54469	79693
1793	0.000101	63150.01	56365	80005
1794	0.000100	62873.36	56354	77189
1795	0.000100	63032.71	55387	79434
1796	0.000101	62350.45	55048	85147
1797	0.000101	62852.02	56122	71765
1798	0.000101	63028.68	55582	77952
1799	0.000101	62647.36	56670	71774
1800	0.000100	62607.03	54284	77833
1801	0.000101	63329.40	57078	78720
1802	0.000101	62886.23	56094	73358
1803	0.000101	63219.59	55201	74662
1804	0.000102	63867.35	56643	78377
1805	0.000103	62828.66	56824	80432
1806	0.000101	62753.37	54273	75331
1807	0.000102	64095.10	55046	78408
1808	0.000101	63237.25	57037	75946
1809	0.000101	63312.98	57178	77522
1810	0.000101	62774.14	56161	72931
1811	0.000101	63169.07	55314	72126
1812	0.000102	63145.59	56707	74456
1813	0.000102	63924.58	57030	74674
1814	0.000102	63494.14	56999	80294
1815	0.000102	63542.06	55612	78892
1816	0.000102	63795.80	56850	76052
1817	0.000102	63817.84	57032	78899
1818	0.000102	63432.26	55981	77109
1819	0.000102	63972.49	57033	73884
1820	0.000102	63085.44	56409	78410
1821	0.000102	63861.07	57604	77854
1822	0.000102	63729.04	56515	81291
1823	0.000103	64501.19	56445	77079
1824	0.000102	64828.87	56951	84685
1825	0.000103	64356.98	57218	73568
1826	0.000102	64553.77	57191	77719
1827	0.000103	63756.92	57837	74403
1828	0.000102	63797.30	56330	75331
1829	0.000103	64495.91	58193	75931
1830	0.000103	64319.32	56738	78371
1831	0.000102	63768.52	57032	74672
1832	0.000103	63880.72	55810	73266
1833	0.000103	64326.85	56769	79677
1834	0.000105	64292.11	56482	80278
1835	0.000104	64106.80	55178	76912
1836	0.000103	64786.46	58012	80234
1837	0.000103	64328.57	57374	76598
1838	0.000104	65112.41	58678	84545
1839	0.000103	64693.41	57279	79090
1840	0.000103	64426.27	56476	81071
1841	0.000104	64845.23	56984	83167
1842	0.000103	64341.56	56313	80339
1843	0.000104	64974.76	56987	83750
1844	0.000103	64205.57	56882	79208
1845	0.000104	64438.21	57385	75047
1846	0.000104	64725.09	57617	76973
1847	0.000104	65484.92	57635	81524
1848	0.000104	65428.73	58168	77052
1849	0.000104	65040.22	59048	80153
1850	0.000104	64854.00	58385	74816
1851	0.000104	65439.67	58023	74937
1852	0.000104	65465.91	56777	78436
1853	0.000104	64749.35	58760	84716
1854	0.000105	65721.84	57031	83370
1855	0.000104	65065.22	59740	75388
1856	0.000104	64792.93	57999	83112
1857	0.000104	65980.73	57225	76772
1858	0.000104	65007.67	57599	76782
1859	0.000105	65385.31	57968	80287
1860	0.000104	65283.12	58465	76742
1861	0.000104	66074.85	59664	81568
1862	0.000105	66058.27	59124	82399
1863	0.000104	65142.48	59068	76692
1864	0.000104	65642.42	57208	83543
1865	0.000105	66057.42	58822	78632
1866	0.000105	65546.38	58371	83867
1867	0.000106	66412.25	58675	80841
1868	0.000105	66061.71	58286	76321
1869	0.000105	65705.27	58456	88709
1870	0.000105	65756.25	58056	75826
1871	0.000106	65993.92	58610	82048
1872	0.000105	65865.32	60204	81712
1873	0.000106	66253.03	58647	81478
1874	0.000105	65766.92	59030	77620
1875	0.000105	66065.20	58193	77810
1876	0.000106	65604.36	57569	80824
1877	0.000106	66372.85	59554	81547
1878	0.000105	66075.27	58599	79117
1879	0.000105	65926.68	58519	75988
1880	0.000106	66663.32	60482	80935
1881	0.000106	66693.26	60354	78730
1882	0.000106	66834.50	59493	77842
1883	0.000106	66200.78	58979	79146
1884	0.000106	66025.21	59116	74309
1885	0.000107	66686.33	59612	81731
1886	0.000106	66451.41	59583	76366
1887	0.000107	67309.86	58367	87956
1888	0.000106	67152.73	59989	77673
1889	0.000106	66974.88	60714	79522
1890	0.000106	66301.69	57107	80588
1891	0.000107	66939.66	58522	79827
1892	0.000107	67173.05	59048	81806
1893	0.000107	66970.40	60722	83466
1894	0.000106	66538.40	60347	84831
1895	0.000107	66892.42	58772	83370
1896	0.000107	66468.77	59095	73574
1897	0.000107	67610.96	59327	91759
1898	0.000107	66760.92	58499	79152
1899	0.000107	66876.60	59452	90331
1900	0.000107	67322.11	59839	80940
1901	0.000107	66901.20	59464	77998
1902	0.000107	67272.45	59809	76795
1903	0.000107	66894.50	59769	81846
1904	0.000107	66913.83	58490	86589
1905	0.000107	67236.74	58813	74989
1906	0.000107	67174.94	58586	86059
1907	0.000107	66739.06	58556	82377
1908	0.000108	68229.80	59222	82575
1909	0.000108	67773.77	60458	84542
1910	0.000108	67991.00	60487	83965
1911	0.000108	67217.41	58573	85563
1912	0.000108	67170.19	59817	77774
1913	0.000108	67510.72	60902	80649
1914	0.000108	67823.35	59993	82284
1915	0.000108	67718.25	58447	87413
1916	0.000108	67861.23	59283	79221
1917	0.000108	68104.67	61021	80651
1918	0.000108	67957.12	60737	79196
1919	0.000108	67718.53	60536	80721
1920	0.000109	68410.05	60884	87172
1921	0.000109	68007.25	58279	77772
1922	0.000108	67586.39	60908	77832
1923	0.000108	67902.85	60979	76301
1924	0.000109	67226.72	61516	82242
1925	0.000108	69059.42	60333	81096
1926	0.000108	67733.60	60405	85564
1927	0.000109	68833.21	60143	79918
1928	0.000108	67727.09	61080	79497
1929	0.000108	67565.13	61421	79803
1930	0.000109	68603.01	60514	85764
1931	0.000109	69053.18	58809	85098
1932	0.000109	68266.83	60810	76706
1933	0.000109	68457.53	61651	82844
1934	0.000110	69141.08	60151	83321
1935	0.000109	68348.17	59648	84265
1936	0.000110	68852.40	60664	82312
1937	0.000109	68120.26	59737	81310
1938	0.000109	67904.60	60306	78536
1939	0.000110	68677.75	61900	84709
1940	0.000110	68277.72	60279	84153
1941	0.000110	68279.25	60358	81903
1942	0.000110	68673.83	60565	90852
1943	0.000109	68266.54	59972	82080
1944	0.000110	68835.61	61535	85062
1945	0.000110	68533.82	61535	78719
1946	0.000110	69172.94	61683	84458
1947	0.000110	68721.68	60169	82347
1948	0.000110	69438.30	62424	80453
1949	0.000110	68263.30	61105	82751
1950	0.000110	69596.10	61465	85511
1951	0.000110	69264.59	61443	78688
1952	0.000110	68921.41	62148	81772
1953	0.000110	69629.66	61794	82984
1954	0.000110	69023.32	62153	82718
1955	0.000110	69219.16	63487	79401
1956	0.000111	69672.78	61805	86047
1957	0.000111	69576.22	62649	81846
1958	0.000110	69350.10	62105	83816
1959	0.000111	68604.75	61427	86448
1960	0.000111	69805.20	63393	86681
1961	0.000111	69180.80	62343	80802
1962	0.000111	69308.66	62043	82140
1963	0.000111	69479.82	62662	80687
1964	0.000111	69932.28	61510	85658
1965	0.000111	69533.50	61521	79790
1966	0.000111	69852.04	62157	81671
1967	0.000111	69901.53	63134	82624
1968	0.000111	70409.23	62257	85092
1969	0.000111	69840.02	62104	86722
1970	0.000111	69427.89	61520	78995
1971	0.000112	71231.55	61661	87145
1972	0.000112	70400.34	62857	89553
1973	0.000112	70348.01	61665	86909
1974	0.000112	70492.07	62881	83005
1975	0.000112	70098.11	62387	84885
1976	0.000112	70161.55	60819	80716
1977	0.000112	70084.56	62150	82198
1978	0.000112	70615.20	63019	93934
1979	0.000112	70147.88	62387	83590
1980	0.000112	70795.29	62902	82989
1981	0.000112	70374.23	63425	80256
1982	0.000112	70199.57	63916	86965
1983	0.000112	70301.96	62461	81804
1984	0.000113	70402.47	63901	87198
1985	0.000112	70119.86	63506	84255
1986	0.000113	70782.35	61630	84965
1987	0.000113	70714.63	61156	81688
1988	0.000112	70126.65	59920	96697
1989	0.000112	70727.71	61519	85588
1990	0.000113	70446.75	62761	85624
1991	0.000113	70580.69	62930	83319
1992	0.000113	70779.33	61528	89591
1993	0.000114	70894.74	63896	85173
1994	0.000113	70839.04	62558	92611
1995	0.000113	71247.46	64713	86421
1996	0.000113	70505.49	61475	81969
1997	0.000114	71313.50	61264	87511
1998	0.000113	70416.93	63285	88881
1999	0.000113	71151.27	64024	84045
2000	0.000114	71664.76	62962	88365
