1	0.000000	0.00	0	0
2	0.000000	9.32	8	11
3	0.000000	12.00	12	12
4	0.000000	24.09	21	27
5	0.000000	32.14	26	39
6	0.000000	42.48	36	51
7	0.000000	52.88	42	67
8	0.000000	63.28	53	79
9	0.000000	74.52	62	93
10	0.000000	87.25	73	113
11	0.000000	98.27	80	124
12	0.000000	110.23	92	135
13	0.000000	125.99	106	166
14	0.000001	137.95	118	168
15	0.000001	151.39	124	184
16	0.000001	164.09	138	203
17	0.000001	181.14	156	241
18	0.000001	196.06	160	272
19	0.000001	209.56	170	270
20	0.000001	226.44	191	291
21	0.000001	240.20	210	303
22	0.000001	254.71	220	313
23	0.000001	270.52	231	340
24	0.000001	288.75	252	361
25	0.000001	302.22	255	387
26	0.000001	315.66	266	396
27	0.000001	335.13	292	427
28	0.000001	350.76	301	472
29	0.000001	367.40	306	453
30	0.000001	380.95	336	479
31	0.000001	403.97	347	512
32	0.000001	422.58	364	527
33	0.000001	434.93	370	581
34	0.000002	451.32	390	571
35	0.000002	465.18	400	562
36	0.000002	483.95	422	677
37	0.000002	503.88	439	641
38	0.000002	526.06	450	676
39	0.000002	539.73	477	706
40	0.000002	554.25	478	762
41	0.000002	577.12	498	716
42	0.000002	596.34	507	735
43	0.000002	611.42	516	731
44	0.000002	632.35	547	830
45	0.000002	640.66	556	853
46	0.000002	674.01	595	844
47	0.000002	691.05	581	937
48	0.000002	703.01	612	928
49	0.000002	727.34	627	879
50	0.000002	737.87	642	891
51	0.000003	768.08	656	1027
52	0.000003	767.16	680	942
53	0.000003	780.95	691	987
54	0.000003	819.23	716	1051
55	0.000003	828.82	711	973
56	0.000003	853.46	746	1049
57	0.000003	875.50	760	1152
58	0.000003	877.73	761	1179
59	0.000003	899.86	776	1170
60	0.000003	939.10	814	1200
61	0.000003	953.08	825	1232
62	0.000003	969.62	835	1165
63	0.000003	1000.75	872	1310
64	0.000003	1013.74	883	1352
65	0.000003	1039.00	922	1412
66	0.000003	1051.24	919	1322
67	0.000003	1058.09	946	1348
68	0.000004	1096.02	962	1299
69	0.000004	1120.52	980	1372
70	0.000004	1126.21	973	1438
71	0.000004	1160.24	1012	1448
72	0.000004	1191.09	1019	1507
73	0.000004	1194.59	1064	1488
74	0.000004	1208.52	1060	1589
75	0.000004	1250.66	1071	1572
76	0.000004	1260.87	1120	1636
77	0.000004	1280.82	1121	1587
78	0.000004	1323.29	1167	1741
79	0.000004	1312.98	1169	1646
80	0.000004	1317.20	1174	1660
81	0.000004	1369.89	1179	1804
82	0.000004	1371.60	1204	1671
83	0.000004	1407.55	1198	1705
84	0.000004	1417.72	1254	1639
85	0.000005	1433.88	1313	1815
86	0.000005	1464.84	1277	1812
87	0.000005	1469.15	1304	1878
88	0.000005	1509.62	1303	1882
89	0.000005	1524.23	1346	1813
90	0.000005	1545.00	1339	1942
91	0.000005	1559.38	1342	1929
92	0.000005	1587.49	1394	1964
93	0.000005	1617.36	1431	1962
94	0.000005	1621.64	1416	2020
95	0.000005	1633.71	1417	2012
96	0.000005	1659.40	1487	2081
97	0.000005	1687.93	1467	1898
98	0.000005	1724.13	1523	2198
99	0.000005	1734.59	1527	2041
100	0.000005	1772.73	1512	2371
101	0.000005	1773.48	1587	2310
102	0.000006	1806.68	1565	2313
103	0.000006	1785.77	1593	2211
104	0.000006	1861.06	1597	2187
105	0.000006	1874.30	1673	2242
106	0.000006	1887.23	1611	2203
107	0.000006	1921.85	1704	2338
108	0.000006	1949.17	1727	2324
109	0.000006	1959.12	1761	2409
110	0.000006	1953.54	1755	2689
111	0.000006	1992.52	1751	2377
112	0.000006	2025.90	1806	2565
113	0.000006	2034.56	1817	2437
114	0.000007	2072.59	1846	2414
115	0.000007	2078.76	1831	2439
116	0.000007	2110.00	1853	2469
117	0.000007	2149.62	1885	2685
118	0.000007	2160.80	1937	2640
119	0.000007	2150.67	1881	2527
120	0.000007	2233.32	1933	2716
121	0.000007	2217.51	1923	2805
122	0.000007	2249.06	1941	2769
123	0.000007	2254.64	2013	2631
124	0.000007	2284.48	2030	2789
125	0.000007	2320.51	2067	2663
126	0.000007	2350.95	2075	2759
127	0.000007	2368.21	2084	3030
128	0.000007	2397.79	2111	3282
129	0.000007	2393.60	2140	3066
130	0.000007	2450.81	2152	2904
131	0.000008	2447.79	2175	2980
132	0.000008	2489.98	2171	3277
133	0.000008	2507.04	2191	2900
134	0.000008	2483.10	2187	3263
135	0.000008	2540.39	2289	2929
136	0.000008	2556.70	2293	3059
137	0.000008	2600.15	2341	3015
138	0.000008	2618.00	2357	3081
139	0.000008	2626.66	2257	3287
140	0.000008	2652.39	2407	3371
141	0.000008	2663.45	2351	3277
142	0.000008	2716.55	2355	3255
143	0.000008	2682.42	2319	3377
144	0.000008	2746.28	2436	3402
145	0.000008	2760.09	2483	3455
146	0.000009	2818.53	2481	3542
147	0.000009	2822.77	2550	3598
148	0.000009	2856.29	2495	3395
149	0.000009	2857.97	2553	3719
150	0.000009	2875.70	2584	3456
151	0.000009	2899.00	2557	3618
152	0.000009	2962.46	2598	3523
153	0.000009	2956.70	2648	3567
154	0.000009	2981.42	2646	3797
155	0.000009	3002.63	2649	3750
156	0.000009	3011.14	2663	3950
157	0.000009	3029.52	2658	3571
158	0.000009	3089.53	2682	3611
159	0.000009	3095.88	2725	3956
160	0.000010	3131.50	2841	3618
161	0.000010	3121.64	2819	3708
162	0.000010	3183.53	2788	4581
163	0.000010	3189.99	2841	3865
164	0.000010	3237.78	2809	3819
165	0.000010	3256.95	2925	3907
166	0.000010	3269.05	2899	3948
167	0.000010	3308.67	2989	4122
168	0.000010	3296.56	2905	4036
169	0.000010	3364.07	3014	4258
170	0.000010	3351.73	2926	4039
171	0.000010	3398.57	3039	3906
172	0.000010	3430.60	3050	4296
173	0.000010	3429.06	3028	4213
174	0.000010	3441.14	2947	4226
175	0.000011	3485.36	3122	4079
176	0.000011	3530.08	3154	4261
177	0.000011	3562.22	3043	4450
178	0.000011	3585.17	3163	4550
179	0.000011	3579.68	3127	4270
180	0.000011	3579.38	3241	4340
181	0.000011	3627.42	3244	4498
182	0.000011	3660.58	3293	4241
183	0.000011	3750.67	3298	4594
184	0.000011	3715.65	3331	4549
185	0.000011	3739.95	3307	4885
186	0.000011	3752.20	3330	4634
187	0.000011	3764.12	3393	5075
188	0.000011	3758.38	3347	4398
189	0.000011	3822.74	3403	4615
190	0.000012	3840.65	3486	4556
191	0.000012	3906.87	3546	4812
192	0.000012	3890.03	3487	5018
193	0.000012	3908.97	3513	4553
194	0.000012	3949.47	3516	4672
195	0.000012	3986.75	3539	4994
196	0.000012	3971.79	3588	4870
197	0.000012	3992.58	3554	4679
198	0.000012	4041.42	3592	4685
199	0.000012	4062.23	3660	5293
200	0.000012	4100.15	3622	4705
201	0.000012	4082.58	3588	4689
202	0.000012	4096.51	3723	4897
203	0.000012	4181.93	3742	5138
204	0.000013	4167.29	3724	4939
205	0.000013	4241.73	3653	4967
206	0.000013	4236.83	3761	5322
207	0.000013	4263.19	3782	5127
208	0.000013	4292.71	3854	5041
209	0.000013	4360.22	3857	5929
210	0.000013	4326.92	3807	5220
211	0.000013	4386.13	3909	5475
212	0.000013	4354.78	3881	5191
213	0.000013	4418.16	3860	5460
214	0.000013	4439.25	3843	5319
215	0.000013	4494.18	4004	5493
216	0.000013	4481.42	4007	5629
217	0.000013	4515.12	3970	5416
218	0.000013	4547.59	4114	5275
219	0.000014	4573.07	4026	5457
220	0.000014	4570.00	4112	5470
221	0.000014	4621.05	4177	5457
222	0.000014	4645.48	4099	5936
223	0.000014	4642.17	4130	5429
224	0.000014	4711.03	4172	5571
225	0.000014	4722.26	4266	5513
226	0.000014	4778.33	4283	5827
227	0.000014	4765.53	4248	5857
228	0.000014	4838.60	4319	6005
229	0.000014	4821.43	4235	6000
230	0.000014	4835.20	4265	5882
231	0.000014	4860.10	4400	5624
232	0.000014	4937.18	4402	6042
233	0.000015	4927.35	4376	6169
234	0.000015	4980.10	4395	5786
235	0.000015	4959.73	4398	6184
236	0.000015	4934.26	4424	5750
237	0.000015	5021.72	4509	6235
238	0.000015	5121.05	4500	6267
239	0.000015	5080.84	4579	6052
240	0.000015	5119.09	4565	6145
241	0.000015	5082.48	4547	5983
242	0.000018	5153.43	4554	5950
243	0.000019	5192.50	4577	6336
244	0.000015	5224.47	4575	6319
245	0.000015	5219.56	4630	6438
246	0.000015	5233.19	4625	6023
247	0.000016	5367.72	4862	6393
248	0.000016	5276.90	4802	6423
249	0.000019	5316.81	4817	6459
250	0.000016	5350.65	4765	6554
251	0.000016	5384.76	4845	6415
252	0.000016	5312.77	4674	5993
253	0.000016	5422.20	4857	6739
254	0.000016	5454.89	4940	6789
255	0.000016	5450.29	4954	6966
256	0.000016	5455.72	4818	6906
257	0.000016	5488.51	4944	6265
258	0.000016	5531.31	4939	6591
259	0.000016	5543.76	5050	6457
260	0.000016	5632.26	5012	6630
261	0.000017	5628.56	4916	6530
262	0.000017	5640.96	5081	6613
263	0.000017	5692.72	5058	6678
264	0.000017	5747.79	5152	6990
265	0.000017	5679.16	5222	7858
266	0.000017	5728.72	5141	6869
267	0.000017	5852.73	5224	7604
268	0.000017	5903.02	5250	7037
269	0.000017	5843.87	5175	7234
270	0.000017	5939.44	5363	7321
271	0.000017	5818.27	5316	6571
272	0.000017	5879.93	5392	7059
273	0.000017	5911.67	5288	7091
274	0.000018	6012.69	5397	7472
275	0.000017	6012.98	5404	7131
276	0.000018	6000.52	5422	7082
277	0.000018	6082.26	5397	7275
278	0.000018	6095.11	5528	6888
279	0.000018	6133.40	5441	7698
280	0.000018	6168.36	5546	7242
281	0.000018	6144.99	5575	7101
282	0.000018	6213.14	5589	7395
283	0.000018	6236.74	5480	7273
284	0.000018	6208.35	5524	7275
285	0.000018	6273.68	5655	7173
286	0.000019	6253.96	5536	7541
287	0.000019	6350.66	5644	7909
288	0.000019	6362.26	5732	7203
289	0.000019	6420.81	5681	8102
290	0.000019	6347.17	5752	7567
291	0.000019	6458.07	5755	7769
292	0.000019	6398.30	5754	7520
293	0.000019	6483.72	5784	7585
294	0.000019	6468.59	5804	7916
295	0.000019	6550.71	5899	8035
296	0.000019	6528.87	5836	8047
297	0.000019	6623.06	5986	7983
298	0.000020	6567.52	5936	7656
299	0.000019	6600.88	5904	7883
300	0.000020	6634.88	6133	7719
301	0.000019	6675.55	6008	7511
302	0.000020	6701.22	6157	8281
303	0.000020	6713.68	6031	8393
304	0.000031	6787.22	6079	7866
305	0.000020	6739.88	5994	8200
306	0.000020	6784.07	6154	7862
307	0.000020	6834.55	6089	8198
308	0.000020	6821.40	6119	8275
309	0.000020	6864.59	6224	8037
310	0.000020	6887.61	6189	7974
311	0.000020	6923.96	6226	8498
312	0.000021	6966.57	6343	8145
313	0.000020	6946.74	6156	8409
314	0.000021	7085.47	6340	8258
315	0.000021	7120.15	6378	8605
316	0.000021	7041.69	6428	8427
317	0.000021	7173.36	6432	8492
318	0.000021	7191.96	6506	8229
319	0.000021	7103.92	6406	8539
320	0.000021	7196.15	6463	8717
321	0.000021	7251.14	6392	9076
322	0.000021	7233.83	6502	9461
323	0.000021	7275.15	6574	9788
324	0.000021	7270.25	6474	9135
325	0.000021	7341.22	6543	9051
326	0.000021	7285.63	6474	8894
327	0.000022	7354.17	6640	9092
328	0.000022	7320.81	6547	9084
329	0.000022	7457.52	6570	8890
330	0.000022	7457.61	6789	9171
331	0.000022	7460.64	6774	8620
332	0.000022	7452.80	6523	8726
333	0.000022	7547.14	6766	8719
334	0.000022	7558.04	6851	9357
335	0.000022	7639.63	6709	8790
336	0.000022	7574.60	6896	8433
337	0.000022	7604.97	6863	8697
338	0.000022	7715.59	6818	9423
339	0.000022	7660.64	6989	9083
340	0.000023	7730.22	7015	9175
341	0.000023	7799.83	7068	9621
342	0.000023	7716.97	6928	9130
343	0.000023	7835.30	6990	9132
344	0.000023	7716.05	7050	8781
345	0.000023	7843.92	7078	9605
346	0.000023	7760.68	7156	9090
347	0.000023	7985.11	6970	9250
348	0.000023	7948.34	7100	10089
349	0.000023	7962.13	7329	10296
350	0.000023	8049.03	7212	9441
351	0.000023	8000.86	7282	10147
352	0.000023	7980.46	7206	9044
353	0.000023	8152.97	7337	9935
354	0.000024	8026.35	7428	9462
355	0.000024	8141.93	7321	9001
356	0.000024	8182.86	7407	10792
357	0.000024	8173.26	7332	9437
358	0.000024	8181.67	7336	10517
359	0.000024	8212.51	7384	9637
360	0.000024	8268.37	7372	10190
361	0.000024	8265.90	7460	10135
362	0.000024	8393.56	7441	10131
363	0.000024	8329.10	7529	10311
364	0.000024	8398.57	7469	9784
365	0.000024	8378.00	7640	9819
366	0.000024	8440.87	7664	9995
367	0.000025	8451.47	7578	10101
368	0.000025	8545.79	7616	10095
369	0.000025	8522.38	7714	10481
370	0.000025	8507.38	7736	10112
371	0.000025	8504.69	7672	10294
372	0.000025	8566.46	7779	10064
373	0.000025	8501.04	7726	10096
374	0.000025	8669.33	7813	10533
375	0.000025	8766.29	7841	10989
376	0.000025	8685.64	7709	10023
377	0.000025	8730.09	7843	10647
378	0.000025	8871.05	8044	10538
379	0.000025	8822.15	8002	11516
380	0.000026	8844.35	8030	9960
381	0.000026	8873.92	7917	10231
382	0.000026	8932.81	7936	10335
383	0.000026	8918.71	7988	10766
384	0.000026	8906.89	7875	10558
385	0.000026	8957.05	8065	11290
386	0.000026	9011.79	8126	11248
387	0.000026	9014.74	7948	11255
388	0.000026	9016.52	8045	10621
389	0.000026	9004.75	8096	10572
390	0.000026	9096.46	8291	10953
391	0.000026	9154.63	8243	10362
392	0.000026	9172.00	8196	10639
393	0.000027	9173.96	8304	11177
394	0.000027	9254.40	8113	11512
395	0.000027	9295.84	8506	10504
396	0.000027	9269.78	8374	11984
397	0.000027	9325.47	8521	11107
398	0.000027	9313.95	8527	10781
399	0.000027	9290.79	8422	10940
400	0.000027	9449.91	8551	11577
401	0.000027	9392.06	8517	11151
402	0.000027	9391.98	8542	11508
403	0.000028	9476.39	8554	11608
404	0.000027	9486.10	8454	10657
405	0.000027	9503.08	8604	11135
406	0.000028	9510.51	8702	11330
407	0.000028	9618.64	8601	11164
408	0.000028	9489.78	8626	11095
409	0.000028	9609.57	8743	11961
410	0.000028	9625.55	8619	12029
411	0.000028	9605.96	8568	11325
412	0.000028	9738.11	8651	12211
413	0.000028	9705.54	8656	11473
414	0.000028	9678.09	8695	11040
415	0.000028	9753.23	8746	12697
416	0.000029	9852.26	8813	12098
417	0.000029	9862.49	8912	11236
418	0.000029	9918.13	8862	11943
419	0.000029	9845.40	8919	11688
420	0.000029	9934.58	8884	12098
421	0.000029	9940.98	8964	13450
422	0.000029	9925.01	9124	11785
423	0.000029	10094.78	8992	11661
424	0.000029	9986.37	9074	11469
425	0.000029	10047.60	9135	12424
426	0.000029	10042.08	8969	11972
427	0.000029	10041.77	9186	11336
428	0.000029	10154.42	9117	12165
429	0.000029	10083.93	9091	12182
430	0.000030	10161.00	9204	12588
431	0.000030	10193.32	9127	12020
432	0.000029	10321.77	9333	12710
433	0.000029	10279.98	9278	11869
434	0.000030	10401.92	9232	13063
435	0.000030	10401.99	9361	14172
436	0.000030	10370.58	9432	11843
437	0.000030	10414.29	9286	12227
438	0.000030	10431.82	9338	12861
439	0.000030	10452.30	9464	12326
440	0.000030	10484.92	9532	12621
441	0.000030	10348.09	9203	12447
442	0.000030	10570.00	9482	12688
443	0.000030	10564.87	9451	12519
444	0.000031	10526.56	9362	12185
445	0.000031	10489.69	9517	12346
446	0.000031	10584.80	9477	13628
447	0.000031	10628.83	9563	11888
448	0.000031	10703.83	9666	12644
449	0.000031	10755.84	9651	12049
450	0.000031	10797.92	9741	13286
451	0.000031	10768.91	9784	12571
452	0.000031	10889.88	9747	13524
453	0.000031	10697.18	9802	12422
454	0.000031	10794.86	9942	13179
455	0.000031	10892.09	9796	12716
456	0.000032	10791.04	9746	12257
457	0.000032	11060.07	9873	15452
458	0.000032	11008.76	10097	13813
459	0.000032	11008.56	9911	12665
460	0.000032	10996.74	9738	12962
461	0.000032	11152.67	10068	12951
462	0.000032	11232.83	10072	13469
463	0.000032	11159.88	10056	12794
464	0.000032	11093.40	10173	13013
465	0.000032	11101.93	10047	13241
466	0.000032	11168.24	10028	13082
467	0.000033	11361.42	9888	13523
468	0.000033	11233.83	9983	13042
469	0.000032	11265.80	10308	14149
470	0.000033	11352.02	10066	13635
471	0.000033	11429.37	10168	13878
472	0.000033	11354.46	10344	14111
473	0.000033	11425.09	10452	13724
474	0.000033	11389.61	10407	13314
475	0.000033	11349.92	10177	13144
476	0.000033	11485.71	10375	13125
477	0.000033	11458.72	10223	13819
478	0.000033	11538.30	10463	13532
479	0.000033	11536.37	10547	13467
480	0.000033	11523.37	10636	13315
481	0.000034	11513.66	10574	13601
482	0.000034	11674.87	10458	13530
483	0.000033	11700.84	10703	13734
484	0.000034	11679.76	10568	13557
485	0.000034	11761.95	10636	14488
486	0.000034	11850.64	10615	13472
487	0.000034	11811.25	10741	13857
488	0.000034	11788.37	10896	13527
489	0.000034	11927.44	10907	13611
490	0.000034	11897.14	10993	14166
491	0.000034	11851.38	10696	13881
492	0.000035	12043.99	10927	14971
493	0.000034	12000.90	10835	14316
494	0.000035	11909.93	10722	13653
495	0.000035	12003.67	10788	14681
496	0.000035	12049.35	11030	14235
497	0.000035	12202.34	10991	14038
498	0.000035	12041.90	11209	14056
499	0.000035	12111.07	11087	13646
500	0.000035	12095.85	10947	13559
501	0.000035	12109.36	11051	14480
502	0.000035	12242.78	11196	14475
503	0.000035	12159.96	11004	13943
504	0.000034	12300.36	11101	15215
505	0.000032	12235.45	11191	14054
506	0.000029	12470.07	11068	13981
507	0.000028	12477.75	11317	15170
508	0.000026	12379.57	11267	14309
509	0.000025	12439.10	11088	14856
510	0.000024	12483.76	11152	15141
511	0.000023	12340.41	11149	13904
512	0.000023	12516.65	11253	15029
513	0.000023	12667.64	11314	14661
514	0.000023	12583.13	11292	14554
515	0.000023	12685.61	11396	15269
516	0.000023	12595.04	11240	14069
517	0.000023	12719.06	11315	14718
518	0.000024	12666.20	11383	15655
519	0.000024	12751.13	11586	15182
520	0.000024	12725.79	11549	14846
521	0.000024	12760.28	11625	14646
522	0.000024	12714.55	11376	15330
523	0.000024	12874.11	11520	14988
524	0.000024	12853.89	11825	15086
525	0.000024	12823.64	11771	15536
526	0.000024	12908.47	11551	15334
527	0.000024	12991.55	11893	14991
528	0.000024	13021.30	11451	15247
529	0.000024	13081.42	11711	15587
530	0.000024	12983.63	11727	15238
531	0.000025	13115.47	11976	15611
532	0.000025	12971.87	11779	14767
533	0.000025	13139.25	11839	16304
534	0.000025	13145.56	11780	14692
535	0.000025	13292.90	11885	15767
536	0.000025	13268.76	11883	15962
537	0.000025	13280.92	12111	15472
538	0.000025	13354.69	11904	15606
539	0.000025	13355.67	12160	16530
540	0.000025	13318.62	11820	15399
541	0.000025	13166.83	12171	16242
542	0.000025	13349.99	11863	15361
543	0.000025	13491.73	12133	15931
544	0.000025	13411.67	12201	16175
545	0.000025	13516.61	12377	15983
546	0.000025	13567.57	12326	16746
547	0.000025	13616.52	12190	15242
548	0.000025	13698.31	12310	17005
549	0.000025	13498.70	12311	15606
550	0.000025	13590.50	12115	16091
551	0.000025	13690.51	12556	15911
552	0.000026	13669.91	12403	15178
553	0.000026	13651.74	12421	15924
554	0.000026	13634.21	12359	15434
555	0.000026	13799.61	12478	15899
556	0.000026	13823.49	12324	16036
557	0.000026	13811.63	12460	17517
558	0.000026	13738.41	12395	16157
559	0.000026	13909.49	12518	15980
560	0.000027	13834.87	12408	16598
561	0.000026	13957.66	12390	18152
562	0.000026	14077.21	12707	16523
563	0.000026	13998.66	12732	16636
564	0.000026	14053.08	12832	16560
565	0.000026	13976.27	12566	16022
566	0.000026	14173.39	12674	17344
567	0.000026	14181.50	12821	17438
568	0.000026	13968.48	12782	16597
569	0.000026	14042.76	12886	17828
570	0.000027	14078.80	12803	17318
571	0.000026	14114.44	12763	16297
572	0.000027	14238.03	12948	16503
573	0.000027	14234.81	12928	16178
574	0.000027	14207.19	12990	16507
575	0.000027	14386.75	12938	17455
576	0.000027	14519.68	12817	17609
577	0.000027	14429.01	13109	16594
578	0.000027	14529.36	13058	16637
579	0.000027	14356.05	13199	16936
580	0.000027	14630.76	13308	18153
581	0.000027	14478.95	13222	16905
582	0.000027	14612.63	13380	18291
583	0.000027	14572.31	13294	17646
584	0.000027	14640.44	13212	18279
585	0.000027	14732.02	13264	17957
586	0.000027	14640.68	13292	16346
587	0.000027	14782.16	13312	18117
588	0.000027	14682.97	13424	17615
589	0.000028	14727.10	13534	16841
590	0.000027	14714.70	13199	16810
591	0.000027	14827.66	13182	17615
592	0.000028	14866.14	13597	17038
593	0.000028	14749.95	13423	17565
594	0.000028	14727.30	13084	16924
595	0.000028	14973.80	13730	17629
596	0.000028	14928.04	13782	17249
597	0.000028	14840.51	13302	16781
598	0.000028	14961.69	13741	17264
599	0.000028	14962.00	13270	17286
600	0.000028	15002.49	13683	17227
601	0.000028	15038.93	13708	17824
602	0.000028	15089.71	13693	17546
603	0.000028	15015.44	13754	17690
604	0.000028	15194.16	13959	17716
605	0.000028	15239.96	13612	17942
606	0.000028	15478.66	14020	18526
607	0.000029	15239.54	13564	18422
608	0.000029	15398.20	13992	19700
609	0.000028	15399.27	14142	17429
610	0.000028	15457.47	14026	17794
611	0.000029	15464.40	13678	18039
612	0.000029	15507.60	14082	18224
613	0.000029	15475.08	14139	20472
614	0.000029	15598.85	14142	18742
615	0.000029	15575.90	14021	19130
616	0.000029	15518.10	13824	18623
617	0.000029	15685.51	14150	18332
618	0.000029	15458.51	13937	19275
619	0.000029	15588.80	14185	18429
620	0.000029	15659.22	14256	17691
621	0.000029	15731.21	14175	17782
622	0.000030	15727.96	14050	18344
623	0.000029	15742.04	14416	18355
624	0.000030	15695.32	14489	18969
625	0.000029	15555.57	14086	18223
626	0.000029	15823.86	14656	18532
627	0.000030	15833.96	14265	20096
628	0.000029	15944.95	14611	18960
629	0.000030	15876.65	14640	18025
630	0.000030	15953.97	14479	18653
631	0.000030	16066.59	14602	19420
632	0.000030	16011.36	14538	19939
633	0.000030	15928.06	14587	19061
634	0.000030	16069.89	14421	18029
635	0.000030	16063.05	14631	18336
636	0.000030	16046.48	14316	18475
637	0.000030	16090.03	14932	18741
638	0.000030	16174.52	14621	18632
639	0.000030	16204.32	14904	18697
640	0.000031	16239.95	14907	18519
641	0.000030	16307.59	14748	18918
642	0.000031	16237.62	15004	18386
643	0.000031	16204.78	14885	18894
644	0.000030	16289.52	14391	18404
645	0.000031	16483.41	14938	19422
646	0.000031	16547.16	15109	19708
647	0.000030	16420.73	14978	19227
648	0.000031	16494.79	14710	19380
649	0.000031	16412.78	14831	18767
650	0.000031	16371.47	14877	18208
651	0.000031	16821.99	15070	19642
652	0.000031	16611.62	15129	19502
653	0.000031	16546.57	14671	18791
654	0.000031	16626.30	15219	19185
655	0.000031	16727.03	15236	19356
656	0.000031	16742.68	15279	21039
657	0.000031	16841.19	15237	20866
658	0.000031	16835.97	14908	19108
659	0.000031	16863.45	15621	20261
660	0.000031	16821.47	15321	19855
661	0.000032	16811.09	15206	19732
662	0.000031	16952.10	15455	19185
663	0.000031	16947.43	15254	20247
664	0.000032	17083.50	15502	19541
665	0.000032	17173.21	15511	20116
666	0.000032	16839.12	15450	19068
667	0.000032	16967.72	15351	19530
668	0.000032	17138.52	15607	21331
669	0.000032	17117.80	15317	22026
670	0.000032	16986.40	15387	20481
671	0.000032	17093.20	15772	19902
672	0.000033	17161.57	15858	20698
673	0.000032	17255.21	15715	19917
674	0.000032	17301.24	15208	19760
675	0.000032	17144.33	15713	20865
676	0.000032	17207.35	15841	20445
677	0.000033	17355.07	15852	19461
678	0.000033	17295.95	15736	20618
679	0.000033	17530.65	15757	20054
680	0.000033	17523.48	15700	20736
681	0.000033	17551.97	16016	20195
682	0.000033	17536.70	15722	20421
683	0.000033	17656.22	15710	20678
684	0.000032	17500.45	15388	20250
685	0.000033	17589.62	15808	19981
686	0.000033	17610.98	15949	20673
687	0.000033	17692.88	15999	21053
688	0.000033	17702.78	16312	20763
689	0.000033	17742.70	15859	20406
690	0.000033	17771.97	16410	19947
691	0.000033	17719.21	16209	20650
692	0.000033	17800.35	16014	20755
693	0.000033	17840.30	16348	20429
694	0.000033	17971.40	16374	20498
695	0.000034	17871.02	16493	21300
696	0.000034	18009.24	16433	20979
697	0.000034	18019.91	16409	21145
698	0.000034	17984.30	16230	23739
699	0.000034	17850.88	16625	20067
700	0.000034	17999.63	16552	23275
701	0.000034	17862.61	16483	20809
702	0.000034	18108.44	16451	20965
703	0.000033	18113.27	16183	20627
704	0.000034	18111.66	16280	21055
705	0.000035	18172.94	16523	21964
706	0.000034	18328.53	16815	21740
707	0.000034	18371.62	16458	21285
708	0.000034	18241.43	16871	22092
709	0.000034	18254.65	16749	19946
710	0.000034	18501.41	16843	21539
711	0.000034	18283.54	16851	20060
712	0.000034	18468.56	16584	21391
713	0.000034	18376.36	16838	21884
714	0.000035	18558.20	16815	21407
715	0.000035	18343.13	16978	21598
716	0.000035	18433.73	16806	21582
717	0.000035	18575.21	16621	22929
718	0.000034	18665.80	16555	22180
719	0.000034	18643.50	16973	21224
720	0.000035	18626.19	17268	21295
721	0.000034	18674.53	16824	21399
722	0.000035	18707.99	17025	22791
723	0.000035	18645.29	17124	21217
724	0.000035	18683.96	16799	22181
725	0.000035	19037.86	17358	23310
726	0.000035	18746.36	16815	22281
727	0.000035	18918.52	17317	22742
728	0.000035	18930.73	17219	22206
729	0.000035	19066.52	16887	22113
730	0.000035	18896.46	17165	22986
731	0.000035	19002.60	17154	21746
732	0.000035	18997.96	16677	21928
733	0.000036	18956.82	17266	21070
734	0.000036	19045.69	17365	21912
735	0.000036	19079.58	17224	23351
736	0.000035	19122.83	16987	22282
737	0.000035	19244.02	17609	24966
738	0.000036	19206.16	17318	22415
739	0.000035	19149.14	17415	21861
740	0.000036	19424.81	17766	22120
741	0.000036	19257.34	17530	22328
742	0.000036	19235.09	17208	23362
743	0.000036	19283.95	17835	23394
744	0.000036	19200.09	17717	21686
745	0.000036	19195.33	17323	22920
746	0.000036	19565.26	17440	23231
747	0.000036	19517.42	17707	22762
748	0.000036	19487.09	18000	21799
749	0.000036	19559.80	17853	22210
750	0.000036	19621.02	17970	21892
751	0.000036	19702.74	17947	24011
752	0.000037	19588.21	17729	21855
753	0.000036	19595.76	18164	22928
754	0.000036	19665.62	17740	24194
755	0.000036	19791.44	18057	22390
756	0.000037	19775.99	17620	22604
757	0.000036	19639.59	17559	22128
758	0.000037	19773.72	18012	22520
759	0.000037	19617.41	17899	22695
760	0.000037	19841.88	18027	22111
761	0.000037	20090.59	18219	23485
762	0.000037	19982.04	18335	22496
763	0.000037	19893.41	18124	23737
764	0.000037	19825.00	17898	23238
765	0.000037	19839.28	18164	22291
766	0.000037	20078.66	18268	23424
767	0.000037	20036.02	17916	23298
768	0.000037	19932.01	18448	24612
769	0.000037	20096.54	18210	23447
770	0.000038	20142.48	18369	23946
771	0.000037	20062.73	17953	22235
772	0.000038	20175.88	18672	22764
773	0.000037	20430.03	18597	22805
774	0.000038	20410.67	18501	24440
775	0.000037	20280.89	18379	23394
776	0.000037	20330.40	18577	24764
777	0.000038	20276.34	18485	23434
778	0.000038	20358.96	18668	23275
779	0.000038	20404.15	18496	23384
780	0.000038	20659.95	18349	24229
781	0.000038	20554.71	18611	24949
782	0.000038	20510.48	18675	23781
783	0.000038	20555.60	18780	24282
784	0.000038	20318.74	18784	23347
785	0.000038	20623.76	18600	24008
786	0.000038	20592.80	18329	24701
787	0.000038	20598.23	18745	23359
788	0.000038	20593.22	18637	24507
789	0.000038	20818.80	18970	24666
790	0.000038	20817.77	19013	24458
791	0.000039	20748.16	18811	23989
792	0.000038	21132.23	19343	25473
793	0.000038	20852.09	19239	26671
794	0.000039	21035.85	18670	23700
795	0.000039	20820.36	18633	22989
796	0.000038	21060.30	19072	24001
797	0.000039	20979.96	19116	23526
798	0.000039	20932.32	19027	23448
799	0.000039	21134.26	18997	28405
800	0.000039	21101.53	19324	23514
801	0.000039	20984.36	19304	24729
802	0.000039	21083.41	19212	24500
803	0.000039	21275.68	19411	26593
804	0.000039	21052.00	19355	23618
805	0.000039	21190.31	19385	23792
806	0.000039	21185.67	19097	24169
807	0.000039	21287.10	18856	24413
808	0.000040	21269.04	19726	25542
809	0.000039	21421.34	19110	24189
810	0.000039	21282.04	19283	25026
811	0.000040	21534.07	19257	24816
812	0.000040	21598.83	19262	25032
813	0.000040	21483.79	19392	25791
814	0.000040	21527.18	19386	25400
815	0.000040	21680.01	19981	24679
816	0.000040	21478.53	19841	24197
817	0.000040	21675.73	19755	25261
818	0.000040	21586.51	19888	25285
819	0.000040	21656.71	19857	25368
820	0.000040	21572.82	19929	25003
821	0.000040	21590.23	20032	24589
822	0.000040	21628.68	19749	24199
823	0.000040	21580.39	19768	24557
824	0.000040	21613.18	19947	23905
825	0.000040	21865.63	20002	25049
826	0.000040	21906.12	19886	27308
827	0.000040	21924.71	20017	25305
828	0.000041	21766.43	19801	26266
829	0.000040	22144.74	19824	25960
830	0.000040	22086.43	19996	25305
831	0.000040	22149.77	20089	25704
832	0.000041	22083.53	20308	25738
833	0.000041	22081.61	20314	24967
834	0.000041	22201.00	20271	25945
835	0.000041	22183.92	20165	25287
836	0.000041	22080.10	20195	25646
837	0.000041	22280.79	20206	27152
838	0.000041	22222.40	20342	27332
839	0.000041	22432.75	20374	26255
840	0.000041	22059.98	20399	27026
841	0.000041	22278.89	20102	27115
842	0.000041	22257.84	20312	25425
843	0.000041	22397.18	20450	26299
844	0.000042	22237.73	20505	25273
845	0.000042	22473.20	20393	27175
846	0.000041	22585.45	20655	25165
847	0.000041	22533.41	20252	26532
848	0.000042	22730.79	20812	28317
849	0.000041	22568.61	20491	26943
850	0.000042	22676.05	20809	28080
851	0.000042	22606.59	20435	25403
852	0.000042	22571.30	20834	26483
853	0.000042	22614.18	21065	26810
854	0.000042	22744.49	21062	26125
855	0.000042	22711.05	20754	26807
856	0.000042	23135.85	20903	27025
857	0.000042	23021.82	20688	25693
858	0.000042	22925.05	20935	26362
859	0.000042	22602.50	20520	27164
860	0.000042	22788.30	20909	26221
861	0.000042	22939.68	20577	26983
862	0.000042	22917.37	20727	27712
863	0.000043	22965.46	21182	28288
864	0.000042	23063.23	20857	25714
865	0.000042	23203.45	21309	27246
866	0.000043	22988.13	21560	26201
867	0.000043	23115.56	20544	27537
868	0.000042	23025.14	20978	25247
869	0.000043	23218.98	21433	28621
870	0.000043	23281.53	21049	27561
871	0.000043	23301.48	20852	27224
872	0.000043	23413.42	21101	27328
873	0.000043	23408.29	21217	27076
874	0.000043	23317.15	21381	26451
875	0.000043	23119.11	20893	26660
876	0.000043	23278.44	20979	26489
877	0.000043	23598.15	21192	28443
878	0.000043	23278.27	21455	25595
879	0.000043	23538.09	21444	28182
880	0.000043	23443.19	21220	27177
881	0.000044	23632.61	21980	26956
882	0.000044	23490.88	21541	26980
883	0.000044	23552.70	21292	26416
884	0.000043	23698.18	21484	27389
885	0.000043	23521.57	21480	26720
886	0.000044	23751.02	21215	28168
887	0.000044	23925.08	21718	28409
888	0.000043	23677.56	21825	27851
889	0.000044	23829.44	21218	27781
890	0.000044	23716.86	21529	28270
891	0.000044	23960.49	21468	27652
892	0.000044	24139.13	21881	26978
893	0.000044	23937.97	21867	27190
894	0.000044	24034.34	21818	28310
895	0.000044	24050.37	22011	27649
896	0.000044	24067.45	22015	28620
897	0.000044	23936.44	21884	26905
898	0.000044	24029.17	22206	27273
899	0.000044	23993.11	21844	27339
900	0.000044	24005.64	22168	29292
901	0.000045	24230.86	22165	26776
902	0.000044	24163.64	21955	27490
903	0.000044	24088.14	22048	27668
904	0.000045	24184.89	22023	29864
905	0.000045	24135.81	22187	27103
906	0.000044	24122.31	22086	27048
907	0.000044	24293.32	22118	27777
908	0.000045	24317.90	22067	27466
909	0.000045	24352.71	21936	27861
910	0.000045	24579.51	22578	27934
911	0.000045	24491.47	22604	29256
912	0.000045	24387.22	22237	29867
913	0.000045	24551.45	22764	27850
914	0.000045	24605.83	22162	28538
915	0.000045	24660.73	22398	29342
916	0.000045	24639.56	22383	28607
917	0.000045	24597.40	22687	28468
918	0.000045	24933.78	22802	29317
919	0.000045	24944.68	22517	30713
920	0.000045	24843.54	22614	29441
921	0.000045	24954.17	22796	29796
922	0.000045	24985.61	22683	28277
923	0.000046	24878.11	22700	29721
924	0.000046	24959.47	23158	29433
925	0.000046	25051.67	22657	29024
926	0.000046	24846.76	23052	29219
927	0.000046	24868.37	22688	29328
928	0.000046	25045.84	22991	29427
929	0.000046	24961.41	22904	29311
930	0.000046	25113.18	22931	30424
931	0.000046	25192.83	23502	28033
932	0.000047	25085.50	22925	29235
933	0.000046	25207.98	23046	29632
934	0.000046	25072.92	22931	30304
935	0.000046	25478.17	23087	32240
936	0.000046	25435.96	22975	29902
937	0.000047	25523.32	23346	30334
938	0.000046	25317.17	23354	29295
939	0.000046	25118.50	23071	28101
940	0.000046	25428.69	23564	29936
941	0.000047	25552.83	23346	29907
942	0.000047	25552.94	23606	30810
943	0.000047	25411.67	23388	28627
944	0.000047	25540.49	23376	29074
945	0.000047	25348.77	23458	28363
946	0.000047	25257.87	23361	29863
947	0.000047	25602.16	23378	29136
948	0.000047	25656.11	23367	30143
949	0.000047	25712.80	23237	29645
950	0.000047	25890.06	23572	30979
951	0.000048	25797.65	23633	30248
952	0.000047	25690.97	23333	29946
953	0.000047	25690.53	23481	29342
954	0.000048	25634.57	23526	29104
955	0.000048	26167.35	23612	31503
956	0.000048	25811.29	23712	30491
957	0.000048	25822.93	23670	30939
958	0.000048	25837.36	23323	29184
959	0.000047	25991.05	23993	32642
960	0.000048	25899.73	23648	30113
961	0.000048	26166.19	23732	30867
962	0.000048	26299.86	24027	30158
963	0.000048	26289.43	24326	31201
964	0.000048	26202.64	23529	31197
965	0.000050	26266.03	23800	32324
966	0.000048	26346.09	23393	30413
967	0.000048	26239.76	24148	30905
968	0.000049	26419.43	23723	30849
969	0.000048	26390.52	24172	30418
970	0.000048	26171.42	24046	29302
971	0.000048	26221.91	23970	30626
972	0.000048	26320.23	23850	30063
973	0.000048	26528.91	24126	31288
974	0.000048	26355.94	24399	31009
975	0.000049	26486.08	24097	31738
976	0.000049	26479.22	24027	30992
977	0.000049	26492.15	24450	31798
978	0.000049	26587.83	24349	29959
979	0.000049	26412.69	24432	30894
980	0.000049	26306.62	24137	29370
981	0.000049	26717.91	23824	30936
982	0.000049	26851.37	24252	30465
983	0.000049	26627.31	24663	30780
984	0.000049	26742.34	24464	30616
985	0.000050	26811.20	24827	30479
986	0.000049	26813.37	24599	30292
987	0.000049	26993.99	24637	31727
988	0.000049	26901.95	24921	32611
989	0.000050	27132.81	24586	31210
990	0.000049	27076.58	24989	31477
991	0.000049	26934.42	24711	30954
992	0.000050	27122.75	24378	35323
993	0.000049	27041.41	24885	30904
994	0.000050	27012.68	24950	31243
995	0.000050	27209.75	24511	31354
996	0.000050	27142.69	24520	31720
997	0.000050	27300.95	24903	33066
998	0.000050	27220.15	24760	30763
999	0.000050	27201.55	24755	33205
1000	0.000050	27353.35	24623	32144
1001	0.000050	27424.96	24860	32349
1002	0.000050	27312.98	24858	32822
1003	0.000050	27245.73	25089	31356
1004	0.000050	27513.00	25546	31288
1005	0.000050	27533.11	25007	30951
1006	0.000050	27641.36	25123	31376
1007	0.000050	27657.03	25214	32396
1008	0.000050	27779.17	25482	31537
1009	0.000050	27246.41	25453	31013
1010	0.000050	27445.02	25192	31906
1011	0.000051	27785.91	25206	32511
1012	0.000050	27465.25	25131	33231
1013	0.000050	27504.86	24887	31920
1014	0.000051	27832.18	25406	32077
1015	0.000051	27738.91	24705	31991
1016	0.000051	27569.01	25456	33533
1017	0.000051	27878.60	25451	30910
1018	0.000051	27993.87	25771	32770
1019	0.000051	27929.18	25250	35477
1020	0.000051	27783.65	25168	32358
1021	0.000051	27852.50	25363	32568
1022	0.000051	27924.70	25580	32435
1023	0.000051	27847.87	25327	30348
1024	0.000051	28042.05	25548	33041
1025	0.000051	28510.83	25778	33144
1026	0.000051	28233.25	26037	33075
1027	0.000052	28179.85	25967	31980
1028	0.000052	28199.65	25915	32363
1029	0.000052	28034.59	25526	33132
1030	0.000052	28215.06	25666	32302
1031	0.000052	28425.05	26150	34024
1032	0.000052	28361.94	26133	33090
1033	0.000052	28289.84	25741	32797
1034	0.000052	28277.92	25759	31870
1035	0.000052	28178.03	25524	33510
1036	0.000052	28320.73	25679	32610
1037	0.000052	28381.68	25461	32448
1038	0.000052	28386.67	25769	33937
1039	0.000052	28427.28	26021	31380
1040	0.000052	28527.68	26162	33070
1041	0.000052	28652.63	25799	32414
1042	0.000052	28878.45	26100	32490
1043	0.000053	28631.02	26125	32508
1044	0.000052	28683.77	26311	32763
1045	0.000052	28815.96	26229	33522
1046	0.000053	28665.87	26346	32504
1047	0.000053	29081.06	26290	34660
1048	0.000053	28876.64	26799	31947
1049	0.000053	29025.20	26341	35239
1050	0.000053	29035.44	26517	34358
1051	0.000054	28933.21	26570	34477
1052	0.000054	28741.74	26468	33964
1053	0.000053	28834.64	25981	33306
1054	0.000054	29044.81	25829	34546
1055	0.000053	28976.42	26551	33142
1056	0.000053	29064.10	26756	36338
1057	0.000053	28957.95	26951	33353
1058	0.000054	29240.90	26820	33682
1059	0.000053	29029.65	26529	32784
1060	0.000053	29315.53	27045	33801
1061	0.000053	29156.27	26598	32599
1062	0.000053	29201.40	27048	35078
1063	0.000053	29439.93	26963	33951
1064	0.000054	29179.85	26650	33235
1065	0.000053	29392.04	27206	34339
1066	0.000054	29403.26	27173	34331
1067	0.000054	29363.10	26465	36061
1068	0.000054	29347.21	26481	32683
1069	0.000054	29298.38	27163	32663
1070	0.000054	29761.90	27496	33171
1071	0.000054	29594.33	27404	36148
1072	0.000054	29637.83	26964	33358
1073	0.000054	29638.52	26421	33726
1074	0.000054	29572.62	27267	34155
1075	0.000054	29792.68	27496	36416
1076	0.000054	29890.23	27330	34681
1077	0.000054	29821.42	27606	33674
1078	0.000054	29710.25	27395	35456
1079	0.000054	29779.83	27012	33931
1080	0.000054	29682.58	27533	33233
1081	0.000055	29971.58	27230	34703
1082	0.000055	29878.63	27377	33667
1083	0.000054	29712.08	27095	32734
1084	0.000054	30121.06	27582	33182
1085	0.000055	30157.04	27203	35208
1086	0.000055	29916.73	27230	35473
1087	0.000055	29891.46	27278	33208
1088	0.000055	30162.42	27332	34958
1089	0.000055	30087.98	27034	32988
1090	0.000055	30222.41	27627	34658
1091	0.000055	30134.14	27208	34557
1092	0.000055	30323.84	27492	35116
1093	0.000055	30038.70	27874	33421
1094	0.000056	30198.33	27026	35879
1095	0.000055	30532.21	27692	34584
1096	0.000055	30070.12	27832	33917
1097	0.000055	30400.88	27778	34796
1098	0.000055	30372.81	28226	35529
1099	0.000055	30251.61	27788	35742
1100	0.000056	30411.44	27379	34402
1101	0.000056	30913.63	28210	35164
1102	0.000056	30537.01	27907	33933
1103	0.000056	30622.81	27548	34113
1104	0.000056	30592.79	27582	38281
1105	0.000056	30790.41	28296	35840
1106	0.000056	30589.51	27854	34811
1107	0.000056	30741.64	28350	35254
1108	0.000056	30554.51	28108	35144
1109	0.000056	30703.09	28229	35311
1110	0.000056	30862.22	28117	36040
1111	0.000056	30849.33	27588	36793
1112	0.000057	30894.76	28386	35118
1113	0.000057	30906.57	28135	36682
1114	0.000056	30725.01	28493	36485
1115	0.000056	30856.97	28093	36282
1116	0.000057	30948.42	28370	34806
1117	0.000057	31364.19	28064	35379
1118	0.000057	30994.09	28100	34997
1119	0.000056	30914.16	28492	35592
1120	0.000057	31241.74	28024	38512
1121	0.000057	31061.42	28161	35397
1122	0.000057	31253.97	28667	36741
1123	0.000057	31246.67	28611	36201
1124	0.000057	31207.87	28620	35999
1125	0.000057	31428.09	28356	35747
1126	0.000057	31275.22	28509	35787
1127	0.000057	31450.17	28365	35403
1128	0.000057	31196.42	28744	34954
1129	0.000058	31615.70	29524	36139
1130	0.000058	31349.72	28410	36533
1131	0.000058	31609.43	28585	39433
1132	0.000058	31559.81	28725	35332
1133	0.000057	31800.31	28819	36164
1134	0.000058	31478.79	28954	35805
1135	0.000058	31633.52	28572	38655
1136	0.000058	31665.37	29008	37647
1137	0.000058	31794.46	28393	37566
1138	0.000058	31678.95	28686	36404
1139	0.000058	31750.76	28759	36250
1140	0.000059	31666.71	28846	40792
1141	0.000058	31646.16	28929	36312
1142	0.000058	31903.29	29190	36625
1143	0.000058	31741.75	29167	35172
1144	0.000058	31830.25	28505	38155
1145	0.000058	31995.62	28883	36797
1146	0.000059	32028.78	29599	36238
1147	0.000058	32169.60	29441	36915
1148	0.000058	31964.61	28734	36648
1149	0.000059	31946.95	29466	38745
1150	0.000058	31796.28	29511	35787
1151	0.000058	31935.49	28313	36061
1152	0.000059	32149.90	29763	37231
1153	0.000059	32187.59	29039	36567
1154	0.000059	32033.94	29310	35751
1155	0.000059	32283.57	29831	37719
1156	0.000059	32189.39	29996	38494
1157	0.000059	32435.02	29675	39472
1158	0.000059	32604.38	29110	38399
1159	0.000059	32363.76	29430	38831
1160	0.000059	32426.71	29388	37555
1161	0.000059	32221.06	29795	37633
1162	0.000059	32440.35	30046	37046
1163	0.000059	32543.69	29813	38065
1164	0.000059	32507.12	29704	36026
1165	0.000059	32529.95	29506	36834
1166	0.000060	32441.79	29699	37239
1167	0.000059	32732.49	29557	38288
1168	0.000060	32768.63	30114	40683
1169	0.000060	32642.24	30076	37321
1170	0.000060	32725.68	29925	39603
1171	0.000060	32662.58	30159	36826
1172	0.000059	32742.58	30258	37330
1173	0.000060	32915.90	29953	38573
1174	0.000060	32669.05	29237	38411
1175	0.000060	32692.86	29770	36510
1176	0.000060	32877.44	30000	37598
1177	0.000060	32939.54	29975	38155
1178	0.000060	32845.92	30595	38743
1179	0.000060	33073.60	30190	39754
1180	0.000060	33091.43	30049	37775
1181	0.000060	33443.72	30035	40706
1182	0.000061	32821.58	30017	38329
1183	0.000060	33128.33	30031	37219
1184	0.000060	33226.73	29649	38327
1185	0.000061	33278.72	30564	37925
1186	0.000061	33320.71	29947	40624
1187	0.000061	33175.35	30403	39174
1188	0.000061	33217.81	30270	37531
1189	0.000061	33583.43	30296	37830
1190	0.000061	33195.74	30303	37426
1191	0.000060	33242.57	30908	37265
1192	0.000061	33218.51	30244	37773
1193	0.000061	33462.83	30647	38521
1194	0.000062	33708.76	30971	41296
1195	0.000062	33436.85	30521	37455
1196	0.000062	33729.38	30405	39898
1197	0.000061	33573.83	31263	39875
1198	0.000068	33630.76	31189	40675
1199	0.000062	33477.28	30615	39862
1200	0.000062	33621.39	31322	37956
1201	0.000062	33610.12	30550	40377
1202	0.000062	34270.57	31376	44604
1203	0.000061	33809.13	31386	38461
1204	0.000062	33738.07	30735	39271
1205	0.000062	33554.29	30406	38214
1206	0.000062	33806.88	31139	39514
1207	0.000062	33892.51	30802	39015
1208	0.000062	34000.14	31594	39239
1209	0.000062	34021.29	30867	39383
1210	0.000062	33721.49	30704	37734
1211	0.000062	33974.18	30937	38145
1212	0.000062	34027.92	30770	39307
1213	0.000062	34391.79	30769	41465
1214	0.000063	34342.83	31124	40939
1215	0.000063	34002.04	31625	41283
1216	0.000062	34386.59	31494	41354
1217	0.000063	34082.45	30908	39937
1218	0.000062	34248.06	30909	40546
1219	0.000062	34327.86	31239	39238
1220	0.000062	34407.20	31254	39838
1221	0.000063	34079.50	31457	38020
1222	0.000064	34384.55	31265	39477
1223	0.000064	34540.32	31456	38751
1224	0.000062	34339.67	31270	41364
1225	0.000063	34745.50	31478	40611
1226	0.000062	34502.45	31526	40430
1227	0.000063	34735.64	32036	42390
1228	0.000063	34675.57	31831	40015
1229	0.000063	34639.33	31574	39313
1230	0.000063	34687.77	31867	39579
1231	0.000063	34674.31	31439	40034
1232	0.000063	34560.78	31234	41776
1233	0.000063	34673.97	31735	43684
1234	0.000063	34848.03	31888	40364
1235	0.000063	34750.60	31883	40112
1236	0.000063	34731.58	31735	39906
1237	0.000063	34975.08	31549	44091
1238	0.000063	34601.27	31227	41015
1239	0.000063	34909.01	32790	39410
1240	0.000064	35228.22	32283	40907
1241	0.000063	35001.01	32007	39301
1242	0.000063	34924.97	32295	45010
1243	0.000064	35285.35	32291	39480
1244	0.000064	35125.27	32252	40383
1245	0.000064	35156.37	31826	42256
1246	0.000064	35380.08	31581	44152
1247	0.000064	35166.70	32824	40743
1248	0.000064	35331.20	32067	40075
1249	0.000064	35094.82	31862	39245
1250	0.000064	35140.10	32105	38640
1251	0.000064	35557.65	32671	41057
1252	0.000065	35182.37	32440	41844
1253	0.000064	35166.86	31958	42205
1254	0.000065	35756.52	32563	41319
1255	0.000064	35493.73	32349	40814
1256	0.000064	35754.22	32353	45077
1257	0.000065	35640.22	32470	41655
1258	0.000065	35660.60	32750	41152
1259	0.000064	35505.22	33157	41423
1260	0.000065	35611.41	33225	39464
1261	0.000065	35605.94	32260	39851
1262	0.000065	35941.69	32951	42674
1263	0.000065	35817.98	32756	42085
1264	0.000065	35678.04	32255	43447
1265	0.000065	35566.59	32953	42261
1266	0.000065	36032.81	32657	44182
1267	0.000065	35786.48	33012	41743
1268	0.000065	36029.67	32703	45227
1269	0.000065	35694.65	32690	41198
1270	0.000065	35834.26	32594	42808
1271	0.000066	36012.73	33108	41491
1272	0.000065	36013.06	32341	40558
1273	0.000066	35649.67	32429	39573
1274	0.000065	36101.51	32511	43521
1275	0.000065	36096.87	33307	40611
1276	0.000066	36135.27	33407	39782
1277	0.000065	35820.68	32989	42277
1278	0.000066	36082.44	33115	45792
1279	0.000066	36585.42	33548	41048
1280	0.000066	36097.93	32925	42196
1281	0.000066	36036.36	33318	40451
1282	0.000066	36240.22	33344	41062
1283	0.000066	36369.69	33294	41750
1284	0.000066	36171.26	33395	42569
1285	0.000066	36383.96	33695	41270
1286	0.000066	36877.76	33770	43881
1287	0.000066	36244.75	33492	43822
1288	0.000066	36660.39	33491	42982
1289	0.000066	36439.37	33338	43156
1290	0.000066	36583.65	34027	42697
1291	0.000067	36522.29	33184	41147
1292	0.000066	36651.77	33415	43903
1293	0.000067	36394.28	33442	42055
1294	0.000066	36621.95	34011	41000
1295	0.000067	36676.61	34079	42994
1296	0.000067	36949.14	33933	41298
1297	0.000068	36828.93	32991	43635
1298	0.000068	36906.45	33689	45708
1299	0.000067	36862.09	34096	44983
1300	0.000067	36836.56	34110	41228
1301	0.000067	37000.66	33572	42607
1302	0.000067	36969.45	33408	43907
1303	0.000068	37107.12	33847	45955
1304	0.000067	37147.72	34314	43534
1305	0.000068	37331.49	33634	41584
1306	0.000067	36950.75	34148	41207
1307	0.000067	37116.46	33929	41378
1308	0.000068	37194.97	33803	44155
1309	0.000068	37196.52	33581	41261
1310	0.000068	37435.16	33955	46562
1311	0.000068	37335.01	34068	43339
1312	0.000067	37252.48	34307	43437
1313	0.000068	37600.07	34123	45932
1314	0.000068	37552.80	34086	43280
1315	0.000068	37442.75	33957	45662
1316	0.000068	37311.62	34328	44734
1317	0.000068	37595.14	33757	42168
1318	0.000068	37482.83	33870	44200
1319	0.000068	37417.93	34281	46223
1320	0.000069	37700.76	34452	41938
1321	0.000068	37637.82	34172	43788
1322	0.000069	37603.58	35160	42050
1323	0.000068	37453.94	34451	45330
1324	0.000068	37523.09	33572	41762
1325	0.000069	37677.80	34529	43099
1326	0.000069	37808.31	34637	45861
1327	0.000069	37717.81	34511	41633
1328	0.000068	37824.82	34362	47172
1329	0.000069	37810.34	34342	42764
1330	0.000069	37659.18	34288	43268
1331	0.000068	38173.62	34376	45387
1332	0.000069	37729.08	34902	44757
1333	0.000068	37784.47	34587	42050
1334	0.000069	38375.37	35580	46118
1335	0.000069	37959.46	34580	46098
1336	0.000069	38313.21	34971	43535
1337	0.000069	38233.63	34768	44674
1338	0.000069	38376.25	35447	46437
1339	0.000069	38117.47	34641	42860
1340	0.000069	38101.30	35036	43047
1341	0.000070	38211.34	35364	43686
1342	0.000069	38273.17	35254	45446
1343	0.000070	38858.27	35549	43291
1344	0.000070	38508.98	34878	47193
1345	0.000069	38218.68	34937	46404
1346	0.000070	38220.00	35034	43372
1347	0.000070	38468.99	35465	45423
1348	0.000070	38422.83	34794	46608
1349	0.000069	38338.90	34933	43636
1350	0.000070	38780.26	35530	45794
1351	0.000070	38425.34	34363	44851
1352	0.000070	38401.19	35347	43534
1353	0.000071	38554.79	35247	44107
1354	0.000070	38599.60	35374	43188
1355	0.000070	38919.65	35082	44757
1356	0.000070	38713.23	35641	43855
1357	0.000070	38682.99	35596	43115
1358	0.000070	38374.59	35620	45328
1359	0.000070	38904.32	35828	43776
1360	0.000071	38836.16	35538	44298
1361	0.000071	38989.94	35584	47348
1362	0.000070	38732.88	35902	44417
1363	0.000071	38958.48	35554	46569
1364	0.000071	38886.08	35470	46210
1365	0.000071	39015.35	35563	44407
1366	0.000071	39129.23	35896	44349
1367	0.000071	38921.06	35903	43396
1368	0.000072	39113.42	35822	44737
1369	0.000072	39733.67	36367	44720
1370	0.000071	39539.69	36266	47197
1371	0.000071	39241.32	34949	44095
1372	0.000071	39181.74	35741	43526
1373	0.000071	39380.47	36117	48515
1374	0.000071	39085.68	36189	45702
1375	0.000071	39449.36	36696	43614
1376	0.000072	39508.41	36233	45606
1377	0.000071	39602.99	36330	47611
1378	0.000071	39397.49	36302	44286
1379	0.000071	39646.52	36373	46587
1380	0.000072	39430.93	36532	46514
1381	0.000072	39554.09	36547	45101
1382	0.000072	39824.63	35252	46246
1383	0.000072	39887.41	36039	47134
1384	0.000072	39707.98	36171	45400
1385	0.000072	39676.28	36395	45335
1386	0.000072	39712.98	36621	45088
1387	0.000072	39602.11	36583	44314
1388	0.000072	39783.29	36662	45087
1389	0.000072	39521.36	36599	44237
1390	0.000072	39823.92	36414	44806
1391	0.000072	39995.20	37202	44186
1392	0.000072	39689.87	35924	46131
1393	0.000072	39795.83	36548	45618
1394	0.000073	40015.64	36772	46888
1395	0.000072	39857.63	36559	46908
1396	0.000072	40159.51	36291	50083
1397	0.000073	39899.00	36143	45171
1398	0.000072	40107.07	36665	44058
1399	0.000073	40116.89	37394	44755
1400	0.000073	40495.95	36755	47301
1401	0.000073	39993.63	37250	46811
1402	0.000073	40174.59	36661	46158
1403	0.000073	40286.00	37272	45937
1404	0.000073	40408.85	37525	48468
1405	0.000073	40142.15	36964	46085
1406	0.000073	40461.13	37420	46215
1407	0.000073	40234.82	36933	44312
1408	0.000074	40399.45	36483	46399
1409	0.000073	40606.26	36837	46660
1410	0.000074	40600.60	36364	49101
1411	0.000073	40465.65	37398	45432
1412	0.000074	40706.44	36817	45560
1413	0.000074	40531.06	37124	45918
1414	0.000073	40433.96	36713	45876
1415	0.000074	40428.73	36713	45819
1416	0.000074	40461.06	37412	47942
1417	0.000074	40623.08	37139	45227
1418	0.000073	40612.50	37501	48214
1419	0.000074	40660.75	37392	45916
1420	0.000074	41020.38	36951	47855
1421	0.000074	41162.05	37285	46230
1422	0.000074	40552.58	37670	45802
1423	0.000074	40689.27	37496	47871
1424	0.000074	41054.07	38225	48777
1425	0.000074	40880.65	37203	45715
1426	0.000075	41343.32	38323	47641
1427	0.000074	40821.66	36814	44414
1428	0.000075	41566.98	37599	47808
1429	0.000074	41150.13	37620	47097
1430	0.000075	41143.45	36699	47673
1431	0.000074	41286.82	37058	47865
1432	0.000075	41275.69	37910	46515
1433	0.000075	41691.26	37802	47316
1434	0.000075	41202.94	38369	47070
1435	0.000075	41321.60	37818	45494
1436	0.000075	41238.37	37958	49582
1437	0.000075	41565.90	38104	47012
1438	0.000075	41436.60	38568	45826
1439	0.000075	41413.17	37818	46470
1440	0.000075	41683.86	37424	48938
1441	0.000076	41608.49	38498	48967
1442	0.000076	41855.38	38045	49411
1443	0.000076	41926.05	37824	50832
1444	0.000075	41535.98	38199	48551
1445	0.000075	41549.14	38584	46731
1446	0.000075	41710.44	37872	48213
1447	0.000075	41820.02	38344	47640
1448	0.000076	41792.03	38987	46962
1449	0.000076	41590.93	38072	47280
1450	0.000076	41962.66	38915	46292
1451	0.000075	41776.03	38836	46718
1452	0.000076	41721.33	38234	47049
1453	0.000076	41938.48	38799	50550
1454	0.000076	42360.22	38287	49641
1455	0.000077	42070.32	38687	46086
1456	0.000076	42494.11	38272	48722
1457	0.000076	42313.78	38612	48326
1458	0.000076	42104.76	38702	49923
1459	0.000076	42184.82	38808	51788
1460	0.000076	42098.43	38801	47050
1461	0.000076	42106.29	38616	51606
1462	0.000076	42130.48	38440	51420
1463	0.000076	41896.81	38489	48269
1464	0.000077	42724.44	38818	53630
1465	0.000077	42311.21	38810	50561
1466	0.000077	42530.42	38980	49460
1467	0.000077	42414.60	38715	49218
1468	0.000077	42569.35	38726	49221
1469	0.000077	42841.36	39585	49273
1470	0.000076	42384.32	38859	49774
1471	0.000077	42790.72	38794	48131
1472	0.000077	42396.12	38978	49696
1473	0.000077	42510.21	39370	48184
1474	0.000077	42801.53	39178	47952
1475	0.000077	42895.80	38568	49604
1476	0.000077	42574.54	38831	48411
1477	0.000077	42527.16	38869	49034
1478	0.000077	42716.01	39818	52280
1479	0.000077	42988.85	39258	49956
1480	0.000077	42772.81	38818	47811
1481	0.000077	42368.06	39441	46165
1482	0.000078	43029.76	39596	47778
1483	0.000077	42930.77	39604	52312
1484	0.000078	42819.99	39358	50474
1485	0.000078	43157.20	39192	51050
1486	0.000078	43150.89	39392	47820
1487	0.000078	42874.31	38950	50053
1488	0.000078	43127.87	40017	48531
1489	0.000078	43437.96	39693	50202
1490	0.000078	43461.54	40305	50573
1491	0.000078	43446.39	39196	49119
1492	0.000079	42888.63	38815	48181
1493	0.000079	42916.76	38686	49222
1494	0.000078	43677.81	39686	50563
1495	0.000078	43403.47	40175	51145
1496	0.000078	43241.55	40161	49842
1497	0.000078	43305.21	39823	50153
1498	0.000079	43826.85	40317	50912
1499	0.000079	43270.51	40162	49240
1500	0.000079	43525.61	40162	49055
1501	0.000079	43749.98	40210	51293
1502	0.000079	43916.26	40214	51863
1503	0.000079	43657.94	40219	52467
1504	0.000079	43547.48	40068	51153
1505	0.000079	43553.72	40063	48895
1506	0.000079	43751.03	39724	48956
1507	0.000079	43681.25	39954	49881
1508	0.000079	43756.06	40016	48302
1509	0.000079	43916.62	40607	51873
1510	0.000079	43570.16	40490	49316
1511	0.000079	44061.93	40835	52779
1512	0.000079	43683.53	40028	47903
1513	0.000080	43702.77	40071	51408
1514	0.000079	43794.86	40527	48864
1515	0.000080	44000.50	40652	48918
1516	0.000080	43980.67	40127	48159
1517	0.000080	44105.62	40886	49989
1518	0.000081	44103.89	40870	47925
1519	0.000081	44347.19	41091	50868
1520	0.000080	44564.72	40375	50702
1521	0.000080	43661.79	40423	49417
1522	0.000079	44000.79	40638	50644
1523	0.000080	44337.15	41051	51460
1524	0.000080	44704.60	41047	57710
1525	0.000081	44698.79	41286	50229
1526	0.000080	44265.10	41357	49279
1527	0.000080	44360.72	40704	51314
1528	0.000080	44185.14	40898	50191
1529	0.000080	44304.43	40640	48702
1530	0.000080	44765.18	40697	52198
1531	0.000080	44629.24	40657	54738
1532	0.000080	44592.42	40939	50808
1533	0.000081	44704.65	41437	49067
1534	0.000080	44306.33	40717	48988
1535	0.000081	44896.63	41041	52717
1536	0.000080	44581.58	40524	51648
1537	0.000081	44910.68	41877	50727
1538	0.000081	45169.10	41511	51809
1539	0.000081	45175.52	40352	55518
1540	0.000081	44851.37	41350	50850
1541	0.000081	44739.32	41296	51003
1542	0.000081	44630.67	40759	50432
1543	0.000082	44870.02	41662	50093
1544	0.000081	44581.54	41514	51203
1545	0.000081	44667.96	41134	50612
1546	0.000082	44913.27	41642	51548
1547	0.000082	45306.35	42013	54336
1548	0.000082	45052.64	41280	49865
1549	0.000081	45145.13	41790	52122
1550	0.000082	45219.49	41389	51935
1551	0.000083	45410.22	41993	53009
1552	0.000081	45030.59	41603	53365
1553	0.000082	44897.26	41412	50872
1554	0.000082	45473.14	41190	56138
1555	0.000082	45873.57	41612	53253
1556	0.000082	45292.61	41837	49818
1557	0.000082	45475.75	41801	50779
1558	0.000082	45448.24	41186	52943
1559	0.000083	45775.51	42067	55530
1560	0.000082	45316.10	41428	51804
1561	0.000083	45713.18	41759	52364
1562	0.000082	45348.18	42389	51342
1563	0.000083	45462.06	41736	55606
1564	0.000082	45712.41	41418	52880
1565	0.000082	45638.09	41836	52183
1566	0.000083	45698.94	41937	53120
1567	0.000082	45606.77	42292	52998
1568	0.000082	45669.74	41086	50722
1569	0.000083	45842.42	42263	50813
1570	0.000082	45905.63	41653	53280
1571	0.000083	46257.59	41968	51513
1572	0.000083	45705.35	42449	55129
1573	0.000083	45993.78	42925	53933
1574	0.000083	45949.77	42506	54164
1575	0.000083	45947.64	42608	52443
1576	0.000083	46195.48	42398	54079
1577	0.000083	46088.97	42317	52272
1578	0.000083	46228.00	42272	52636
1579	0.000084	46124.87	42127	51394
1580	0.000083	46210.86	42381	51961
1581	0.000083	46126.86	42975	53391
1582	0.000084	46251.86	42495	51563
1583	0.000084	46376.05	42906	52726
1584	0.000083	45923.27	42242	51426
1585	0.000084	46299.44	42447	55757
1586	0.000084	46311.64	42496	56867
1587	0.000084	46100.88	42796	52995
1588	0.000084	46375.10	42009	53153
1589	0.000085	46151.53	42392	53777
1590	0.000084	46182.88	42840	51541
1591	0.000084	46433.61	42445	52855
1592	0.000084	46663.80	42849	58320
1593	0.000084	46857.37	43261	55928
1594	0.000084	46830.39	43015	53931
1595	0.000084	46720.54	42734	56872
1596	0.000084	46756.98	42608	52636
1597	0.000085	46919.02	43191	55389
1598	0.000084	46781.18	42475	54501
1599	0.000085	46833.18	43397	53553
1600	0.000084	46742.18	43052	52734
1601	0.000085	47007.33	42210	53307
1602	0.000085	46629.98	42973	52359
1603	0.000085	46541.50	41705	52864
1604	0.000085	46968.26	43019	54294
1605	0.000085	46764.46	43492	52898
1606	0.000085	47162.97	43552	52599
1607	0.000085	47191.97	43134	56467
1608	0.000085	47012.44	44523	53406
1609	0.000085	46966.74	43979	56403
1610	0.000085	47294.07	43161	54548
1611	0.000085	47427.47	43869	57566
1612	0.000085	47212.80	42678	52565
1613	0.000085	47301.57	43271	52934
1614	0.000085	47475.91	43768	54158
1615	0.000085	47488.56	43195	55172
1616	0.000086	47457.24	43566	55807
1617	0.000085	47252.90	43862	53857
1618	0.000087	47623.47	43043	54593
1619	0.000087	47578.73	43919	53924
1620	0.000086	47532.14	43165	54269
1621	0.000085	47496.38	43588	55480
1622	0.000086	47160.90	43563	52796
1623	0.000086	47792.74	44273	55669
1624	0.000086	47555.63	43820	53522
1625	0.000086	48056.21	43733	58272
1626	0.000086	47678.41	44478	55172
1627	0.000086	48039.05	43409	58631
1628	0.000086	48064.87	44332	54653
1629	0.000087	47833.07	43401	54685
1630	0.000087	47848.44	44718	53499
1631	0.000087	48231.79	44366	54774
1632	0.000086	47759.13	43774	53582
1633	0.000086	48037.78	43886	53803
1634	0.000087	47791.59	44050	54545
1635	0.000087	48090.74	43713	56759
1636	0.000088	48273.75	43604	55539
1637	0.000088	47761.35	44215	54738
1638	0.000087	48062.85	43735	55877
1639	0.000087	48287.96	44286	54136
1640	0.000087	48338.39	44403	55643
1641	0.000087	48100.38	44370	55555
1642	0.000087	48058.01	43943	53955
1643	0.000087	48606.14	44053	56433
1644	0.000087	48510.74	44101	55418
1645	0.000087	48262.64	44405	55254
1646	0.000087	48481.62	43816	55647
1647	0.000087	48343.18	44478	53058
1648	0.000087	48639.30	44455	56979
1649	0.000087	48234.53	44491	54990
1650	0.000088	48503.72	44309	57369
1651	0.000087	48739.87	44746	56156
1652	0.000088	48924.74	43935	58086
1653	0.000088	48615.27	45077	54760
1654	0.000088	48942.70	44187	57538
1655	0.000088	48750.88	44789	55650
1656	0.000088	48892.22	44601	58325
1657	0.000088	48885.16	44322	54059
1658	0.000089	48979.29	45183	56961
1659	0.000089	48413.24	44257	56026
1660	0.000090	48892.05	44583	55564
1661	0.000089	48924.18	45246	55174
1662	0.000088	48819.42	44370	60820
1663	0.000089	48739.12	44874	55506
1664	0.000088	48682.01	45241	54252
1665	0.000088	48714.89	44654	56820
1666	0.000088	49244.22	45109	55871
1667	0.000088	48992.11	44621	56588
1668	0.000089	48998.90	45661	55939
1669	0.000089	49719.47	45202	62482
1670	0.000088	49060.68	44031	56839
1671	0.000089	49168.12	45209	57023
1672	0.000089	48612.62	44254	55325
1673	0.000089	48869.87	45547	57941
1674	0.000090	49694.63	45403	62752
1675	0.000090	49534.39	45663	56313
1676	0.000089	49340.79	45536	59392
1677	0.000089	49554.23	45637	54635
1678	0.000090	49442.17	44796	56177
1679	0.000089	49630.25	44991	56905
1680	0.000089	49812.32	45558	57612
1681	0.000089	49585.27	44879	55383
1682	0.000089	49557.15	45322	58990
1683	0.000089	49930.94	44737	56962
1684	0.000090	49869.11	45766	59735
1685	0.000089	49806.40	46244	58760
1686	0.000089	49712.11	45885	58600
1687	0.000090	50297.52	45958	57124
1688	0.000090	49509.31	45997	57926
1689	0.000090	49698.26	45583	55487
1690	0.000090	49738.50	45074	57030
1691	0.000090	49430.91	45548	56054
1692	0.000090	49935.20	45167	60598
1693	0.000090	49976.38	45339	56294
1694	0.000090	49914.50	45954	55476
1695	0.000090	50588.70	45266	57248
1696	0.000090	50556.15	46101	58994
1697	0.000090	50120.19	46463	55099
1698	0.000091	50249.50	46073	57946
1699	0.000090	49912.47	46674	54657
1700	0.000090	50652.21	46960	57191
1701	0.000091	50510.16	46616	60348
1702	0.000091	49933.78	46248	57863
1703	0.000090	50396.52	46006	58810
1704	0.000091	50712.86	46266	59449
1705	0.000090	50408.99	46220	57762
1706	0.000091	50445.08	46871	58022
1707	0.000091	50676.61	45924	57402
1708	0.000091	50072.57	45451	55075
1709	0.000091	50771.16	47291	57648
1710	0.000091	50417.84	46289	56118
1711	0.000091	50122.52	46783	57724
1712	0.000091	50313.50	46999	57693
1713	0.000092	50941.30	46427	57977
1714	0.000091	50839.00	46048	59537
1715	0.000091	50843.39	46840	57085
1716	0.000092	51141.06	47411	57699
1717	0.000091	50812.96	46949	61131
1718	0.000092	50780.53	46490	57446
1719	0.000091	51074.46	46823	57814
1720	0.000092	51382.28	47017	60972
1721	0.000092	51081.49	46528	61346
1722	0.000092	50727.00	46310	58860
1723	0.000092	51077.82	46459	57900
1724	0.000092	50948.18	46518	57692
1725	0.000092	50994.22	47440	59521
1726	0.000092	50968.24	47809	56037
1727	0.000093	51339.11	47082	57752
1728	0.000093	50968.72	46504	58820
1729	0.000093	51074.82	46911	58203
1730	0.000092	51272.66	47020	60897
1731	0.000092	51201.95	46811	59740
1732	0.000092	51177.22	46765	60050
1733	0.000092	51765.77	47638	61181
1734	0.000093	51451.27	47327	58870
1735	0.000092	51560.41	46983	59404
1736	0.000093	51507.32	47728	58015
1737	0.000093	51213.74	47676	58123
1738	0.000093	51096.80	46963	57009
1739	0.000092	51626.67	47007	58409
1740	0.000093	51561.15	47882	57261
1741	0.000093	51766.71	47295	63827
1742	0.000093	51344.80	46754	58827
1743	0.000093	51875.12	46794	58708
1744	0.000093	51610.87	47859	57940
1745	0.000093	51663.85	47468	58683
1746	0.000093	51894.58	46770	59771
1747	0.000093	51731.30	48137	58437
1748	0.000093	51991.16	48062	59747
1749	0.000093	51861.07	47773	59498
1750	0.000094	52116.98	48062	65966
1751	0.000094	51889.85	48292	58301
1752	0.000094	52066.70	47172	59423
1753	0.000093	51903.99	47511	57874
1754	0.000094	52249.41	48332	58308
1755	0.000094	51992.02	47858	58913
1756	0.000094	52136.70	48078	60824
1757	0.000094	51822.30	47963	59447
1758	0.000094	52351.18	48076	61064
1759	0.000094	52275.81	48844	58668
1760	0.000094	52359.96	47639	59719
1761	0.000094	52074.65	47203	57574
1762	0.000095	52436.02	47658	59980
1763	0.000094	52002.13	47771	59122
1764	0.000094	52609.16	48319	61985
1765	0.000094	52381.62	47125	64542
1766	0.000094	52694.08	47605	64172
1767	0.000094	52487.76	48316	61503
1768	0.000094	52437.57	48017	59224
1769	0.000094	52381.16	48621	59680
1770	0.000095	52855.45	47966	64660
1771	0.000095	52439.89	48391	58908
1772	0.000095	52853.38	48832	62186
1773	0.000095	52747.57	49422	59383
1774	0.000095	52819.40	48700	59582
1775	0.000095	52489.87	47991	59362
1776	0.000096	52430.14	48389	58202
1777	0.000094	52745.09	48404	58886
1778	0.000095	52409.45	48601	58333
1779	0.000095	52688.53	48034	59106
1780	0.000096	53093.49	48447	62669
1781	0.000096	53189.36	48947	61929
1782	0.000096	52974.18	49395	59714
1783	0.000095	52997.34	48883	59538
1784	0.000095	52755.49	48786	66131
1785	0.000096	53080.40	48680	62411
1786	0.000095	53362.43	49171	59621
1787	0.000096	53221.66	48870	60469
1788	0.000095	53009.31	49124	57390
1789	0.000096	53385.09	48708	59821
1790	0.000096	53250.33	48266	60099
1791	0.000096	53427.24	48096	60526
1792	0.000096	53240.67	49004	60602
1793	0.000096	53423.49	49430	59582
1794	0.000097	53913.82	48666	62727
1795	0.000097	53771.52	49072	62829
1796	0.000096	53425.66	49801	58364
1797	0.000096	53990.95	50033	63323
1798	0.000096	53360.65	48943	61088
1799	0.000096	53475.44	48943	60900
1800	0.000097	53630.49	48930	60464
1801	0.000096	53648.62	49452	58982
1802	0.000096	53760.10	49285	61486
1803	0.000096	54024.44	49036	66791
1804	0.000097	54222.27	50034	64848
1805	0.000097	53886.07	49178	61008
1806	0.000097	53915.93	49334	62160
1807	0.000097	53506.27	48953	62238
1808	0.000097	53522.80	49154	60768
1809	0.000097	53871.16	50012	59604
1810	0.000097	54100.15	49663	59508
1811	0.000097	53846.89	50220	61531
1812	0.000097	53656.13	49769	60316
1813	0.000097	53936.64	49417	60180
1814	0.000097	54130.75	49379	60882
1815	0.000098	54131.91	49178	65925
1816	0.000098	54277.80	49781	63990
1817	0.000099	54041.22	50095	63578
1818	0.000097	54240.93	49891	61572
1819	0.000098	54244.35	49452	62531
1820	0.000098	54500.71	50537	61906
1821	0.000097	54419.01	49824	62141
1822	0.000098	54238.17	50438	63312
1823	0.000098	54397.77	50120	63627
1824	0.000098	54159.57	49722	61466
1825	0.000098	54590.80	49146	61302
1826	0.000098	54979.86	49806	66547
1827	0.000098	54388.58	50641	62626
1828	0.000098	54702.30	50483	61533
1829	0.000098	54367.14	51004	61688
1830	0.000098	54507.33	50473	60781
1831	0.000099	55015.48	50109	61132
1832	0.000102	54573.69	50564	64583
1833	0.000098	54782.55	49715	63681
1834	0.000099	54817.83	50021	63428
1835	0.000099	55148.85	50703	64569
1836	0.000098	54953.71	49682	63921
1837	0.000099	54817.12	51039	65174
1838	0.000099	55046.93	50282	61749
1839	0.000099	55222.15	51212	60582
1840	0.000099	55356.92	50884	62401
1841	0.000099	55035.61	50863	61626
1842	0.000099	54894.35	50972	63275
1843	0.000099	55743.90	51296	63507
1844	0.000099	54896.43	51266	63434
1845	0.000099	55203.79	50801	62634
1846	0.000099	55093.29	50442	63800
1847	0.000099	55237.90	50952	62089
1848	0.000099	55041.82	50624	63187
1849	0.000099	55408.14	50662	64344
1850	0.000099	55513.12	50254	63930
1851	0.000099	55349.79	51230	68171
1852	0.000100	55213.98	49451	62511
1853	0.000099	55411.53	50299	64411
1854	0.000100	55469.05	51279	65792
1855	0.000100	55530.95	50337	62629
1856	0.000100	55799.14	50417	63774
1857	0.000100	55751.17	51714	63602
1858	0.000100	55863.50	50583	64178
1859	0.000100	55584.73	50711	64936
1860	0.000100	55658.39	50874	61862
1861	0.000100	55623.77	51366	66973
1862	0.000100	56296.58	50303	65710
1863	0.000100	56121.37	51722	61933
1864	0.000100	56084.34	51686	63704
1865	0.000101	55899.78	50776	63242
1866	0.000100	55721.08	52022	64473
1867	0.000101	55848.26	51236	64987
1868	0.000100	55903.15	51375	62526
1869	0.000100	56350.45	51682	63806
1870	0.000101	56776.48	51810	67089
1871	0.000101	56640.72	52032	67752
1872	0.000101	56208.53	51436	64167
1873	0.000101	56055.01	51383	65429
1874	0.000101	57032.81	51343	64862
1875	0.000101	56052.57	51764	64955
1876	0.000101	56299.51	51402	63973
1877	0.000101	55818.88	52041	62709
1878	0.000101	56106.21	51641	63253
1879	0.000101	56302.46	51658	62932
1880	0.000101	56225.51	51211	65567
1881	0.000101	56406.55	51422	63164
1882	0.000101	56188.70	52008	62476
1883	0.000101	56748.73	52404	64302
1884	0.000101	56389.85	51452	62668
1885	0.000101	56225.22	51796	65190
1886	0.000101	56711.37	52244	65881
1887	0.000101	56553.44	51835	66534
1888	0.000102	56511.03	52547	63220
1889	0.000101	56435.64	50892	63924
1890	0.000102	56331.54	52038	61701
1891	0.000102	56657.65	52490	63562
1892	0.000102	56765.48	51916	62939
1893	0.000102	56848.05	52282	64477
1894	0.000102	57082.10	52424	66132
1895	0.000113	56675.69	51959	70993
1896	0.000103	56908.44	51893	66576
1897	0.000102	57108.16	52708	68517
1898	0.000102	56788.24	51471	62852
1899	0.000102	56677.76	52579	64076
1900	0.000102	57153.84	52703	65632
1901	0.000103	56930.34	52548	64401
1902	0.000103	56945.75	52795	64822
1903	0.000103	56878.35	52271	63084
1904	0.000103	57119.56	52004	66847
1905	0.000103	57463.63	52066	67475
1906	0.000103	57575.27	53761	64057
1907	0.000103	57210.16	52093	65472
1908	0.000103	57095.60	52370	64737
1909	0.000103	56954.78	52207	63420
1910	0.000103	57351.29	52790	66466
1911	0.000103	57054.94	53146	64247
1912	0.000104	57455.24	53091	64052
1913	0.000103	57785.28	51569	63703
1914	0.000104	57767.10	52543	68257
1915	0.000103	57626.28	53092	66519
1916	0.000103	57444.04	52862	61999
1917	0.000103	57686.36	52228	67134
1918	0.000104	57990.13	52696	64573
1919	0.000104	58078.86	53176	69689
1920	0.000104	58048.32	52746	67192
1921	0.000104	57650.49	52904	67294
1922	0.000104	58282.91	53085	69727
1923	0.000104	58196.09	53687	65954
1924	0.000104	57462.31	53474	63564
1925	0.000104	58162.41	52471	66992
1926	0.000104	58081.43	53086	65724
1927	0.000104	58033.78	52311	66080
1928	0.000104	58167.57	53094	63183
1929	0.000105	58043.45	53905	74945
1930	0.000105	58230.68	52887	67886
1931	0.000104	58139.47	53958	65905
1932	0.000104	58098.43	53492	67520
1933	0.000104	58283.17	54050	66003
1934	0.000105	57943.74	53391	68606
1935	0.000109	58337.05	53643	64211
1936	0.000108	58705.54	54332	69831
1937	0.000105	58365.56	54010	67445
1938	0.000105	58954.93	53369	69758
1939	0.000105	58143.30	53221	71015
1940	0.000105	58188.65	54480	66330
1941	0.000105	58342.49	54349	68155
1942	0.000107	58783.51	53443	69646
1943	0.000106	57998.88	53106	69030
1944	0.000106	58439.52	53693	68037
1945	0.000105	58572.28	53152	66795
1946	0.000106	59225.27	54060	69080
1947	0.000106	58759.85	53889	67597
1948	0.000106	58659.49	53921	75116
1949	0.000105	58555.53	53944	66631
1950	0.000106	58881.36	54349	71813
1951	0.000106	58632.44	53432	68071
1952	0.000106	58470.55	53738	67609
1953	0.000106	58979.23	54229	67596
1954	0.000106	58940.80	54092	69684
1955	0.000106	58838.56	54752	65206
1956	0.000106	58619.05	54292	66054
1957	0.000106	59242.13	54270	70762
1958	0.000106	59267.97	54124	67159
1959	0.000106	58883.37	53945	67799
1960	0.000107	59503.49	53872	72255
1961	0.000106	59240.21	54524	68314
1962	0.000106	58652.50	54767	67880
1963	0.000106	58978.46	53371	66930
1964	0.000107	59410.71	54436	69077
1965	0.000107	59058.76	54292	66776
1966	0.000107	59121.38	54634	66888
1967	0.000107	59271.27	54621	68813
1968	0.000108	59397.00	54987	66385
1969	0.000107	59082.10	53443	67494
1970	0.000107	59865.74	54649	69962
1971	0.000107	59069.39	54650	70111
1972	0.000107	59230.43	54397	66971
1973	0.000109	59190.51	54524	65229
1974	0.000108	59450.62	54385	67388
1975	0.000107	59889.82	55800	74182
1976	0.000108	60203.74	54840	68371
1977	0.000107	59801.65	55670	72292
1978	0.000107	59526.54	54554	68856
1979	0.000108	59567.86	55230	66667
1980	0.000107	60253.00	55528	66901
1981	0.000108	59562.82	55189	66714
1982	0.000108	60132.66	54848	68774
1983	0.000107	59158.09	54826	65823
1984	0.000107	59725.10	55656	65930
1985	0.000107	60104.57	54742	72936
1986	0.000108	59883.14	55621	66196
1987	0.000108	59533.90	54681	65649
1988	0.000108	60082.30	54903	68452
1989	0.000108	60088.85	55807	73409
1990	0.000108	60167.17	55650	70530
1991	0.000108	60458.29	55257	68752
1992	0.000108	60360.10	55350	66994
1993	0.000108	60292.13	55855	70493
1994	0.000108	59976.67	55912	68782
1995	0.000108	60638.07	55879	70644
1996	0.000108	60675.35	55740	67374
1997	0.000109	60477.41	55615	67302
1998	0.000108	60195.84	54512	70894
1999	0.000108	59966.47	56425	66471
2000	0.000109	60869.48	55744	71405
