1	0.000000	0.00	0	0
2	0.000000	9.65	8	11
3	0.000000	17.80	12	26
4	0.000000	29.09	21	45
5	0.000000	38.81	26	68
6	0.000000	49.78	36	89
7	0.000001	65.32	42	104
8	0.000001	76.71	54	132
9	0.000001	90.42	67	138
10	0.000001	103.33	75	158
11	0.000000	124.34	91	183
12	0.000000	133.39	93	206
13	0.000000	153.51	112	215
14	0.000001	169.88	129	246
15	0.000001	181.52	135	254
16	0.000001	196.47	155	304
17	0.000001	213.18	171	293
18	0.000001	239.70	178	388
19	0.000001	249.87	199	353
20	0.000001	272.35	197	421
21	0.000001	281.51	218	417
22	0.000001	302.32	246	415
23	0.000001	323.08	254	444
24	0.000001	341.28	270	509
25	0.000001	363.59	288	503
26	0.000001	388.78	299	612
27	0.000001	403.36	322	612
28	0.000001	416.45	323	656
29	0.000001	438.77	347	594
30	0.000001	465.32	360	739
31	0.000001	479.61	377	713
32	0.000001	499.57	392	689
33	0.000002	512.86	406	707
34	0.000002	535.47	425	731
35	0.000002	545.56	423	859
36	0.000002	570.21	463	831
37	0.000002	593.52	462	846
38	0.000002	624.31	517	830
39	0.000002	653.22	519	889
40	0.000002	655.10	531	887
41	0.000002	687.73	549	945
42	0.000002	698.09	557	1208
43	0.000002	708.39	570	986
44	0.000002	739.72	626	1023
45	0.000002	767.30	605	1039
46	0.000002	785.46	645	1096
47	0.000002	808.93	625	1055
48	0.000002	816.36	665	1051
49	0.000002	872.00	690	1301
50	0.000003	882.36	698	1135
51	0.000003	917.00	736	1294
52	0.000003	913.88	735	1336
53	0.000003	942.98	776	1163
54	0.000003	976.10	754	1302
55	0.000003	973.69	794	1459
56	0.000003	1026.04	837	1454
57	0.000003	1025.65	862	1511
58	0.000003	1060.94	817	1377
59	0.000003	1078.58	876	1368
60	0.000003	1103.58	880	1689
61	0.000003	1141.02	950	1485
62	0.000003	1150.31	917	1755
63	0.000007	1178.17	949	1519
64	0.000008	1200.23	999	1785
65	0.000007	1222.57	979	1544
66	0.000004	1236.30	1013	1789
67	0.000004	1247.69	1053	1712
68	0.000004	1300.23	1074	1828
69	0.000004	1281.87	1082	1686
70	0.000004	1352.89	1105	1833
71	0.000004	1360.84	1075	2211
72	0.000004	1404.60	1141	2021
73	0.000004	1398.39	1174	1882
74	0.000004	1431.31	1158	1924
75	0.000004	1459.89	1192	1934
76	0.000004	1481.65	1231	2093
77	0.000004	1484.04	1219	1897
78	0.000004	1546.53	1233	2163
79	0.000004	1586.39	1271	2104
80	0.000004	1567.43	1295	1974
81	0.000004	1592.40	1357	2002
82	0.000004	1632.20	1328	2131
83	0.000005	1642.11	1342	2112
84	0.000005	1674.46	1387	2166
85	0.000005	1728.76	1431	2169
86	0.000005	1719.58	1438	2213
87	0.000005	1759.01	1478	2561
88	0.000005	1800.95	1486	2276
89	0.000005	1811.26	1416	2303
90	0.000005	1854.73	1513	2498
91	0.000005	1842.57	1557	2355
92	0.000005	1881.76	1605	2556
93	0.000005	1903.74	1530	2593
94	0.000005	1955.03	1651	3067
95	0.000005	2006.99	1639	2454
96	0.000005	2015.80	1632	2675
97	0.000005	2043.57	1698	2459
98	0.000006	2052.05	1698	2647
99	0.000006	2057.51	1712	2637
100	0.000006	2099.31	1697	3015
101	0.000006	2092.84	1776	2671
102	0.000006	2117.21	1743	2817
103	0.000006	2133.08	1734	2647
104	0.000006	2215.64	1794	2921
105	0.000006	2205.70	1848	2775
106	0.000006	2242.36	1895	2872
107	0.000006	2272.46	1904	3292
108	0.000006	2340.18	1913	2989
109	0.000006	2291.67	1902	2854
110	0.000006	2331.26	1877	3308
111	0.000006	2390.44	2015	3013
112	0.000006	2380.45	1936	3061
113	0.000007	2438.09	2061	3167
114	0.000007	2466.75	2062	3424
115	0.000007	2469.49	2090	3225
116	0.000007	2467.54	2062	3231
117	0.000007	2502.27	2125	3509
118	0.000007	2543.03	2103	3098
119	0.000007	2617.25	2085	3496
120	0.000007	2663.63	2165	3849
121	0.000007	2637.77	2174	3420
122	0.000007	2686.80	2214	3464
123	0.000007	2669.58	2260	3438
124	0.000007	2718.15	2314	3446
125	0.000007	2723.67	2208	3351
126	0.000007	2725.80	2329	3751
127	0.000008	2843.67	2346	4435
128	0.000008	2817.79	2313	3514
129	0.000008	2829.25	2367	4033
130	0.000008	2883.89	2374	3653
131	0.000008	2908.16	2425	3934
132	0.000008	2920.00	2416	3809
133	0.000008	3000.90	2406	3958
134	0.000008	2971.28	2535	4172
135	0.000008	2944.20	2514	3956
136	0.000008	3048.46	2564	3988
137	0.000008	3102.88	2517	4279
138	0.000008	3140.84	2553	4455
139	0.000008	3080.61	2551	4144
140	0.000008	3129.58	2704	3683
141	0.000009	3204.33	2689	4618
142	0.000009	3189.45	2611	4131
143	0.000009	3198.20	2743	4005
144	0.000009	3293.46	2740	4364
145	0.000009	3302.68	2665	4747
146	0.000009	3318.46	2753	4527
147	0.000009	3355.93	2784	4272
148	0.000009	3386.80	2848	4201
149	0.000009	3468.83	2828	4731
150	0.000009	3462.75	2903	4476
151	0.000009	3444.69	2879	4435
152	0.000009	3509.33	2879	4696
153	0.000009	3453.66	2938	4616
154	0.000009	3479.62	2896	4760
155	0.000010	3593.70	2972	4717
156	0.000010	3643.54	3043	4738
157	0.000010	3636.98	2946	5210
158	0.000010	3622.96	3031	4425
159	0.000010	3734.49	3027	4807
160	0.000010	3692.84	3117	5230
161	0.000010	3732.33	3003	4655
162	0.000010	3728.03	3181	4748
163	0.000010	3817.23	3187	4958
164	0.000010	3822.49	3164	5039
165	0.000010	3861.13	3265	5099
166	0.000010	3884.13	3185	5379
167	0.000010	3839.58	3191	5111
168	0.000010	3842.71	3297	4727
169	0.000010	3918.37	3295	5154
170	0.000011	3999.79	3302	6220
171	0.000011	4020.14	3345	5423
172	0.000011	3978.15	3389	4996
173	0.000011	4089.27	3454	5179
174	0.000011	4107.98	3403	5121
175	0.000011	4097.25	3376	5035
176	0.000011	4203.27	3501	5974
177	0.000011	4228.36	3624	5195
178	0.000011	4194.40	3468	5309
179	0.000011	4308.92	3592	5349
180	0.000011	4309.63	3620	5387
181	0.000011	4309.50	3585	5608
182	0.000011	4301.26	3683	5554
183	0.000012	4316.03	3670	6351
184	0.000011	4443.99	3756	5399
185	0.000012	4405.14	3703	5626
186	0.000012	4342.64	3637	5386
187	0.000012	4472.93	3731	6541
188	0.000012	4517.91	3844	5864
189	0.000012	4440.13	3709	5536
190	0.000012	4499.95	3923	5378
191	0.000012	4519.24	3778	5424
192	0.000012	4649.62	3796	6383
193	0.000012	4646.61	3852	6076
194	0.000012	4708.02	3852	5776
195	0.000012	4691.67	4011	6308
196	0.000012	4740.82	4057	6898
197	0.000012	4748.75	4163	6066
198	0.000013	4794.11	3981	6127
199	0.000013	4859.80	4090	6625
200	0.000013	4841.33	4172	5740
201	0.000013	4842.59	4048	5907
202	0.000013	4862.47	4029	6141
203	0.000013	4943.97	4152	7068
204	0.000013	4939.14	4295	5853
205	0.000013	5072.76	4204	6821
206	0.000013	5053.14	4296	6440
207	0.000013	5104.63	4185	6549
208	0.000013	5029.25	4278	6315
209	0.000013	5063.53	4352	6374
210	0.000013	5134.64	4337	6684
211	0.000014	5119.77	4299	6526
212	0.000014	5199.81	4383	6631
213	0.000014	5283.71	4395	6245
214	0.000014	5229.24	4354	6630
215	0.000014	5314.34	4328	7022
216	0.000014	5246.07	4469	6496
217	0.000014	5301.65	4606	6528
218	0.000014	5380.63	4461	7067
219	0.000014	5436.51	4654	7256
220	0.000014	5475.03	4608	7573
221	0.000014	5507.50	4772	8057
222	0.000014	5532.91	4502	7353
223	0.000014	5512.64	4740	6837
224	0.000014	5556.77	4765	7397
225	0.000015	5587.89	4838	7627
226	0.000015	5561.29	4729	7323
227	0.000015	5598.80	4564	7307
228	0.000016	5693.28	4956	6743
229	0.000015	5666.44	4782	7168
230	0.000015	5786.58	4738	7051
231	0.000015	5726.44	4734	7663
232	0.000015	5789.18	4956	7449
233	0.000015	5819.36	4970	7213
234	0.000015	5894.20	5008	7332
235	0.000015	5818.33	4847	7029
236	0.000015	5834.46	4961	7538
237	0.000015	5897.94	5043	7222
238	0.000015	5990.14	5146	8224
239	0.000016	5979.06	5174	7207
240	0.000016	6012.66	5203	7467
241	0.000016	6076.21	5167	7245
242	0.000016	6051.94	5036	7410
243	0.000016	6044.54	5109	7758
244	0.000016	6069.86	5276	7496
245	0.000016	6070.31	5184	7379
246	0.000016	6279.04	5450	7861
247	0.000016	6206.95	5173	8267
248	0.000016	6232.11	5281	7764
249	0.000017	6289.58	5402	8395
250	0.000017	6239.39	5296	7430
251	0.000017	6328.94	5383	8112
252	0.000017	6370.68	5511	7916
253	0.000017	6361.44	5450	8049
254	0.000017	6532.62	5594	7778
255	0.000017	6442.82	5606	8049
256	0.000017	6533.46	5536	9250
257	0.000017	6509.57	5525	7894
258	0.000017	6546.83	5676	8163
259	0.000017	6617.48	5537	8047
260	0.000017	6642.13	5637	8717
261	0.000017	6663.20	5548	8677
262	0.000017	6646.85	5684	8729
263	0.000017	6703.42	5574	8181
264	0.000018	6771.08	5907	8011
265	0.000018	6760.89	5758	8923
266	0.000018	6905.96	5921	8530
267	0.000018	6865.84	5637	8594
268	0.000018	6908.59	5992	9196
269	0.000018	6819.86	5734	8638
270	0.000018	6875.34	5915	9201
271	0.000018	6918.55	6067	8615
272	0.000018	7076.61	5941	8983
273	0.000018	7107.62	6001	9271
274	0.000018	6979.07	5803	8948
275	0.000018	7113.76	6054	9169
276	0.000018	7057.79	5905	9065
277	0.000018	7126.43	6310	8611
278	0.000018	7153.17	6146	8703
279	0.000019	7281.46	5912	10174
280	0.000019	7280.35	6177	10768
281	0.000019	7305.03	6125	9081
282	0.000019	7340.78	6384	9753
283	0.000019	7429.04	6232	9440
284	0.000019	7439.23	6179	9078
285	0.000019	7306.84	6406	8853
286	0.000019	7321.64	6198	10724
287	0.000019	7429.94	6371	9991
288	0.000019	7417.32	6252	9577
289	0.000019	7482.40	6401	9073
290	0.000020	7519.00	6471	9057
291	0.000020	7653.95	6519	9996
292	0.000020	7655.60	6463	9259
293	0.000020	7644.49	6605	10681
294	0.000020	7571.69	6380	11703
295	0.000020	7729.08	6589	10039
296	0.000020	7714.69	6538	10008
297	0.000020	7732.36	6810	10015
298	0.000020	7759.09	6667	10831
299	0.000020	7675.73	6660	9478
300	0.000020	7883.52	6767	9936
301	0.000020	7869.36	6595	9572
302	0.000020	7923.17	6836	9562
303	0.000020	7808.59	6795	9420
304	0.000020	7927.94	6764	10051
305	0.000021	7983.64	6724	9853
306	0.000021	8042.01	6897	10266
307	0.000021	8005.36	7125	10340
308	0.000021	8159.21	6885	9968
309	0.000021	8168.54	6946	10041
310	0.000021	8095.43	7127	10131
311	0.000021	8268.38	7129	10810
312	0.000021	8273.19	7169	10658
313	0.000021	8248.30	7139	10065
314	0.000021	8273.11	7163	10837
315	0.000021	8222.54	7044	11445
316	0.000022	8416.52	7041	10791
317	0.000022	8449.84	7108	10617
318	0.000022	8341.73	7201	10014
319	0.000022	8532.66	7348	10312
320	0.000022	8375.32	7247	10617
321	0.000022	8654.11	7327	12140
322	0.000022	8493.41	7127	11753
323	0.000022	8615.25	7280	10219
324	0.000022	8556.00	7281	10296
325	0.000022	8616.85	7212	11584
326	0.000022	8632.20	7369	11718
327	0.000022	8707.04	7487	11478
328	0.000022	8546.19	7159	10214
329	0.000022	8673.47	7513	10655
330	0.000023	8884.18	7573	10565
331	0.000023	8738.27	7541	10892
332	0.000023	8863.99	7697	10290
333	0.000023	8855.82	7655	10682
334	0.000023	8922.01	7633	11180
335	0.000023	9062.66	7674	12038
336	0.000023	9011.62	7868	11494
337	0.000023	8984.45	7366	11287
338	0.000023	9043.29	7603	11113
339	0.000023	9060.47	7853	11584
340	0.000023	9150.00	7815	11588
341	0.000023	9229.57	7884	12222
342	0.000024	9057.63	7730	10685
343	0.000024	9172.75	7978	11290
344	0.000024	9262.44	7960	11150
345	0.000024	9263.50	8115	11368
346	0.000024	9415.32	8104	12245
347	0.000024	9332.61	8014	12829
348	0.000024	9367.81	7967	11735
349	0.000024	9446.68	8441	11206
350	0.000024	9402.58	7722	13091
351	0.000024	9415.76	8207	11620
352	0.000024	9540.86	7883	13750
353	0.000025	9513.86	8190	11544
354	0.000025	9366.10	8010	12211
355	0.000025	9569.05	7992	11962
356	0.000025	9584.13	8415	11928
357	0.000025	9550.28	8252	11664
358	0.000025	9685.32	8523	11163
359	0.000025	9793.80	8618	12218
360	0.000025	9648.19	8116	11740
361	0.000025	9767.32	8449	12335
362	0.000025	9863.81	8407	12238
363	0.000025	9784.94	8352	13061
364	0.000025	9788.08	8506	11638
365	0.000025	9906.29	8349	12037
366	0.000025	9968.07	8689	13083
367	0.000026	10021.07	8358	12551
368	0.000025	9833.96	8459	11684
369	0.000026	10127.14	8700	12902
370	0.000026	10041.57	8545	12135
371	0.000026	10296.67	8841	13098
372	0.000026	10239.83	8608	13059
373	0.000026	10186.04	8734	12493
374	0.000026	10158.02	9012	12386
375	0.000026	10348.04	8783	12613
376	0.000026	10292.97	9108	12896
377	0.000027	10374.23	8920	12607
378	0.000026	10390.71	8808	13899
379	0.000027	10347.41	8939	12751
380	0.000026	10384.03	8873	12993
381	0.000026	10339.78	9198	12701
382	0.000026	10584.59	8640	14565
383	0.000026	10552.48	8745	12746
384	0.000027	10611.25	8977	13474
385	0.000027	10678.83	9290	13020
386	0.000027	10625.16	9175	13409
387	0.000027	10677.76	8956	13403
388	0.000027	10473.95	8917	12911
389	0.000027	10659.02	9241	13253
390	0.000027	10630.87	9272	14467
391	0.000028	10761.30	9396	14217
392	0.000027	10905.90	9411	13287
393	0.000028	10848.79	9285	14818
394	0.000028	10747.43	9287	12920
395	0.000028	11021.94	9677	14219
396	0.000028	10936.51	9241	13295
397	0.000028	11079.18	9679	14684
398	0.000028	10824.81	9554	13426
399	0.000028	11155.50	9566	13583
400	0.000028	10866.16	9354	14223
401	0.000028	11104.83	9777	14407
402	0.000028	11008.04	9550	14338
403	0.000028	11085.09	9736	13910
404	0.000028	11224.34	9703	14709
405	0.000029	11407.22	9693	15258
406	0.000029	11281.44	9883	13604
407	0.000029	11156.51	9782	12899
408	0.000029	11308.03	9575	13518
409	0.000029	11121.80	9260	14784
410	0.000029	11329.09	9855	14616
411	0.000029	11396.40	9972	14593
412	0.000029	11370.98	10054	14491
413	0.000029	11357.40	9935	13693
414	0.000029	11372.30	9696	13709
415	0.000029	11680.74	9699	13742
416	0.000030	11472.26	9503	13958
417	0.000029	11526.28	10189	14401
418	0.000030	11595.20	9659	14558
419	0.000030	11681.36	10031	15680
420	0.000030	11583.77	9907	14252
421	0.000030	11843.44	10071	14443
422	0.000030	11723.07	10371	14703
423	0.000030	11879.45	10300	16130
424	0.000030	11958.45	10187	14400
425	0.000030	11802.87	10167	14522
426	0.000030	11853.36	10082	15525
427	0.000030	12092.26	10243	15369
428	0.000038	12104.77	10418	14720
429	0.000031	12083.85	10550	15526
430	0.000031	11895.46	10464	13830
431	0.000031	12120.92	10370	14746
432	0.000031	11972.96	10244	14119
433	0.000031	12125.74	10471	15709
434	0.000031	12144.99	10669	16028
435	0.000031	12319.72	10549	15278
436	0.000031	12227.00	10579	15486
437	0.000031	12343.89	10594	15528
438	0.000031	12271.62	10553	15066
439	0.000031	12407.27	10367	17250
440	0.000032	12311.83	10690	14728
441	0.000032	12494.42	10833	15247
442	0.000032	12424.48	10505	16960
443	0.000032	12320.62	10932	15601
444	0.000032	12585.52	10808	16021
445	0.000032	12434.55	11023	15039
446	0.000032	12553.09	11113	16125
447	0.000032	12577.67	11008	15726
448	0.000032	12411.36	10740	16123
449	0.000032	12708.28	10986	17186
450	0.000032	12539.78	11161	15651
451	0.000032	12710.82	11130	15509
452	0.000032	12645.15	10975	15062
453	0.000033	12903.55	11194	15922
454	0.000033	12784.38	11281	16317
455	0.000033	12874.74	11065	15861
456	0.000032	12870.94	11165	15630
457	0.000030	13036.58	11190	16050
458	0.000028	12964.44	11094	17452
459	0.000027	13025.20	11176	16752
460	0.000025	12951.05	11580	15867
461	0.000024	13032.96	11100	15775
462	0.000023	13067.62	11376	15915
463	0.000022	13054.80	11303	16994
464	0.000021	13181.21	11340	15807
465	0.000021	13205.21	11357	16683
466	0.000022	13186.27	11285	16290
467	0.000022	13239.65	11438	16626
468	0.000022	13179.35	11508	16546
469	0.000022	13269.73	11622	17557
470	0.000022	13330.37	11558	17071
471	0.000022	13386.08	11232	17351
472	0.000022	13466.16	11616	17547
473	0.000022	13390.95	11604	16808
474	0.000022	13446.96	11703	17144
475	0.000022	13497.27	11686	16672
476	0.000022	13590.37	11537	17190
477	0.000022	13439.55	11541	16565
478	0.000023	13579.04	11832	16016
479	0.000022	13725.70	11427	17302
480	0.000023	13683.17	11943	17112
481	0.000023	13602.14	12013	16355
482	0.000023	13621.24	11511	16356
483	0.000023	13732.05	11987	16368
484	0.000023	13677.43	11990	17205
485	0.000023	13729.09	12048	16394
486	0.000023	13750.35	12077	16836
487	0.000023	14014.36	12143	16809
488	0.000023	13981.12	11731	17178
489	0.000023	13941.87	12058	17543
490	0.000023	14100.60	12214	18233
491	0.000023	13954.00	12281	17942
492	0.000024	13959.03	12208	17225
493	0.000023	14109.83	12372	17113
494	0.000023	14184.94	12355	17648
495	0.000023	14110.22	11998	16857
496	0.000023	14253.93	12261	17176
497	0.000023	14286.95	12436	17527
498	0.000023	14373.32	12299	18320
499	0.000024	14269.95	12433	18544
500	0.000024	14244.03	12710	17449
501	0.000024	14404.64	12727	17747
502	0.000024	14378.50	12500	17397
503	0.000024	14469.11	12869	18340
504	0.000024	14534.39	12587	18789
505	0.000024	14581.80	12446	17822
506	0.000024	14768.70	12630	18754
507	0.000024	14603.84	12353	17165
508	0.000024	14661.25	12766	17300
509	0.000024	14704.63	12614	18544
510	0.000024	14640.69	12956	18466
511	0.000024	14575.68	12390	18241
512	0.000024	14462.16	12686	18333
513	0.000024	14803.97	12753	17596
514	0.000024	14738.66	13091	18656
515	0.000024	14951.61	13155	19462
516	0.000025	14854.06	13206	19874
517	0.000025	14894.59	13325	17966
518	0.000025	15059.37	12608	21121
519	0.000025	15046.35	12824	19036
520	0.000025	14951.53	13093	19189
521	0.000025	15173.06	13145	21395
522	0.000025	15005.92	13032	18974
523	0.000025	15119.65	12901	18490
524	0.000025	15136.80	13241	20095
525	0.000025	15163.05	13204	19830
526	0.000025	15256.47	13230	18753
527	0.000025	15475.27	12814	20341
528	0.000025	15189.31	12680	17420
529	0.000025	15213.87	12845	19433
530	0.000025	15221.95	13121	17337
531	0.000025	15287.67	13579	17472
532	0.000026	15502.77	13691	20090
533	0.000025	15470.70	13433	18702
534	0.000026	15768.89	13405	20364
535	0.000026	15512.38	13359	18472
536	0.000026	15495.55	13562	18088
537	0.000026	15480.60	13229	18265
538	0.000026	15619.93	13484	18654
539	0.000026	15421.47	13596	18232
540	0.000026	15640.27	13616	19487
541	0.000026	15719.52	13504	19201
542	0.000026	15698.62	13470	19459
543	0.000026	15803.65	13233	19354
544	0.000026	15909.35	13670	19449
545	0.000026	15913.69	13486	20878
546	0.000026	15946.29	13845	19742
547	0.000026	16139.27	14133	20143
548	0.000026	16048.31	14226	19927
549	0.000026	16051.95	13524	20930
550	0.000026	16054.57	14120	20958
551	0.000027	16130.88	14062	19456
552	0.000026	16040.92	14125	20458
553	0.000026	16109.30	13947	21084
554	0.000027	16134.11	13866	20323
555	0.000027	16101.83	14134	21138
556	0.000027	16216.84	14173	20429
557	0.000027	16170.68	14137	20017
558	0.000027	16098.80	13987	19054
559	0.000027	16274.79	14231	21452
560	0.000027	16367.43	14439	20631
561	0.000027	16561.99	14520	19645
562	0.000027	16206.11	13973	19611
563	0.000028	16479.34	14058	19230
564	0.000027	16443.35	14201	19167
565	0.000027	16497.01	14679	21473
566	0.000027	16722.43	14194	21197
567	0.000027	16655.52	14540	20344
568	0.000028	16593.00	14135	21323
569	0.000028	16759.58	14452	20858
570	0.000028	16655.70	14725	19104
571	0.000028	16786.51	14733	21251
572	0.000028	17047.32	14841	19258
573	0.000028	16820.54	14574	22616
574	0.000028	16820.29	14602	21426
575	0.000028	16829.67	14592	18812
576	0.000028	16885.91	14585	20140
577	0.000028	16935.67	14763	21896
578	0.000028	17145.57	14889	20677
579	0.000028	16864.69	14871	20432
580	0.000028	17076.80	14976	21441
581	0.000028	17182.00	14513	21574
582	0.000028	17140.54	14474	20627
583	0.000028	17122.11	14585	21431
584	0.000028	17368.78	15365	23154
585	0.000028	17390.99	14549	21268
586	0.000028	17239.55	15199	20332
587	0.000028	17325.29	15102	20700
588	0.000028	17442.56	15054	20806
589	0.000028	17296.71	15130	21087
590	0.000029	17493.65	15054	22327
591	0.000029	17347.60	15680	20770
592	0.000029	17625.04	14849	22006
593	0.000029	17829.66	15190	22330
594	0.000029	17475.88	15040	21887
595	0.000029	17614.48	15351	20836
596	0.000029	17522.33	15077	23909
597	0.000029	17569.05	15388	22094
598	0.000029	17765.96	15733	22900
599	0.000029	17543.62	15457	21778
600	0.000029	17722.32	15543	23767
601	0.000029	17595.97	14818	20260
602	0.000029	18005.09	15597	22749
603	0.000029	17792.18	15712	21032
604	0.000029	18219.72	15697	22919
605	0.000030	17995.94	15567	22383
606	0.000029	17908.38	16106	23651
607	0.000029	17878.80	15864	23873
608	0.000030	17928.34	15878	22218
609	0.000030	18312.08	15882	23716
610	0.000029	17881.54	15565	22068
611	0.000030	18053.99	15893	21004
612	0.000030	18084.83	15686	23217
613	0.000030	18294.47	15840	21825
614	0.000030	18427.45	15595	22893
615	0.000030	18472.33	16001	23027
616	0.000030	18004.38	15973	21588
617	0.000030	18360.96	15964	24142
618	0.000030	18322.12	15802	21011
619	0.000030	18279.15	15492	23905
620	0.000030	18591.38	15585	24208
621	0.000030	18647.61	15977	24425
622	0.000030	18450.29	15817	24108
623	0.000030	18739.69	16488	21620
624	0.000030	18711.59	16499	21984
625	0.000031	18578.33	16190	22460
626	0.000030	18714.73	16020	24934
627	0.000031	18600.89	16037	23084
628	0.000031	18717.50	16518	23498
629	0.000031	18942.53	16343	23089
630	0.000031	18721.99	15793	21906
631	0.000031	18997.91	16412	25645
632	0.000031	19145.84	16141	25705
633	0.000031	18874.43	15770	23701
634	0.000031	18955.20	15891	25079
635	0.000031	18883.58	16686	23317
636	0.000031	18985.33	16441	23757
637	0.000031	19080.32	16340	24886
638	0.000031	19148.87	16762	22909
639	0.000031	19257.99	16848	23416
640	0.000031	18927.18	16856	23367
641	0.000032	19106.75	16684	23496
642	0.000032	19167.80	16497	23743
643	0.000032	19110.81	16810	22857
644	0.000032	18936.76	16839	22848
645	0.000032	19216.23	17155	23926
646	0.000032	19107.82	16524	23722
647	0.000032	19208.16	16644	22998
648	0.000032	19704.37	16637	28907
649	0.000032	19292.13	16672	22958
650	0.000032	19618.47	17004	23655
651	0.000032	19619.98	17303	23892
652	0.000032	19912.13	17583	25800
653	0.000032	19686.96	17387	25081
654	0.000032	19485.57	17126	25281
655	0.000032	19629.49	17315	23002
656	0.000033	19704.62	17244	25622
657	0.000032	19681.60	17297	22758
658	0.000032	19668.57	17390	26393
659	0.000032	19768.70	17724	24929
660	0.000032	19929.11	16985	24558
661	0.000033	20074.66	17878	24771
662	0.000032	19852.03	16982	23827
663	0.000033	20115.98	17296	24769
664	0.000033	20446.49	17066	27493
665	0.000033	19790.15	17698	24714
666	0.000033	20236.56	17698	25150
667	0.000033	20318.05	17418	25021
668	0.000033	20151.04	17124	25706
669	0.000033	20250.93	18040	24104
670	0.000033	20048.30	17670	24679
671	0.000033	20395.03	17146	24303
672	0.000033	20333.65	17968	24115
673	0.000033	20422.02	17713	25738
674	0.000033	20505.84	17623	26432
675	0.000033	20419.78	17997	25066
676	0.000034	20349.51	17411	24860
677	0.000033	20564.66	17878	24464
678	0.000033	20529.26	17359	24849
679	0.000033	20472.16	17881	26089
680	0.000034	20316.32	17755	26012
681	0.000034	20566.92	18040	23748
682	0.000034	20571.69	18223	25516
683	0.000034	20767.49	18058	25719
684	0.000034	20696.08	17595	24384
685	0.000034	20851.64	18598	25243
686	0.000034	20925.34	18121	25825
687	0.000034	20623.09	18354	24624
688	0.000034	20766.39	18658	25078
689	0.000034	20677.68	18019	26904
690	0.000035	21092.16	18764	25082
691	0.000034	20866.55	18044	25721
692	0.000034	20661.57	17926	27434
693	0.000034	20952.28	18816	24928
694	0.000034	21041.41	18636	25785
695	0.000035	21095.63	18379	25779
696	0.000034	21189.12	17913	25361
697	0.000034	21213.02	18386	24831
698	0.000035	21037.44	18004	25985
699	0.000035	21105.75	18426	25325
700	0.000035	21435.21	18876	25906
701	0.000035	21066.76	19003	24507
702	0.000035	21400.37	18910	26008
703	0.000035	21306.97	19011	26549
704	0.000035	21319.29	18920	25146
705	0.000035	21292.73	18577	25488
706	0.000035	21413.97	18649	27026
707	0.000035	21566.91	19034	25367
708	0.000035	21228.50	18647	25638
709	0.000036	21720.34	18966	26501
710	0.000035	22058.66	19083	27158
711	0.000035	21343.53	18876	28975
712	0.000035	21557.32	19467	27372
713	0.000035	21334.25	18618	25933
714	0.000036	21736.45	18770	27286
715	0.000035	21706.62	18818	26880
716	0.000035	21815.95	19278	25756
717	0.000036	22002.52	19518	26504
718	0.000036	21953.59	19481	28376
719	0.000036	22098.93	19182	27474
720	0.000036	21894.50	18828	25835
721	0.000036	21855.19	19132	27868
722	0.000036	21713.20	18818	25650
723	0.000036	22091.49	19366	27402
724	0.000036	21992.95	19372	27577
725	0.000036	22306.92	18771	27590
726	0.000036	22078.25	19099	28948
727	0.000036	22225.66	19681	25652
728	0.000036	22046.75	19251	27488
729	0.000036	22194.01	19892	32641
730	0.000036	22416.10	19575	27878
731	0.000036	22570.60	19000	27357
732	0.000037	22415.31	19226	29058
733	0.000036	22238.39	19565	25799
734	0.000037	22703.86	19809	26797
735	0.000037	22258.59	19641	27034
736	0.000037	22417.89	19669	29083
737	0.000037	22718.43	19589	26715
738	0.000037	22592.70	19162	28341
739	0.000037	22948.71	19562	29733
740	0.000037	22714.52	19881	30283
741	0.000037	23058.48	20028	28334
742	0.000037	22793.61	19746	28759
743	0.000037	22602.18	20031	27992
744	0.000037	22642.40	19984	28460
745	0.000038	22887.42	19844	27791
746	0.000037	23030.95	19934	29332
747	0.000037	23039.08	19152	27704
748	0.000037	22943.28	20289	28297
749	0.000037	22673.13	20046	31592
750	0.000038	22997.38	20021	26034
751	0.000037	22787.35	20105	27047
752	0.000037	23066.47	20296	26830
753	0.000038	23462.23	20214	29175
754	0.000038	23092.67	20294	28630
755	0.000037	22895.36	20427	27411
756	0.000038	23486.31	19823	28107
757	0.000038	23179.14	20332	28174
758	0.000038	23192.99	20266	28600
759	0.000038	23663.16	20267	29539
760	0.000038	23209.16	20601	30669
761	0.000038	23345.56	20534	27785
762	0.000038	23066.93	20856	28441
763	0.000038	23618.28	20633	28173
764	0.000038	23455.14	20925	27726
765	0.000038	23630.59	20806	29917
766	0.000038	23398.22	20535	28743
767	0.000039	23778.71	20588	28650
768	0.000038	23815.13	20563	29290
769	0.000039	23647.60	20690	29970
770	0.000039	23776.74	19741	30039
771	0.000039	23788.49	21034	28283
772	0.000039	23969.40	20549	30578
773	0.000039	23957.69	20996	29588
774	0.000039	23633.58	20539	27423
775	0.000039	24141.66	21442	28450
776	0.000039	23798.63	20742	31512
777	0.000039	23900.70	21902	28105
778	0.000039	24066.58	21231	30579
779	0.000039	24245.66	20882	30224
780	0.000039	24350.27	21220	29827
781	0.000039	24481.56	20938	30458
782	0.000040	24099.06	21041	28574
783	0.000039	24235.85	21257	28386
784	0.000040	24117.97	21419	29599
785	0.000040	24457.27	21633	29116
786	0.000040	24543.89	21167	28444
787	0.000039	24286.11	21522	28566
788	0.000040	24548.83	21676	29212
789	0.000040	24573.81	20937	30143
790	0.000040	24433.13	20937	29697
791	0.000040	24472.05	21303	29368
792	0.000040	24763.40	20921	30358
793	0.000040	24724.87	21107	30883
794	0.000040	24698.10	21911	29130
795	0.000040	24612.39	21289	31050
796	0.000040	24620.27	20974	30161
797	0.000040	24961.30	21392	31147
798	0.000040	24818.80	21633	29275
799	0.000040	24629.50	21596	31649
800	0.000040	24666.94	21893	29976
801	0.000040	24816.04	21944	30644
802	0.000040	24533.00	21930	30282
803	0.000040	25235.22	21708	33644
804	0.000041	25137.98	22114	32832
805	0.000041	24962.53	21241	29848
806	0.000041	25304.36	22136	33911
807	0.000041	25025.22	21997	29074
808	0.000041	24899.57	21505	30767
809	0.000041	25282.21	22458	29635
810	0.000041	25122.37	21418	32897
811	0.000041	24950.79	22218	30833
812	0.000041	25590.06	22205	33094
813	0.000041	25208.68	21603	31253
814	0.000041	25649.20	22275	30362
815	0.000041	25363.91	21816	30239
816	0.000042	25462.07	22007	31106
817	0.000041	25193.48	22072	32900
818	0.000041	25318.01	22273	32322
819	0.000041	25229.09	22187	31017
820	0.000042	25391.85	22328	30983
821	0.000042	25673.86	21722	31222
822	0.000041	25559.75	22319	31379
823	0.000042	25737.74	22818	32220
824	0.000042	25599.07	21745	31745
825	0.000042	25830.84	22333	32743
826	0.000042	25781.83	22227	33124
827	0.000042	25974.32	22944	33339
828	0.000042	25578.95	22560	30478
829	0.000042	25541.47	22970	29419
830	0.000042	26059.51	22724	31282
831	0.000042	25863.77	22352	32100
832	0.000043	26028.35	22234	33241
833	0.000042	26173.24	23181	32027
834	0.000042	26243.75	23354	30959
835	0.000042	26059.37	22905	30130
836	0.000042	25832.46	22510	31880
837	0.000042	26141.40	22693	31674
838	0.000042	25998.23	22574	33925
839	0.000043	26313.56	23252	33165
840	0.000042	26035.84	22514	31793
841	0.000043	26546.95	23368	31479
842	0.000043	26191.51	22856	30367
843	0.000043	26566.86	23233	30845
844	0.000043	26263.76	23358	31834
845	0.000043	26428.00	23505	31430
846	0.000043	26713.96	23470	33432
847	0.000043	26570.76	23682	30232
848	0.000043	26589.13	22833	31679
849	0.000043	26559.53	22674	31987
850	0.000043	26514.99	23200	32570
851	0.000043	26441.40	23498	32888
852	0.000043	26809.17	23667	30491
853	0.000043	26603.79	23121	33210
854	0.000043	26467.42	23243	36119
855	0.000044	26599.86	23058	33556
856	0.000043	27159.53	23785	33984
857	0.000043	27104.55	23706	33720
858	0.000044	26989.83	22864	31830
859	0.000044	26683.56	23958	32751
860	0.000044	27078.17	23847	31994
861	0.000044	27160.33	23350	33255
862	0.000044	26897.27	23505	33008
863	0.000044	26741.70	23500	31773
864	0.000045	26884.30	24382	32587
865	0.000044	27041.16	23828	31620
866	0.000044	26966.92	23895	32131
867	0.000045	27287.94	23969	34521
868	0.000044	27344.59	23994	32125
869	0.000044	27224.77	23955	32312
870	0.000044	27608.85	24064	33295
871	0.000044	27401.44	23890	36511
872	0.000044	27696.49	23966	33267
873	0.000045	27606.84	23972	34206
874	0.000044	27305.38	24593	33993
875	0.000045	27437.60	24492	32838
876	0.000045	27506.68	23592	34219
877	0.000045	27724.50	24022	33098
878	0.000045	27674.29	24590	33440
879	0.000045	27691.76	23855	34699
880	0.000045	27467.23	24327	32458
881	0.000045	27515.81	23580	34430
882	0.000045	27657.03	24831	32671
883	0.000045	27733.21	24714	33629
884	0.000045	27841.33	24195	38209
885	0.000045	27537.54	24287	31397
886	0.000045	27552.22	24627	32041
887	0.000045	27882.01	24684	34051
888	0.000045	28111.80	24407	33469
889	0.000045	27863.87	24630	35158
890	0.000046	28281.41	24236	33702
891	0.000046	27864.87	24321	35569
892	0.000045	28251.62	24542	33302
893	0.000046	28288.38	24976	34139
894	0.000046	28146.09	23752	34545
895	0.000046	28129.33	24396	35981
896	0.000046	28553.77	24491	35081
897	0.000046	28055.57	24487	35412
898	0.000046	28644.15	24692	35915
899	0.000046	28346.73	25039	34502
900	0.000046	28371.62	25209	33713
901	0.000046	28429.06	24759	35429
902	0.000046	28548.61	24834	33950
903	0.000046	28916.70	25066	34396
904	0.000046	28622.85	25441	34620
905	0.000046	28582.33	25047	33303
906	0.000046	28565.39	24480	33085
907	0.000046	28682.03	25275	33941
908	0.000047	28785.89	25646	33315
909	0.000047	28512.85	25062	34156
910	0.000046	28948.53	25594	34424
911	0.000046	28726.18	24766	33393
912	0.000046	28759.23	25317	33863
913	0.000047	29042.55	24994	35945
914	0.000047	28968.90	25724	34377
915	0.000047	28848.70	25620	34549
916	0.000047	28872.64	25255	34285
917	0.000047	28848.78	25629	40259
918	0.000047	29139.78	25704	34589
919	0.000047	28983.56	24802	36835
920	0.000047	28966.24	25508	34477
921	0.000047	29158.17	24756	36390
922	0.000047	29152.85	24751	35435
923	0.000047	29172.66	25837	35751
924	0.000047	29413.45	25155	36447
925	0.000047	29536.61	25966	35049
926	0.000048	29427.15	25961	35602
927	0.000048	29183.42	25961	34865
928	0.000047	29441.45	25916	35102
929	0.000048	29542.64	26256	34746
930	0.000048	29250.69	25864	34347
931	0.000048	29695.78	26075	35848
932	0.000048	29661.91	25013	36754
933	0.000048	29738.05	24802	35634
934	0.000048	29827.90	26166	37206
935	0.000048	30011.34	25636	36066
936	0.000048	29720.16	26025	37345
937	0.000048	29937.77	26814	36320
938	0.000048	29676.27	26184	38102
939	0.000048	29653.04	26356	35649
940	0.000049	29919.93	25878	34442
941	0.000048	29744.00	26492	34770
942	0.000048	29685.63	25588	36152
943	0.000048	29930.98	26188	38236
944	0.000048	30019.03	25866	35449
945	0.000049	30177.66	26735	37514
946	0.000049	30057.80	26934	38827
947	0.000049	30260.13	26604	37793
948	0.000049	30323.02	26608	34946
949	0.000049	30356.32	26136	36845
950	0.000049	30283.76	26596	37479
951	0.000049	30217.32	27065	35475
952	0.000050	30289.96	27010	38153
953	0.000049	30322.55	26660	35636
954	0.000049	30742.75	26998	43601
955	0.000049	30364.27	26021	38076
956	0.000049	30445.09	26628	35766
957	0.000050	30523.61	26922	36864
958	0.000049	30741.04	27369	37948
959	0.000050	30734.21	27081	39849
960	0.000050	30448.02	27682	38397
961	0.000050	30833.27	27120	37024
962	0.000049	30538.52	27162	38289
963	0.000050	30970.38	27262	36278
964	0.000050	30734.27	26957	35424
965	0.000050	30772.12	26561	39926
966	0.000050	30586.73	26508	35570
967	0.000050	31031.72	26194	38137
968	0.000050	31147.01	26977	37444
969	0.000050	30988.72	27342	37284
970	0.000050	31281.40	27647	37863
971	0.000050	31208.35	26310	39268
972	0.000050	31094.54	26835	36105
973	0.000051	31512.93	27417	38387
974	0.000050	30935.77	27481	38450
975	0.000051	31392.63	27133	38314
976	0.000050	31077.30	26710	36914
977	0.000050	31031.05	27395	34934
978	0.000050	31263.39	26645	37771
979	0.000050	31252.30	27301	37852
980	0.000051	31165.17	26900	37312
981	0.000050	31177.87	28489	36014
982	0.000051	31802.45	27809	39539
983	0.000051	31366.91	27930	36701
984	0.000051	31322.71	28178	37180
985	0.000051	31789.33	27635	38976
986	0.000051	31524.97	26911	40976
987	0.000051	31716.08	28004	38442
988	0.000051	31948.27	28309	42431
989	0.000051	32220.88	28291	38460
990	0.000051	31615.61	28045	38159
991	0.000051	31619.34	28357	37124
992	0.000052	32146.21	28196	43111
993	0.000051	31652.01	27630	37398
994	0.000051	31842.49	27968	37975
995	0.000052	32203.68	28062	40510
996	0.000052	32101.17	28616	42732
997	0.000052	32303.96	28015	39128
998	0.000052	32194.75	27948	37575
999	0.000052	32114.83	26921	37563
1000	0.000052	32314.65	28194	37240
1001	0.000052	32004.99	27457	38993
1002	0.000052	32043.39	28609	37644
1003	0.000052	32616.46	28548	40716
1004	0.000052	32403.16	28346	37063
1005	0.000052	32578.47	28393	39819
1006	0.000052	32266.78	28517	40282
1007	0.000052	32176.19	28108	39154
1008	0.000052	32401.58	28240	43671
1009	0.000052	32304.16	29165	38919
1010	0.000052	32584.62	27644	39734
1011	0.000052	32512.75	29064	39426
1012	0.000053	32853.12	28458	38532
1013	0.000053	32960.99	28164	39206
1014	0.000052	32844.14	28356	40648
1015	0.000053	32672.65	29016	38905
1016	0.000053	33070.75	28891	38884
1017	0.000053	32843.16	28436	46098
1018	0.000053	32450.26	28629	37682
1019	0.000053	32737.26	29017	40422
1020	0.000053	33045.96	29007	43072
1021	0.000053	32843.86	29519	38948
1022	0.000053	32790.13	29621	41027
1023	0.000053	33346.82	29144	41211
1024	0.000053	33229.42	29562	38727
1025	0.000053	32934.11	28549	39841
1026	0.000054	32815.49	29579	39845
1027	0.000054	32726.12	28814	38591
1028	0.000054	33258.81	28998	41270
1029	0.000054	32752.75	28555	38471
1030	0.000054	33284.32	29212	39434
1031	0.000053	33419.39	28744	39345
1032	0.000053	32715.35	28641	39276
1033	0.000054	33528.57	29896	41552
1034	0.000054	33287.04	29149	38162
1035	0.000054	33243.02	29129	40404
1036	0.000054	33535.60	29295	42094
1037	0.000054	33815.73	29666	40802
1038	0.000054	33805.80	29134	41941
1039	0.000054	33220.03	28978	41142
1040	0.000054	33208.93	29147	39604
1041	0.000054	33885.67	29334	42706
1042	0.000054	33640.13	29511	39528
1043	0.000054	33858.63	29154	42656
1044	0.000055	33826.01	29849	43799
1045	0.000055	33966.93	29071	41727
1046	0.000055	34032.59	30012	40149
1047	0.000055	33403.49	30196	39735
1048	0.000055	33510.29	29763	42751
1049	0.000055	34325.22	30242	44921
1050	0.000055	33939.77	29826	40626
1051	0.000055	34108.64	29957	41774
1052	0.000055	34406.10	29895	43104
1053	0.000055	34218.84	29858	41500
1054	0.000056	34471.54	30378	42693
1055	0.000056	34137.67	30102	41297
1056	0.000056	34257.39	29902	47030
1057	0.000056	34295.18	30080	41314
1058	0.000055	34399.42	30467	40573
1059	0.000055	34306.63	29880	42048
1060	0.000056	34771.49	30120	42134
1061	0.000055	34377.51	29763	42998
1062	0.000056	34804.95	30836	41753
1063	0.000056	34404.74	29894	46322
1064	0.000055	34730.83	30270	40825
1065	0.000056	34391.64	29707	43022
1066	0.000056	34375.27	30294	39862
1067	0.000056	34471.70	30219	40671
1068	0.000055	34028.15	30326	42050
1069	0.000056	34375.09	30107	40890
1070	0.000056	35096.46	31317	45910
1071	0.000056	34728.82	30626	43938
1072	0.000056	34685.91	30205	41963
1073	0.000056	34855.01	30263	40318
1074	0.000056	34773.31	30874	39583
1075	0.000057	35180.68	31216	44275
1076	0.000056	35089.90	29439	42060
1077	0.000056	34771.58	30441	43120
1078	0.000056	35073.89	31550	41882
1079	0.000056	35209.74	30348	43130
1080	0.000056	34781.16	30458	41944
1081	0.000057	35226.45	31745	43242
1082	0.000057	35342.80	31109	41819
1083	0.000057	35159.44	30615	42106
1084	0.000057	35121.59	30415	41352
1085	0.000057	35008.96	30985	43115
1086	0.000057	35567.49	31787	41764
1087	0.000057	35339.00	31624	43871
1088	0.000057	35598.10	30743	46955
1089	0.000057	35314.82	31517	42448
1090	0.000057	35605.78	31591	40981
1091	0.000057	35482.40	31816	47715
1092	0.000057	35732.55	31993	43068
1093	0.000057	35726.97	31252	43112
1094	0.000057	35338.63	30290	43839
1095	0.000058	35999.82	31903	44003
1096	0.000058	35912.71	30792	45160
1097	0.000057	36085.40	32219	46343
1098	0.000058	36060.81	31605	45254
1099	0.000058	35875.52	31177	42666
1100	0.000058	36542.01	31283	44917
1101	0.000058	36116.54	31257	45412
1102	0.000058	35810.59	30743	42975
1103	0.000058	36149.23	32105	46761
1104	0.000058	35999.37	30828	47410
1105	0.000058	36430.41	30289	45768
1106	0.000058	35709.62	31713	42766
1107	0.000058	36078.23	30861	43325
1108	0.000058	36011.82	31462	45793
1109	0.000058	36085.49	31065	45144
1110	0.000058	36629.06	31946	45461
1111	0.000058	35789.98	31917	40712
1112	0.000059	36506.04	31014	45368
1113	0.000058	36439.54	32228	43854
1114	0.000058	36416.87	33182	41886
1115	0.000059	36683.66	32782	46587
1116	0.000058	35992.49	31437	42698
1117	0.000059	36953.75	33016	42750
1118	0.000058	36294.39	31610	43039
1119	0.000059	36434.63	32173	47260
1120	0.000059	36816.03	32404	46230
1121	0.000059	36680.09	31682	47291
1122	0.000059	36460.89	31546	43728
1123	0.000059	36570.48	32143	43358
1124	0.000059	36921.88	30975	43086
1125	0.000059	36749.78	31578	45550
1126	0.000059	36877.77	31553	47364
1127	0.000059	36790.80	31821	44704
1128	0.000059	37196.00	32462	44423
1129	0.000059	36880.98	32258	46276
1130	0.000060	36848.27	32970	43486
1131	0.000060	36839.04	32643	44514
1132	0.000060	37051.02	32435	43861
1133	0.000060	37135.09	31585	43794
1134	0.000060	36908.14	31679	44324
1135	0.000060	37527.01	32974	44120
1136	0.000060	37301.74	32822	46687
1137	0.000060	36994.75	32288	44415
1138	0.000060	37261.43	32819	43691
1139	0.000060	37317.68	32114	46831
1140	0.000060	37138.99	32546	47787
1141	0.000060	37403.80	32768	47026
1142	0.000060	37043.59	32476	43260
1143	0.000060	37573.19	33128	46923
1144	0.000060	37566.98	33017	45460
1145	0.000061	37562.61	32059	50397
1146	0.000060	37434.42	32835	43815
1147	0.000061	37820.59	33669	45697
1148	0.000061	37471.64	33593	46172
1149	0.000061	37576.33	32893	45054
1150	0.000061	38138.30	32406	44110
1151	0.000061	37977.16	32726	45467
1152	0.000061	37599.77	33574	44861
1153	0.000061	37925.74	33845	47529
1154	0.000061	38297.84	33751	48698
1155	0.000060	37645.44	33969	45124
1156	0.000061	37993.55	33395	44988
1157	0.000061	37982.34	33464	45038
1158	0.000061	38011.22	33165	44359
1159	0.000061	38353.31	34484	43704
1160	0.000061	38353.60	32660	47717
1161	0.000062	38132.21	34320	48736
1162	0.000061	38203.10	34068	45639
1163	0.000061	37839.18	32957	45848
1164	0.000062	38041.32	33951	45982
1165	0.000061	38401.87	32978	48452
1166	0.000061	38044.60	33491	43952
1167	0.000062	38504.18	34428	47977
1168	0.000062	38497.16	34116	44866
1169	0.000062	38399.42	34543	49073
1170	0.000062	38380.91	33689	46648
1171	0.000062	37980.01	33700	47680
1172	0.000062	38527.95	33453	47118
1173	0.000062	38179.41	33149	44363
1174	0.000062	38838.55	33412	48252
1175	0.000062	38857.03	34410	51352
1176	0.000062	38884.26	34302	45546
1177	0.000062	38908.27	33681	46307
1178	0.000062	39184.21	34098	47812
1179	0.000062	38437.84	33318	47569
1180	0.000063	38792.37	35072	45307
1181	0.000062	38979.00	34077	47053
1182	0.000062	38973.60	34590	47315
1183	0.000063	39267.71	33179	49884
1184	0.000063	38984.64	34806	48516
1185	0.000063	39242.97	34370	49782
1186	0.000063	38917.36	34111	46878
1187	0.000062	38775.68	33916	46576
1188	0.000063	39595.17	34196	49704
1189	0.000063	39607.54	34904	49204
1190	0.000063	39831.95	33608	48888
1191	0.000063	38904.34	34855	46629
1192	0.000063	39473.80	34296	50632
1193	0.000063	39137.73	34152	50388
1194	0.000063	39800.12	34763	47638
1195	0.000063	39078.89	34352	47786
1196	0.000063	39711.97	34652	48006
1197	0.000063	39275.35	35018	45846
1198	0.000064	39444.52	35017	46559
1199	0.000064	39996.84	34596	47897
1200	0.000063	39659.06	34640	48018
1201	0.000063	39234.74	35295	45147
1202	0.000064	40028.79	35407	50656
1203	0.000064	39650.29	35075	49247
1204	0.000064	39882.94	35513	50048
1205	0.000064	40333.99	36491	49592
1206	0.000064	39365.73	34755	52151
1207	0.000064	40235.22	34557	49382
1208	0.000064	39816.48	35006	46921
1209	0.000065	40170.78	35535	50314
1210	0.000064	40243.37	34830	49437
1211	0.000065	39627.30	35628	46556
1212	0.000064	40153.03	34655	47217
1213	0.000064	40272.94	35689	52942
1214	0.000064	40141.75	34413	47733
1215	0.000064	40503.47	36487	47981
1216	0.000065	39965.77	35896	48016
1217	0.000065	40307.93	36051	52609
1218	0.000065	40458.87	35310	49522
1219	0.000065	40326.52	34298	52706
1220	0.000065	40452.65	35755	51175
1221	0.000065	40466.95	35936	46204
1222	0.000065	40412.89	36492	47989
1223	0.000065	40778.60	36289	47853
1224	0.000065	40394.92	36216	47014
1225	0.000065	41138.32	34394	56170
1226	0.000065	40644.78	36231	50002
1227	0.000065	40717.62	35894	55447
1228	0.000066	40904.91	36521	50955
1229	0.000065	40595.94	35304	50956
1230	0.000065	40978.85	36251	47293
1231	0.000066	40547.82	36495	48633
1232	0.000065	40759.37	34863	51028
1233	0.000065	40893.60	36240	45837
1234	0.000066	40984.49	36444	50271
1235	0.000066	41358.13	36145	49803
1236	0.000066	41411.01	36095	47565
1237	0.000066	41125.40	36601	48028
1238	0.000066	41270.95	36389	56143
1239	0.000066	41388.55	35520	49172
1240	0.000067	41548.18	36225	49471
1241	0.000066	41196.89	36128	50641
1242	0.000066	40992.29	36878	49319
1243	0.000066	40861.65	36885	48034
1244	0.000066	41148.68	36538	52902
1245	0.000066	41290.16	36301	50288
1246	0.000067	41444.08	36619	49803
1247	0.000066	41252.17	36250	48716
1248	0.000067	41631.02	35509	50139
1249	0.000066	41812.94	37068	50366
1250	0.000066	41387.75	36197	55670
1251	0.000067	41756.43	37009	49045
1252	0.000067	41516.78	35967	49211
1253	0.000067	41495.11	37021	49645
1254	0.000067	41427.51	36519	47858
1255	0.000067	41767.00	36220	50362
1256	0.000067	41609.79	36478	48447
1257	0.000067	41627.99	37127	48946
1258	0.000067	41681.20	36617	52122
1259	0.000067	41784.71	36999	50208
1260	0.000067	42091.84	37743	52464
1261	0.000067	41902.05	37283	50516
1262	0.000067	42030.88	37962	51143
1263	0.000068	41610.51	36826	49046
1264	0.000067	41891.12	37185	48717
1265	0.000067	42451.91	37761	52354
1266	0.000068	42124.58	37057	50323
1267	0.000067	41847.48	37630	49744
1268	0.000068	41961.70	37261	51387
1269	0.000068	42519.70	36721	50925
1270	0.000068	42312.09	37561	50889
1271	0.000068	42070.34	36933	50494
1272	0.000068	42722.66	38217	52425
1273	0.000068	42401.85	37374	53625
1274	0.000068	42350.25	36989	51582
1275	0.000068	42283.51	37722	51507
1276	0.000068	42600.72	37090	52052
1277	0.000068	42704.38	37516	56092
1278	0.000068	42388.82	37331	49051
1279	0.000068	42887.58	37620	51747
1280	0.000069	43033.93	37840	54140
1281	0.000068	42688.25	37700	55236
1282	0.000069	42847.16	38076	56256
1283	0.000069	43119.33	38002	54700
1284	0.000069	42373.28	37575	49809
1285	0.000070	43045.83	37840	49996
1286	0.000069	42985.02	37940	51041
1287	0.000069	43134.28	37004	59195
1288	0.000069	42732.68	37326	53154
1289	0.000069	43254.07	38156	50491
1290	0.000069	42961.12	37280	55903
1291	0.000069	43183.84	38183	50899
1292	0.000069	42869.69	37028	53353
1293	0.000069	43162.83	38951	54201
1294	0.000069	43623.37	37867	50025
1295	0.000069	43438.82	38178	53696
1296	0.000069	42919.41	37383	52234
1297	0.000069	43733.87	38079	50794
1298	0.000069	43668.01	38596	50658
1299	0.000069	43135.09	37973	53232
1300	0.000069	43234.46	38185	53591
1301	0.000069	43241.94	37735	50949
1302	0.000070	43651.01	38624	50044
1303	0.000070	43912.54	39135	52931
1304	0.000070	43307.86	39218	52749
1305	0.000071	44097.69	38418	51383
1306	0.000070	43637.82	38988	51068
1307	0.000070	43493.98	38507	55658
1308	0.000070	43825.71	39168	53394
1309	0.000070	44094.58	39417	50294
1310	0.000070	44229.80	38607	53334
1311	0.000070	43824.04	38921	55122
1312	0.000071	44111.53	38715	53565
1313	0.000071	44734.21	39359	62994
1314	0.000070	43811.48	38929	54692
1315	0.000071	44126.08	38754	55397
1316	0.000071	44054.13	38508	52942
1317	0.000071	44136.92	39206	55244
1318	0.000071	43962.75	39272	55371
1319	0.000071	44049.89	38919	53247
1320	0.000071	43886.14	38896	55908
1321	0.000071	43921.61	38917	52437
1322	0.000071	44848.81	39389	56316
1323	0.000071	44224.65	39581	52062
1324	0.000071	44635.75	39264	50984
1325	0.000072	45448.90	39631	56685
1326	0.000071	44572.65	39088	53846
1327	0.000071	44461.28	38965	57866
1328	0.000071	44325.79	39357	50114
1329	0.000071	44482.26	38867	56450
1330	0.000071	44838.24	38850	53980
1331	0.000071	44799.87	39365	53952
1332	0.000072	44790.04	40067	53624
1333	0.000071	44479.80	39724	54078
1334	0.000072	45256.62	39006	56525
1335	0.000072	44760.77	39293	50884
1336	0.000072	44783.20	39542	55159
1337	0.000072	44430.68	38876	51284
1338	0.000072	45068.96	40334	54730
1339	0.000072	45456.42	38672	58663
1340	0.000072	44339.63	38247	52861
1341	0.000072	45415.89	39777	58401
1342	0.000072	45434.14	40058	55520
1343	0.000072	44905.37	40055	53653
1344	0.000072	45570.44	39031	55001
1345	0.000072	45358.56	39529	53222
1346	0.000072	45008.76	40291	52238
1347	0.000073	45678.60	40325	55298
1348	0.000073	45560.79	41098	57321
1349	0.000073	45478.33	40614	57589
1350	0.000073	44979.67	39705	55007
1351	0.000072	45435.50	39267	54240
1352	0.000073	45490.39	40865	55900
1353	0.000073	45701.91	40278	54437
1354	0.000073	45903.98	39932	57884
1355	0.000073	45632.81	40392	52932
1356	0.000073	45740.80	39891	55625
1357	0.000073	44854.27	39628	53646
1358	0.000073	45305.89	40787	56002
1359	0.000073	45811.16	41087	56337
1360	0.000073	45198.65	40345	51301
1361	0.000073	45839.70	39951	57966
1362	0.000074	45742.34	40876	59016
1363	0.000074	45605.39	41372	56094
1364	0.000074	46034.40	40559	54932
1365	0.000073	45768.14	39616	52850
1366	0.000074	45917.59	39616	58957
1367	0.000074	46240.57	40030	58512
1368	0.000074	46172.62	40879	53581
1369	0.000074	46239.96	40446	57753
1370	0.000074	45822.41	40199	58401
1371	0.000074	45892.95	40542	52218
1372	0.000074	46214.42	41589	54046
1373	0.000074	46488.61	40664	55310
1374	0.000074	46979.46	41946	56858
1375	0.000074	46361.12	41620	55261
1376	0.000074	46459.48	41431	52562
1377	0.000074	46744.75	41266	55316
1378	0.000074	46457.35	39927	59535
1379	0.000075	46210.30	40448	56941
1380	0.000075	46854.78	41573	57390
1381	0.000075	46560.58	40931	54630
1382	0.000074	46293.50	41652	55658
1383	0.000075	47234.48	42229	57647
1384	0.000075	46609.91	41430	56551
1385	0.000074	46668.49	41145	60239
1386	0.000075	46812.21	41505	57718
1387	0.000075	46507.14	41447	54674
1388	0.000075	46797.78	41004	56052
1389	0.000075	47139.99	41954	53367
1390	0.000075	46955.60	41591	56635
1391	0.000075	47067.80	41191	54882
1392	0.000075	46527.10	42001	55204
1393	0.000075	46726.33	41514	54404
1394	0.000075	47050.17	41573	56206
1395	0.000075	47259.79	41762	55995
1396	0.000075	47108.77	41138	56931
1397	0.000076	47135.22	41018	55087
1398	0.000075	47028.71	41740	56781
1399	0.000076	47081.14	42704	59246
1400	0.000076	47200.74	42216	58015
1401	0.000076	47532.62	42007	55420
1402	0.000075	47141.32	42490	55686
1403	0.000076	47954.93	42319	56168
1404	0.000076	47763.40	42359	55302
1405	0.000076	47988.95	42204	56260
1406	0.000076	47858.42	41494	61225
1407	0.000076	47927.64	42119	55595
1408	0.000076	47403.37	41878	60522
1409	0.000076	47517.07	41782	57198
1410	0.000077	47946.90	42040	58300
1411	0.000076	47549.05	41699	57356
1412	0.000077	48206.50	41468	56927
1413	0.000076	47614.15	42114	56456
1414	0.000077	47749.26	42312	56024
1415	0.000077	48028.99	42727	58939
1416	0.000077	47578.33	42137	59386
1417	0.000077	48167.55	41929	60395
1418	0.000077	47576.94	42494	56395
1419	0.000078	47648.17	42533	55013
1420	0.000078	48196.22	42761	57099
1421	0.000078	47527.75	42322	59453
1422	0.000077	48389.36	43098	58447
1423	0.000077	48641.53	42183	62658
1424	0.000077	48775.16	43023	57765
1425	0.000077	48578.37	42057	55958
1426	0.000077	48540.11	42770	61581
1427	0.000078	48345.54	42881	58827
1428	0.000077	48076.89	42764	59681
1429	0.000078	48226.38	42484	55091
1430	0.000077	47996.67	42915	57222
1431	0.000078	48853.82	43265	61426
1432	0.000077	48483.37	43652	58630
1433	0.000078	48805.48	42761	60214
1434	0.000078	48693.64	42401	59251
1435	0.000078	48744.88	41891	57460
1436	0.000078	48122.53	42502	58350
1437	0.000078	49007.49	43689	57939
1438	0.000078	48886.68	42857	59410
1439	0.000078	49078.09	42870	57511
1440	0.000078	49007.55	43003	57994
1441	0.000078	48922.58	42767	57367
1442	0.000078	48748.30	43184	61382
1443	0.000078	48796.77	42413	56884
1444	0.000078	49005.46	43936	56742
1445	0.000078	48977.47	43219	60680
1446	0.000078	48738.60	43531	56735
1447	0.000078	49676.34	44173	59559
1448	0.000079	49341.13	44343	57839
1449	0.000078	48758.20	44369	60083
1450	0.000079	49849.87	43302	63648
1451	0.000079	49560.09	43328	59485
1452	0.000079	49487.34	43281	60818
1453	0.000078	49072.68	43461	56532
1454	0.000079	49881.60	43812	57266
1455	0.000079	49717.09	44443	61645
1456	0.000079	49295.60	43037	58481
1457	0.000079	49911.18	44522	61200
1458	0.000079	49459.86	43366	59504
1459	0.000079	49661.64	43020	57890
1460	0.000080	50192.52	45453	60444
1461	0.000079	48951.91	43845	57550
1462	0.000079	49657.25	43801	58200
1463	0.000079	49351.52	43544	59879
1464	0.000079	49751.00	45276	61563
1465	0.000080	50605.11	43969	63335
1466	0.000080	49927.47	44017	60722
1467	0.000079	49270.25	44524	59600
1468	0.000080	50052.37	44336	61737
1469	0.000080	50122.22	43247	60319
1470	0.000080	49832.61	44823	64152
1471	0.000080	49749.88	44517	59732
1472	0.000080	49707.05	45561	57332
1473	0.000080	50829.69	45438	60518
1474	0.000080	50651.98	44407	60288
1475	0.000080	50181.18	44638	61582
1476	0.000080	49775.23	44633	60089
1477	0.000080	50461.52	45022	60410
1478	0.000080	50164.57	45193	58846
1479	0.000081	50374.07	44857	60688
1480	0.000080	50701.79	44153	60188
1481	0.000081	50371.62	43366	57251
1482	0.000081	50306.18	44659	59418
1483	0.000081	50492.87	44723	63867
1484	0.000081	50674.93	43769	59449
1485	0.000081	50494.31	44964	60545
1486	0.000081	50440.41	44093	60683
1487	0.000082	50771.69	44138	62470
1488	0.000081	50835.75	44307	60082
1489	0.000082	51008.36	43591	62074
1490	0.000081	51021.47	44970	63457
1491	0.000081	50737.34	44834	65199
1492	0.000081	50490.28	43437	60493
1493	0.000081	51012.88	45446	59964
1494	0.000082	51644.67	44754	63096
1495	0.000081	50770.61	44480	59576
1496	0.000081	51221.29	45333	60811
1497	0.000082	51220.28	44857	62320
1498	0.000082	51051.22	45264	60696
1499	0.000082	51331.48	43368	62282
1500	0.000082	51554.04	46327	59897
1501	0.000082	51496.47	45073	64634
1502	0.000082	51195.26	46708	63414
1503	0.000082	51362.21	45315	62456
1504	0.000082	51174.42	46133	61862
1505	0.000082	50757.28	46329	61463
1506	0.000082	51133.26	43069	58724
1507	0.000082	51437.45	44787	60688
1508	0.000082	52133.97	45671	64250
1509	0.000082	51423.89	45906	58234
1510	0.000082	51602.13	45376	63562
1511	0.000082	51567.80	46002	60821
1512	0.000083	51854.36	45327	65711
1513	0.000082	51460.42	45987	59946
1514	0.000083	52050.54	45668	61307
1515	0.000083	51571.69	45195	63300
1516	0.000082	51642.66	45446	67930
1517	0.000083	51872.07	46668	59144
1518	0.000083	51772.17	47101	61772
1519	0.000083	51986.74	46440	65225
1520	0.000083	52388.59	45598	63065
1521	0.000083	52111.74	45306	63636
1522	0.000083	51493.21	44886	60072
1523	0.000084	52668.87	46508	64129
1524	0.000083	51815.65	46278	61492
1525	0.000083	52175.39	45843	60612
1526	0.000084	52431.75	46034	60923
1527	0.000084	52151.83	46702	61032
1528	0.000084	52910.01	46671	63837
1529	0.000084	52184.05	45174	60874
1530	0.000084	52388.20	46408	65609
1531	0.000083	52232.70	45824	62211
1532	0.000084	52387.82	46015	64799
1533	0.000084	52808.02	47642	64160
1534	0.000084	52490.25	47009	59511
1535	0.000084	52479.57	45749	63584
1536	0.000085	53290.62	44946	66324
1537	0.000084	52079.32	46473	59682
1538	0.000084	52690.00	47037	64948
1539	0.000084	53073.40	48246	62442
1540	0.000085	52520.00	46117	63445
1541	0.000085	52891.98	46984	66183
1542	0.000085	52763.31	45961	65553
1543	0.000084	53128.98	46664	65163
1544	0.000084	52505.17	47198	61985
1545	0.000085	53406.85	46394	63156
1546	0.000084	52555.05	46720	64315
1547	0.000084	52810.20	45127	62380
1548	0.000085	52521.55	47565	59859
1549	0.000085	53405.00	46807	66318
1550	0.000085	53357.96	47082	65112
1551	0.000085	52669.23	46586	65711
1552	0.000085	53104.52	47160	64451
1553	0.000085	53152.60	47963	65121
1554	0.000085	53494.95	46956	62040
1555	0.000085	52942.64	46770	66272
1556	0.000085	53155.36	46953	66552
1557	0.000085	53214.22	48489	69803
1558	0.000085	53059.97	47896	60865
1559	0.000086	53716.35	47248	63369
1560	0.000086	54025.59	47478	67590
1561	0.000085	53833.07	47728	67824
1562	0.000086	54315.10	48874	65079
1563	0.000086	53836.10	47901	63415
1564	0.000086	53882.19	47100	68513
1565	0.000086	53483.53	46644	65315
1566	0.000086	54040.06	46851	65096
1567	0.000086	54300.80	49392	64810
1568	0.000086	53884.63	47903	66037
1569	0.000086	54243.87	47567	67406
1570	0.000086	54026.46	48170	72430
1571	0.000086	53708.23	47758	63180
1572	0.000086	53670.04	47390	64398
1573	0.000086	53798.48	46698	62060
1574	0.000086	53813.61	46689	63871
1575	0.000086	53585.38	48455	63102
1576	0.000086	53905.55	47272	63080
1577	0.000086	53782.22	48480	70715
1578	0.000086	53882.21	47471	68393
1579	0.000087	54343.45	47324	63764
1580	0.000087	54406.38	48710	68600
1581	0.000087	54311.88	48824	66720
1582	0.000087	54482.90	48377	64623
1583	0.000086	53712.25	48293	62939
1584	0.000087	54744.14	49213	67269
1585	0.000087	54742.09	48761	64124
1586	0.000088	54054.61	47425	66818
1587	0.000088	55195.66	48612	69092
1588	0.000087	54793.13	48949	64416
1589	0.000087	54810.75	48617	62855
1590	0.000087	54394.88	47685	65709
1591	0.000087	54902.31	48614	67528
1592	0.000087	54904.70	47577	63955
1593	0.000087	54997.43	49610	66838
1594	0.000088	54670.17	48327	68062
1595	0.000088	55689.56	48119	71543
1596	0.000088	54547.58	48680	61810
1597	0.000088	55173.77	49337	67827
1598	0.000089	54995.17	49089	70048
1599	0.000089	55253.64	49442	64093
1600	0.000087	54958.33	49212	67517
1601	0.000088	55497.51	48328	69646
1602	0.000088	55384.84	49762	65410
1603	0.000088	55114.77	48297	66369
1604	0.000088	55748.99	48274	68221
1605	0.000088	55643.90	49282	65701
1606	0.000088	55600.73	49091	67159
1607	0.000089	55325.85	49675	63852
1608	0.000088	55635.93	49726	65671
1609	0.000089	56007.44	49224	68597
1610	0.000088	55819.80	49147	63422
1611	0.000088	55200.61	49593	66393
1612	0.000089	55455.22	48883	67459
1613	0.000089	56243.58	50211	70943
1614	0.000088	55131.71	48875	64785
1615	0.000089	55588.23	49877	66134
1616	0.000089	55356.48	49989	65696
1617	0.000089	56227.81	49638	70196
1618	0.000089	55723.15	48607	68075
1619	0.000089	55712.91	49724	69623
1620	0.000089	55693.17	49226	65647
1621	0.000089	56307.66	50061	67080
1622	0.000090	56034.85	49133	68556
1623	0.000089	56260.57	50929	66883
1624	0.000090	56075.78	49629	66144
1625	0.000090	55943.45	49345	64810
1626	0.000089	56249.78	50718	65833
1627	0.000090	56071.52	50332	66096
1628	0.000090	56763.17	48247	72585
1629	0.000089	56117.40	49570	71083
1630	0.000089	56412.25	50790	70851
1631	0.000090	56196.41	49308	72717
1632	0.000090	56984.92	50384	74485
1633	0.000090	56678.83	49747	70457
1634	0.000090	57133.35	51176	74887
1635	0.000090	56246.43	50465	64792
1636	0.000090	56890.00	50850	68447
1637	0.000090	56990.13	49995	73030
1638	0.000090	56434.62	49762	66517
1639	0.000090	56877.10	50399	69888
1640	0.000091	56534.67	50659	66283
1641	0.000092	56998.91	51094	67106
1642	0.000091	56159.64	50899	68696
1643	0.000091	56745.74	49231	65934
1644	0.000091	56709.53	49675	66803
1645	0.000091	57414.10	49164	72468
1646	0.000091	57026.23	50379	65986
1647	0.000091	57016.13	51449	67217
1648	0.000091	56689.96	50244	66017
1649	0.000091	57312.25	50518	72123
1650	0.000091	57405.70	50113	72422
1651	0.000091	56647.67	50124	67667
1652	0.000091	57373.05	49483	70465
1653	0.000091	56488.32	49961	71980
1654	0.000092	57727.25	51369	74113
1655	0.000091	57162.52	50395	70138
1656	0.000091	57844.92	51049	68150
1657	0.000091	57169.38	49789	70099
1658	0.000091	57559.16	51368	66560
1659	0.000091	57319.29	51159	73162
1660	0.000092	57524.96	49287	71559
1661	0.000092	58030.93	50637	68563
1662	0.000092	57866.60	50846	69289
1663	0.000092	57262.68	49717	73489
1664	0.000092	57365.91	50471	70684
1665	0.000092	57273.06	49094	67123
1666	0.000092	57981.72	50482	69547
1667	0.000092	58326.76	51870	70275
1668	0.000092	58447.68	50485	72614
1669	0.000092	58432.05	51940	71854
1670	0.000092	58761.33	50378	71442
1671	0.000092	58193.88	52083	68512
1672	0.000092	58929.59	50212	69621
1673	0.000092	58639.36	51422	70942
1674	0.000093	58348.60	51104	72070
1675	0.000092	57948.62	51832	72660
1676	0.000093	58109.61	52705	68835
1677	0.000092	58697.62	51666	75881
1678	0.000093	57799.76	51754	66447
1679	0.000092	58523.39	52370	69449
1680	0.000093	58405.08	51005	71949
1681	0.000093	58237.50	51391	68809
1682	0.000093	58630.12	52221	69666
1683	0.000093	58527.55	52115	68175
1684	0.000093	58354.93	51609	69196
1685	0.000094	58920.10	52814	69754
1686	0.000093	58133.30	51907	67192
1687	0.000093	58634.66	51680	71860
1688	0.000093	58406.22	53304	68993
1689	0.000093	58430.84	52102	70576
1690	0.000094	58852.77	51543	70601
1691	0.000094	59443.20	51576	70221
1692	0.000094	58360.89	53172	67325
1693	0.000094	58617.33	49891	70657
1694	0.000094	58984.52	51047	74230
1695	0.000094	58865.66	52871	68339
1696	0.000094	59337.16	52529	68067
1697	0.000094	58651.56	52198	71702
1698	0.000094	59237.32	53211	70807
1699	0.000103	58900.50	52245	72306
1700	0.000098	59035.58	52991	75240
1701	0.000094	58994.22	52435	76316
1702	0.000094	59165.56	52609	70086
1703	0.000094	58831.06	52632	71397
1704	0.000094	59308.86	52134	71407
1705	0.000100	59378.61	52291	71852
1706	0.000095	60402.50	52806	73233
1707	0.000095	59228.58	52433	75027
1708	0.000094	59429.38	52971	77276
1709	0.000094	59557.70	53140	69788
1710	0.000095	59813.18	53510	71500
1711	0.000095	59711.07	51357	72697
1712	0.000094	59774.21	52196	70804
1713	0.000095	58829.30	51897	70428
1714	0.000095	59488.91	52774	72147
1715	0.000094	59460.78	52619	72347
1716	0.000095	60292.57	53734	71915
1717	0.000095	59469.08	52513	70384
1718	0.000095	60019.99	53921	70572
1719	0.000095	59670.67	53811	77880
1720	0.000095	59192.16	52960	74346
1721	0.000095	60084.80	54455	67985
1722	0.000095	59673.08	53986	68324
1723	0.000096	60031.79	54272	68477
1724	0.000095	60051.58	53878	68023
1725	0.000095	59490.98	52528	71875
1726	0.000095	59966.21	53703	72433
1727	0.000095	60712.13	53561	74173
1728	0.000096	60386.77	53984	71305
1729	0.000095	59565.97	53449	70927
1730	0.000096	59950.68	54336	73831
1731	0.000096	60633.16	53286	73353
1732	0.000096	60269.50	54032	71981
1733	0.000096	60127.56	54595	70890
1734	0.000095	60276.61	51388	71432
1735	0.000096	60345.31	54710	73648
1736	0.000096	60352.56	54669	74473
1737	0.000096	60207.00	52856	70341
1738	0.000096	60499.58	54400	69297
1739	0.000096	60879.67	53546	72730
1740	0.000096	60610.42	53420	71524
1741	0.000097	61489.29	54741	77236
1742	0.000096	61039.05	54420	70802
1743	0.000097	60970.37	54814	71300
1744	0.000097	61229.62	53882	73964
1745	0.000096	60131.95	53498	73349
1746	0.000097	61672.48	54132	74291
1747	0.000097	60634.19	54674	74734
1748	0.000097	61417.04	53184	73012
1749	0.000097	61321.38	53889	76681
1750	0.000097	61112.04	53411	71223
1751	0.000097	62095.22	56042	76465
1752	0.000097	60719.98	53182	71946
1753	0.000097	60722.22	54711	72924
1754	0.000097	61404.48	53990	76415
1755	0.000097	60947.56	52080	75605
1756	0.000097	61843.72	54433	79226
1757	0.000098	61746.36	55266	85498
1758	0.000098	62165.64	55874	72314
1759	0.000098	62093.87	55704	75461
1760	0.000098	61587.95	55399	78573
1761	0.000098	61233.87	54301	69626
1762	0.000098	62047.20	55520	70565
1763	0.000098	61978.96	55108	72192
1764	0.000098	62054.75	54588	73225
1765	0.000098	61711.85	53582	74650
1766	0.000098	61455.20	55781	70152
1767	0.000098	61434.88	55010	71358
1768	0.000098	61779.73	54185	71295
1769	0.000100	62915.46	55005	75911
1770	0.000107	62117.17	55095	73809
1771	0.000100	61719.51	55184	72220
1772	0.000100	61865.51	55143	75983
1773	0.000100	62914.63	55994	79298
1774	0.000099	62308.10	55832	77875
1775	0.000098	62423.84	54600	77069
1776	0.000099	62224.65	54788	73000
1777	0.000100	61378.53	54957	68645
1778	0.000098	62135.23	56232	79220
1779	0.000099	62903.04	54346	75903
1780	0.000098	62038.39	54645	74836
1781	0.000099	62229.90	55518	70854
1782	0.000100	62822.96	55160	76264
1783	0.000099	62798.25	56061	72430
1784	0.000099	62351.39	55944	76868
1785	0.000099	62544.09	55171	74885
1786	0.000099	62550.49	55442	71235
1787	0.000099	62214.82	56951	72776
1788	0.000099	62170.46	55672	72512
1789	0.000100	62467.98	54422	77450
1790	0.000099	62324.64	56664	71941
1791	0.000100	62793.73	56511	78204
1792	0.000100	62744.16	55827	76656
1793	0.000099	62579.00	55525	77802
1794	0.000100	63146.76	56748	74198
1795	0.000100	62662.87	55308	72452
1796	0.000100	62853.01	55457	79299
1797	0.000100	63252.53	56762	73370
1798	0.000100	62921.84	54073	74331
1799	0.000100	63263.01	56613	75524
1800	0.000100	63185.52	56308	75888
1801	0.000100	62688.21	55479	76113
1802	0.000101	63338.95	55802	77212
1803	0.000101	63424.45	55995	73376
1804	0.000102	62971.11	57156	75371
1805	0.000101	63295.34	55905	82026
1806	0.000102	64253.49	54036	77976
1807	0.000102	63177.93	56857	75756
1808	0.000100	63777.89	57157	92605
1809	0.000101	63554.06	56645	71238
1810	0.000101	63807.93	56114	75151
1811	0.000101	64071.32	56211	78153
1812	0.000101	64210.42	56797	72768
1813	0.000101	63463.64	54415	75185
1814	0.000101	63184.75	56891	75643
1815	0.000101	63199.62	57178	73105
1816	0.000101	63332.27	56286	76221
1817	0.000101	64262.32	56332	75812
1818	0.000101	63245.62	56211	73133
1819	0.000101	63781.63	57445	74873
1820	0.000101	63515.05	56808	75583
1821	0.000101	64302.17	55694	72081
1822	0.000102	63868.28	57999	76450
1823	0.000102	63932.80	57100	72269
1824	0.000101	63733.78	57737	79113
1825	0.000102	64076.64	56753	71131
1826	0.000102	64492.59	56398	77322
1827	0.000102	64068.89	58105	81125
1828	0.000102	64100.77	57307	73919
1829	0.000102	64128.30	57465	77794
1830	0.000102	64472.64	57978	73589
1831	0.000102	63818.24	56345	81290
1832	0.000102	63539.47	56339	76186
1833	0.000102	64022.28	56541	76590
1834	0.000102	64026.73	58468	73446
1835	0.000102	65012.70	57430	80011
1836	0.000102	64328.37	56744	74489
1837	0.000102	64149.99	57807	75319
1838	0.000103	64773.36	57819	77638
1839	0.000103	64949.36	58195	76321
1840	0.000103	64516.75	57924	77101
1841	0.000103	64645.23	57293	78450
1842	0.000103	64456.31	58514	75079
1843	0.000102	64897.32	58174	80027
1844	0.000102	64176.93	57394	71869
1845	0.000104	64492.04	57426	78087
1846	0.000103	64725.64	57543	75390
1847	0.000103	64260.67	58543	74833
1848	0.000103	65197.67	58208	77086
1849	0.000104	65450.51	57388	91101
1850	0.000103	65140.73	59388	75439
1851	0.000103	64928.82	58818	77835
1852	0.000104	65639.25	58096	77040
1853	0.000103	65721.41	58438	80876
1854	0.000104	65778.07	58298	73787
1855	0.000103	64489.83	57213	80990
1856	0.000103	65041.32	58128	75281
1857	0.000103	64948.15	58891	74979
1858	0.000104	65041.09	58679	82724
1859	0.000103	65399.12	57180	78346
1860	0.000104	65486.28	56747	76718
1861	0.000104	65785.05	58209	77405
1862	0.000104	65486.89	57759	78998
1863	0.000104	65198.20	59110	78390
1864	0.000104	65913.87	57525	76456
1865	0.000104	65460.14	58158	75096
1866	0.000104	65301.13	58049	79146
1867	0.000104	65395.54	58288	77441
1868	0.000105	65966.31	58304	79540
1869	0.000104	66040.51	57738	77722
1870	0.000105	66428.77	58892	84210
1871	0.000106	65860.28	59247	78204
1872	0.000104	66220.16	58854	85042
1873	0.000105	65401.97	59737	81017
1874	0.000105	65939.38	58913	83151
1875	0.000107	66536.75	59404	81420
1876	0.000105	66300.53	58395	75364
1877	0.000105	65968.82	59445	78579
1878	0.000104	65892.63	59065	81603
1879	0.000105	67034.12	58216	81083
1880	0.000105	66980.93	58526	80067
1881	0.000105	65643.20	59929	77094
1882	0.000105	65582.24	59175	77819
1883	0.000106	67090.32	57961	82274
1884	0.000105	67073.13	58643	77932
1885	0.000105	66674.34	58709	75067
1886	0.000106	66808.99	60069	77131
1887	0.000105	66225.28	59606	80096
1888	0.000106	66922.57	57957	77801
1889	0.000106	66595.50	59645	79427
1890	0.000106	66808.36	57913	80888
1891	0.000105	66531.12	58196	79676
1892	0.000106	65998.86	58438	76676
1893	0.000106	66685.78	59810	83997
1894	0.000107	65728.23	59219	84909
1895	0.000108	67568.36	58967	81378
1896	0.000106	66926.05	58713	80341
1897	0.000107	67012.60	59856	84372
1898	0.000106	67491.55	60580	84613
1899	0.000107	66897.99	57741	83459
1900	0.000106	67278.91	59967	78623
1901	0.000107	66588.53	60081	86499
1902	0.000106	66631.49	58143	75065
1903	0.000107	67542.90	60447	82697
1904	0.000106	67319.99	60337	82822
1905	0.000106	67112.01	58832	77919
1906	0.000106	67116.22	58499	78446
1907	0.000107	66841.19	59933	79753
1908	0.000107	67300.11	59242	77158
1909	0.000107	66944.42	60409	85034
1910	0.000107	68060.70	59908	77620
1911	0.000107	67615.94	60502	83435
1912	0.000107	67159.02	60896	80616
1913	0.000107	67072.87	60152	81098
1914	0.000107	68228.79	61216	81503
1915	0.000108	67360.70	59532	78940
1916	0.000107	68062.75	58850	84042
1917	0.000107	67706.81	61317	81883
1918	0.000108	68363.13	60456	85408
1919	0.000107	67854.61	60296	83792
1920	0.000107	68371.18	60312	80479
1921	0.000108	68054.67	61800	85214
1922	0.000107	67362.05	58851	79121
1923	0.000108	68799.30	59298	79228
1924	0.000108	68365.92	61002	79960
1925	0.000108	68439.07	60227	82222
1926	0.000108	68550.75	61398	82106
1927	0.000108	68838.57	59623	82934
1928	0.000108	68096.64	61436	82136
1929	0.000108	67868.59	60843	78542
1930	0.000108	68291.06	59215	84825
1931	0.000108	68582.36	61836	81928
1932	0.000108	68253.15	58927	85963
1933	0.000109	68550.77	61671	82622
1934	0.000108	68457.50	60637	80675
1935	0.000108	67597.83	59597	78352
1936	0.000108	68966.30	61348	83801
1937	0.000108	68228.35	58853	89264
1938	0.000109	68524.59	61471	80480
1939	0.000109	68547.36	60952	91788
1940	0.000109	68335.14	62795	78591
1941	0.000109	68165.11	61548	78775
1942	0.000110	69860.60	60665	84994
1943	0.000109	69548.95	61543	83161
1944	0.000109	68555.15	62357	82762
1945	0.000109	69202.07	62325	83691
1946	0.000109	68957.00	62270	83833
1947	0.000109	68823.72	60903	81351
1948	0.000109	68392.83	60337	87297
1949	0.000109	69069.67	59863	82555
1950	0.000109	68713.84	59143	83822
1951	0.000109	68579.24	61051	85735
1952	0.000110	69914.87	59859	82851
1953	0.000110	68800.41	61309	79375
1954	0.000111	69467.56	60626	82691
1955	0.000110	69319.37	58992	81392
1956	0.000110	68970.33	60734	81457
1957	0.000111	69315.23	61016	84699
1958	0.000111	69339.95	62334	83550
1959	0.000111	69740.17	60627	81375
1960	0.000111	69282.07	61541	93232
1961	0.000110	69222.01	61329	84835
1962	0.000110	69699.41	62203	84175
1963	0.000111	70485.08	62020	81431
1964	0.000110	69894.41	62009	87229
1965	0.000110	69736.74	61920	79912
1966	0.000110	69142.54	61569	80589
1967	0.000110	69645.59	62457	79175
1968	0.000111	69648.93	62685	83008
1969	0.000111	70751.31	62612	86468
1970	0.000111	70377.04	63180	82307
1971	0.000111	69703.61	62131	84518
1972	0.000111	70265.65	61851	86622
1973	0.000111	70524.16	63552	81192
1974	0.000111	70238.37	62311	88124
1975	0.000111	69195.26	62248	84270
1976	0.000111	71241.88	62395	85095
1977	0.000112	70182.26	62937	87208
1978	0.000111	70505.92	63562	83176
1979	0.000111	70566.13	62549	83212
1980	0.000111	69391.04	62110	80751
1981	0.000111	69703.56	62623	82273
1982	0.000111	69840.80	62394	81399
1983	0.000112	70004.27	62072	79833
1984	0.000111	70246.06	62608	86059
1985	0.000112	71190.24	63982	81957
1986	0.000111	70163.54	62168	83377
1987	0.000113	71482.25	63288	84062
1988	0.000112	71194.32	63256	85611
1989	0.000112	71011.94	63730	84677
1990	0.000112	70501.49	62568	78533
1991	0.000112	70275.14	63764	83636
1992	0.000113	71780.09	62577	92065
1993	0.000112	70890.48	60568	82397
1994	0.000112	71001.80	63535	85135
1995	0.000112	70414.35	62742	83444
1996	0.000113	70989.37	63178	82739
1997	0.000113	70693.56	62016	89494
1998	0.000112	70292.12	62020	85725
1999	0.000113	71537.89	63670	83123
2000	0.000112	71073.32	63403	82591
