1	0.000000	0.00	0	0
2	0.000000	9.38	8	11
3	0.000000	12.00	12	12
4	0.000000	24.30	21	27
5	0.000000	31.76	26	39
6	0.000000	42.21	36	51
7	0.000000	51.95	42	67
8	0.000000	64.24	54	83
9	0.000000	75.44	62	100
10	0.000000	90.32	73	123
11	0.000000	99.78	84	128
12	0.000000	110.76	92	147
13	0.000000	129.05	104	173
14	0.000001	139.21	115	181
15	0.000001	153.32	127	225
16	0.000001	166.01	138	198
17	0.000001	181.79	148	241
18	0.000001	194.53	163	253
19	0.000001	211.90	173	272
20	0.000001	222.69	192	286
21	0.000001	237.31	202	291
22	0.000001	257.65	214	346
23	0.000001	270.05	232	378
24	0.000001	286.99	241	363
25	0.000001	298.82	251	358
26	0.000001	326.60	269	419
27	0.000001	328.66	281	425
28	0.000001	346.30	305	432
29	0.000001	370.57	322	500
30	0.000001	382.56	325	480
31	0.000001	395.05	341	467
32	0.000001	415.38	355	533
33	0.000001	432.14	368	578
34	0.000002	454.22	398	594
35	0.000002	466.65	404	569
36	0.000002	490.96	416	661
37	0.000002	502.36	441	637
38	0.000002	527.56	446	694
39	0.000002	536.02	462	686
40	0.000002	553.82	476	714
41	0.000002	571.25	496	757
42	0.000002	593.31	509	745
43	0.000002	617.28	537	779
44	0.000002	621.54	550	789
45	0.000002	644.56	554	812
46	0.000002	651.46	583	796
47	0.000002	677.17	592	866
48	0.000002	704.10	622	807
49	0.000002	712.58	611	868
50	0.000002	736.57	642	900
51	0.000002	757.45	657	941
52	0.000002	776.04	673	958
53	0.000003	799.21	687	986
54	0.000003	811.04	722	1026
55	0.000003	838.47	728	1037
56	0.000006	851.91	727	1075
57	0.000004	876.53	738	1122
58	0.000003	895.99	785	1131
59	0.000003	908.68	799	1163
60	0.000004	943.79	825	1239
61	0.000005	942.05	842	1174
62	0.000003	977.25	850	1217
63	0.000003	1007.49	861	1269
64	0.000003	1000.58	861	1269
65	0.000003	1018.75	889	1265
66	0.000003	1042.75	937	1245
67	0.000003	1050.96	928	1206
68	0.000003	1089.36	915	1450
69	0.000003	1093.63	961	1342
70	0.000004	1131.86	978	1424
71	0.000004	1157.30	1016	1429
72	0.000004	1186.49	1039	1659
73	0.000004	1182.24	1046	1345
74	0.000004	1207.30	1050	1606
75	0.000004	1228.68	1101	1435
76	0.000004	1253.81	1094	1562
77	0.000004	1278.56	1119	1517
78	0.000004	1300.58	1126	1562
79	0.000004	1312.28	1197	1672
80	0.000004	1334.29	1184	1659
81	0.000004	1346.03	1185	1590
82	0.000004	1392.08	1210	1843
83	0.000004	1412.12	1214	1678
84	0.000004	1429.47	1219	1726
85	0.000004	1433.62	1258	1932
86	0.000005	1449.88	1293	1696
87	0.000005	1490.10	1321	1912
88	0.000006	1519.55	1319	2006
89	0.000005	1524.61	1330	1825
90	0.000005	1541.75	1345	1948
91	0.000005	1571.03	1310	1926
92	0.000005	1615.32	1405	2266
93	0.000005	1610.27	1408	2097
94	0.000005	1613.86	1438	1909
95	0.000005	1661.46	1495	1915
96	0.000005	1663.68	1466	2014
97	0.000005	1697.04	1491	2003
98	0.000005	1708.22	1539	2314
99	0.000005	1730.75	1524	2226
100	0.000005	1746.41	1572	2335
101	0.000005	1786.51	1533	2217
102	0.000005	1799.67	1604	2128
103	0.000006	1824.63	1605	2247
104	0.000006	1845.98	1633	2197
105	0.000006	1834.54	1628	2144
106	0.000006	1902.48	1691	2477
107	0.000006	1887.67	1681	2552
108	0.000006	1960.42	1720	2439
109	0.000006	1962.92	1729	2341
110	0.000006	1979.24	1789	2351
111	0.000006	2006.53	1767	2311
112	0.000006	2006.67	1778	2261
113	0.000006	2064.43	1818	2554
114	0.000006	2073.27	1841	2537
115	0.000006	2084.42	1832	2608
116	0.000006	2098.12	1832	2508
117	0.000007	2153.13	1886	2752
118	0.000007	2163.87	1886	2509
119	0.000007	2197.11	1920	2710
120	0.000007	2187.83	1988	2572
121	0.000007	2222.26	1967	2558
122	0.000007	2237.47	2004	2671
123	0.000011	2264.70	2030	2664
124	0.000010	2269.86	1975	2723
125	0.000008	2314.66	2053	2867
126	0.000007	2308.16	2074	2915
127	0.000007	2341.93	2074	2962
128	0.000007	2347.91	2096	2717
129	0.000007	2410.74	2155	2860
130	0.000007	2430.08	2161	2857
131	0.000007	2468.30	2159	3369
132	0.000007	2477.45	2194	2920
133	0.000008	2480.56	2112	2927
134	0.000008	2533.45	2240	3195
135	0.000008	2565.53	2191	3070
136	0.000008	2596.95	2303	3035
137	0.000008	2643.16	2256	3571
138	0.000008	2613.27	2337	3253
139	0.000013	2663.72	2368	3651
140	0.000008	2665.11	2359	3314
141	0.000008	2673.15	2355	3154
142	0.000008	2697.66	2401	3361
143	0.000008	2732.33	2468	3313
144	0.000008	2758.54	2400	3381
145	0.000008	2759.11	2433	3247
146	0.000008	2806.01	2513	3430
147	0.000008	2777.34	2438	3225
148	0.000008	2836.37	2542	3668
149	0.000009	2851.04	2531	3668
150	0.000009	2879.87	2547	3264
151	0.000009	2903.90	2607	3426
152	0.000009	2942.72	2569	3817
153	0.000009	2956.91	2674	3480
154	0.000009	2969.90	2672	3660
155	0.000009	3016.20	2729	3661
156	0.000009	3025.09	2743	3959
157	0.000009	3058.88	2738	3668
158	0.000009	3066.35	2762	3700
159	0.000009	3080.99	2702	3639
160	0.000009	3101.18	2737	3587
161	0.000009	3141.18	2767	3666
162	0.000009	3160.48	2781	3574
163	0.000010	3185.87	2844	4117
164	0.000010	3243.57	2865	3830
165	0.000009	3227.26	2890	4014
166	0.000010	3288.64	2933	4380
167	0.000010	3296.43	2886	4009
168	0.000010	3340.39	2942	4052
169	0.000010	3343.82	2948	4005
170	0.000010	3408.86	3014	4220
171	0.000010	3368.71	3058	4062
172	0.000010	3388.27	3007	3980
173	0.000010	3443.64	3079	4139
174	0.000010	3447.42	3043	4042
175	0.000010	3454.95	3094	4013
176	0.000010	3512.11	3117	4392
177	0.000010	3543.16	3166	4404
178	0.000011	3586.12	3219	4405
179	0.000011	3595.87	3208	4501
180	0.000011	3638.68	3228	4430
181	0.000011	3615.98	3273	4322
182	0.000011	3585.22	3219	4172
183	0.000011	3682.00	3300	4287
184	0.000011	3758.75	3272	4843
185	0.000011	3698.94	3337	4214
186	0.000011	3753.52	3263	4694
187	0.000011	3772.53	3418	4635
188	0.000011	3779.40	3416	4455
189	0.000011	3808.27	3388	4625
190	0.000011	3859.66	3468	4801
191	0.000011	3862.95	3445	4827
192	0.000012	3886.07	3491	4680
193	0.000012	3937.70	3461	4742
194	0.000012	3941.07	3543	4688
195	0.000011	3950.32	3468	4768
196	0.000012	3983.36	3552	5510
197	0.000012	4019.49	3532	4749
198	0.000012	4068.35	3620	5319
199	0.000012	4097.36	3637	4963
200	0.000012	4092.14	3616	4654
201	0.000012	4159.40	3613	4911
202	0.000012	4152.29	3626	4945
203	0.000012	4184.36	3687	5082
204	0.000012	4233.06	3796	5137
205	0.000013	4228.76	3724	5594
206	0.000012	4198.35	3768	4976
207	0.000012	4280.41	3790	5164
208	0.000013	4282.05	3847	5096
209	0.000013	4246.30	3836	5048
210	0.000013	4323.24	3851	5073
211	0.000013	4343.42	3848	5546
212	0.000013	4449.54	3902	5491
213	0.000013	4434.57	3968	5397
214	0.000013	4444.22	3958	5311
215	0.000013	4476.34	3924	5428
216	0.000013	4559.83	4057	5552
217	0.000013	4521.67	4004	5217
218	0.000013	4574.15	4072	5482
219	0.000013	4580.68	4014	5579
220	0.000013	4597.34	4174	5849
221	0.000013	4600.08	4103	5867
222	0.000014	4640.06	4152	5475
223	0.000014	4629.94	4143	5387
224	0.000014	4691.37	4183	5551
225	0.000014	4707.13	4191	5597
226	0.000014	4770.94	4280	5591
227	0.000014	4739.42	4301	5594
228	0.000014	4802.26	4333	5673
229	0.000014	4810.86	4333	5494
230	0.000014	4878.07	4341	5915
231	0.000014	4867.30	4340	6128
232	0.000014	4866.56	4352	5677
233	0.000014	4897.22	4338	5779
234	0.000015	4999.30	4433	6047
235	0.000015	4934.65	4368	5953
236	0.000015	5054.08	4491	5920
237	0.000015	5056.12	4529	5858
238	0.000015	5031.70	4441	6225
239	0.000015	5077.84	4526	6193
240	0.000015	5098.09	4592	6061
241	0.000015	5114.86	4551	6072
242	0.000015	5141.13	4641	6030
243	0.000015	5130.78	4658	6198
244	0.000015	5155.65	4677	6304
245	0.000015	5246.96	4633	6470
246	0.000015	5293.82	4640	6705
247	0.000015	5308.06	4807	6595
248	0.000016	5356.52	4871	6785
249	0.000016	5285.52	4809	6370
250	0.000016	5370.45	4812	6409
251	0.000016	5330.64	4790	6775
252	0.000016	5424.83	4861	6696
253	0.000016	5356.93	4895	6194
254	0.000016	5409.02	4887	6596
255	0.000016	5514.35	5008	6548
256	0.000016	5509.42	4968	6526
257	0.000016	5537.79	4916	6625
258	0.000016	5576.24	4883	6608
259	0.000016	5564.42	5021	6470
260	0.000016	5610.40	4898	6748
261	0.000016	5643.55	5010	6600
262	0.000016	5660.16	5159	6468
263	0.000016	5664.79	5099	6815
264	0.000017	5676.66	5157	6578
265	0.000017	5726.08	5074	6834
266	0.000017	5718.40	5095	7039
267	0.000017	5815.82	5178	6914
268	0.000017	5846.54	5212	6730
269	0.000017	5880.33	5266	6735
270	0.000017	5919.95	5361	6804
271	0.000017	5870.03	5145	6848
272	0.000017	5942.38	5250	6859
273	0.000017	5923.99	5281	6910
274	0.000017	6020.36	5316	7108
275	0.000017	6041.63	5378	7173
276	0.000018	6095.05	5507	7347
277	0.000018	6021.50	5348	7813
278	0.000018	6009.30	5345	6824
279	0.000017	6124.91	5508	7623
280	0.000018	6099.41	5563	7137
281	0.000018	6112.72	5512	7080
282	0.000018	6115.72	5388	7274
283	0.000018	6196.28	5442	7671
284	0.000018	6186.76	5653	7100
285	0.000018	6272.94	5444	7300
286	0.000018	6249.21	5629	7746
287	0.000018	6315.69	5687	7575
288	0.000018	6339.68	5621	7672
289	0.000018	6329.00	5768	8227
290	0.000018	6433.63	5759	7419
291	0.000019	6396.68	5683	7366
292	0.000019	6440.60	5784	7932
293	0.000019	6498.98	5738	7846
294	0.000019	6507.67	5712	8115
295	0.000019	6449.63	5764	7405
296	0.000019	6542.69	5961	7523
297	0.000019	6604.54	5897	7959
298	0.000019	6528.15	5930	7843
299	0.000019	6616.58	5980	7581
300	0.000019	6688.43	6010	8251
301	0.000019	6684.91	5937	7567
302	0.000019	6734.44	6033	8234
303	0.000019	6753.22	6096	8127
304	0.000020	6722.45	6126	7681
305	0.000020	6793.34	6072	7987
306	0.000020	6915.45	5963	8648
307	0.000020	6857.37	6109	8421
308	0.000020	6838.09	6172	8385
309	0.000020	6863.69	6277	7837
310	0.000020	6989.14	6035	7870
311	0.000020	6939.34	6283	8352
312	0.000020	7010.97	6219	8394
313	0.000020	6964.96	6262	8010
314	0.000020	7057.82	6253	9127
315	0.000020	7021.57	6243	8114
316	0.000020	7080.26	6376	8266
317	0.000021	7058.39	6438	8535
318	0.000021	7053.79	6461	8516
319	0.000021	7186.68	6607	8242
320	0.000021	7162.07	6525	8196
321	0.000021	7213.53	6511	8683
322	0.000021	7289.86	6355	8861
323	0.000021	7307.18	6532	8737
324	0.000021	7378.51	6437	8772
325	0.000021	7329.24	6400	8780
326	0.000021	7330.72	6690	9376
327	0.000021	7393.56	6702	8529
328	0.000021	7338.57	6622	8599
329	0.000022	7494.78	6685	9701
330	0.000021	7434.99	6614	8500
331	0.000021	7440.62	6687	9436
332	0.000022	7500.65	6794	8663
333	0.000022	7566.25	6723	9672
334	0.000022	7605.08	6837	9301
335	0.000022	7537.05	6873	9298
336	0.000022	7592.42	6937	9595
337	0.000022	7618.17	6860	10112
338	0.000022	7674.26	6884	9167
339	0.000022	7756.16	6824	8991
340	0.000022	7724.79	6748	8740
341	0.000022	7796.74	6781	9391
342	0.000022	7800.86	6977	9236
343	0.000022	7745.51	6862	9127
344	0.000022	7817.60	7003	9723
345	0.000022	7794.28	7040	9426
346	0.000023	7943.97	6986	9323
347	0.000023	7943.29	7090	9529
348	0.000023	7903.17	7215	9323
349	0.000023	7951.20	7271	9440
350	0.000023	7973.86	7127	9845
351	0.000023	8056.22	7111	9745
352	0.000023	7998.04	7272	10167
353	0.000023	8000.02	7233	9237
354	0.000023	8096.43	7391	9167
355	0.000023	8106.97	7391	9884
356	0.000023	8153.61	7412	9062
357	0.000024	8277.09	7418	10100
358	0.000024	8238.20	7443	9756
359	0.000023	8214.53	7341	10433
360	0.000024	8159.19	7426	10345
361	0.000024	8249.08	7472	9641
362	0.000024	8221.19	7519	9428
363	0.000024	8305.45	7433	9860
364	0.000024	8364.28	7528	10857
365	0.000024	8468.67	7782	10155
366	0.000024	8416.34	7456	9809
367	0.000024	8482.96	7728	9741
368	0.000024	8398.38	7674	9929
369	0.000024	8523.21	7653	10838
370	0.000024	8479.52	7547	9914
371	0.000025	8529.68	7763	10026
372	0.000024	8563.19	7871	9995
373	0.000025	8563.30	7664	9903
374	0.000025	8616.81	7722	10169
375	0.000025	8623.42	7780	10365
376	0.000025	8672.12	7924	10092
377	0.000025	8676.14	7761	9685
378	0.000025	8757.06	7769	10532
379	0.000025	8756.45	7747	10216
380	0.000025	8803.12	7743	10661
381	0.000025	8847.17	8027	10523
382	0.000026	8821.06	7954	10549
383	0.000025	8809.32	8126	10119
384	0.000026	8952.17	8076	10668
385	0.000025	8860.93	8024	10680
386	0.000026	8956.31	8127	11317
387	0.000026	9014.40	8049	11389
388	0.000026	8962.06	8164	10738
389	0.000026	9118.68	8135	11464
390	0.000026	9065.36	8278	11066
391	0.000026	9040.59	8025	10184
392	0.000026	9143.51	8188	10644
393	0.000026	9123.33	8218	11034
394	0.000026	9172.60	8264	10396
395	0.000026	9132.57	8332	11343
396	0.000026	9229.44	8209	10863
397	0.000026	9277.92	8207	11039
398	0.000027	9329.79	8289	11008
399	0.000027	9386.37	8496	10947
400	0.000027	9424.14	8288	11640
401	0.000027	9413.63	8571	11331
402	0.000027	9364.27	8531	11261
403	0.000027	9623.99	8705	11558
404	0.000027	9531.45	8623	10934
405	0.000027	9453.39	8520	11251
406	0.000027	9526.45	8545	11066
407	0.000027	9550.08	8609	11266
408	0.000027	9570.80	8503	11001
409	0.000027	9639.83	8908	11791
410	0.000027	9649.83	8788	11913
411	0.000027	9631.18	8666	11520
412	0.000027	9651.14	8751	11267
413	0.000028	9744.64	8769	11639
414	0.000028	9753.96	8787	11540
415	0.000028	9741.98	8824	11754
416	0.000028	9847.65	8779	11831
417	0.000028	9817.43	8979	12644
418	0.000028	9827.44	8970	11000
419	0.000029	9891.80	9044	11508
420	0.000028	9833.35	9089	11175
421	0.000029	10007.67	9000	11808
422	0.000029	9923.81	8926	11649
423	0.000029	9971.75	8902	11992
424	0.000029	10050.59	9020	11344
425	0.000029	10067.66	8945	11851
426	0.000029	10059.19	8939	12475
427	0.000029	10018.02	9269	11348
428	0.000029	10166.64	8912	11849
429	0.000029	10198.53	9263	12092
430	0.000029	10137.37	9104	12544
431	0.000029	10276.89	9115	11978
432	0.000029	10302.30	9334	12467
433	0.000029	10372.30	9249	12267
434	0.000030	10291.88	9273	12252
435	0.000030	10283.61	9149	13117
436	0.000030	10326.46	9456	13525
437	0.000030	10336.26	9335	12417
438	0.000030	10404.15	9334	12190
439	0.000030	10431.98	9437	12185
440	0.000030	10517.93	9493	12545
441	0.000030	10542.84	9631	11735
442	0.000030	10527.44	9412	12468
443	0.000030	10529.27	9503	12214
444	0.000030	10538.42	9572	12658
445	0.000030	10554.82	9538	11969
446	0.000031	10690.09	9577	12859
447	0.000030	10594.14	9474	12375
448	0.000031	10803.03	9687	14226
449	0.000031	10755.14	9730	12685
450	0.000031	10822.69	9515	12568
451	0.000031	10822.96	9650	12947
452	0.000031	10850.78	9832	12745
453	0.000031	10759.58	9665	12856
454	0.000031	10865.76	9689	13486
455	0.000031	10877.78	9992	13911
456	0.000031	10952.07	9790	12769
457	0.000031	10918.83	9868	13597
458	0.000031	10949.29	9854	12880
459	0.000031	11049.71	10023	13918
460	0.000032	11037.25	9916	13024
461	0.000032	11034.00	9979	13298
462	0.000032	11092.99	10084	13574
463	0.000032	11116.94	10110	13441
464	0.000032	11043.99	10094	13211
465	0.000032	11217.68	10171	13199
466	0.000032	11239.82	10156	13153
467	0.000032	11227.69	10125	12988
468	0.000032	11248.77	10209	13223
469	0.000032	11303.95	10309	12785
470	0.000032	11292.76	10142	13689
471	0.000032	11315.99	10362	13295
472	0.000032	11345.00	10397	12833
473	0.000032	11430.42	10289	13815
474	0.000033	11397.48	10388	13308
475	0.000033	11505.76	10379	14436
476	0.000033	11396.99	10508	12714
477	0.000033	11527.66	10529	13582
478	0.000033	11549.69	10707	13557
479	0.000033	11581.26	10597	12985
480	0.000033	11522.87	10433	13300
481	0.000033	11583.01	10525	13362
482	0.000033	11668.60	10445	13483
483	0.000033	11733.32	10583	14384
484	0.000033	11692.35	10648	13670
485	0.000034	11709.96	10651	14444
486	0.000034	11918.24	10834	13569
487	0.000034	11635.82	10504	13082
488	0.000034	11795.05	10620	13114
489	0.000034	11846.93	10633	14679
490	0.000034	11795.40	10606	13528
491	0.000034	11980.93	10835	13562
492	0.000034	11995.46	10883	14415
493	0.000034	11976.61	10635	13543
494	0.000034	11907.94	10902	13852
495	0.000034	12016.69	10792	13943
496	0.000034	12043.04	11012	14112
497	0.000034	12150.62	11003	13628
498	0.000035	12117.87	10983	14276
499	0.000034	12169.23	10924	14466
500	0.000032	12205.49	11007	13829
501	0.000030	12096.99	11153	13683
502	0.000028	12238.15	11148	14966
503	0.000026	12360.51	11336	14348
504	0.000025	12314.14	11066	14639
505	0.000024	12139.48	10730	14035
506	0.000023	12294.78	11004	14525
507	0.000023	12296.47	11053	14421
508	0.000023	12391.50	11348	15595
509	0.000023	12428.55	11517	15434
510	0.000023	12577.21	11282	14882
511	0.000023	12479.80	11338	14811
512	0.000023	12546.23	11208	15710
513	0.000023	12574.02	11291	14968
514	0.000023	12585.65	11332	14629
515	0.000023	12646.88	11374	14421
516	0.000023	12571.61	11350	14212
517	0.000023	12766.06	11472	14749
518	0.000023	12659.47	11494	15370
519	0.000024	12730.13	11752	15061
520	0.000024	12886.57	11611	14775
521	0.000023	12691.95	11663	14852
522	0.000024	12737.22	11718	14668
523	0.000024	12742.48	11797	17188
524	0.000024	12858.45	11764	15565
525	0.000024	12954.55	11564	15999
526	0.000024	12789.34	11748	16206
527	0.000024	12840.93	11594	16024
528	0.000024	13031.86	11711	15446
529	0.000024	13015.06	11598	16020
530	0.000024	12985.29	11769	15809
531	0.000024	13075.42	11597	15113
532	0.000024	13056.28	11953	16455
533	0.000024	13100.66	12024	15125
534	0.000024	13115.35	12085	15269
535	0.000024	13220.09	12055	15493
536	0.000024	13166.60	12113	14871
537	0.000024	13222.40	11963	15245
538	0.000024	13192.28	11949	15423
539	0.000024	13210.26	11980	15422
540	0.000024	13224.73	12053	15267
541	0.000024	13285.75	12097	14760
542	0.000024	13294.88	12244	15811
543	0.000025	13520.37	12220	15187
544	0.000025	13477.74	12347	15882
545	0.000025	13395.90	12314	15186
546	0.000025	13457.82	12142	15247
547	0.000025	13581.96	12329	16349
548	0.000025	13572.80	12135	16238
549	0.000025	13547.89	12337	15040
550	0.000025	13684.15	12292	15895
551	0.000025	13543.59	12326	15243
552	0.000025	13687.67	12602	16666
553	0.000025	13833.77	12277	16395
554	0.000025	13769.40	12529	18178
555	0.000025	13760.52	12565	18103
556	0.000025	13707.80	12313	15533
557	0.000026	13770.11	12520	16576
558	0.000025	13766.10	12622	15871
559	0.000026	13790.65	12255	17036
560	0.000026	13823.21	12502	15940
561	0.000026	13987.41	12574	16868
562	0.000026	14005.95	12652	16989
563	0.000026	14107.36	13040	16447
564	0.000026	13942.93	12773	17206
565	0.000026	13904.56	12738	15118
566	0.000026	14090.16	12730	16917
567	0.000026	14193.55	12690	16663
568	0.000026	14120.36	12809	16331
569	0.000026	14199.58	12742	17220
570	0.000026	14175.38	12853	17247
571	0.000026	14127.24	12975	17148
572	0.000026	14277.06	12920	16477
573	0.000026	14143.41	12655	16299
574	0.000026	14365.40	12914	17177
575	0.000026	14345.32	13144	16215
576	0.000026	14480.89	13049	17614
577	0.000027	14353.84	12840	16702
578	0.000027	14515.28	13374	17855
579	0.000027	14368.04	13136	16391
580	0.000027	14521.66	13217	16449
581	0.000027	14407.03	13051	18016
582	0.000027	14394.14	13004	16778
583	0.000027	14561.04	13121	16492
584	0.000027	14577.37	13456	16533
585	0.000027	14478.64	13343	16803
586	0.000027	14793.71	13268	18318
587	0.000027	14757.65	13487	17132
588	0.000027	14855.42	13399	17191
589	0.000027	14813.75	13496	17701
590	0.000027	14648.80	13425	16474
591	0.000028	14794.05	13419	17265
592	0.000027	14680.96	13471	16933
593	0.000027	14762.03	13432	17400
594	0.000027	15031.58	13686	17179
595	0.000027	14760.34	13103	17932
596	0.000028	14986.62	13601	17259
597	0.000028	14988.24	13678	18719
598	0.000028	15020.92	13919	17225
599	0.000028	14998.19	13258	17717
600	0.000028	15059.89	13541	17079
601	0.000028	15088.35	13634	17506
602	0.000028	15106.46	13533	17595
603	0.000028	15125.47	13763	17986
604	0.000028	15079.87	13856	18195
605	0.000028	15223.69	13761	17269
606	0.000028	15327.53	13598	17861
607	0.000028	15230.90	14018	17629
608	0.000029	15276.18	14024	18942
609	0.000028	15403.47	13848	18786
610	0.000029	15515.94	14000	18254
611	0.000028	15453.54	13605	17938
612	0.000028	15409.97	14094	17504
613	0.000028	15499.36	14138	17842
614	0.000028	15470.29	14028	18111
615	0.000028	15459.05	13870	17898
616	0.000029	15483.07	13832	17919
617	0.000028	15485.01	14140	18339
618	0.000029	15609.98	14031	19023
619	0.000029	15662.76	13894	18035
620	0.000029	15800.97	14565	18313
621	0.000029	15706.85	14106	18994
622	0.000029	15747.60	14257	18321
623	0.000029	15698.83	14285	18553
624	0.000029	15718.16	13642	18532
625	0.000029	15763.81	14253	19704
626	0.000029	15925.04	14086	17936
627	0.000029	15956.96	14294	18701
628	0.000029	15964.15	14278	19291
629	0.000029	15855.29	14405	19383
630	0.000029	15922.40	14676	18873
631	0.000029	16099.52	14738	18191
632	0.000029	15966.06	14733	19604
633	0.000030	15886.14	14542	18500
634	0.000029	16100.17	14576	18644
635	0.000030	16005.77	14709	18242
636	0.000030	16071.42	14526	18343
637	0.000030	16166.42	14811	18320
638	0.000030	16328.45	14745	19995
639	0.000030	16280.01	14945	18841
640	0.000030	16209.90	14725	17938
641	0.000030	16339.62	14566	19719
642	0.000030	16352.19	14770	19315
643	0.000030	16314.16	14678	18377
644	0.000030	16326.13	14778	18934
645	0.000030	16389.58	14977	18703
646	0.000030	16294.23	14686	20594
647	0.000030	16517.77	15016	19662
648	0.000030	16255.11	14765	18692
649	0.000030	16490.73	15276	19628
650	0.000030	16582.00	14803	19958
651	0.000030	16449.87	15064	19481
652	0.000031	16573.04	14935	19774
653	0.000031	16567.91	14936	18899
654	0.000031	16741.41	15339	19733
655	0.000031	16607.29	15093	19182
656	0.000031	16682.50	15194	19609
657	0.000031	16788.91	15314	20191
658	0.000031	16693.03	15126	19512
659	0.000031	16932.12	15274	19343
660	0.000031	16882.94	15046	19902
661	0.000031	16822.22	15260	19988
662	0.000031	16791.34	15161	19955
663	0.000031	16926.28	15395	19975
664	0.000031	16868.55	15536	19743
665	0.000031	17012.40	15525	20230
666	0.000031	16893.48	15131	20100
667	0.000031	17043.43	15635	19424
668	0.000031	16997.93	15556	19544
669	0.000031	17217.51	15488	20715
670	0.000031	17244.93	15684	20070
671	0.000031	17023.82	15255	19260
672	0.000032	17197.19	15798	21196
673	0.000032	17384.06	15916	20129
674	0.000032	17169.12	15745	19531
675	0.000032	17155.49	15582	20665
676	0.000032	17340.15	15803	20005
677	0.000032	17234.29	15706	21713
678	0.000032	17250.09	15779	20131
679	0.000032	17554.44	16010	20134
680	0.000032	17538.07	16079	20334
681	0.000032	17556.82	15856	21289
682	0.000032	17449.15	16216	20432
683	0.000032	17401.46	15667	20711
684	0.000032	17691.85	15753	20608
685	0.000032	17604.98	15887	20608
686	0.000033	17621.26	15813	20178
687	0.000032	17549.40	16155	19562
688	0.000032	17627.41	15988	20169
689	0.000032	17835.98	15450	20984
690	0.000033	17745.00	15966	20867
691	0.000033	17755.82	15729	20177
692	0.000032	17720.27	16350	20635
693	0.000033	17738.64	16211	20774
694	0.000033	17798.33	16378	21064
695	0.000033	17934.30	15825	20407
696	0.000033	17847.37	16306	20474
697	0.000033	17943.14	16013	20819
698	0.000033	17968.73	16120	20737
699	0.000033	17874.03	16219	21106
700	0.000033	18051.48	16574	21286
701	0.000033	18081.20	16587	20198
702	0.000033	18287.62	16514	21233
703	0.000033	17993.78	16559	20816
704	0.000033	18102.42	16618	20931
705	0.000033	18279.49	16641	20050
706	0.000033	18150.68	16580	20752
707	0.000033	18188.95	16646	21029
708	0.000033	18146.83	16627	20769
709	0.000033	18444.82	16867	20689
710	0.000034	18397.91	16544	20908
711	0.000034	18361.34	16598	20501
712	0.000034	18436.96	16535	22221
713	0.000034	18470.02	16935	20704
714	0.000034	18502.49	16426	22234
715	0.000034	18667.72	16872	22620
716	0.000034	18502.78	16822	22029
717	0.000034	18582.35	16702	22735
718	0.000034	18435.26	16912	21454
719	0.000034	18524.36	17239	21340
720	0.000034	18726.85	17062	23927
721	0.000034	18705.68	16988	21465
722	0.000035	18662.12	17052	22420
723	0.000035	18863.65	17031	22001
724	0.000035	18687.23	17207	22275
725	0.000035	18715.54	16660	21724
726	0.000035	18997.70	17120	21710
727	0.000034	18971.01	17399	22263
728	0.000034	18991.24	16691	22397
729	0.000034	18876.37	17271	23224
730	0.000035	18908.40	17383	22093
731	0.000035	18912.14	17410	21027
732	0.000035	18987.80	17407	23224
733	0.000035	19123.88	17096	22354
734	0.000035	19127.65	17315	22542
735	0.000035	19187.38	17169	22912
736	0.000035	19105.26	17451	21425
737	0.000035	19206.51	17390	22366
738	0.000035	19221.39	17594	22603
739	0.000035	19200.77	17234	22940
740	0.000035	19113.15	17440	21567
741	0.000035	19509.40	17596	23712
742	0.000036	19275.10	17341	23629
743	0.000035	19332.85	17677	23182
744	0.000035	19501.87	17581	23409
745	0.000035	19359.73	17323	21886
746	0.000035	19497.84	17730	23533
747	0.000035	19342.66	17535	23430
748	0.000035	19410.48	17758	22176
749	0.000036	19271.97	17685	21423
750	0.000036	19330.41	18103	21640
751	0.000036	19648.50	17833	21930
752	0.000036	19789.49	17794	22894
753	0.000036	19463.47	17978	21806
754	0.000036	19815.88	17891	23473
755	0.000036	19764.27	17633	23583
756	0.000036	19724.62	18198	22270
757	0.000036	19825.42	17710	23802
758	0.000036	19900.13	18293	23990
759	0.000036	19630.48	18053	22836
760	0.000036	19944.83	18055	23354
761	0.000036	19746.93	18328	23342
762	0.000036	19897.34	18288	23242
763	0.000036	19981.26	18463	25117
764	0.000036	20046.53	18083	22704
765	0.000036	20162.12	18499	23122
766	0.000036	19879.10	18275	22629
767	0.000036	20017.60	18099	23592
768	0.000037	20050.25	18643	23965
769	0.000037	20023.81	18409	22160
770	0.000037	20002.04	18044	23434
771	0.000037	20273.49	18197	23109
772	0.000037	20314.28	18512	23946
773	0.000037	20215.88	18434	23309
774	0.000037	20249.61	18416	23849
775	0.000037	20536.83	18497	23371
776	0.000037	20427.23	18173	24561
777	0.000037	20148.10	18387	22871
778	0.000038	20329.19	18441	23475
779	0.000037	20280.58	18624	24499
780	0.000037	20366.30	18598	23374
781	0.000038	20366.92	18610	23273
782	0.000037	20498.66	18588	24306
783	0.000037	20563.57	18575	23861
784	0.000037	20511.98	18753	23913
785	0.000038	20750.04	18868	25033
786	0.000038	20625.84	18989	24190
787	0.000038	20804.58	18176	23910
788	0.000038	20882.88	18552	24304
789	0.000038	20772.14	18780	24328
790	0.000038	20841.33	18799	24134
791	0.000038	20790.01	18818	24069
792	0.000038	20856.87	19028	24077
793	0.000038	20698.86	18990	25561
794	0.000038	20880.99	19053	24164
795	0.000038	20775.00	19362	23298
796	0.000038	20957.45	19088	24147
797	0.000038	20946.42	18981	25278
798	0.000038	20928.34	19042	24703
799	0.000038	20933.24	19323	25115
800	0.000039	21008.22	18719	26457
801	0.000039	21015.06	19599	24522
802	0.000038	21034.62	19089	24999
803	0.000039	21019.77	19066	23953
804	0.000039	21260.16	19678	25954
805	0.000039	21246.15	19426	25402
806	0.000039	21235.73	19511	25015
807	0.000039	21583.19	19600	27753
808	0.000039	21282.29	19066	23991
809	0.000039	21194.24	19295	23789
810	0.000039	21444.04	19463	24639
811	0.000039	21554.80	19176	26253
812	0.000039	21180.12	19500	23724
813	0.000039	21464.68	19544	24206
814	0.000039	21513.63	19548	24350
815	0.000040	21523.90	19412	25993
816	0.000039	21770.35	19378	25722
817	0.000039	21769.99	19533	25232
818	0.000040	21495.56	19803	24443
819	0.000040	21696.52	19842	25197
820	0.000039	21713.57	19557	26411
821	0.000040	21667.11	19813	24837
822	0.000039	21888.56	19673	26067
823	0.000039	21659.67	19255	25142
824	0.000039	21851.95	19873	27420
825	0.000040	21918.71	19690	24991
826	0.000040	21792.91	20242	24927
827	0.000040	21940.21	20171	25035
828	0.000040	22011.13	19925	25137
829	0.000040	21993.20	20243	25160
830	0.000040	21973.35	20117	26575
831	0.000040	21909.98	19502	26858
832	0.000040	22122.13	20050	27637
833	0.000040	22157.95	20145	25221
834	0.000040	22266.76	19721	26251
835	0.000040	22096.43	20373	25601
836	0.000040	22126.46	20649	25598
837	0.000040	22172.12	20501	25173
838	0.000040	22158.40	20280	25686
839	0.000040	22065.03	20156	25113
840	0.000041	22314.99	20320	27134
841	0.000041	22111.80	20487	24984
842	0.000041	22322.02	20474	26136
843	0.000041	22400.10	20618	24950
844	0.000041	22330.80	20540	24892
845	0.000041	22510.55	20239	25745
846	0.000041	22585.18	20665	26158
847	0.000041	22498.13	20530	25222
848	0.000041	22696.35	20333	27415
849	0.000042	22444.60	20659	26894
850	0.000052	22585.66	21139	25426
851	0.000041	22595.76	20502	26436
852	0.000042	22605.95	20531	26203
853	0.000042	22611.44	20593	25612
854	0.000042	22747.57	20741	26632
855	0.000042	22795.44	20459	26056
856	0.000042	22930.77	20655	27341
857	0.000042	22694.23	21035	26082
858	0.000042	22883.47	20810	25879
859	0.000042	23042.93	21087	26962
860	0.000041	23110.40	20789	26429
861	0.000042	23006.27	21022	26451
862	0.000042	22944.90	20402	25624
863	0.000042	23136.28	20956	27772
864	0.000042	22974.61	21027	25673
865	0.000042	23169.10	20994	27612
866	0.000042	23278.04	21093	28041
867	0.000042	23106.14	21189	26870
868	0.000042	23057.47	20740	26548
869	0.000042	23345.96	20961	28852
870	0.000042	23227.95	21299	31067
871	0.000042	23382.70	21230	27526
872	0.000042	23133.88	21221	26893
873	0.000042	23413.93	21203	27660
874	0.000042	23577.04	21556	26484
875	0.000042	23208.77	21256	25922
876	0.000043	23421.04	21414	29172
877	0.000042	23279.00	20886	27150
878	0.000043	23568.84	21256	27093
879	0.000043	23557.03	21622	28134
880	0.000043	23640.40	21330	27105
881	0.000043	23911.15	21357	28290
882	0.000043	23595.85	21460	27540
883	0.000043	23605.75	21258	27352
884	0.000043	23681.73	21652	29248
885	0.000043	23832.90	21479	27808
886	0.000043	23619.34	21795	26305
887	0.000043	23811.20	21469	28118
888	0.000043	23711.37	21759	27196
889	0.000043	23712.85	21339	27481
890	0.000043	23757.50	22046	26913
891	0.000043	23764.90	21871	28113
892	0.000043	24079.06	21869	27550
893	0.000043	24033.47	21873	28221
894	0.000044	24044.75	22079	27957
895	0.000044	24205.90	21623	28780
896	0.000043	23899.90	21771	27532
897	0.000044	24125.30	21556	29450
898	0.000044	24003.25	22240	28209
899	0.000044	24297.12	21938	29304
900	0.000044	23925.41	21999	27732
901	0.000044	24176.56	22300	27874
902	0.000044	24364.14	22045	30308
903	0.000044	24156.45	22008	27944
904	0.000044	24347.59	22084	27963
905	0.000044	24635.06	22094	29164
906	0.000044	24269.75	22172	28551
907	0.000044	24228.88	21926	28027
908	0.000044	24423.90	22378	28632
909	0.000044	24539.49	22414	27449
910	0.000045	24629.57	22518	31232
911	0.000044	24447.68	22374	28728
912	0.000044	24549.33	22147	27805
913	0.000045	24508.43	22649	27910
914	0.000044	24662.43	22035	29406
915	0.000044	24621.75	22769	29188
916	0.000045	24737.33	22492	31326
917	0.000045	24780.24	22588	28743
918	0.000045	24778.05	22652	28165
919	0.000045	24802.83	22284	28789
920	0.000046	24905.60	22772	28956
921	0.000046	24794.05	22179	28215
922	0.000045	24813.49	22830	27905
923	0.000045	24909.20	22843	28872
924	0.000045	24845.92	22947	28830
925	0.000045	24936.88	22985	31262
926	0.000045	24798.33	22595	30685
927	0.000045	24834.42	22932	28026
928	0.000046	24964.46	22834	30364
929	0.000046	25142.01	22625	29722
930	0.000045	25182.48	22986	29869
931	0.000046	25065.27	22798	28733
932	0.000045	25162.87	23037	32274
933	0.000046	25355.25	22660	29306
934	0.000045	25299.16	23019	30011
935	0.000046	25109.22	22789	30079
936	0.000046	25067.66	22877	28386
937	0.000046	25373.49	22927	30067
938	0.000046	25343.67	23220	28938
939	0.000046	25277.89	23287	28908
940	0.000046	25273.88	23148	27990
941	0.000046	25356.15	23051	30176
942	0.000046	25529.50	23400	28308
943	0.000046	25409.61	23441	31644
944	0.000046	25482.45	23328	29629
945	0.000046	25550.17	23439	29599
946	0.000046	25754.86	23121	29498
947	0.000046	25764.05	23328	29478
948	0.000046	25633.12	23611	29473
949	0.000047	25682.99	23330	29156
950	0.000047	25405.57	23291	29959
951	0.000047	25667.78	23884	29368
952	0.000047	25735.03	23825	29432
953	0.000046	25749.80	23629	30453
954	0.000047	25576.33	23393	29067
955	0.000047	26062.38	23577	32380
956	0.000047	25968.60	23234	29736
957	0.000047	25875.32	23697	30385
958	0.000047	25973.94	23533	30615
959	0.000047	25785.93	23776	29337
960	0.000048	26026.45	23385	29253
961	0.000048	26182.57	23962	29184
962	0.000048	25964.61	23942	28802
963	0.000048	26204.20	23757	31525
964	0.000048	26189.84	23573	31002
965	0.000047	26139.71	24001	31342
966	0.000048	26171.56	23563	29577
967	0.000047	26334.86	24021	31759
968	0.000047	26331.07	23317	31172
969	0.000048	26196.64	24224	29682
970	0.000048	26114.11	24169	29338
971	0.000048	26172.15	24076	29339
972	0.000048	26322.09	24341	29047
973	0.000048	26394.93	24121	29860
974	0.000048	26532.52	24298	32437
975	0.000048	26377.69	24015	30314
976	0.000048	26479.40	24263	29951
977	0.000048	26494.99	23704	30809
978	0.000048	26704.88	24198	31752
979	0.000048	26524.48	24397	30756
980	0.000048	26607.84	24645	30958
981	0.000048	26760.97	24265	31555
982	0.000048	26604.45	24462	30791
983	0.000049	26962.54	24736	34341
984	0.000049	26763.96	23946	32373
985	0.000048	26682.86	24615	30454
986	0.000049	26706.72	24472	30675
987	0.000048	26945.00	23976	31380
988	0.000048	26893.48	24087	31570
989	0.000049	27294.10	24809	31309
990	0.000049	27024.52	24750	32691
991	0.000049	26958.13	24557	29918
992	0.000049	27012.87	24408	32260
993	0.000049	27025.66	24505	32979
994	0.000049	27128.27	24672	31266
995	0.000049	27015.78	24536	32935
996	0.000049	27095.51	24847	31960
997	0.000049	27456.59	25113	32297
998	0.000049	27287.15	24963	30558
999	0.000049	27428.42	24746	31305
1000	0.000050	27246.19	25262	30104
1001	0.000049	27282.92	25144	31356
1002	0.000049	27128.37	24456	30212
1003	0.000050	27255.85	25048	31311
1004	0.000050	27530.47	25242	33052
1005	0.000050	27371.72	24750	31163
1006	0.000050	27568.82	25198	32523
1007	0.000050	27738.38	25570	32236
1008	0.000050	27513.82	25086	32470
1009	0.000050	27532.68	25176	32071
1010	0.000049	27613.52	25244	32184
1011	0.000050	27704.12	25431	32200
1012	0.000050	27893.00	25431	31492
1013	0.000050	27540.46	25151	30540
1014	0.000050	27716.55	25494	31937
1015	0.000050	27649.87	25783	31230
1016	0.000050	28086.95	24791	32980
1017	0.000050	27745.43	25281	32615
1018	0.000050	27796.89	25235	30993
1019	0.000051	27992.08	25386	31890
1020	0.000050	27855.92	25101	31556
1021	0.000050	28067.50	25716	31770
1022	0.000051	27958.96	25822	33145
1023	0.000050	27993.09	25799	31973
1024	0.000051	27994.48	25435	32113
1025	0.000051	28293.39	25878	32816
1026	0.000051	27979.89	25927	33198
1027	0.000051	28235.39	25035	34382
1028	0.000051	28282.79	25784	33131
1029	0.000051	28095.27	25580	32114
1030	0.000051	28181.85	25689	32389
1031	0.000051	28304.39	25490	31923
1032	0.000051	28322.79	25760	35028
1033	0.000051	28378.59	26402	32319
1034	0.000051	28364.77	25701	33020
1035	0.000051	28462.44	25809	35724
1036	0.000051	28407.35	25786	31546
1037	0.000051	28327.44	25621	33488
1038	0.000052	28344.98	25926	32957
1039	0.000052	28590.87	26136	33540
1040	0.000051	28459.20	25868	34102
1041	0.000052	28279.25	25858	31422
1042	0.000052	28652.89	26037	32271
1043	0.000052	28556.73	26145	34396
1044	0.000052	28324.80	26003	32368
1045	0.000052	28726.09	26533	32825
1046	0.000052	28524.82	26071	32937
1047	0.000052	28905.73	25776	33368
1048	0.000052	28849.65	25869	31998
1049	0.000052	28752.53	26655	33866
1050	0.000052	28817.05	26109	33410
1051	0.000052	28729.08	26556	32657
1052	0.000052	28878.32	26766	32662
1053	0.000052	28843.01	26459	32246
1054	0.000053	29060.86	26545	32697
1055	0.000052	28951.07	26096	32961
1056	0.000053	29161.14	26061	33997
1057	0.000053	28974.61	26422	32929
1058	0.000053	29171.46	26461	33781
1059	0.000053	29163.82	26684	33949
1060	0.000054	29213.72	26568	32751
1061	0.000052	29194.95	26702	33987
1062	0.000053	29168.66	26696	34064
1063	0.000053	29092.69	26619	34098
1064	0.000053	29292.62	26949	32671
1065	0.000053	29265.74	26652	35549
1066	0.000053	29367.24	27191	33243
1067	0.000053	29681.93	26821	36225
1068	0.000053	29466.11	26608	32502
1069	0.000053	29583.67	27352	33530
1070	0.000053	29532.73	26710	33982
1071	0.000053	29727.89	27222	35861
1072	0.000054	29591.18	26938	34182
1073	0.000054	29535.99	27120	33549
1074	0.000054	29636.84	26993	34216
1075	0.000054	29669.02	26570	34992
1076	0.000053	29807.15	27051	37352
1077	0.000054	29649.91	27064	34462
1078	0.000054	29482.82	26612	33194
1079	0.000055	29802.23	27093	34479
1080	0.000054	29924.72	27734	36638
1081	0.000054	29992.68	27671	35008
1082	0.000054	30175.52	27303	35601
1083	0.000054	29871.66	26985	33730
1084	0.000054	29885.47	27617	33286
1085	0.000054	29829.26	27272	33824
1086	0.000054	30067.15	27574	34505
1087	0.000055	30446.09	27997	35645
1088	0.000054	30197.58	27276	34135
1089	0.000054	29969.60	27795	34888
1090	0.000055	29847.04	27176	34218
1091	0.000054	30200.19	27624	36507
1092	0.000055	30282.23	27705	35122
1093	0.000055	30076.33	27302	35504
1094	0.000054	30211.64	27244	34865
1095	0.000055	30176.48	27332	34765
1096	0.000055	30255.07	28127	34619
1097	0.000055	30349.76	27374	33855
1098	0.000055	30448.28	27667	34868
1099	0.000055	30301.43	27300	36467
1100	0.000055	30635.60	27955	34455
1101	0.000055	30583.04	27850	37663
1102	0.000055	30362.39	28079	33994
1103	0.000055	30554.77	28536	35432
1104	0.000055	30500.82	28481	35852
1105	0.000056	30558.79	28351	34571
1106	0.000055	30525.45	28058	34562
1107	0.000055	30729.60	28438	35022
1108	0.000056	30803.20	28001	37469
1109	0.000055	30576.94	28072	37010
1110	0.000055	30585.41	28206	34664
1111	0.000056	30630.52	28003	35954
1112	0.000055	30716.33	28136	36115
1113	0.000056	30837.65	27874	34905
1114	0.000056	30902.00	28243	35578
1115	0.000056	30780.37	28143	38063
1116	0.000056	31058.68	27984	36474
1117	0.000056	30839.78	28536	34336
1118	0.000056	31230.46	28279	34991
1119	0.000057	31135.90	28758	42490
1120	0.000056	30766.63	28753	34480
1121	0.000056	31345.41	28671	35801
1122	0.000056	31102.48	28789	35511
1123	0.000056	31409.73	28436	35982
1124	0.000056	31248.45	28707	35959
1125	0.000057	31674.56	28891	38329
1126	0.000056	31115.29	28481	36852
1127	0.000056	31271.41	28986	37123
1128	0.000057	31522.03	28384	36322
1129	0.000056	31374.14	28582	36186
1130	0.000057	31207.08	28500	35883
1131	0.000057	31329.07	28776	35666
1132	0.000057	31365.07	28635	38743
1133	0.000057	31562.82	28944	36635
1134	0.000057	31468.81	28044	37114
1135	0.000057	31617.35	28092	35845
1136	0.000057	31711.05	28935	36977
1137	0.000057	31755.68	28891	37512
1138	0.000057	31607.92	29043	35767
1139	0.000057	31648.88	28899	36622
1140	0.000057	31634.84	29237	35650
1141	0.000058	31961.94	29358	36433
1142	0.000057	31639.77	28500	37033
1143	0.000058	31740.69	29276	36312
1144	0.000057	31733.91	29149	35086
1145	0.000058	31992.78	29376	37381
1146	0.000059	31866.09	29231	35726
1147	0.000058	32103.01	29545	35998
1148	0.000058	32029.93	29252	35881
1149	0.000058	31926.49	29337	36760
1150	0.000058	32101.38	29037	36252
1151	0.000058	32160.15	29525	37594
1152	0.000058	32213.55	29121	38114
1153	0.000058	32425.36	29269	41682
1154	0.000058	32432.07	29663	39137
1155	0.000058	32391.48	29420	38409
1156	0.000058	32174.23	29329	36038
1157	0.000058	32449.44	29183	38874
1158	0.000059	32197.26	29555	37889
1159	0.000058	32584.73	29572	38295
1160	0.000058	32373.50	29681	36246
1161	0.000059	32495.68	29517	38722
1162	0.000059	32224.74	29777	36796
1163	0.000058	32230.77	29375	35462
1164	0.000058	32437.23	29219	37103
1165	0.000059	32394.68	29889	37659
1166	0.000058	32693.78	29794	38447
1167	0.000058	32589.54	29133	38065
1168	0.000060	32903.65	29632	37936
1169	0.000059	32529.74	29931	37350
1170	0.000059	32705.84	30124	38046
1171	0.000059	32654.35	29855	37009
1172	0.000059	32706.12	29775	37310
1173	0.000059	32707.86	30485	37806
1174	0.000059	33042.37	29589	39179
1175	0.000059	32908.75	29618	39061
1176	0.000060	32793.78	29751	40469
1177	0.000059	32539.13	29875	35711
1178	0.000059	32938.10	30292	38020
1179	0.000060	33170.07	30138	38802
1180	0.000059	32852.22	29797	36625
1181	0.000059	33007.81	30198	38074
1182	0.000060	33304.99	30523	37500
1183	0.000060	33159.36	29765	37561
1184	0.000060	33065.60	30057	36723
1185	0.000060	33072.04	30455	37136
1186	0.000060	33279.80	30686	38374
1187	0.000060	33149.12	30375	38205
1188	0.000060	33343.01	30424	38428
1189	0.000060	33197.51	30717	38307
1190	0.000060	33381.11	30459	37916
1191	0.000060	33178.23	30791	37509
1192	0.000061	33499.37	30648	39295
1193	0.000060	33488.70	30492	40431
1194	0.000060	33542.18	30714	39398
1195	0.000060	33558.86	31136	38911
1196	0.000060	33485.26	30450	39456
1197	0.000060	33596.45	30485	42178
1198	0.000060	33417.29	30575	38174
1199	0.000060	33474.94	31039	38053
1200	0.000061	33688.62	30824	38867
1201	0.000060	33997.94	30972	38282
1202	0.000061	33489.73	30777	41322
1203	0.000061	33963.18	30764	38787
1204	0.000061	33988.34	30991	37335
1205	0.000062	33875.19	31234	41185
1206	0.000062	33834.77	30746	39643
1207	0.000062	33837.15	31186	39937
1208	0.000063	34032.40	31378	39717
1209	0.000061	33908.67	30647	39665
1210	0.000061	34032.39	31215	42511
1211	0.000061	34140.57	30612	41218
1212	0.000061	33896.42	31104	38957
1213	0.000061	34050.45	31374	38599
1214	0.000062	34053.06	31423	39608
1215	0.000061	34091.45	31055	38409
1216	0.000062	34223.39	31481	39154
1217	0.000061	34328.22	31114	41429
1218	0.000062	34198.38	30978	40563
1219	0.000062	34625.67	31288	42266
1220	0.000062	34642.92	31032	40308
1221	0.000062	34444.37	31759	40923
1222	0.000062	34521.53	31713	42745
1223	0.000062	34296.08	31617	38841
1224	0.000062	34449.32	31885	38502
1225	0.000062	34517.46	31561	39083
1226	0.000062	34370.57	31359	39963
1227	0.000063	34216.94	31460	38007
1228	0.000063	34602.94	31952	40742
1229	0.000063	34537.71	31281	41510
1230	0.000063	34982.25	32389	42269
1231	0.000062	34790.65	31276	39566
1232	0.000063	34712.39	31790	39951
1233	0.000062	34777.27	31837	41351
1234	0.000062	34807.07	32178	39513
1235	0.000063	34900.94	31738	40443
1236	0.000062	34814.67	32001	39164
1237	0.000063	35027.99	31807	42538
1238	0.000063	34938.04	31649	40643
1239	0.000063	34791.73	31618	42460
1240	0.000063	34931.20	31779	41147
1241	0.000063	34925.15	32092	41298
1242	0.000063	35334.69	32252	42547
1243	0.000063	35312.44	32208	39649
1244	0.000063	35321.63	32266	39261
1245	0.000063	35458.65	32255	41899
1246	0.000063	35341.37	32147	40178
1247	0.000064	35277.37	32430	41152
1248	0.000063	35758.17	32830	40002
1249	0.000063	35440.69	32151	40064
1250	0.000064	35320.86	32115	39695
1251	0.000064	35435.06	32169	40286
1252	0.000063	35404.63	32272	41559
1253	0.000063	35077.99	32608	38965
1254	0.000064	35369.70	32603	41200
1255	0.000064	35526.99	33031	40921
1256	0.000064	35613.14	31961	41809
1257	0.000064	35477.56	32277	43793
1258	0.000064	35428.87	32387	39759
1259	0.000064	35686.55	33182	42211
1260	0.000064	35676.18	32318	41924
1261	0.000064	35797.88	32667	44395
1262	0.000064	35667.40	32782	40794
1263	0.000064	35750.73	32814	43783
1264	0.000064	35860.98	32565	42028
1265	0.000064	35909.43	33128	40253
1266	0.000064	35805.53	32836	39489
1267	0.000065	35758.15	32419	41492
1268	0.000065	35941.96	33137	46971
1269	0.000065	36070.58	33044	40073
1270	0.000065	36027.14	33087	43003
1271	0.000064	35872.56	32998	40674
1272	0.000065	36117.55	33318	41326
1273	0.000065	36293.31	32962	44656
1274	0.000065	36140.80	33383	41591
1275	0.000065	36134.43	32416	40519
1276	0.000065	36171.86	32933	41667
1277	0.000065	36001.73	32787	43312
1278	0.000065	36111.61	33700	42635
1279	0.000066	35953.12	33296	39530
1280	0.000066	36257.50	32926	43378
1281	0.000066	36366.53	33882	41633
1282	0.000065	36441.27	33485	41367
1283	0.000066	36494.24	33478	41775
1284	0.000065	36416.94	32815	42212
1285	0.000065	36406.32	33394	43492
1286	0.000065	36507.91	33471	41773
1287	0.000065	36567.96	32973	43963
1288	0.000066	36509.65	33712	41704
1289	0.000066	36762.20	33664	43567
1290	0.000066	36383.25	33281	42500
1291	0.000066	36773.31	33167	43907
1292	0.000066	36594.76	33965	41010
1293	0.000066	36528.17	33531	44308
1294	0.000066	36610.65	33932	42901
1295	0.000066	36771.68	32920	43031
1296	0.000066	36881.97	33757	41758
1297	0.000066	36841.59	33694	40647
1298	0.000066	36650.17	33961	44406
1299	0.000066	36631.96	33885	41567
1300	0.000066	36947.97	33561	40978
1301	0.000066	36912.88	33946	43286
1302	0.000067	37321.64	33902	47593
1303	0.000067	37063.59	33931	43791
1304	0.000067	36801.05	34016	40687
1305	0.000067	37157.27	34235	41344
1306	0.000066	36947.20	34206	43843
1307	0.000067	37403.43	33885	40737
1308	0.000068	36984.87	33925	42230
1309	0.000067	37255.42	33713	44503
1310	0.000067	37493.04	33865	41784
1311	0.000067	37194.67	34542	43366
1312	0.000067	37357.47	33114	44535
1313	0.000067	37202.13	33968	41791
1314	0.000067	37552.09	34252	44351
1315	0.000067	37338.78	34575	42503
1316	0.000067	37574.41	34133	42759
1317	0.000067	37262.70	34517	43938
1318	0.000067	37113.72	33733	42623
1319	0.000067	37536.23	34327	43110
1320	0.000068	37577.05	34611	42302
1321	0.000068	37681.47	34384	43589
1322	0.000068	37568.62	34625	43213
1323	0.000067	37755.49	34777	43009
1324	0.000068	37772.04	34255	44360
1325	0.000068	37509.66	34531	42837
1326	0.000068	37716.48	34778	41743
1327	0.000069	38100.50	34859	44586
1328	0.000069	37690.48	34425	42516
1329	0.000069	37856.53	34975	43772
1330	0.000069	37817.93	33594	44874
1331	0.000069	38044.56	35122	46344
1332	0.000069	37721.57	34242	42136
1333	0.000069	37953.39	34855	45626
1334	0.000069	37907.79	34658	45052
1335	0.000069	38069.61	34409	45675
1336	0.000069	38136.75	35116	44151
1337	0.000068	38176.62	34157	44067
1338	0.000068	38448.10	35115	43701
1339	0.000069	38472.93	34672	44022
1340	0.000068	38577.22	35114	43889
1341	0.000069	38128.64	34885	44324
1342	0.000068	38301.11	35473	43284
1343	0.000068	38274.12	34209	44055
1344	0.000069	38075.56	35103	47040
1345	0.000069	38444.27	35399	43033
1346	0.000069	38563.95	34511	47619
1347	0.000069	38588.84	35402	45066
1348	0.000069	38341.75	35554	43708
1349	0.000069	38598.32	35012	45054
1350	0.000069	38739.86	35417	44684
1351	0.000069	38520.17	35833	44916
1352	0.000069	38730.12	34773	46413
1353	0.000069	38590.94	34404	44430
1354	0.000069	38407.01	34939	43655
1355	0.000070	38955.77	35741	45004
1356	0.000069	38474.25	35277	47350
1357	0.000069	38376.28	36012	43977
1358	0.000070	38838.82	35482	45153
1359	0.000069	39037.34	35595	44475
1360	0.000070	38827.08	34493	44150
1361	0.000070	39124.42	35938	44254
1362	0.000069	39181.72	35478	43823
1363	0.000070	38926.28	36057	44788
1364	0.000070	39293.97	35712	48791
1365	0.000070	39049.74	35818	44607
1366	0.000070	39183.48	36234	48249
1367	0.000070	39216.16	35567	45466
1368	0.000070	39048.46	36131	44373
1369	0.000070	39044.44	35690	43374
1370	0.000070	38957.97	36210	48301
1371	0.000070	39120.04	36245	43827
1372	0.000070	39308.62	36333	43655
1373	0.000071	39376.50	35933	45792
1374	0.000071	39233.97	35678	46869
1375	0.000071	39170.56	36720	42799
1376	0.000071	39231.37	36172	43130
1377	0.000070	39451.18	35660	43525
1378	0.000071	39029.22	36624	44524
1379	0.000071	39855.36	36501	44836
1380	0.000071	39548.47	36681	45495
1381	0.000071	39317.58	35744	45777
1382	0.000071	39622.55	36343	45181
1383	0.000072	39643.54	37232	49017
1384	0.000071	39389.56	36442	47103
1385	0.000071	39652.84	36628	45816
1386	0.000071	40056.94	36877	45162
1387	0.000071	39855.47	36507	44449
1388	0.000072	39778.10	36553	46176
1389	0.000072	39913.48	36637	45503
1390	0.000073	40172.02	36952	45835
1391	0.000073	39895.49	36616	46237
1392	0.000073	39926.93	36447	45958
1393	0.000071	39980.11	36787	49658
1394	0.000072	40017.18	36761	46175
1395	0.000072	40265.04	36512	46066
1396	0.000072	40063.84	36994	47539
1397	0.000072	40084.69	37016	48310
1398	0.000072	40242.38	36220	48363
1399	0.000072	39978.52	37214	45955
1400	0.000072	40009.41	36886	49852
1401	0.000072	40181.74	36891	45064
1402	0.000072	40279.99	37017	50405
1403	0.000072	40098.62	37168	44551
1404	0.000073	40212.03	36843	45550
1405	0.000072	40036.69	36626	44943
1406	0.000072	40403.15	37661	44810
1407	0.000072	40388.03	36860	46842
1408	0.000073	40271.79	36736	44741
1409	0.000072	40365.17	37132	44739
1410	0.000072	40348.56	36853	45776
1411	0.000072	40381.18	36457	49095
1412	0.000073	40667.88	37515	48403
1413	0.000073	40858.64	37543	48198
1414	0.000073	40752.08	37411	45066
1415	0.000073	40773.89	36965	46617
1416	0.000073	40673.15	37302	46984
1417	0.000073	40780.90	37320	45723
1418	0.000073	40421.53	37524	45212
1419	0.000073	41300.94	37303	48795
1420	0.000073	41276.51	37416	48496
1421	0.000073	41280.89	37413	50121
1422	0.000074	41164.49	36877	50469
1423	0.000073	41007.74	37480	46377
1424	0.000074	40887.54	37889	46588
1425	0.000073	40696.45	37701	48439
1426	0.000074	41046.82	37496	46616
1427	0.000073	41136.07	37782	46713
1428	0.000074	41148.57	37880	47025
1429	0.000074	40971.56	37789	49621
1430	0.000074	41218.67	38069	46454
1431	0.000074	41447.77	37706	48131
1432	0.000074	41171.76	37347	45297
1433	0.000074	41317.28	37828	48385
1434	0.000074	41410.33	37769	46698
1435	0.000074	41141.53	37629	45572
1436	0.000074	41593.65	38038	48411
1437	0.000074	41380.11	37925	49935
1438	0.000074	41483.28	38269	47339
1439	0.000074	41658.40	38158	49978
1440	0.000074	41193.07	37626	49029
1441	0.000075	41086.35	38085	45718
1442	0.000076	41542.94	37830	48751
1443	0.000074	41514.85	38407	46489
1444	0.000075	41725.71	37836	47374
1445	0.000074	42017.36	38147	49010
1446	0.000075	41545.41	37999	49295
1447	0.000075	41635.59	37367	49186
1448	0.000075	41750.13	38754	47916
1449	0.000075	41457.47	38638	47459
1450	0.000075	41570.57	38364	47033
1451	0.000074	41812.78	39005	45885
1452	0.000075	41866.75	38156	47582
1453	0.000075	42064.02	38323	48667
1454	0.000075	41680.15	38544	46628
1455	0.000075	42136.31	38018	48816
1456	0.000075	42197.49	38239	49960
1457	0.000075	42090.03	38302	47959
1458	0.000075	42143.40	38500	54407
1459	0.000076	42436.26	38633	48501
1460	0.000076	42035.98	39064	50587
1461	0.000076	42374.01	39257	52975
1462	0.000075	42195.57	38597	47547
1463	0.000076	42241.65	38857	48969
1464	0.000076	42562.40	38012	49022
1465	0.000077	42032.97	38610	48245
1466	0.000077	42511.62	39188	48165
1467	0.000077	42557.33	39595	49845
1468	0.000077	42469.06	38695	49272
1469	0.000076	42239.96	39191	48127
1470	0.000076	42672.32	39392	49255
1471	0.000076	42586.92	39267	51559
1472	0.000076	42728.78	39096	48687
1473	0.000076	42866.71	39567	48358
1474	0.000077	42556.53	39264	47961
1475	0.000076	43004.56	39382	49612
1476	0.000076	42541.80	39295	49365
1477	0.000076	42472.96	39547	48960
1478	0.000077	42721.36	39337	47911
1479	0.000076	42738.25	38982	47964
1480	0.000077	42969.66	39824	52157
1481	0.000077	43055.35	39556	48857
1482	0.000077	42973.15	38941	50740
1483	0.000077	43274.63	39881	51088
1484	0.000077	42780.99	39055	47827
1485	0.000077	42621.34	39346	47547
1486	0.000077	43295.52	39950	48825
1487	0.000077	43311.06	38852	51998
1488	0.000077	43382.29	39832	53076
1489	0.000078	43196.08	39517	50107
1490	0.000077	42965.98	39145	50043
1491	0.000077	43302.01	39592	47561
1492	0.000077	43343.20	39452	49588
1493	0.000078	43684.16	40253	51713
1494	0.000077	43330.54	39742	50255
1495	0.000078	43217.93	40017	50445
1496	0.000077	43281.62	40443	49630
1497	0.000077	43758.96	39742	49316
1498	0.000077	43351.47	39135	50964
1499	0.000078	43499.58	39713	48766
1500	0.000078	43430.27	39203	50811
1501	0.000078	43534.45	39783	48600
1502	0.000078	43511.93	39447	48456
1503	0.000078	43809.93	39757	51970
1504	0.000078	43661.57	40397	49162
1505	0.000079	44154.60	40641	51981
1506	0.000082	43639.34	40447	51579
1507	0.000078	43438.90	39887	48911
1508	0.000078	44062.12	40308	51483
1509	0.000078	43878.39	40088	50316
1510	0.000078	43469.14	39941	49324
1511	0.000078	44143.21	40355	49499
1512	0.000079	43838.09	39749	51090
1513	0.000078	43800.80	40199	53051
1514	0.000079	43869.37	40138	50511
1515	0.000078	43975.55	40240	51564
1516	0.000079	43933.84	40783	48779
1517	0.000078	43783.85	40541	49922
1518	0.000079	43990.11	40332	50076
1519	0.000079	44122.18	40885	50556
1520	0.000079	44199.33	40128	50076
1521	0.000079	44477.99	40003	52964
1522	0.000080	44229.93	40266	49971
1523	0.000080	44336.30	40677	54662
1524	0.000080	43722.62	40584	51237
1525	0.000079	44435.93	40396	51208
1526	0.000079	44231.67	40240	50651
1527	0.000079	44454.52	40856	50649
1528	0.000079	44366.08	40558	50838
1529	0.000079	44454.88	40878	55324
1530	0.000079	44466.13	40618	50299
1531	0.000080	44484.28	40977	51578
1532	0.000079	44491.63	41096	52682
1533	0.000080	44640.47	40887	51269
1534	0.000079	44594.43	41032	49707
1535	0.000080	45031.52	40409	53557
1536	0.000080	44782.79	41146	49975
1537	0.000080	44855.23	41211	49871
1538	0.000080	44413.55	41504	50408
1539	0.000080	44873.54	41117	51280
1540	0.000080	45023.54	41672	50467
1541	0.000080	44864.32	41313	52189
1542	0.000081	44987.35	41582	54358
1543	0.000081	45225.60	40973	53296
1544	0.000080	45097.49	41380	50302
1545	0.000081	44839.51	41397	51873
1546	0.000080	45053.68	41223	50480
1547	0.000081	44914.29	41334	53032
1548	0.000081	45467.24	41328	51725
1549	0.000081	45082.95	41426	49340
1550	0.000081	44804.71	40930	50957
1551	0.000081	45014.76	40956	53529
1552	0.000081	44792.61	41625	51302
1553	0.000081	45041.80	41482	52283
1554	0.000081	45356.37	41577	52894
1555	0.000082	45471.76	41973	50933
1556	0.000094	45689.36	42453	51830
1557	0.000081	45258.62	41752	50738
1558	0.000081	45322.71	41207	50743
1559	0.000081	45311.22	41702	52219
1560	0.000081	45547.10	41946	51893
1561	0.000081	45365.70	42202	49616
1562	0.000081	45570.27	41227	54693
1563	0.000081	45184.73	41372	52653
1564	0.000082	45631.30	42058	55342
1565	0.000082	45680.49	42069	50977
1566	0.000083	45833.18	41872	53949
1567	0.000085	45591.83	41898	50713
1568	0.000082	45677.35	42667	52701
1569	0.000082	45940.07	41974	52675
1570	0.000082	46459.22	41696	53901
1571	0.000082	45647.31	41407	53257
1572	0.000083	45965.27	41835	51150
1573	0.000083	46250.49	42939	53708
1574	0.000082	45832.19	42333	52288
1575	0.000082	46025.14	41602	55333
1576	0.000082	46348.09	43002	52496
1577	0.000083	46049.17	42143	52825
1578	0.000083	46338.72	42532	52675
1579	0.000083	46284.98	42615	53791
1580	0.000083	46039.15	42082	50391
1581	0.000083	46316.46	42497	53064
1582	0.000083	46583.55	43013	51389
1583	0.000083	46722.64	41843	54244
1584	0.000083	46152.55	43282	54268
1585	0.000083	46230.58	42736	51259
1586	0.000083	46351.95	42045	52708
1587	0.000083	46499.75	42359	53523
1588	0.000083	46470.89	42820	50987
1589	0.000083	46389.18	43185	51665
1590	0.000083	46437.62	42678	51778
1591	0.000083	46768.38	42501	55561
1592	0.000083	46541.02	42534	52911
1593	0.000084	46233.15	42798	53348
1594	0.000083	46693.00	43185	54170
1595	0.000084	46617.97	43521	53624
1596	0.000084	46593.78	43423	52141
1597	0.000083	46715.53	42312	56254
1598	0.000084	46983.85	42487	53711
1599	0.000084	47041.53	43014	56404
1600	0.000084	47490.62	43248	54107
1601	0.000084	46897.47	43384	52585
1602	0.000083	46816.04	43230	52795
1603	0.000084	46941.47	42049	54550
1604	0.000084	46955.19	43193	52535
1605	0.000084	46837.91	43421	53677
1606	0.000084	47245.12	43586	55976
1607	0.000084	47467.87	43928	55796
1608	0.000084	47138.11	43334	52745
1609	0.000084	47101.25	42647	55173
1610	0.000085	47574.58	44118	53148
1611	0.000084	47048.82	43487	52676
1612	0.000085	47628.64	43520	56738
1613	0.000085	47115.59	43746	54036
1614	0.000085	47678.70	43141	61711
1615	0.000085	47225.51	43451	53985
1616	0.000085	47318.88	43835	56015
1617	0.000085	47632.64	43941	55915
1618	0.000085	47390.75	43622	55981
1619	0.000085	47512.31	43552	53714
1620	0.000085	47127.34	43475	54944
1621	0.000085	47375.03	43763	53968
1622	0.000086	47640.41	44209	54240
1623	0.000085	47435.34	43656	53922
1624	0.000086	47580.25	44025	54869
1625	0.000086	47619.85	44287	54578
1626	0.000086	47776.59	43411	56360
1627	0.000086	47644.31	44278	55429
1628	0.000086	48129.69	44165	57649
1629	0.000085	47697.94	44105	54557
1630	0.000085	47767.89	44003	55097
1631	0.000086	47830.94	43778	55528
1632	0.000086	47973.51	43840	53810
1633	0.000086	47678.96	43780	53406
1634	0.000086	47564.32	43538	55528
1635	0.000086	47794.86	43647	53549
1636	0.000086	47943.06	44033	54154
1637	0.000086	47787.60	43908	55486
1638	0.000086	48120.90	44261	53646
1639	0.000086	48306.10	44503	56112
1640	0.000086	47845.19	44155	54495
1641	0.000086	48312.10	44318	56692
1642	0.000086	48087.31	44200	57799
1643	0.000086	48193.17	44437	54385
1644	0.000087	48456.23	43852	58046
1645	0.000087	48354.26	45030	54161
1646	0.000086	48556.30	44210	54548
1647	0.000087	48679.62	44476	55717
1648	0.000086	48285.57	44379	54589
1649	0.000087	48627.31	44056	56244
1650	0.000086	48461.55	45282	56714
1651	0.000087	48828.46	44925	54362
1652	0.000087	48537.88	44859	55243
1653	0.000087	48376.37	43888	55503
1654	0.000087	48413.85	44607	54500
1655	0.000087	48864.50	44525	56005
1656	0.000087	48534.65	44758	53574
1657	0.000087	48601.11	44738	56663
1658	0.000087	48696.39	44854	54357
1659	0.000087	48712.31	45065	58372
1660	0.000088	49006.20	44534	58601
1661	0.000087	48918.43	44819	58270
1662	0.000088	49126.59	45661	57855
1663	0.000087	48813.12	44864	55682
1664	0.000088	48838.50	45876	54105
1665	0.000087	49307.96	44901	56774
1666	0.000088	49128.00	44321	56408
1667	0.000088	49052.42	45800	57158
1668	0.000088	48975.77	44750	58337
1669	0.000089	48764.97	45177	54505
1670	0.000089	49136.73	45219	58665
1671	0.000089	49193.38	45629	58257
1672	0.000089	49747.69	45292	59636
1673	0.000089	49395.40	45105	54851
1674	0.000089	49063.12	45415	57942
1675	0.000089	49773.35	45128	57355
1676	0.000088	49212.75	44530	55137
1677	0.000088	49352.56	45728	56687
1678	0.000089	49395.18	45967	54717
1679	0.000089	49692.61	45378	58828
1680	0.000089	50023.07	45318	58920
1681	0.000089	49572.78	45098	56390
1682	0.000089	49395.06	45887	55137
1683	0.000088	49637.35	46025	55709
1684	0.000089	49948.91	45692	54985
1685	0.000089	49910.89	45608	55941
1686	0.000089	49987.45	45458	58962
1687	0.000089	50211.60	46048	57777
1688	0.000089	49861.49	45633	59019
1689	0.000089	49918.04	46229	60148
1690	0.000089	49906.69	45714	57094
1691	0.000089	49944.11	45441	56095
1692	0.000089	50256.64	45565	56570
1693	0.000089	49903.33	46024	58383
1694	0.000089	49671.54	46089	60154
1695	0.000089	50204.01	46203	59928
1696	0.000089	50015.49	46373	57770
1697	0.000090	50386.27	44662	58534
1698	0.000089	50001.88	46404	58379
1699	0.000089	50215.71	45758	58480
1700	0.000090	50010.07	45868	60243
1701	0.000090	50329.06	45831	57214
1702	0.000090	50117.22	46534	55455
1703	0.000090	50440.67	46739	57689
1704	0.000090	50045.95	46348	56327
1705	0.000090	50484.78	46639	57906
1706	0.000091	50531.79	46886	56727
1707	0.000090	50459.91	45594	57478
1708	0.000090	50241.31	45357	58065
1709	0.000090	50584.09	46225	57353
1710	0.000090	50535.74	45499	56323
1711	0.000090	50228.07	45873	56831
1712	0.000090	50504.58	46407	56141
1713	0.000091	50658.34	46291	58223
1714	0.000091	50684.05	45977	56171
1715	0.000090	50965.77	47218	58470
1716	0.000091	50422.98	46793	55672
1717	0.000091	50651.81	46669	61301
1718	0.000091	51177.13	46649	60517
1719	0.000091	50679.98	46861	61171
1720	0.000091	50609.60	46641	56567
1721	0.000091	50984.27	47029	61375
1722	0.000091	50884.73	46805	59605
1723	0.000091	51016.29	47057	58129
1724	0.000091	50994.55	46492	58324
1725	0.000091	50926.34	46574	57328
1726	0.000092	51383.01	46904	60191
1727	0.000091	51362.35	46727	67222
1728	0.000092	51213.81	46467	57114
1729	0.000091	51076.66	46631	56698
1730	0.000092	51126.13	47437	58181
1731	0.000091	50902.35	46957	59894
1732	0.000092	51368.00	47671	58718
1733	0.000092	51272.15	47563	59904
1734	0.000091	51507.17	47778	61995
1735	0.000092	51127.64	48002	57315
1736	0.000093	51199.53	47293	59223
1737	0.000092	51544.24	46625	58468
1738	0.000092	51806.29	48539	60071
1739	0.000092	51390.45	46710	58488
1740	0.000092	51776.13	46886	57343
1741	0.000092	51694.21	47445	59917
1742	0.000092	51476.83	48102	58363
1743	0.000092	51540.33	47497	59340
1744	0.000092	51580.65	47586	58116
1745	0.000092	52002.82	48101	57864
1746	0.000093	51979.55	46903	62407
1747	0.000092	51352.39	47521	56415
1748	0.000092	51867.70	47286	57683
1749	0.000093	51916.31	47263	60005
1750	0.000093	51908.11	47907	58508
1751	0.000093	51697.41	47536	59227
1752	0.000093	52059.56	47701	58262
1753	0.000093	52190.55	47844	58622
1754	0.000093	52588.79	48585	62799
1755	0.000093	52537.42	48650	61323
1756	0.000093	51868.81	48049	61018
1757	0.000093	52640.94	48161	61550
1758	0.000093	51933.70	47242	57442
1759	0.000093	52098.35	48324	58221
1760	0.000093	52678.32	47824	63257
1761	0.000093	52258.23	47423	59362
1762	0.000093	51994.31	47694	60210
1763	0.000094	52322.72	47621	57821
1764	0.000093	52323.34	47748	64416
1765	0.000094	52379.99	48574	64186
1766	0.000094	52786.89	48380	60275
1767	0.000094	52433.95	48241	58203
1768	0.000093	52633.81	49059	60914
1769	0.000093	52545.89	48076	57946
1770	0.000094	52187.62	48872	56859
1771	0.000094	52308.83	48210	58507
1772	0.000094	52787.44	48304	60567
1773	0.000094	52988.96	48725	60971
1774	0.000094	52659.85	48574	60093
1775	0.000094	53207.86	48308	62531
1776	0.000094	52598.02	47562	58756
1777	0.000094	52679.57	48168	59919
1778	0.000094	52641.28	48677	61464
1779	0.000095	52535.61	48246	59242
1780	0.000094	52960.09	49403	59412
1781	0.000094	52492.24	48956	62976
1782	0.000094	52718.16	49037	59024
1783	0.000094	53008.01	48105	61366
1784	0.000095	53115.56	47972	60212
1785	0.000095	53332.98	48525	60676
1786	0.000095	53004.16	48325	60789
1787	0.000095	53392.33	49251	58388
1788	0.000097	53461.00	49595	60216
1789	0.000096	53295.86	48990	60377
1790	0.000095	53237.67	48849	64644
1791	0.000095	53126.07	48982	60313
1792	0.000095	52641.17	48773	59603
1793	0.000095	53561.69	49111	63097
1794	0.000096	53634.48	49024	60833
1795	0.000096	53623.15	49114	66088
1796	0.000095	53297.24	48524	61472
1797	0.000095	53253.52	48673	64699
1798	0.000095	53605.45	48846	59532
1799	0.000095	53280.78	48935	61257
1800	0.000096	53850.22	49384	59375
1801	0.000096	53320.36	49221	68190
1802	0.000096	53666.58	49389	61368
1803	0.000096	53838.02	49862	60586
1804	0.000095	53751.16	49402	63971
1805	0.000096	53710.75	48934	62246
1806	0.000104	54222.70	49622	63224
1807	0.000096	54160.41	48864	62763
1808	0.000096	53473.91	49743	59982
1809	0.000096	53861.04	49732	61331
1810	0.000096	54009.09	49414	65095
1811	0.000096	54396.09	49861	70631
1812	0.000096	53863.44	49805	60701
1813	0.000096	54292.08	49428	61604
1814	0.000096	54020.38	49839	59890
1815	0.000097	54122.52	49562	62957
1816	0.000096	54069.03	49854	68595
1817	0.000097	54380.74	50382	62880
1818	0.000096	54281.25	49849	61634
1819	0.000097	54288.62	49874	62606
1820	0.000097	54436.13	49125	61894
1821	0.000097	54001.27	49833	61938
1822	0.000097	54653.20	50218	63228
1823	0.000097	54706.95	50649	59049
1824	0.000098	54628.96	49698	62378
1825	0.000098	54720.04	49954	61696
1826	0.000097	54463.95	50002	60679
1827	0.000097	54271.03	50201	60572
1828	0.000097	54369.48	49762	65545
1829	0.000097	54564.45	50263	59841
1830	0.000097	54822.02	50657	62578
1831	0.000097	54959.60	50810	61364
1832	0.000098	55103.03	49734	62012
1833	0.000097	55248.68	50276	64055
1834	0.000098	55248.17	50580	61946
1835	0.000098	55152.06	50508	64637
1836	0.000098	55018.01	50992	64976
1837	0.000098	54768.44	50000	60669
1838	0.000098	54851.67	50178	61295
1839	0.000098	54797.47	50506	65232
1840	0.000098	55256.77	50329	66022
1841	0.000098	54744.51	50847	61495
1842	0.000098	55419.50	50858	65570
1843	0.000098	55210.15	50864	62250
1844	0.000098	55204.93	51162	61978
1845	0.000098	55142.85	51416	59979
1846	0.000098	55309.21	49923	66404
1847	0.000098	54871.96	50908	59652
1848	0.000098	55216.97	50279	63106
1849	0.000098	55493.16	50987	63761
1850	0.000099	55581.12	50975	62982
1851	0.000098	55670.28	50525	66432
1852	0.000099	55674.38	50419	67109
1853	0.000099	55342.66	51221	60640
1854	0.000099	55431.86	51323	63999
1855	0.000099	55219.64	51623	64192
1856	0.000099	55831.90	50493	66725
1857	0.000099	55562.34	51203	62097
1858	0.000099	56157.73	51027	62928
1859	0.000099	55603.49	51254	62850
1860	0.000099	55653.72	51539	67347
1861	0.000099	55589.32	50681	64567
1862	0.000099	55821.94	50436	62939
1863	0.000099	55840.31	51138	61314
1864	0.000099	55623.38	51260	61883
1865	0.000099	55386.85	51265	62137
1866	0.000099	55974.49	51381	68398
1867	0.000100	55730.53	51168	60458
1868	0.000100	56057.42	50970	66886
1869	0.000100	55931.18	51370	63216
1870	0.000100	56331.32	52115	63314
1871	0.000099	55968.74	51259	66345
1872	0.000100	55909.13	52048	64057
1873	0.000100	55814.33	52282	62281
1874	0.000100	56226.08	51565	63172
1875	0.000100	56063.15	51811	62284
1876	0.000100	55768.42	51848	62402
1877	0.000100	56038.29	51506	65172
1878	0.000100	56221.42	51143	65389
1879	0.000100	56180.31	51852	64006
1880	0.000100	56445.19	52429	64891
1881	0.000100	56236.24	51339	62957
1882	0.000100	56666.95	52354	63357
1883	0.000100	56659.51	51496	63844
1884	0.000100	56670.58	52180	67203
1885	0.000101	56617.00	51595	68446
1886	0.000100	56151.47	51578	64008
1887	0.000101	56794.65	52017	65952
1888	0.000101	56231.26	51709	64756
1889	0.000101	56641.42	52343	66860
1890	0.000101	56894.28	52187	64257
1891	0.000101	56767.18	52092	66147
1892	0.000101	56710.26	51477	68807
1893	0.000101	57037.99	52252	67298
1894	0.000101	56943.33	52323	68063
1895	0.000101	56990.87	52260	63219
1896	0.000101	56851.53	52133	62352
1897	0.000101	57493.02	52552	69541
1898	0.000101	56380.34	51617	62183
1899	0.000101	57132.54	52041	65416
1900	0.000101	57292.06	52281	64322
1901	0.000101	57526.86	51417	66507
1902	0.000101	57345.82	52957	64220
1903	0.000102	57189.37	52536	63011
1904	0.000101	56986.98	51773	66650
1905	0.000102	57360.68	52176	65806
1906	0.000102	57433.43	52753	67665
1907	0.000102	57217.38	53169	64280
1908	0.000102	57461.30	53054	69538
1909	0.000101	56860.06	52539	62432
1910	0.000102	57399.79	53072	63388
1911	0.000103	57621.54	53244	66915
1912	0.000103	57685.24	53647	65547
1913	0.000102	57135.35	51842	65685
1914	0.000103	57669.30	53201	66997
1915	0.000103	57512.45	52489	63888
1916	0.000102	57569.88	53051	69323
1917	0.000103	57226.35	51822	63358
1918	0.000103	57488.56	52479	66127
1919	0.000103	57455.16	52945	65908
1920	0.000103	57999.60	53031	64741
1921	0.000103	58105.60	53893	65865
1922	0.000103	58370.96	53471	67465
1923	0.000103	58011.73	53045	65241
1924	0.000103	57802.94	52575	64363
1925	0.000103	57721.00	53546	65927
1926	0.000103	58220.92	53799	68453
1927	0.000103	57594.06	52890	65279
1928	0.000103	57798.48	53084	64335
1929	0.000103	58381.94	53509	65587
1930	0.000103	58423.46	53313	67983
1931	0.000103	57915.33	53343	67466
1932	0.000103	57994.71	53603	73444
1933	0.000103	58008.97	53485	65360
1934	0.000104	57826.99	54192	62204
1935	0.000104	58061.18	54064	65485
1936	0.000104	58677.47	53406	69883
1937	0.000104	58790.78	53184	67181
1938	0.000104	58465.23	52522	65800
1939	0.000104	58904.29	54095	71387
1940	0.000104	58153.69	52815	65966
1941	0.000104	58155.20	53747	66016
1942	0.000104	58424.67	54249	67545
1943	0.000105	58962.70	54054	71658
1944	0.000105	58985.69	54303	66874
1945	0.000104	58078.84	54192	67114
1946	0.000104	58797.28	53830	67748
1947	0.000104	58492.29	53924	66245
1948	0.000105	58756.34	54291	66171
1949	0.000104	58825.81	54904	66069
1950	0.000104	58738.25	53395	68361
1951	0.000105	58786.48	53464	64632
1952	0.000105	59308.62	53168	67280
1953	0.000105	59202.57	54541	69663
1954	0.000105	59085.95	54098	68509
1955	0.000105	58631.91	53742	74561
1956	0.000105	58892.08	54155	68445
1957	0.000105	59385.30	53516	68481
1958	0.000105	59153.83	55152	69246
1959	0.000105	59364.52	54385	68156
1960	0.000105	58807.93	53847	65644
1961	0.000105	59046.94	54297	67051
1962	0.000105	58790.91	53777	67783
1963	0.000105	58793.72	55116	65219
1964	0.000105	59310.63	53815	71523
1965	0.000105	59494.41	54903	69794
1966	0.000105	59463.00	54965	69675
1967	0.000105	59245.72	54023	66547
1968	0.000105	59088.69	54401	66270
1969	0.000105	59403.59	54969	67177
1970	0.000106	59401.46	53997	68174
1971	0.000106	59437.23	54524	67224
1972	0.000105	59575.97	55340	69529
1973	0.000106	59416.50	54797	66415
1974	0.000106	59542.76	54269	67846
1975	0.000106	59660.92	55586	69782
1976	0.000107	59722.66	55210	68319
1977	0.000107	59864.11	54526	66722
1978	0.000107	60111.14	55240	69832
1979	0.000106	59921.88	55702	70505
1980	0.000106	59675.40	53605	71360
1981	0.000106	59934.99	55191	66993
1982	0.000106	59426.05	54354	65847
1983	0.000107	60230.20	54944	69763
1984	0.000106	59938.91	54301	69790
1985	0.000107	60054.48	56206	66168
1986	0.000107	59860.56	55091	68640
1987	0.000107	59920.93	54781	66810
1988	0.000107	59797.19	54575	68674
1989	0.000107	60256.96	55863	68276
1990	0.000107	60185.20	55343	69305
1991	0.000108	60295.36	54148	68328
1992	0.000107	60622.18	55411	69739
1993	0.000107	60048.71	56173	70868
1994	0.000107	60095.08	55705	69624
1995	0.000107	60559.12	55398	67457
1996	0.000108	60008.31	54259	65337
1997	0.000107	60419.66	55734	70407
1998	0.000107	60409.59	55935	71284
1999	0.000107	60291.18	56483	67130
2000	0.000108	60886.70	55020	68250
